#
# A fatal error has been detected by the Java Runtime Environment:
#
#  EXCEPTION_ACCESS_VIOLATION (0xc0000005) at pc=0x00007ffca502c724, pid=3492, tid=9904
#
# JRE version: OpenJDK Runtime Environment (17.0.7+7) (build 17.0.7+7-LTS)
# Java VM: OpenJDK 64-Bit Server VM (17.0.7+7-LTS, mixed mode, sharing, tiered, compressed oops, compressed class ptrs, g1 gc, windows-amd64)
# Problematic frame:
# C  [Qt6Gui.dll+0x47c724]
#
# No core dump will be written. Minidumps are not enabled by default on client versions of Windows
#
# If you would like to submit a bug report, please visit:
#   https://bell-sw.com/support
# The crash happened outside the Java Virtual Machine in native code.
# See problematic frame for where to report the bug.
#

---------------  S U M M A R Y ------------

Command Line: -Djava.library.path=C:\Qt\6.6.0\msvc2019_64\bin -Dfile.encoding=windows-1251 -Duser.country=RU -Duser.language=ru -Duser.variant Main

Host: Intel(R) Core(TM) i5-3317U CPU @ 1.70GHz, 4 cores, 7G,  Windows 10 , 64 bit Build 18362 (10.0.18362.1110)
Time: Wed Nov 29 14:59:16 2023 Новосибирское стандартное время elapsed time: 21.964852 seconds (0d 0h 0m 21s)

---------------  T H R E A D  ---------------

Current thread (0x000002718fcf6970):  JavaThread "main" [_thread_in_native, id=9904, stack(0x000000bb8f000000,0x000000bb8f100000)]

Stack: [0x000000bb8f000000,0x000000bb8f100000],  sp=0x000000bb8f0f9700,  free space=997k
Native frames: (J=compiled Java code, j=interpreted, Vv=VM code, C=native code)
C  [Qt6Gui.dll+0x47c724]

Java frames: (J=compiled Java code, j=interpreted, Vv=VM code)
j  io.qt.gui.QFileSystemModel.filePath_native_cref_QModelIndex_constfct(JJ)Ljava/lang/String;+0
j  io.qt.gui.QFileSystemModel.filePath(Lio/qt/core/QModelIndex;)Ljava/lang/String;+19
j  app.widgets.TreeMenu.treeClicked()V+11
v  ~StubRoutines::call_stub
j  io.qt.widgets.QApplication.exec()I+0
j  Main.main([Ljava/lang/String;)V+29
v  ~StubRoutines::call_stub

siginfo: EXCEPTION_ACCESS_VIOLATION (0xc0000005), reading address 0x0000000000000050


Register to memory mapping:

RIP=0x00007ffca502c724 Qt6Gui.dll
RAX=0x000000bb8f0f9738 is pointing into the stack for thread: 0x000002718fcf6970
RBX=0x0 is NULL
RCX=0x000000bb8f0f9650 is pointing into the stack for thread: 0x000002718fcf6970
RDX=0x0 is NULL
RSP=0x000000bb8f0f9700 is pointing into the stack for thread: 0x000002718fcf6970
RBP=0x000000bb8f0f9770 is pointing into the stack for thread: 0x000002718fcf6970
RSI=0x000000bb8f0f97e8 is pointing into the stack for thread: 0x000002718fcf6970
RDI=0x00000271b5f99820 points into unknown readable memory: 0x00007ffca522c4f0 | f0 c4 22 a5 fc 7f 00 00
R8 =0x0 is NULL
R9 =0x0000000000000001 is an unknown value
R10=0x000000000000005c is an unknown value
R11=0x000000bb8f0f9570 is pointing into the stack for thread: 0x000002718fcf6970
R12=0x0 is NULL
R13=0x00000271b1921d50 is pointing into metadata
R14=0x000000bb8f0f98e0 is pointing into the stack for thread: 0x000002718fcf6970
R15=0x000002718fcf6970 is a thread


Registers:
RAX=0x000000bb8f0f9738, RBX=0x0000000000000000, RCX=0x000000bb8f0f9650, RDX=0x0000000000000000
RSP=0x000000bb8f0f9700, RBP=0x000000bb8f0f9770, RSI=0x000000bb8f0f97e8, RDI=0x00000271b5f99820
R8 =0x0000000000000000, R9 =0x0000000000000001, R10=0x000000000000005c, R11=0x000000bb8f0f9570
R12=0x0000000000000000, R13=0x00000271b1921d50, R14=0x000000bb8f0f98e0, R15=0x000002718fcf6970
RIP=0x00007ffca502c724, EFLAGS=0x0000000000010206

Top of Stack: (sp=0x000000bb8f0f9700)
0x000000bb8f0f9700:   00000271b5f9005c 00000271b6e75320
0x000000bb8f0f9710:   000000bb8f0f97e8 00000271b5f99820
0x000000bb8f0f9720:   000000bb8f0f97e0 00000271b1921d58
0x000000bb8f0f9730:   00000271b50b00f0 0000000000000000
0x000000bb8f0f9740:   0000000000000000 0000000000000000
0x000000bb8f0f9750:   000002718fcf6970 00007ffca5854e3e
0x000000bb8f0f9760:   000002718fcf6970 000002718fcf6970
0x000000bb8f0f9770:   00000271b5f662b0 00000271bc804610
0x000000bb8f0f9780:   000000bb8f0f98a0 00007ffca42fc72e
0x000000bb8f0f9790:   000002718fcf6c18 000002718fcf6c18
0x000000bb8f0f97a0:   00000271b5f662b0 00007ffca4246540
0x000000bb8f0f97b0:   00007ffca4548c98 00007ffc0000070f
0x000000bb8f0f97c0:   00007ffca454abe0 000002718fcf6970
0x000000bb8f0f97d0:   0000000000000000 0000000000000000
0x000000bb8f0f97e0:   00000271b1921d58 00000271b1921d58
0x000000bb8f0f97f0:   000002718fcf6970 00007ffca2cdc331 

Instructions: (pc=0x00007ffca502c724)
0x00007ffca502c624:   c3 48 83 c4 20 5b c3 cc cc cc cc cc 40 53 48 81
0x00007ffca502c634:   ec a0 00 00 00 48 8b 05 18 09 3a 00 48 33 c4 48
0x00007ffca502c644:   89 84 24 90 00 00 00 49 8b 48 10 48 8b da 48 85
0x00007ffca502c654:   c9 74 2d 48 8b 01 48 8d 54 24 50 45 33 c9 48 8b
0x00007ffca502c664:   80 88 00 00 00 ff 15 91 e8 19 00 48 8b d0 48 8d
0x00007ffca502c674:   4c 24 30 ff 15 5b c9 19 00 48 8d 4c 24 50 eb 1e
0x00007ffca502c684:   48 8d 4c 24 70 ff 15 c9 be 19 00 48 8b d0 48 8d
0x00007ffca502c694:   4c 24 30 ff 15 3b c9 19 00 48 8d 4c 24 70 ff 15
0x00007ffca502c6a4:   a8 e3 19 00 48 8b d3 48 8d 4c 24 30 ff 15 9a c0
0x00007ffca502c6b4:   19 00 48 8d 4c 24 30 ff 15 8f e3 19 00 48 8b c3
0x00007ffca502c6c4:   48 8b 8c 24 90 00 00 00 48 33 cc e8 9c 7a 19 00
0x00007ffca502c6d4:   48 81 c4 a0 00 00 00 5b c3 cc cc cc 48 89 5c 24
0x00007ffca502c6e4:   10 55 56 57 48 8b ec 48 83 ec 70 48 8b 79 08 48
0x00007ffca502c6f4:   8b f2 48 8b cf 48 8d 55 c8 49 8b d8 e8 fb 01 00
0x00007ffca502c704:   00 83 3b 00 7c 13 83 7b 04 00 7c 0d 48 83 7b 10
0x00007ffca502c714:   00 74 06 48 8b 5b 08 eb 07 48 8d 9f a8 01 00 00
0x00007ffca502c724:   48 8b 4b 50 48 85 c9 0f 84 9f 01 00 00 48 83 c1
0x00007ffca502c734:   20 ff 15 05 bc 19 00 84 c0 0f 84 8d 01 00 00 48
0x00007ffca502c744:   8d 8f d8 00 00 00 e8 51 7f ff ff 84 c0 0f 84 79
0x00007ffca502c754:   01 00 00 48 8b 8f a0 01 00 00 48 85 c9 0f 84 69
0x00007ffca502c764:   01 00 00 4c 8d 45 c8 48 8d 55 b0 e8 2c 42 df ff
0x00007ffca502c774:   48 8b 55 b0 48 8b 45 b8 0f b6 0c 10 80 f9 ff 0f
0x00007ffca502c784:   84 47 01 00 00 48 8d 0c 49 48 c1 e1 04 48 03 8a
0x00007ffca502c794:   80 00 00 00 0f 84 32 01 00 00 48 8b cb e8 5a 1b
0x00007ffca502c7a4:   00 00 84 c0 0f 84 22 01 00 00 48 8b 53 50 48 8d
0x00007ffca502c7b4:   4d 30 48 85 d2 74 0c 48 83 c2 20 ff 15 4b bb 19
0x00007ffca502c7c4:   00 eb 06 ff 15 cb de 19 00 48 83 7b 50 00 75 25
0x00007ffca502c7d4:   48 8d 55 c8 48 8d 4d 38 ff 15 76 be 19 00 48 8b
0x00007ffca502c7e4:   d0 48 8d 4d 30 ff 15 b9 de 19 00 48 8d 4d 38 ff
0x00007ffca502c7f4:   15 1f bb 19 00 48 8d 55 b0 48 8d 4d 30 ff 15 c1
0x00007ffca502c804:   de 19 00 48 8d 55 e0 48 8d 4d 30 ff 15 b3 de 19
0x00007ffca502c814:   00 45 33 c0 48 8b cf 48 8b d0 e8 5d 27 00 00 48 


Stack slot to memory mapping:
stack at sp + 0 slots: 0x00000271b5f9005c points into unknown readable memory: fc 7f 00 00
stack at sp + 1 slots: 0x00000271b6e75320 points into unknown readable memory: 0x0000000000000004 | 04 00 00 00 00 00 00 00
stack at sp + 2 slots: 0x000000bb8f0f97e8 is pointing into the stack for thread: 0x000002718fcf6970
stack at sp + 3 slots: 0x00000271b5f99820 points into unknown readable memory: 0x00007ffca522c4f0 | f0 c4 22 a5 fc 7f 00 00
stack at sp + 4 slots: 0x000000bb8f0f97e0 is pointing into the stack for thread: 0x000002718fcf6970
stack at sp + 5 slots: {method} {0x00000271b1921d60} 'filePath_native_cref_QModelIndex_constfct' '(JJ)Ljava/lang/String;' in 'io/qt/gui/QFileSystemModel'
stack at sp + 6 slots: 0x00000271b50b00f0 points into unknown readable memory: 0x00000271b5082460 | 60 24 08 b5 71 02 00 00
stack at sp + 7 slots: 0x0 is NULL


---------------  P R O C E S S  ---------------

Threads class SMR info:
_java_thread_list=0x00000271b65cbdc0, length=13, elements={
0x000002718fcf6970, 0x00000271b0aaac30, 0x00000271b0aac150, 0x00000271b0ac23c0,
0x00000271b0ac3e90, 0x00000271b0ac9010, 0x00000271b0aca070, 0x00000271b0ad00b0,
0x00000271b0ad0a60, 0x00000271b0ade2f0, 0x00000271b5120890, 0x00000271b5128ca0,
0x00000271b54b2f50
}

Java Threads: ( => current thread )
=>0x000002718fcf6970 JavaThread "main" [_thread_in_native, id=9904, stack(0x000000bb8f000000,0x000000bb8f100000)]
  0x00000271b0aaac30 JavaThread "Reference Handler" daemon [_thread_blocked, id=10072, stack(0x000000bb8f700000,0x000000bb8f800000)]
  0x00000271b0aac150 JavaThread "Finalizer" daemon [_thread_blocked, id=9836, stack(0x000000bb8f800000,0x000000bb8f900000)]
  0x00000271b0ac23c0 JavaThread "Signal Dispatcher" daemon [_thread_blocked, id=10208, stack(0x000000bb8fa00000,0x000000bb8fb00000)]
  0x00000271b0ac3e90 JavaThread "Attach Listener" daemon [_thread_blocked, id=2676, stack(0x000000bb8fb00000,0x000000bb8fc00000)]
  0x00000271b0ac9010 JavaThread "Service Thread" daemon [_thread_blocked, id=6692, stack(0x000000bb8fc00000,0x000000bb8fd00000)]
  0x00000271b0aca070 JavaThread "Monitor Deflation Thread" daemon [_thread_blocked, id=1056, stack(0x000000bb8fd00000,0x000000bb8fe00000)]
  0x00000271b0ad00b0 JavaThread "C2 CompilerThread0" daemon [_thread_blocked, id=9464, stack(0x000000bb8fe00000,0x000000bb8ff00000)]
  0x00000271b0ad0a60 JavaThread "C1 CompilerThread0" daemon [_thread_blocked, id=9440, stack(0x000000bb8ff00000,0x000000bb90000000)]
  0x00000271b0ade2f0 JavaThread "Sweeper thread" daemon [_thread_blocked, id=9612, stack(0x000000bb90000000,0x000000bb90100000)]
  0x00000271b5120890 JavaThread "Notification Thread" daemon [_thread_blocked, id=5308, stack(0x000000bb90100000,0x000000bb90200000)]
  0x00000271b5128ca0 JavaThread "Common-Cleaner" daemon [_thread_blocked, id=9728, stack(0x000000bb90300000,0x000000bb90400000)]
  0x00000271b54b2f50 JavaThread "QtJambiCleanupThread" daemon [_thread_blocked, id=7748, stack(0x000000bb90400000,0x000000bb90500000)]

Other Threads:
  0x00000271b0aa4970 VMThread "VM Thread" [stack: 0x000000bb8f600000,0x000000bb8f700000] [id=4972]
  0x000002718fd69c10 WatcherThread [stack: 0x000000bb90200000,0x000000bb90300000] [id=9672]
  0x000002718fd51060 GCTaskThread "GC Thread#0" [stack: 0x000000bb8f100000,0x000000bb8f200000] [id=9496]
  0x00000271b55cc2d0 GCTaskThread "GC Thread#1" [stack: 0x000000bb90500000,0x000000bb90600000] [id=9532]
  0x00000271b55cc580 GCTaskThread "GC Thread#2" [stack: 0x000000bb90600000,0x000000bb90700000] [id=1392]
  0x00000271b53f6820 GCTaskThread "GC Thread#3" [stack: 0x000000bb90700000,0x000000bb90800000] [id=6792]
  0x000002718fd62b40 ConcurrentGCThread "G1 Main Marker" [stack: 0x000000bb8f200000,0x000000bb8f300000] [id=6304]
  0x000002718fd63460 ConcurrentGCThread "G1 Conc#0" [stack: 0x000000bb8f300000,0x000000bb8f400000] [id=2036]
  0x00000271b09604a0 ConcurrentGCThread "G1 Refine#0" [stack: 0x000000bb8f400000,0x000000bb8f500000] [id=9408]
  0x00000271b0960dd0 ConcurrentGCThread "G1 Service" [stack: 0x000000bb8f500000,0x000000bb8f600000] [id=3760]

Threads with active compile tasks:

VM state: not at safepoint (normal execution)

VM Mutex/Monitor currently owned by a thread: None

Heap address: 0x0000000081c00000, size: 2020 MB, Compressed Oops mode: 32-bit

CDS archive(s) mapped at: [0x0000000800000000-0x0000000800bd0000-0x0000000800bd0000), size 12386304, SharedBaseAddress: 0x0000000800000000, ArchiveRelocationMode: 0.
Compressed class space mapped at: 0x0000000801000000-0x0000000841000000, reserved size: 1073741824
Narrow klass base: 0x0000000800000000, Narrow klass shift: 0, Narrow klass range: 0x100000000

GC Precious Log:
 CPUs: 4 total, 4 available
 Memory: 8077M
 Large Page Support: Disabled
 NUMA Support: Disabled
 Compressed Oops: Enabled (32-bit)
 Heap Region Size: 1M
 Heap Min Capacity: 8M
 Heap Initial Capacity: 128M
 Heap Max Capacity: 2020M
 Pre-touch: Disabled
 Parallel Workers: 4
 Concurrent Workers: 1
 Concurrent Refinement Workers: 4
 Periodic GC: Disabled

Heap:
 garbage-first heap   total 131072K, used 7679K [0x0000000081c00000, 0x0000000100000000)
  region size 1024K, 7 young (7168K), 2 survivors (2048K)
 Metaspace       used 12268K, committed 12480K, reserved 1114112K
  class space    used 1050K, committed 1152K, reserved 1048576K

Heap Regions: E=young(eden), S=young(survivor), O=old, HS=humongous(starts), HC=humongous(continues), CS=collection set, F=free, OA=open archive, CA=closed archive, TAMS=top-at-mark-start (previous, next)
|   0|0x0000000081c00000, 0x0000000081d00000, 0x0000000081d00000|100%| O|  |TAMS 0x0000000081c00000, 0x0000000081c00000| Untracked 
|   1|0x0000000081d00000, 0x0000000081dca608, 0x0000000081e00000| 79%| O|  |TAMS 0x0000000081d00000, 0x0000000081d00000| Untracked 
|   2|0x0000000081e00000, 0x0000000081e00000, 0x0000000081f00000|  0%| F|  |TAMS 0x0000000081e00000, 0x0000000081e00000| Untracked 
|   3|0x0000000081f00000, 0x0000000081f00000, 0x0000000082000000|  0%| F|  |TAMS 0x0000000081f00000, 0x0000000081f00000| Untracked 
|   4|0x0000000082000000, 0x0000000082000000, 0x0000000082100000|  0%| F|  |TAMS 0x0000000082000000, 0x0000000082000000| Untracked 
|   5|0x0000000082100000, 0x0000000082100000, 0x0000000082200000|  0%| F|  |TAMS 0x0000000082100000, 0x0000000082100000| Untracked 
|   6|0x0000000082200000, 0x0000000082200000, 0x0000000082300000|  0%| F|  |TAMS 0x0000000082200000, 0x0000000082200000| Untracked 
|   7|0x0000000082300000, 0x0000000082300000, 0x0000000082400000|  0%| F|  |TAMS 0x0000000082300000, 0x0000000082300000| Untracked 
|   8|0x0000000082400000, 0x0000000082400000, 0x0000000082500000|  0%| F|  |TAMS 0x0000000082400000, 0x0000000082400000| Untracked 
|   9|0x0000000082500000, 0x0000000082500000, 0x0000000082600000|  0%| F|  |TAMS 0x0000000082500000, 0x0000000082500000| Untracked 
|  10|0x0000000082600000, 0x0000000082600000, 0x0000000082700000|  0%| F|  |TAMS 0x0000000082600000, 0x0000000082600000| Untracked 
|  11|0x0000000082700000, 0x0000000082700000, 0x0000000082800000|  0%| F|  |TAMS 0x0000000082700000, 0x0000000082700000| Untracked 
|  12|0x0000000082800000, 0x0000000082800000, 0x0000000082900000|  0%| F|  |TAMS 0x0000000082800000, 0x0000000082800000| Untracked 
|  13|0x0000000082900000, 0x0000000082900000, 0x0000000082a00000|  0%| F|  |TAMS 0x0000000082900000, 0x0000000082900000| Untracked 
|  14|0x0000000082a00000, 0x0000000082a00000, 0x0000000082b00000|  0%| F|  |TAMS 0x0000000082a00000, 0x0000000082a00000| Untracked 
|  15|0x0000000082b00000, 0x0000000082b00000, 0x0000000082c00000|  0%| F|  |TAMS 0x0000000082b00000, 0x0000000082b00000| Untracked 
|  16|0x0000000082c00000, 0x0000000082c00000, 0x0000000082d00000|  0%| F|  |TAMS 0x0000000082c00000, 0x0000000082c00000| Untracked 
|  17|0x0000000082d00000, 0x0000000082d00000, 0x0000000082e00000|  0%| F|  |TAMS 0x0000000082d00000, 0x0000000082d00000| Untracked 
|  18|0x0000000082e00000, 0x0000000082e00000, 0x0000000082f00000|  0%| F|  |TAMS 0x0000000082e00000, 0x0000000082e00000| Untracked 
|  19|0x0000000082f00000, 0x0000000082f00000, 0x0000000083000000|  0%| F|  |TAMS 0x0000000082f00000, 0x0000000082f00000| Untracked 
|  20|0x0000000083000000, 0x0000000083000000, 0x0000000083100000|  0%| F|  |TAMS 0x0000000083000000, 0x0000000083000000| Untracked 
|  21|0x0000000083100000, 0x0000000083100000, 0x0000000083200000|  0%| F|  |TAMS 0x0000000083100000, 0x0000000083100000| Untracked 
|  22|0x0000000083200000, 0x0000000083200000, 0x0000000083300000|  0%| F|  |TAMS 0x0000000083200000, 0x0000000083200000| Untracked 
|  23|0x0000000083300000, 0x0000000083300000, 0x0000000083400000|  0%| F|  |TAMS 0x0000000083300000, 0x0000000083300000| Untracked 
|  24|0x0000000083400000, 0x0000000083400000, 0x0000000083500000|  0%| F|  |TAMS 0x0000000083400000, 0x0000000083400000| Untracked 
|  25|0x0000000083500000, 0x0000000083500000, 0x0000000083600000|  0%| F|  |TAMS 0x0000000083500000, 0x0000000083500000| Untracked 
|  26|0x0000000083600000, 0x0000000083600000, 0x0000000083700000|  0%| F|  |TAMS 0x0000000083600000, 0x0000000083600000| Untracked 
|  27|0x0000000083700000, 0x0000000083700000, 0x0000000083800000|  0%| F|  |TAMS 0x0000000083700000, 0x0000000083700000| Untracked 
|  28|0x0000000083800000, 0x0000000083800000, 0x0000000083900000|  0%| F|  |TAMS 0x0000000083800000, 0x0000000083800000| Untracked 
|  29|0x0000000083900000, 0x0000000083900000, 0x0000000083a00000|  0%| F|  |TAMS 0x0000000083900000, 0x0000000083900000| Untracked 
|  30|0x0000000083a00000, 0x0000000083a00000, 0x0000000083b00000|  0%| F|  |TAMS 0x0000000083a00000, 0x0000000083a00000| Untracked 
|  31|0x0000000083b00000, 0x0000000083b00000, 0x0000000083c00000|  0%| F|  |TAMS 0x0000000083b00000, 0x0000000083b00000| Untracked 
|  32|0x0000000083c00000, 0x0000000083c00000, 0x0000000083d00000|  0%| F|  |TAMS 0x0000000083c00000, 0x0000000083c00000| Untracked 
|  33|0x0000000083d00000, 0x0000000083d00000, 0x0000000083e00000|  0%| F|  |TAMS 0x0000000083d00000, 0x0000000083d00000| Untracked 
|  34|0x0000000083e00000, 0x0000000083e00000, 0x0000000083f00000|  0%| F|  |TAMS 0x0000000083e00000, 0x0000000083e00000| Untracked 
|  35|0x0000000083f00000, 0x0000000083f00000, 0x0000000084000000|  0%| F|  |TAMS 0x0000000083f00000, 0x0000000083f00000| Untracked 
|  36|0x0000000084000000, 0x0000000084000000, 0x0000000084100000|  0%| F|  |TAMS 0x0000000084000000, 0x0000000084000000| Untracked 
|  37|0x0000000084100000, 0x0000000084100000, 0x0000000084200000|  0%| F|  |TAMS 0x0000000084100000, 0x0000000084100000| Untracked 
|  38|0x0000000084200000, 0x0000000084200000, 0x0000000084300000|  0%| F|  |TAMS 0x0000000084200000, 0x0000000084200000| Untracked 
|  39|0x0000000084300000, 0x0000000084300000, 0x0000000084400000|  0%| F|  |TAMS 0x0000000084300000, 0x0000000084300000| Untracked 
|  40|0x0000000084400000, 0x0000000084400000, 0x0000000084500000|  0%| F|  |TAMS 0x0000000084400000, 0x0000000084400000| Untracked 
|  41|0x0000000084500000, 0x0000000084500000, 0x0000000084600000|  0%| F|  |TAMS 0x0000000084500000, 0x0000000084500000| Untracked 
|  42|0x0000000084600000, 0x0000000084600000, 0x0000000084700000|  0%| F|  |TAMS 0x0000000084600000, 0x0000000084600000| Untracked 
|  43|0x0000000084700000, 0x0000000084700000, 0x0000000084800000|  0%| F|  |TAMS 0x0000000084700000, 0x0000000084700000| Untracked 
|  44|0x0000000084800000, 0x0000000084800000, 0x0000000084900000|  0%| F|  |TAMS 0x0000000084800000, 0x0000000084800000| Untracked 
|  45|0x0000000084900000, 0x0000000084900000, 0x0000000084a00000|  0%| F|  |TAMS 0x0000000084900000, 0x0000000084900000| Untracked 
|  46|0x0000000084a00000, 0x0000000084a00000, 0x0000000084b00000|  0%| F|  |TAMS 0x0000000084a00000, 0x0000000084a00000| Untracked 
|  47|0x0000000084b00000, 0x0000000084b00000, 0x0000000084c00000|  0%| F|  |TAMS 0x0000000084b00000, 0x0000000084b00000| Untracked 
|  48|0x0000000084c00000, 0x0000000084c00000, 0x0000000084d00000|  0%| F|  |TAMS 0x0000000084c00000, 0x0000000084c00000| Untracked 
|  49|0x0000000084d00000, 0x0000000084d00000, 0x0000000084e00000|  0%| F|  |TAMS 0x0000000084d00000, 0x0000000084d00000| Untracked 
|  50|0x0000000084e00000, 0x0000000084e00000, 0x0000000084f00000|  0%| F|  |TAMS 0x0000000084e00000, 0x0000000084e00000| Untracked 
|  51|0x0000000084f00000, 0x0000000084f00000, 0x0000000085000000|  0%| F|  |TAMS 0x0000000084f00000, 0x0000000084f00000| Untracked 
|  52|0x0000000085000000, 0x0000000085000000, 0x0000000085100000|  0%| F|  |TAMS 0x0000000085000000, 0x0000000085000000| Untracked 
|  53|0x0000000085100000, 0x0000000085100000, 0x0000000085200000|  0%| F|  |TAMS 0x0000000085100000, 0x0000000085100000| Untracked 
|  54|0x0000000085200000, 0x0000000085200000, 0x0000000085300000|  0%| F|  |TAMS 0x0000000085200000, 0x0000000085200000| Untracked 
|  55|0x0000000085300000, 0x0000000085300000, 0x0000000085400000|  0%| F|  |TAMS 0x0000000085300000, 0x0000000085300000| Untracked 
|  56|0x0000000085400000, 0x0000000085400000, 0x0000000085500000|  0%| F|  |TAMS 0x0000000085400000, 0x0000000085400000| Untracked 
|  57|0x0000000085500000, 0x0000000085500000, 0x0000000085600000|  0%| F|  |TAMS 0x0000000085500000, 0x0000000085500000| Untracked 
|  58|0x0000000085600000, 0x0000000085600000, 0x0000000085700000|  0%| F|  |TAMS 0x0000000085600000, 0x0000000085600000| Untracked 
|  59|0x0000000085700000, 0x0000000085700000, 0x0000000085800000|  0%| F|  |TAMS 0x0000000085700000, 0x0000000085700000| Untracked 
|  60|0x0000000085800000, 0x0000000085800000, 0x0000000085900000|  0%| F|  |TAMS 0x0000000085800000, 0x0000000085800000| Untracked 
|  61|0x0000000085900000, 0x0000000085900000, 0x0000000085a00000|  0%| F|  |TAMS 0x0000000085900000, 0x0000000085900000| Untracked 
|  62|0x0000000085a00000, 0x0000000085a00000, 0x0000000085b00000|  0%| F|  |TAMS 0x0000000085a00000, 0x0000000085a00000| Untracked 
|  63|0x0000000085b00000, 0x0000000085b00000, 0x0000000085c00000|  0%| F|  |TAMS 0x0000000085b00000, 0x0000000085b00000| Untracked 
|  64|0x0000000085c00000, 0x0000000085c00000, 0x0000000085d00000|  0%| F|  |TAMS 0x0000000085c00000, 0x0000000085c00000| Untracked 
|  65|0x0000000085d00000, 0x0000000085d00000, 0x0000000085e00000|  0%| F|  |TAMS 0x0000000085d00000, 0x0000000085d00000| Untracked 
|  66|0x0000000085e00000, 0x0000000085e00000, 0x0000000085f00000|  0%| F|  |TAMS 0x0000000085e00000, 0x0000000085e00000| Untracked 
|  67|0x0000000085f00000, 0x0000000085f00000, 0x0000000086000000|  0%| F|  |TAMS 0x0000000085f00000, 0x0000000085f00000| Untracked 
|  68|0x0000000086000000, 0x0000000086000000, 0x0000000086100000|  0%| F|  |TAMS 0x0000000086000000, 0x0000000086000000| Untracked 
|  69|0x0000000086100000, 0x0000000086100000, 0x0000000086200000|  0%| F|  |TAMS 0x0000000086100000, 0x0000000086100000| Untracked 
|  70|0x0000000086200000, 0x0000000086200000, 0x0000000086300000|  0%| F|  |TAMS 0x0000000086200000, 0x0000000086200000| Untracked 
|  71|0x0000000086300000, 0x0000000086300000, 0x0000000086400000|  0%| F|  |TAMS 0x0000000086300000, 0x0000000086300000| Untracked 
|  72|0x0000000086400000, 0x0000000086400000, 0x0000000086500000|  0%| F|  |TAMS 0x0000000086400000, 0x0000000086400000| Untracked 
|  73|0x0000000086500000, 0x0000000086500000, 0x0000000086600000|  0%| F|  |TAMS 0x0000000086500000, 0x0000000086500000| Untracked 
|  74|0x0000000086600000, 0x0000000086600000, 0x0000000086700000|  0%| F|  |TAMS 0x0000000086600000, 0x0000000086600000| Untracked 
|  75|0x0000000086700000, 0x0000000086700000, 0x0000000086800000|  0%| F|  |TAMS 0x0000000086700000, 0x0000000086700000| Untracked 
|  76|0x0000000086800000, 0x0000000086800000, 0x0000000086900000|  0%| F|  |TAMS 0x0000000086800000, 0x0000000086800000| Untracked 
|  77|0x0000000086900000, 0x0000000086900000, 0x0000000086a00000|  0%| F|  |TAMS 0x0000000086900000, 0x0000000086900000| Untracked 
|  78|0x0000000086a00000, 0x0000000086a00000, 0x0000000086b00000|  0%| F|  |TAMS 0x0000000086a00000, 0x0000000086a00000| Untracked 
|  79|0x0000000086b00000, 0x0000000086b00000, 0x0000000086c00000|  0%| F|  |TAMS 0x0000000086b00000, 0x0000000086b00000| Untracked 
|  80|0x0000000086c00000, 0x0000000086c00000, 0x0000000086d00000|  0%| F|  |TAMS 0x0000000086c00000, 0x0000000086c00000| Untracked 
|  81|0x0000000086d00000, 0x0000000086d00000, 0x0000000086e00000|  0%| F|  |TAMS 0x0000000086d00000, 0x0000000086d00000| Untracked 
|  82|0x0000000086e00000, 0x0000000086e00000, 0x0000000086f00000|  0%| F|  |TAMS 0x0000000086e00000, 0x0000000086e00000| Untracked 
|  83|0x0000000086f00000, 0x0000000086f00000, 0x0000000087000000|  0%| F|  |TAMS 0x0000000086f00000, 0x0000000086f00000| Untracked 
|  84|0x0000000087000000, 0x0000000087000000, 0x0000000087100000|  0%| F|  |TAMS 0x0000000087000000, 0x0000000087000000| Untracked 
|  85|0x0000000087100000, 0x0000000087100000, 0x0000000087200000|  0%| F|  |TAMS 0x0000000087100000, 0x0000000087100000| Untracked 
|  86|0x0000000087200000, 0x0000000087200000, 0x0000000087300000|  0%| F|  |TAMS 0x0000000087200000, 0x0000000087200000| Untracked 
|  87|0x0000000087300000, 0x0000000087300000, 0x0000000087400000|  0%| F|  |TAMS 0x0000000087300000, 0x0000000087300000| Untracked 
|  88|0x0000000087400000, 0x0000000087400000, 0x0000000087500000|  0%| F|  |TAMS 0x0000000087400000, 0x0000000087400000| Untracked 
|  89|0x0000000087500000, 0x0000000087500000, 0x0000000087600000|  0%| F|  |TAMS 0x0000000087500000, 0x0000000087500000| Untracked 
|  90|0x0000000087600000, 0x0000000087600000, 0x0000000087700000|  0%| F|  |TAMS 0x0000000087600000, 0x0000000087600000| Untracked 
|  91|0x0000000087700000, 0x0000000087700000, 0x0000000087800000|  0%| F|  |TAMS 0x0000000087700000, 0x0000000087700000| Untracked 
|  92|0x0000000087800000, 0x0000000087800000, 0x0000000087900000|  0%| F|  |TAMS 0x0000000087800000, 0x0000000087800000| Untracked 
|  93|0x0000000087900000, 0x0000000087900000, 0x0000000087a00000|  0%| F|  |TAMS 0x0000000087900000, 0x0000000087900000| Untracked 
|  94|0x0000000087a00000, 0x0000000087a00000, 0x0000000087b00000|  0%| F|  |TAMS 0x0000000087a00000, 0x0000000087a00000| Untracked 
|  95|0x0000000087b00000, 0x0000000087b00000, 0x0000000087c00000|  0%| F|  |TAMS 0x0000000087b00000, 0x0000000087b00000| Untracked 
|  96|0x0000000087c00000, 0x0000000087c00000, 0x0000000087d00000|  0%| F|  |TAMS 0x0000000087c00000, 0x0000000087c00000| Untracked 
|  97|0x0000000087d00000, 0x0000000087d00000, 0x0000000087e00000|  0%| F|  |TAMS 0x0000000087d00000, 0x0000000087d00000| Untracked 
|  98|0x0000000087e00000, 0x0000000087e00000, 0x0000000087f00000|  0%| F|  |TAMS 0x0000000087e00000, 0x0000000087e00000| Untracked 
|  99|0x0000000087f00000, 0x0000000087f00000, 0x0000000088000000|  0%| F|  |TAMS 0x0000000087f00000, 0x0000000087f00000| Untracked 
| 100|0x0000000088000000, 0x0000000088000000, 0x0000000088100000|  0%| F|  |TAMS 0x0000000088000000, 0x0000000088000000| Untracked 
| 101|0x0000000088100000, 0x0000000088100000, 0x0000000088200000|  0%| F|  |TAMS 0x0000000088100000, 0x0000000088100000| Untracked 
| 102|0x0000000088200000, 0x0000000088200000, 0x0000000088300000|  0%| F|  |TAMS 0x0000000088200000, 0x0000000088200000| Untracked 
| 103|0x0000000088300000, 0x0000000088300000, 0x0000000088400000|  0%| F|  |TAMS 0x0000000088300000, 0x0000000088300000| Untracked 
| 104|0x0000000088400000, 0x0000000088400000, 0x0000000088500000|  0%| F|  |TAMS 0x0000000088400000, 0x0000000088400000| Untracked 
| 105|0x0000000088500000, 0x0000000088500000, 0x0000000088600000|  0%| F|  |TAMS 0x0000000088500000, 0x0000000088500000| Untracked 
| 106|0x0000000088600000, 0x0000000088600000, 0x0000000088700000|  0%| F|  |TAMS 0x0000000088600000, 0x0000000088600000| Untracked 
| 107|0x0000000088700000, 0x00000000887b5600, 0x0000000088800000| 70%| S|CS|TAMS 0x0000000088700000, 0x0000000088700000| Complete 
| 108|0x0000000088800000, 0x0000000088900000, 0x0000000088900000|100%| S|CS|TAMS 0x0000000088800000, 0x0000000088800000| Complete 
| 109|0x0000000088900000, 0x0000000088900000, 0x0000000088a00000|  0%| F|  |TAMS 0x0000000088900000, 0x0000000088900000| Untracked 
| 110|0x0000000088a00000, 0x0000000088a00000, 0x0000000088b00000|  0%| F|  |TAMS 0x0000000088a00000, 0x0000000088a00000| Untracked 
| 111|0x0000000088b00000, 0x0000000088b00000, 0x0000000088c00000|  0%| F|  |TAMS 0x0000000088b00000, 0x0000000088b00000| Untracked 
| 112|0x0000000088c00000, 0x0000000088c00000, 0x0000000088d00000|  0%| F|  |TAMS 0x0000000088c00000, 0x0000000088c00000| Untracked 
| 113|0x0000000088d00000, 0x0000000088d00000, 0x0000000088e00000|  0%| F|  |TAMS 0x0000000088d00000, 0x0000000088d00000| Untracked 
| 114|0x0000000088e00000, 0x0000000088e00000, 0x0000000088f00000|  0%| F|  |TAMS 0x0000000088e00000, 0x0000000088e00000| Untracked 
| 115|0x0000000088f00000, 0x0000000088f00000, 0x0000000089000000|  0%| F|  |TAMS 0x0000000088f00000, 0x0000000088f00000| Untracked 
| 116|0x0000000089000000, 0x0000000089000000, 0x0000000089100000|  0%| F|  |TAMS 0x0000000089000000, 0x0000000089000000| Untracked 
| 117|0x0000000089100000, 0x0000000089100000, 0x0000000089200000|  0%| F|  |TAMS 0x0000000089100000, 0x0000000089100000| Untracked 
| 118|0x0000000089200000, 0x0000000089200000, 0x0000000089300000|  0%| F|  |TAMS 0x0000000089200000, 0x0000000089200000| Untracked 
| 119|0x0000000089300000, 0x0000000089300000, 0x0000000089400000|  0%| F|  |TAMS 0x0000000089300000, 0x0000000089300000| Untracked 
| 120|0x0000000089400000, 0x0000000089400000, 0x0000000089500000|  0%| F|  |TAMS 0x0000000089400000, 0x0000000089400000| Untracked 
| 121|0x0000000089500000, 0x0000000089500000, 0x0000000089600000|  0%| F|  |TAMS 0x0000000089500000, 0x0000000089500000| Untracked 
| 122|0x0000000089600000, 0x0000000089600000, 0x0000000089700000|  0%| F|  |TAMS 0x0000000089600000, 0x0000000089600000| Untracked 
| 123|0x0000000089700000, 0x0000000089780c10, 0x0000000089800000| 50%| E|  |TAMS 0x0000000089700000, 0x0000000089700000| Complete 
| 124|0x0000000089800000, 0x0000000089900000, 0x0000000089900000|100%| E|CS|TAMS 0x0000000089800000, 0x0000000089800000| Complete 
| 125|0x0000000089900000, 0x0000000089a00000, 0x0000000089a00000|100%| E|CS|TAMS 0x0000000089900000, 0x0000000089900000| Complete 
| 126|0x0000000089a00000, 0x0000000089b00000, 0x0000000089b00000|100%| E|CS|TAMS 0x0000000089a00000, 0x0000000089a00000| Complete 
| 127|0x0000000089b00000, 0x0000000089c00000, 0x0000000089c00000|100%| E|CS|TAMS 0x0000000089b00000, 0x0000000089b00000| Complete 

Card table byte_map: [0x00000271a9d90000,0x00000271aa190000] _byte_map_base: 0x00000271a9982000

Marking Bits (Prev, Next): (CMBitMap*) 0x000002718fd52590, (CMBitMap*) 0x000002718fd525d0
 Prev Bits: [0x00000271aa590000, 0x00000271ac520000)
 Next Bits: [0x00000271ac520000, 0x00000271ae4b0000)

Polling page: 0x000002718fb80000

Metaspace:

Usage:
  Non-class:     10.96 MB used.
      Class:      1.03 MB used.
       Both:     11.98 MB used.

Virtual space:
  Non-class space:       64.00 MB reserved,      11.06 MB ( 17%) committed,  1 nodes.
      Class space:        1.00 GB reserved,       1.13 MB ( <1%) committed,  1 nodes.
             Both:        1.06 GB reserved,      12.19 MB (  1%) committed. 

Chunk freelists:
   Non-Class:  4.20 MB
       Class:  14.85 MB
        Both:  19.05 MB

MaxMetaspaceSize: unlimited
CompressedClassSpaceSize: 1.00 GB
Initial GC threshold: 21.00 MB
Current GC threshold: 21.00 MB
CDS: on
MetaspaceReclaimPolicy: balanced
 - commit_granule_bytes: 65536.
 - commit_granule_words: 8192.
 - virtual_space_node_default_size: 8388608.
 - enlarge_chunks_in_place: 1.
 - new_chunks_are_fully_committed: 0.
 - uncommit_free_chunks: 1.
 - use_allocation_guard: 0.
 - handle_deallocations: 1.


Internal statistics:

num_allocs_failed_limit: 0.
num_arena_births: 172.
num_arena_deaths: 0.
num_vsnodes_births: 2.
num_vsnodes_deaths: 0.
num_space_committed: 195.
num_space_uncommitted: 0.
num_chunks_returned_to_freelist: 0.
num_chunks_taken_from_freelist: 512.
num_chunk_merges: 0.
num_chunk_splits: 350.
num_chunks_enlarged: 260.
num_inconsistent_stats: 0.

CodeHeap 'non-profiled nmethods': size=120000Kb used=522Kb max_used=522Kb free=119477Kb
 bounds [0x00000271a1e30000, 0x00000271a20a0000, 0x00000271a9360000]
CodeHeap 'profiled nmethods': size=120000Kb used=3021Kb max_used=3021Kb free=116979Kb
 bounds [0x000002719a360000, 0x000002719a660000, 0x00000271a1890000]
CodeHeap 'non-nmethods': size=5760Kb used=1216Kb max_used=1235Kb free=4543Kb
 bounds [0x00000271a1890000, 0x00000271a1b00000, 0x00000271a1e30000]
 total_blobs=2114 nmethods=1585 adapters=442
 compilation: enabled
              stopped_count=0, restarted_count=0
 full_count=0

Compilation events (20 events):
Event: 11.870 Thread 0x00000271b0ad0a60 1574       3       java.lang.String::checkIndex (48 bytes)
Event: 11.870 Thread 0x00000271b0ad00b0 1576       4       java.nio.DirectIntBufferU::ix (10 bytes)
Event: 11.871 Thread 0x00000271b0ad00b0 nmethod 1576 0x00000271a1eb0e90 code [0x00000271a1eb1000, 0x00000271a1eb1078]
Event: 11.871 Thread 0x00000271b0ad0a60 nmethod 1574 0x000002719a650510 code [0x000002719a650760, 0x000002719a650ed8]
Event: 11.871 Thread 0x00000271b0ad0a60 1575       3       java.util.regex.Pattern::next (33 bytes)
Event: 11.871 Thread 0x00000271b0ad0a60 nmethod 1575 0x000002719a651210 code [0x000002719a6513c0, 0x000002719a651628]
Event: 11.871 Thread 0x00000271b0ad0a60 1577       3       java.util.regex.Pattern$Node::<init> (12 bytes)
Event: 11.871 Thread 0x00000271b0ad0a60 nmethod 1577 0x000002719a651790 code [0x000002719a651940, 0x000002719a651b18]
Event: 11.875 Thread 0x00000271b0ad0a60 1578       1       java.lang.invoke.DirectMethodHandle::isCrackable (5 bytes)
Event: 11.875 Thread 0x00000271b0ad0a60 nmethod 1578 0x00000271a1eb1190 code [0x00000271a1eb1320, 0x00000271a1eb13f8]
Event: 11.877 Thread 0x00000271b0ad0a60 1580       3       java.util.ImmutableCollections$Set12::<init> (53 bytes)
Event: 11.877 Thread 0x00000271b0ad00b0 1582       4       jdk.internal.org.objectweb.asm.SymbolTable$Entry::<init> (17 bytes)
Event: 11.878 Thread 0x00000271b0ad0a60 nmethod 1580 0x000002719a651c10 code [0x000002719a651ec0, 0x000002719a652b88]
Event: 11.878 Thread 0x00000271b0ad0a60 1584       1       java.lang.reflect.Constructor::getRoot (5 bytes)
Event: 11.879 Thread 0x00000271b0ad0a60 nmethod 1584 0x00000271a1eb1a90 code [0x00000271a1eb1c20, 0x00000271a1eb1cf8]
Event: 11.880 Thread 0x00000271b0ad00b0 nmethod 1582 0x00000271a1eb1d90 code [0x00000271a1eb1f00, 0x00000271a1eb2118]
Event: 11.880 Thread 0x00000271b0ad00b0 1583   !   4       jdk.internal.misc.ScopedMemoryAccess::copyMemory (31 bytes)
Event: 11.884 Thread 0x00000271b0ad00b0 nmethod 1583 0x00000271a1eb2190 code [0x00000271a1eb2320, 0x00000271a1eb26b8]
Event: 21.952 Thread 0x00000271b0ad0a60 1585       3       java.util.concurrent.ConcurrentHashMap$BaseIterator::<init> (21 bytes)
Event: 21.953 Thread 0x00000271b0ad0a60 nmethod 1585 0x000002719a652f90 code [0x000002719a653140, 0x000002719a653318]

GC Heap History (4 events):
Event: 1.274 GC heap before
{Heap before GC invocations=0 (full 0):
 garbage-first heap   total 131072K, used 12288K [0x0000000081c00000, 0x0000000100000000)
  region size 1024K, 13 young (13312K), 0 survivors (0K)
 Metaspace       used 5338K, committed 5568K, reserved 1114112K
  class space    used 503K, committed 640K, reserved 1048576K
}
Event: 1.279 GC heap after
{Heap after GC invocations=1 (full 0):
 garbage-first heap   total 131072K, used 1929K [0x0000000081c00000, 0x0000000100000000)
  region size 1024K, 2 young (2048K), 2 survivors (2048K)
 Metaspace       used 5338K, committed 5568K, reserved 1114112K
  class space    used 503K, committed 640K, reserved 1048576K
}
Event: 8.258 GC heap before
{Heap before GC invocations=1 (full 0):
 garbage-first heap   total 131072K, used 18313K [0x0000000081c00000, 0x0000000100000000)
  region size 1024K, 19 young (19456K), 2 survivors (2048K)
 Metaspace       used 10814K, committed 11072K, reserved 1114112K
  class space    used 889K, committed 1024K, reserved 1048576K
}
Event: 8.265 GC heap after
{Heap after GC invocations=2 (full 0):
 garbage-first heap   total 131072K, used 3583K [0x0000000081c00000, 0x0000000100000000)
  region size 1024K, 2 young (2048K), 2 survivors (2048K)
 Metaspace       used 10814K, committed 11072K, reserved 1114112K
  class space    used 889K, committed 1024K, reserved 1048576K
}

Dll operation events (16 events):
Event: 0.013 Loaded shared library C:\Users\its\.jdks\liberica-17.0.7\bin\java.dll
Event: 0.033 Loaded shared library C:\Users\its\.jdks\liberica-17.0.7\bin\jsvml.dll
Event: 0.122 Loaded shared library C:\Users\its\.jdks\liberica-17.0.7\bin\net.dll
Event: 0.125 Loaded shared library C:\Users\its\.jdks\liberica-17.0.7\bin\nio.dll
Event: 0.131 Loaded shared library C:\Users\its\.jdks\liberica-17.0.7\bin\zip.dll
Event: 0.165 Loaded shared library C:\Users\its\.jdks\liberica-17.0.7\bin\jimage.dll
Event: 0.329 Loaded shared library C:\Users\its\.jdks\liberica-17.0.7\bin\prefs.dll
Event: 0.547 Loaded shared library C:\Windows\System32\icuuc.dll
Event: 0.560 Loaded shared library C:\Qt\6.6.0\msvc2019_64\bin\Qt6Core.dll
Event: 0.736 Loaded shared library C:\Users\its\AppData\Local\Temp\QtJambi6.6.0_3492\bin\QtJambi6.dll
Event: 1.080 Loaded shared library C:\Users\its\AppData\Local\Temp\QtJambi6.6.0_3492\bin\QtJambiCore6.dll
Event: 1.320 Loaded shared library C:\Qt\6.6.0\msvc2019_64\bin\Qt6Gui.dll
Event: 1.507 Loaded shared library C:\Users\its\AppData\Local\Temp\QtJambi6.6.0_3492\bin\QtJambiGui6.dll
Event: 1.531 Loaded shared library C:\Qt\6.6.0\msvc2019_64\bin\Qt6Widgets.dll
Event: 1.820 Loaded shared library C:\Users\its\AppData\Local\Temp\QtJambi6.6.0_3492\bin\QtJambiWidgets6.dll
Event: 8.716 Loaded shared library C:\Users\its\AppData\Local\Temp\sqlite-3.42.0.0-ec345d4e-b88a-4e60-8ebb-41de15d6587e-sqlitejdbc.dll

Deoptimization events (20 events):
Event: 2.699 Thread 0x000002718fcf6970 DEOPT PACKING pc=0x00000271a1e8d834 sp=0x000000bb8f0fd5e0
Event: 2.699 Thread 0x000002718fcf6970 DEOPT UNPACKING pc=0x00000271a18e69a3 sp=0x000000bb8f0fd568 mode 2
Event: 8.238 Thread 0x000002718fcf6970 Uncommon trap: trap_request=0xffffffde fr.pc=0x00000271a1e66a78 relative=0x0000000000001078
Event: 8.238 Thread 0x000002718fcf6970 Uncommon trap: reason=class_check action=maybe_recompile pc=0x00000271a1e66a78 method=java.util.zip.ZipFile.getZipEntry(Ljava/lang/String;I)Ljava/util/zip/ZipEntry; @ 124 c2
Event: 8.238 Thread 0x000002718fcf6970 DEOPT PACKING pc=0x00000271a1e66a78 sp=0x000000bb8f0f9fe0
Event: 8.238 Thread 0x000002718fcf6970 DEOPT UNPACKING pc=0x00000271a18e69a3 sp=0x000000bb8f0f9fc0 mode 2
Event: 8.238 Thread 0x000002718fcf6970 Uncommon trap: trap_request=0xffffffde fr.pc=0x00000271a1e66a78 relative=0x0000000000001078
Event: 8.238 Thread 0x000002718fcf6970 Uncommon trap: reason=class_check action=maybe_recompile pc=0x00000271a1e66a78 method=java.util.zip.ZipFile.getZipEntry(Ljava/lang/String;I)Ljava/util/zip/ZipEntry; @ 124 c2
Event: 8.239 Thread 0x000002718fcf6970 DEOPT PACKING pc=0x00000271a1e66a78 sp=0x000000bb8f0fa170
Event: 8.239 Thread 0x000002718fcf6970 DEOPT UNPACKING pc=0x00000271a18e69a3 sp=0x000000bb8f0fa150 mode 2
Event: 8.321 Thread 0x000002718fcf6970 Uncommon trap: trap_request=0xffffff45 fr.pc=0x00000271a1e5ee98 relative=0x00000000000000f8
Event: 8.321 Thread 0x000002718fcf6970 Uncommon trap: reason=unstable_if action=reinterpret pc=0x00000271a1e5ee98 method=java.lang.StringLatin1.lastIndexOf([BI[BII)I @ 86 c2
Event: 8.321 Thread 0x000002718fcf6970 DEOPT PACKING pc=0x00000271a1e5ee98 sp=0x000000bb8f0f95f0
Event: 8.321 Thread 0x000002718fcf6970 DEOPT UNPACKING pc=0x00000271a18e69a3 sp=0x000000bb8f0f9548 mode 2
Event: 8.660 Thread 0x000002718fcf6970 DEOPT PACKING pc=0x000002719a649f0c sp=0x000000bb8f0fa350
Event: 8.660 Thread 0x000002718fcf6970 DEOPT UNPACKING pc=0x00000271a18e7143 sp=0x000000bb8f0f9858 mode 0
Event: 8.712 Thread 0x000002718fcf6970 Uncommon trap: trap_request=0xffffff45 fr.pc=0x00000271a1eab290 relative=0x0000000000000650
Event: 8.712 Thread 0x000002718fcf6970 Uncommon trap: reason=unstable_if action=reinterpret pc=0x00000271a1eab290 method=org.sqlite.SQLiteJDBCLoader.contentsEquals(Ljava/io/InputStream;Ljava/io/InputStream;)Z @ 39 c2
Event: 8.712 Thread 0x000002718fcf6970 DEOPT PACKING pc=0x00000271a1eab290 sp=0x000000bb8f0fa390
Event: 8.712 Thread 0x000002718fcf6970 DEOPT UNPACKING pc=0x00000271a18e69a3 sp=0x000000bb8f0fa358 mode 2

Classes unloaded (0 events):
No events

Classes redefined (0 events):
No events

Internal exceptions (20 events):
Event: 1.297 Thread 0x000002718fcf6970 Exception <a 'java/lang/NoSuchMethodError'{0x0000000089b3d7d8}: 'java.lang.Object java.lang.invoke.DirectMethodHandle$Holder.invokeStatic(java.lang.Object, java.lang.Object, java.lang.Object, int, java.lang.Object, java.lang.Object)'> (0x0000000089b3d7d8) 
thrown [s\src\hotspot\share\interpreter\linkResolver.cpp, line 759]
Event: 1.321 Thread 0x000002718fcf6970 Exception <a 'sun/nio/fs/WindowsException'{0x0000000089bad678}> (0x0000000089bad678) 
thrown [s\src\hotspot\share\prims\jni.cpp, line 516]
Event: 1.322 Thread 0x000002718fcf6970 Implicit null exception at 0x00000271a1e61e77 to 0x00000271a1e61ef0
Event: 1.532 Thread 0x000002718fcf6970 Exception <a 'sun/nio/fs/WindowsException'{0x0000000089bc64f0}> (0x0000000089bc64f0) 
thrown [s\src\hotspot\share\prims\jni.cpp, line 516]
Event: 2.370 Thread 0x000002718fcf6970 Exception <a 'java/lang/NoSuchMethodError'{0x00000000894f7b78}: 'java.lang.Object java.lang.invoke.DirectMethodHandle$Holder.newInvokeSpecial(java.lang.Object, java.lang.Object, java.lang.Object, java.lang.Object, java.lang.Object)'> (0x00000000894f7b78) 
thrown [s\src\hotspot\share\interpreter\linkResolver.cpp, line 759]
Event: 2.383 Thread 0x000002718fcf6970 Exception <a 'java/lang/NoSuchMethodError'{0x0000000089340218}: 'java.lang.Object java.lang.invoke.DirectMethodHandle$Holder.invokeInterface(java.lang.Object, java.lang.Object)'> (0x0000000089340218) 
thrown [s\src\hotspot\share\interpreter\linkResolver.cpp, line 759]
Event: 2.384 Thread 0x000002718fcf6970 Exception <a 'java/lang/IncompatibleClassChangeError'{0x0000000089343768}: Found class java.lang.Object, but interface was expected> (0x0000000089343768) 
thrown [s\src\hotspot\share\interpreter\linkResolver.cpp, line 826]
Event: 2.494 Thread 0x000002718fcf6970 Exception <a 'java/lang/NoSuchMethodError'{0x00000000890de810}: Lapp/backend/table/Table;.<init>()V> (0x00000000890de810) 
thrown [s\src\hotspot\share\prims\jni.cpp, line 1107]
Event: 2.494 Thread 0x000002718fcf6970 Exception <a 'java/lang/NoSuchMethodError'{0x00000000890deb48}: Lapp/backend/table/Table;.clone()Lapp/backend/table/Table;> (0x00000000890deb48) 
thrown [s\src\hotspot\share\prims\jni.cpp, line 1107]
Event: 2.596 Thread 0x000002718fcf6970 Exception <a 'java/lang/NoSuchMethodError'{0x0000000088cdade8}: 'void java.lang.invoke.Invokers$Holder.invoke_MT(java.lang.Object, java.lang.Object, java.lang.Object, java.lang.Object)'> (0x0000000088cdade8) 
thrown [s\src\hotspot\share\interpreter\linkResolver.cpp, line 759]
Event: 2.664 Thread 0x000002718fcf6970 Exception <a 'java/lang/NoSuchMethodError'{0x0000000088b66950}: 'void java.lang.invoke.DirectMethodHandle$Holder.invokeVirtual(java.lang.Object, java.lang.Object)'> (0x0000000088b66950) 
thrown [s\src\hotspot\share\interpreter\linkResolver.cpp, line 759]
Event: 4.425 Thread 0x000002718fcf6970 Exception <a 'java/lang/NoSuchMethodError'{0x0000000088a6bd00}: 'void java.lang.invoke.DirectMethodHandle$Holder.invokeSpecial(java.lang.Object, java.lang.Object, java.lang.Object)'> (0x0000000088a6bd00) 
thrown [s\src\hotspot\share\interpreter\linkResolver.cpp, line 759]
Event: 4.426 Thread 0x000002718fcf6970 Exception <a 'java/lang/NoSuchMethodError'{0x0000000088a6efc0}: 'void java.lang.invoke.Invokers$Holder.invoke_MT(java.lang.Object, java.lang.Object, java.lang.Object)'> (0x0000000088a6efc0) 
thrown [s\src\hotspot\share\interpreter\linkResolver.cpp, line 759]
Event: 8.466 Thread 0x000002718fcf6970 Exception <a 'java/lang/NoSuchMethodError'{0x00000000898421c8}: 'java.lang.Object java.lang.invoke.DirectMethodHandle$Holder.invokeStaticInit(java.lang.Object, int, int, int, int)'> (0x00000000898421c8) 
thrown [s\src\hotspot\share\interpreter\linkResolver.cpp, line 759]
Event: 8.560 Thread 0x000002718fcf6970 Exception <a 'java/lang/NoSuchMethodError'{0x00000000898bdae8}: 'java.lang.Object java.lang.invoke.DirectMethodHandle$Holder.invokeStaticInit(java.lang.Object, java.lang.Object, int, int, int, int)'> (0x00000000898bdae8) 
thrown [s\src\hotspot\share\interpreter\linkResolver.cpp, line 759]
Event: 8.567 Thread 0x000002718fcf6970 Exception <a 'sun/nio/fs/WindowsException'{0x00000000898ce338}> (0x00000000898ce338) 
thrown [s\src\hotspot\share\prims\jni.cpp, line 516]
Event: 8.567 Thread 0x000002718fcf6970 Exception <a 'sun/nio/fs/WindowsException'{0x00000000898ce6d8}> (0x00000000898ce6d8) 
thrown [s\src\hotspot\share\prims\jni.cpp, line 516]
Event: 8.568 Thread 0x000002718fcf6970 Exception <a 'sun/nio/fs/WindowsException'{0x00000000898cf258}> (0x00000000898cf258) 
thrown [s\src\hotspot\share\prims\jni.cpp, line 516]
Event: 11.876 Thread 0x000002718fcf6970 Exception <a 'java/lang/NoSuchMethodError'{0x0000000089771c48}: 'java.lang.Object java.lang.invoke.DirectMethodHandle$Holder.invokeSpecial(java.lang.Object, java.lang.Object, int, java.lang.Object, long)'> (0x0000000089771c48) 
thrown [s\src\hotspot\share\interpreter\linkResolver.cpp, line 759]
Event: 11.877 Thread 0x000002718fcf6970 Exception <a 'java/lang/NoSuchMethodError'{0x00000000897782e0}: 'java.lang.Object java.lang.invoke.DirectMethodHandle$Holder.newInvokeSpecial(java.lang.Object, java.lang.Object, int)'> (0x00000000897782e0) 
thrown [s\src\hotspot\share\interpreter\linkResolver.cpp, line 759]

VM Operations (20 events):
Event: 5.673 Executing VM operation: Cleanup
Event: 5.673 Executing VM operation: Cleanup done
Event: 8.234 Executing VM operation: HandshakeAllThreads
Event: 8.234 Executing VM operation: HandshakeAllThreads done
Event: 8.234 Executing VM operation: Cleanup
Event: 8.235 Executing VM operation: Cleanup done
Event: 8.257 Executing VM operation: HandshakeAllThreads
Event: 8.257 Executing VM operation: HandshakeAllThreads done
Event: 8.258 Executing VM operation: G1CollectForAllocation
Event: 8.265 Executing VM operation: G1CollectForAllocation done
Event: 8.300 Executing VM operation: HandshakeAllThreads
Event: 8.300 Executing VM operation: HandshakeAllThreads done
Event: 8.430 Executing VM operation: HandshakeAllThreads
Event: 8.430 Executing VM operation: HandshakeAllThreads done
Event: 8.488 Executing VM operation: HandshakeAllThreads
Event: 8.488 Executing VM operation: HandshakeAllThreads done
Event: 9.488 Executing VM operation: Cleanup
Event: 9.488 Executing VM operation: Cleanup done
Event: 12.489 Executing VM operation: Cleanup
Event: 12.490 Executing VM operation: Cleanup done

Events (20 events):
Event: 8.567 loading class java/nio/file/NoSuchFileException done
Event: 8.587 loading class java/io/DeleteOnExitHook
Event: 8.587 loading class java/io/DeleteOnExitHook done
Event: 8.587 loading class java/io/DeleteOnExitHook$1
Event: 8.587 loading class java/io/DeleteOnExitHook$1 done
Event: 8.634 loading class sun/nio/ch/ChannelInputStream
Event: 8.634 loading class sun/nio/ch/ChannelInputStream done
Event: 8.729 loading class java/io/StringReader
Event: 8.729 loading class java/io/StringReader done
Event: 8.729 loading class java/io/UnsupportedEncodingException
Event: 8.730 loading class java/io/UnsupportedEncodingException done
Event: 8.731 loading class java/util/regex/Pattern$BnM
Event: 8.731 loading class java/util/regex/Pattern$BnM done
Event: 8.731 loading class java/util/regex/Pattern$SliceS
Event: 8.731 loading class java/util/regex/Pattern$SliceS done
Event: 11.869 Thread 0x00000271b590efc0 Thread exited: 0x00000271b590efc0
Event: 11.869 loading class java/util/regex/Pattern$SliceI
Event: 11.869 loading class java/util/regex/Pattern$SliceI done
Event: 11.872 loading class sun/invoke/util/VerifyAccess$1
Event: 11.872 loading class sun/invoke/util/VerifyAccess$1 done


Dynamic libraries:
0x00007ff74e340000 - 0x00007ff74e34d000 	C:\Users\its\.jdks\liberica-17.0.7\bin\java.exe
0x00007ffcdda80000 - 0x00007ffcddc70000 	C:\Windows\SYSTEM32\ntdll.dll
0x00007ffcdc790000 - 0x00007ffcdc842000 	C:\Windows\System32\KERNEL32.DLL
0x00007ffcdadb0000 - 0x00007ffcdb055000 	C:\Windows\System32\KERNELBASE.dll
0x00007ffcdba30000 - 0x00007ffcdbb2a000 	C:\Windows\System32\ucrtbase.dll
0x00007ffccc6e0000 - 0x00007ffccc6f7000 	C:\Users\its\.jdks\liberica-17.0.7\bin\jli.dll
0x00007ffcdcb00000 - 0x00007ffcdcc94000 	C:\Windows\System32\USER32.dll
0x00007ffcdb8b0000 - 0x00007ffcdb8d1000 	C:\Windows\System32\win32u.dll
0x00007ffcdc880000 - 0x00007ffcdc8a6000 	C:\Windows\System32\GDI32.dll
0x00007ffcdaa70000 - 0x00007ffcdac06000 	C:\Windows\System32\gdi32full.dll
0x00007ffcdac10000 - 0x00007ffcdacae000 	C:\Windows\System32\msvcp_win.dll
0x00007ffccc750000 - 0x00007ffccc765000 	C:\Users\its\.jdks\liberica-17.0.7\bin\VCRUNTIME140.dll
0x00007ffcc3910000 - 0x00007ffcc3b94000 	C:\Windows\WinSxS\amd64_microsoft.windows.common-controls_6595b64144ccf1df_6.0.18362.1256_none_9e7e379be45e40e2\COMCTL32.dll
0x00007ffcdcdb0000 - 0x00007ffcdce4e000 	C:\Windows\System32\msvcrt.dll
0x00007ffcdbcb0000 - 0x00007ffcdbfe6000 	C:\Windows\System32\combase.dll
0x00007ffcdd260000 - 0x00007ffcdd380000 	C:\Windows\System32\RPCRT4.dll
0x00007ffcdb060000 - 0x00007ffcdb0e1000 	C:\Windows\System32\bcryptPrimitives.dll
0x00007ffcdc850000 - 0x00007ffcdc87e000 	C:\Windows\System32\IMM32.DLL
0x00007ffcac010000 - 0x00007ffcac0ab000 	C:\Users\its\.jdks\liberica-17.0.7\bin\msvcp140.dll
0x00007ffca2970000 - 0x00007ffca3592000 	C:\Users\its\.jdks\liberica-17.0.7\bin\server\jvm.dll
0x00007ffcdc920000 - 0x00007ffcdc9c3000 	C:\Windows\System32\ADVAPI32.dll
0x00007ffcdbc10000 - 0x00007ffcdbca7000 	C:\Windows\System32\sechost.dll
0x00007ffcc9c60000 - 0x00007ffcc9c69000 	C:\Windows\SYSTEM32\WSOCK32.dll
0x00007ffcdd380000 - 0x00007ffcdd3ef000 	C:\Windows\System32\WS2_32.dll
0x00007ffcd7b10000 - 0x00007ffcd7b34000 	C:\Windows\SYSTEM32\WINMM.dll
0x00007ffcd0470000 - 0x00007ffcd047a000 	C:\Windows\SYSTEM32\VERSION.dll
0x00007ffcd7ae0000 - 0x00007ffcd7b0d000 	C:\Windows\SYSTEM32\WINMMBASE.dll
0x00007ffcdacb0000 - 0x00007ffcdacfa000 	C:\Windows\System32\cfgmgr32.dll
0x00007ffcda930000 - 0x00007ffcda941000 	C:\Windows\System32\kernel.appcore.dll
0x00007ffccc7c0000 - 0x00007ffccc7ca000 	C:\Users\its\.jdks\liberica-17.0.7\bin\jimage.dll
0x00007ffcd90a0000 - 0x00007ffcd9294000 	C:\Windows\SYSTEM32\DBGHELP.DLL
0x00007ffcce800000 - 0x00007ffcce82a000 	C:\Windows\SYSTEM32\dbgcore.DLL
0x00007ffcbd500000 - 0x00007ffcbd525000 	C:\Users\its\.jdks\liberica-17.0.7\bin\java.dll
0x00007ffca47e0000 - 0x00007ffca48b6000 	C:\Users\its\.jdks\liberica-17.0.7\bin\jsvml.dll
0x00007ffcdbff0000 - 0x00007ffcdc6d7000 	C:\Windows\System32\SHELL32.dll
0x00007ffcdc6e0000 - 0x00007ffcdc789000 	C:\Windows\System32\shcore.dll
0x00007ffcdb120000 - 0x00007ffcdb8a1000 	C:\Windows\System32\windows.storage.dll
0x00007ffcda9c0000 - 0x00007ffcda9e3000 	C:\Windows\System32\profapi.dll
0x00007ffcda950000 - 0x00007ffcda99a000 	C:\Windows\System32\powrprof.dll
0x00007ffcda920000 - 0x00007ffcda930000 	C:\Windows\System32\UMPDC.dll
0x00007ffcdcaa0000 - 0x00007ffcdcaf2000 	C:\Windows\System32\shlwapi.dll
0x00007ffcdaa50000 - 0x00007ffcdaa67000 	C:\Windows\System32\cryptsp.dll
0x00007ffccc6c0000 - 0x00007ffccc6d9000 	C:\Users\its\.jdks\liberica-17.0.7\bin\net.dll
0x00007ffcd04c0000 - 0x00007ffcd05b0000 	C:\Windows\SYSTEM32\WINHTTP.dll
0x00007ffcda110000 - 0x00007ffcda177000 	C:\Windows\system32\mswsock.dll
0x00007ffcc48c0000 - 0x00007ffcc48d5000 	C:\Users\its\.jdks\liberica-17.0.7\bin\nio.dll
0x00007ffcb39d0000 - 0x00007ffcb39e8000 	C:\Users\its\.jdks\liberica-17.0.7\bin\zip.dll
0x00007ffcd6990000 - 0x00007ffcd6999000 	C:\Users\its\.jdks\liberica-17.0.7\bin\prefs.dll
0x000002718fdc0000 - 0x000002718fdc9000 	C:\Windows\System32\icuuc.dll
0x00007ffca5b20000 - 0x00007ffca6127000 	C:\Qt\6.6.0\msvc2019_64\bin\Qt6Core.dll
0x00007ffcdce80000 - 0x00007ffcdcfd7000 	C:\Windows\System32\ole32.dll
0x00007ffcdd190000 - 0x00007ffcdd255000 	C:\Windows\System32\OLEAUT32.dll
0x00007ffccf1e0000 - 0x00007ffccf1fb000 	C:\Windows\SYSTEM32\MPR.dll
0x00007ffcda800000 - 0x00007ffcda825000 	C:\Windows\SYSTEM32\USERENV.dll
0x00007ffcd9a50000 - 0x00007ffcd9a9a000 	C:\Windows\SYSTEM32\AUTHZ.dll
0x00007ffcbe530000 - 0x00007ffcbe547000 	C:\Windows\SYSTEM32\NETAPI32.dll
0x00007ffcd5690000 - 0x00007ffcd5699000 	C:\Users\its\.jdks\liberica-17.0.7\bin\MSVCP140_1.dll
0x00007ffcd8b70000 - 0x00007ffcd8b7c000 	C:\Windows\SYSTEM32\VCRUNTIME140_1.dll
0x00007ffcda2e0000 - 0x00007ffcda2ec000 	C:\Windows\SYSTEM32\CRYPTBASE.DLL
0x00007ffcc5d40000 - 0x00007ffcc5d66000 	C:\Windows\SYSTEM32\SRVCLI.DLL
0x00007ffcd9f30000 - 0x00007ffcd9f3c000 	C:\Windows\SYSTEM32\NETUTILS.DLL
0x00007ffca5690000 - 0x00007ffca5b1e000 	C:\Users\its\AppData\Local\Temp\QtJambi6.6.0_3492\bin\QtJambi6.dll
0x00007ffc97120000 - 0x00007ffc9838b000 	C:\Users\its\AppData\Local\Temp\QtJambi6.6.0_3492\bin\QtJambiCore6.dll
0x00007ffca4bb0000 - 0x00007ffca543f000 	C:\Qt\6.6.0\msvc2019_64\bin\Qt6Gui.dll
0x00007ffcd7240000 - 0x00007ffcd749b000 	C:\Windows\SYSTEM32\d3d11.dll
0x00007ffcd95f0000 - 0x00007ffcd96db000 	C:\Windows\SYSTEM32\dxgi.dll
0x00007ffcc08c0000 - 0x00007ffcc0bbe000 	C:\Windows\SYSTEM32\DWrite.dll
0x00007ffcad930000 - 0x00007ffcadb02000 	C:\Windows\SYSTEM32\d3d12.dll
0x00007ffccf670000 - 0x00007ffccf6a2000 	C:\Users\its\.jdks\liberica-17.0.7\bin\MSVCP140_2.dll
0x00007ffcd9560000 - 0x00007ffcd9580000 	C:\Windows\SYSTEM32\dxcore.dll
0x00007ffca4240000 - 0x00007ffca47d2000 	C:\Users\its\AppData\Local\Temp\QtJambi6.6.0_3492\bin\QtJambiGui6.dll
0x00007ffc96af0000 - 0x00007ffc9711a000 	C:\Qt\6.6.0\msvc2019_64\bin\Qt6Widgets.dll
0x00007ffcd86b0000 - 0x00007ffcd86dd000 	C:\Windows\SYSTEM32\dwmapi.dll
0x00007ffcd85f0000 - 0x00007ffcd8689000 	C:\Windows\SYSTEM32\UxTheme.dll
0x00007ffc961f0000 - 0x00007ffc96ae4000 	C:\Users\its\AppData\Local\Temp\QtJambi6.6.0_3492\bin\QtJambiWidgets6.dll
0x00007ffcbd5c0000 - 0x00007ffcbd69e000 	C:\Qt\6.6.0\msvc2019_64\plugins\platforms\qwindows.dll
0x00007ffcdd3f0000 - 0x00007ffcdd860000 	C:\Windows\System32\SETUPAPI.dll
0x00007ffcdb0f0000 - 0x00007ffcdb116000 	C:\Windows\System32\bcrypt.dll
0x00007ffcdc9d0000 - 0x00007ffcdcaa0000 	C:\Windows\System32\COMDLG32.dll
0x00007ffcd92a0000 - 0x00007ffcd92b3000 	C:\Windows\SYSTEM32\WTSAPI32.dll
0x00007ffcabe40000 - 0x00007ffcac007000 	C:\Windows\SYSTEM32\d3d9.dll
0x00007ffcdd900000 - 0x00007ffcdda35000 	C:\Windows\System32\MSCTF.dll
0x00007ffcda6b0000 - 0x00007ffcda6da000 	C:\Windows\SYSTEM32\DEVOBJ.dll
0x00007ffcdcca0000 - 0x00007ffcdcd42000 	C:\Windows\System32\clbcatq.dll
0x00007ffcc17d0000 - 0x00007ffcc1921000 	C:\Windows\System32\Windows.UI.dll
0x00007ffcca600000 - 0x00007ffcca69e000 	C:\Windows\System32\TextInputFramework.dll
0x00007ffcc7410000 - 0x00007ffcc752b000 	C:\Windows\System32\InputHost.dll
0x00007ffcd5780000 - 0x00007ffcd5aaa000 	C:\Windows\System32\CoreUIComponents.dll
0x00007ffcd7b40000 - 0x00007ffcd7c14000 	C:\Windows\System32\CoreMessaging.dll
0x00007ffcd8e30000 - 0x00007ffcd8f20000 	C:\Windows\System32\PROPSYS.dll
0x00007ffcd6510000 - 0x00007ffcd6663000 	C:\Windows\SYSTEM32\wintypes.dll
0x00007ffcd9960000 - 0x00007ffcd9991000 	C:\Windows\SYSTEM32\ntmarta.dll
0x00007ffcbeda0000 - 0x00007ffcbeeb2000 	C:\Windows\System32\Windows.UI.Immersive.dll
0x00007ffcc5670000 - 0x00007ffcc5695000 	C:\Qt\6.6.0\msvc2019_64\plugins\styles\qwindowsvistastyle.dll
0x00007ffcd5680000 - 0x00007ffcd568e000 	C:\Qt\6.6.0\msvc2019_64\plugins\imageformats\qgif.dll
0x00007ffcd1680000 - 0x00007ffcd1690000 	C:\Qt\6.6.0\msvc2019_64\plugins\imageformats\qicns.dll
0x00007ffcd1670000 - 0x00007ffcd167e000 	C:\Qt\6.6.0\msvc2019_64\plugins\imageformats\qico.dll
0x00007ffcc55d0000 - 0x00007ffcc566c000 	C:\Qt\6.6.0\msvc2019_64\plugins\imageformats\qjpeg.dll
0x00007ffcd09c0000 - 0x00007ffcd09cd000 	C:\Qt\6.6.0\msvc2019_64\plugins\imageformats\qpdf.dll
0x00007ffc95ca0000 - 0x00007ffc961ea000 	C:\Qt\6.6.0\msvc2019_64\bin\Qt6Pdf.dll
0x00007ffcad7b0000 - 0x00007ffcad923000 	C:\Qt\6.6.0\msvc2019_64\bin\Qt6Network.dll
0x00007ffcd9e60000 - 0x00007ffcd9f2b000 	C:\Windows\SYSTEM32\DNSAPI.dll
0x00007ffcd9e20000 - 0x00007ffcd9e5a000 	C:\Windows\SYSTEM32\IPHLPAPI.DLL
0x00007ffcdce60000 - 0x00007ffcdce68000 	C:\Windows\System32\NSI.dll
0x00007ffcc8430000 - 0x00007ffcc843c000 	C:\Windows\SYSTEM32\Secur32.dll
0x00007ffcda830000 - 0x00007ffcda867000 	C:\Windows\SYSTEM32\SSPICLI.DLL
0x00007ffcd09b0000 - 0x00007ffcd09bc000 	C:\Qt\6.6.0\msvc2019_64\plugins\imageformats\qsvg.dll
0x00007ffcc1e90000 - 0x00007ffcc1eef000 	C:\Qt\6.6.0\msvc2019_64\bin\Qt6Svg.dll
0x00007ffcc5730000 - 0x00007ffcc573c000 	C:\Qt\6.6.0\msvc2019_64\plugins\imageformats\qtga.dll
0x00007ffcc1c80000 - 0x00007ffcc1cea000 	C:\Qt\6.6.0\msvc2019_64\plugins\imageformats\qtiff.dll
0x00007ffcc4910000 - 0x00007ffcc491c000 	C:\Qt\6.6.0\msvc2019_64\plugins\imageformats\qwbmp.dll
0x00007ffcbad50000 - 0x00007ffcbadd8000 	C:\Qt\6.6.0\msvc2019_64\plugins\imageformats\qwebp.dll
0x00007ffcbda30000 - 0x00007ffcbda6a000 	C:\Windows\system32\dataexchange.dll
0x00007ffcd7900000 - 0x00007ffcd7add000 	C:\Windows\system32\dcomp.dll
0x00007ffcd8360000 - 0x00007ffcd85c2000 	C:\Windows\system32\twinapi.appcore.dll
0x00007ffcd87c0000 - 0x00007ffcd87e9000 	C:\Windows\system32\RMCLIENT.dll
0x00007ffccf2d0000 - 0x00007ffccf577000 	C:\Windows\System32\iertutil.dll
0x00007ffcbf070000 - 0x00007ffcbf229000 	C:\Windows\System32\Windows.Globalization.dll
0x00007ffcc17a0000 - 0x00007ffcc17d0000 	C:\Windows\System32\bcp47mrm.dll
0x00007ffcc8350000 - 0x00007ffcc83ad000 	C:\Windows\System32\Bcp47Langs.dll
0x00007ffcbd1c0000 - 0x00007ffcbd3c6000 	C:\Windows\system32\explorerframe.dll
0x00007ffcd53c0000 - 0x00007ffcd556f000 	C:\Windows\SYSTEM32\WindowsCodecs.dll
0x00007ffcd81d0000 - 0x00007ffcd825f000 	C:\Windows\SYSTEM32\apphelp.dll
0x00007ffcbc920000 - 0x00007ffcbcb34000 	C:\PROGRA~1\MICROS~1\Office16\GROOVEEX.DLL
0x00007ffcbc390000 - 0x00007ffcbc7fe000 	C:\Windows\SYSTEM32\msi.dll
0x00000271b9400000 - 0x00000271b9c86000 	C:\PROGRA~1\MICROS~1\Office16\1049\GrooveIntlResource.dll
0x00007ffcbd750000 - 0x00007ffcbd761000 	C:\Windows\SYSTEM32\AcSignIcon.dll
0x00007ffcbbda0000 - 0x00007ffcbc30c000 	C:\Windows\SYSTEM32\mfc140u.dll

dbghelp: loaded successfully - version: 4.0.5 - missing functions: none
symbol engine: initialized successfully - sym options: 0x614 - pdb path: .;C:\Users\its\.jdks\liberica-17.0.7\bin;C:\Windows\SYSTEM32;C:\Windows\WinSxS\amd64_microsoft.windows.common-controls_6595b64144ccf1df_6.0.18362.1256_none_9e7e379be45e40e2;C:\Users\its\.jdks\liberica-17.0.7\bin\server;C:\Qt\6.6.0\msvc2019_64\bin;C:\Users\its\AppData\Local\Temp\QtJambi6.6.0_3492\bin;C:\Qt\6.6.0\msvc2019_64\plugins\platforms;C:\Qt\6.6.0\msvc2019_64\plugins\styles;C:\Qt\6.6.0\msvc2019_64\plugins\imageformats;C:\PROGRA~1\MICROS~1\Office16;C:\PROGRA~1\MICROS~1\Office16\1049;C:\Windows\WinSxS\amd64_microsoft.windows.gdiplus_6595b64144ccf1df_1.1.18362.1256_none_cf692a813ef0bab0;C:\Users\its\AppData\Local\Temp

VM Arguments:
jvm_args: -Djava.library.path=C:\Qt\6.6.0\msvc2019_64\bin -Dfile.encoding=windows-1251 -Duser.country=RU -Duser.language=ru -Duser.variant 
java_command: Main
java_class_path (initial): C:\Users\its\Desktop\software\UI\DBBrowser\build\classes\java\main;C:\Users\its\Desktop\software\UI\DBBrowser\build\resources\main;C:\Users\its\Desktop\software\qtjambi-native-windows-x64-6.6.0.jar;C:\Users\its\.gradle\caches\modules-2\files-2.1\io.qtjambi\qtjambi\6.6.0\122bd017d9f98685b5632c0c0a7c677df68db02e\qtjambi-6.6.0.jar;C:\Users\its\.gradle\caches\modules-2\files-2.1\org.postgresql\postgresql\42.6.0\7614cfce466145b84972781ab0079b8dea49e363\postgresql-42.6.0.jar;C:\Users\its\.gradle\caches\modules-2\files-2.1\org.xerial\sqlite-jdbc\3.42.0.0\a4c84376df810062d20c84777b84ec077b5ecdab\sqlite-jdbc-3.42.0.0.jar;C:\Users\its\.gradle\caches\modules-2\files-2.1\org.checkerframework\checker-qual\3.31.0\eeefd4af42e2f4221d145c1791582f91868f99ab\checker-qual-3.31.0.jar
Launcher Type: SUN_STANDARD

[Global flags]
     intx CICompilerCount                          = 3                                         {product} {ergonomic}
     uint ConcGCThreads                            = 1                                         {product} {ergonomic}
     uint G1ConcRefinementThreads                  = 4                                         {product} {ergonomic}
   size_t G1HeapRegionSize                         = 1048576                                   {product} {ergonomic}
    uintx GCDrainStackTargetSize                   = 64                                        {product} {ergonomic}
   size_t InitialHeapSize                          = 134217728                                 {product} {ergonomic}
   size_t MarkStackSize                            = 4194304                                   {product} {ergonomic}
   size_t MaxHeapSize                              = 2118123520                                {product} {ergonomic}
   size_t MaxNewSize                               = 1270874112                                {product} {ergonomic}
   size_t MinHeapDeltaBytes                        = 1048576                                   {product} {ergonomic}
   size_t MinHeapSize                              = 8388608                                   {product} {ergonomic}
    uintx NonNMethodCodeHeapSize                   = 5832780                                {pd product} {ergonomic}
    uintx NonProfiledCodeHeapSize                  = 122912730                              {pd product} {ergonomic}
    uintx ProfiledCodeHeapSize                     = 122912730                              {pd product} {ergonomic}
    uintx ReservedCodeCacheSize                    = 251658240                              {pd product} {ergonomic}
     bool SegmentedCodeCache                       = true                                      {product} {ergonomic}
   size_t SoftMaxHeapSize                          = 2118123520                             {manageable} {ergonomic}
     bool UseCompressedClassPointers               = true                           {product lp64_product} {ergonomic}
     bool UseCompressedOops                        = true                           {product lp64_product} {ergonomic}
     bool UseG1GC                                  = true                                      {product} {ergonomic}
     bool UseLargePagesIndividualAllocation        = false                                  {pd product} {ergonomic}

Logging:
Log output configuration:
 #0: stdout all=warning uptime,level,tags
 #1: stderr all=off uptime,level,tags

Environment Variables:
JAVA_HOME=C:\Users\its\.jdks\corretto-1.8.0_382
PATH=C:\Qt\6.6.0\msvc2019_64\bin;C:\Users\its\AppData\Local\Temp\QtJambi6.6.0_3492\bin;C:\Program Files\Common Files\Oracle\Java\javapath;C:\Program Files (x86)\Common Files\Oracle\Java\javapath;C:\Python311\Scripts\;C:\Python311\;C:\Windows\system32;C:\Windows;C:\Windows\System32\Wbem;C:\Windows\System32\WindowsPowerShell\v1.0\;C:\Windows\System32\OpenSSH\;C:\ProgramData\chocolatey\bin;C:\Program Files\Git\cmd;C:\Program Files\PuTTY\;C:\Program Files\nodejs\;C:\HaxeToolkit\haxe;C:\HaxeToolkit\neko;C:\Users\its\AppData\Roaming\local\bin;C:\Users\its\AppData\Local\Microsoft\WindowsApps;C:\Users\its\AppData\Local\Programs\Microsoft VS Code\bin;C:\Users\its\AppData\Roaming\cabal\bin;C:\tools\ghc-9.2.1\bin;C:\tools\msys64;C:\Program Files\JetBrains\IntelliJ IDEA Community Edition 2022.2.1\bin;;C:\Users\its\.jdks\corretto-16.0.2\bin;C:\Program Files\swipl\bin;C:\Strawberry\c\bin\spin;C:\Strawberry\c\bin\;C:\ActiveTcl\bin\;C:\Program Files\JetBrains\WebStorm 2022.3.3\bin;C:\Users\its\AppData\Roaming\npm;C:\Program Files\Java\jdk-17\bin
USERNAME=its
OS=Windows_NT
PROCESSOR_IDENTIFIER=Intel64 Family 6 Model 58 Stepping 9, GenuineIntel
TMP=C:\Users\its\AppData\Local\Temp
TEMP=C:\Users\its\AppData\Local\Temp



---------------  S Y S T E M  ---------------

OS:
 Windows 10 , 64 bit Build 18362 (10.0.18362.1110)
OS uptime: 0 days 4:09 hours

CPU: total 4 (initial active 4) (2 cores per cpu, 2 threads per core) family 6 model 58 stepping 9 microcode 0x20, cx8, cmov, fxsr, ht, mmx, sse, sse2, sse3, ssse3, sse4.1, sse4.2, popcnt, tsc, tscinvbit, avx, aes, erms, clmul, vzeroupper, clflush

Memory: 4k page, system-wide physical 8077M (1176M free)
TotalPageFile size 9741M (AvailPageFile size 2202M)
current process WorkingSet (physical memory assigned to process): 150M, peak: 153M
current process commit charge ("private bytes"): 251M, peak: 254M

vm_info: OpenJDK 64-Bit Server VM (17.0.7+7-LTS) for windows-amd64 JRE (17.0.7+7-LTS), built on Apr 18 2023 18:44:51 by "" with MS VC++ 15.9 (VS2017)

END.
