#
# A fatal error has been detected by the Java Runtime Environment:
#
#  EXCEPTION_ACCESS_VIOLATION (0xc0000005) at pc=0x00007ff89c70da1e, pid=6516, tid=3636
#
# JRE version: OpenJDK Runtime Environment (17.0.7+7) (build 17.0.7+7-LTS)
# Java VM: OpenJDK 64-Bit Server VM (17.0.7+7-LTS, mixed mode, sharing, tiered, compressed oops, compressed class ptrs, g1 gc, windows-amd64)
# Problematic frame:
# C  [Qt6Core.dll+0x9da1e]
#
# No core dump will be written. Minidumps are not enabled by default on client versions of Windows
#
# If you would like to submit a bug report, please visit:
#   https://bell-sw.com/support
# The crash happened outside the Java Virtual Machine in native code.
# See problematic frame for where to report the bug.
#

---------------  S U M M A R Y ------------

Command Line: -Djava.library.path=C:\Qt\6.6.0\msvc2019_64\bin -Dfile.encoding=windows-1251 -Duser.country=RU -Duser.language=ru -Duser.variant Main

Host: Intel(R) Core(TM) i5-3317U CPU @ 1.70GHz, 4 cores, 7G,  Windows 10 , 64 bit Build 18362 (10.0.18362.1110)
Time: Sun Dec 24 15:51:34 2023 Новосибирское стандартное время elapsed time: 21.099650 seconds (0d 0h 0m 21s)

---------------  T H R E A D  ---------------

Current thread (0x000001e157c765e0):  JavaThread "main" [_thread_in_native, id=3636, stack(0x0000000a61d00000,0x0000000a61e00000)]

Stack: [0x0000000a61d00000,0x0000000a61e00000],  sp=0x0000000a61dfdd30,  free space=1015k
Native frames: (J=compiled Java code, j=interpreted, Vv=VM code, C=native code)
C  [Qt6Core.dll+0x9da1e]

Java frames: (J=compiled Java code, j=interpreted, Vv=VM code)
j  io.qt.core.QCoreApplication.sendPostedEvents_native_QObject_ptr_int(JI)V+0
j  io.qt.core.QCoreApplication.sendPostedEvents(Lio/qt/core/QObject;I)V+10
j  io.qt.core.QCoreApplication.shutdown()V+498
j  io.qt.widgets.QApplication.shutdown()V+0
j  Main.main([Ljava/lang/String;)V+31
v  ~StubRoutines::call_stub

siginfo: EXCEPTION_ACCESS_VIOLATION (0xc0000005), reading address 0xffffffffffffffff


Register to memory mapping:

RIP=0x00007ff89c70da1e Qt6Core.dll
RAX=0x0000b18d185e09ef is an unknown value
RBX=0x800023e19d74dc34 is an unknown value
RCX=0x000001e17e1230a0 points into unknown readable memory: 0x00007ff89ca1e9b0 | b0 e9 a1 9c f8 7f 00 00
RDX=0x0 is NULL
RSP=0x0000000a61dfdd30 is pointing into the stack for thread: 0x000001e157c765e0
RBP=0x0000000a61dfde30 is pointing into the stack for thread: 0x000001e157c765e0
RSI=0x000001e178e50d40 points into unknown readable memory: 0x00007ff89ca2d390 | 90 d3 a2 9c f8 7f 00 00
RDI=0x800023e19d74dbdc is an unknown value
R8 =0x0000000000000080 is an unknown value
R9 =0x000001e17df87e48 points into unknown readable memory: 0xffffffffffffffff | ff ff ff ff ff ff ff ff
R10=0x0 is NULL
R11=0x0000000000000010 is an unknown value
R12=0x000001e17e1230a0 points into unknown readable memory: 0x00007ff89ca1e9b0 | b0 e9 a1 9c f8 7f 00 00
R13=0x0 is NULL
R14=0x000001e178e2b0f0 points into unknown readable memory: 0x0000000000000000 | 00 00 00 00 00 00 00 00
R15=0x0000000000000001 is an unknown value


Registers:
RAX=0x0000b18d185e09ef, RBX=0x800023e19d74dc34, RCX=0x000001e17e1230a0, RDX=0x0000000000000000
RSP=0x0000000a61dfdd30, RBP=0x0000000a61dfde30, RSI=0x000001e178e50d40, RDI=0x800023e19d74dbdc
R8 =0x0000000000000080, R9 =0x000001e17df87e48, R10=0x0000000000000000, R11=0x0000000000000010
R12=0x000001e17e1230a0, R13=0x0000000000000000, R14=0x000001e178e2b0f0, R15=0x0000000000000001
RIP=0x00007ff89c70da1e, EFLAGS=0x0000000000010282

Top of Stack: (sp=0x0000000a61dfdd30)
0x0000000a61dfdd30:   00007ff8ecd79468 00007ff8a5a9754d
0x0000000a61dfdd40:   0000000a61dfede0 0000000a00000002
0x0000000a61dfdd50:   0000000a61dfde40 0000000a61dfe3e0
0x0000000a61dfdd60:   0000000a61dfed20 0000000a61dfe550
0x0000000a61dfdd70:   0000000000000000 000001e100000000
0x0000000a61dfdd80:   0000000a00000003 0000000000000000
0x0000000a61dfdd90:   0000000000000000 000001e17e1230a0
0x0000000a61dfdda0:   00007ff8ecd79400 0000000a61dfed20
0x0000000a61dfddb0:   0000000a61dfede0 0000000000000000
0x0000000a61dfddc0:   0000000a61dfde00 00007ff8ef08184f
0x0000000a61dfddd0:   0000000000000000 0000000a61dfe340
0x0000000a61dfdde0:   0000b18d185e0d1f 0000000000000000
0x0000000a61dfddf0:   000001e178c5ee50 00007ff89c71461c
0x0000000a61dfde00:   0000000a61dfe810 000001e178c5ee50
0x0000000a61dfde10:   0000000000000000 0000000a61dfe810
0x0000000a61dfde20:   0000000000000000 00007ff8831a11b3 

Instructions: (pc=0x00007ff89c70da1e)
0x00007ff89c70d91e:   48 8b 4b 08 48 85 c9 74 0f 48 8b 11 48 8b 02 41
0x00007ff89c70d92e:   8b d6 ff 15 c2 b3 2f 00 48 89 6b 08 48 8b 5c 24
0x00007ff89c70d93e:   48 49 8b c6 4c 8b 74 24 20 f0 48 0f b1 2f 48 8b
0x00007ff89c70d94e:   6c 24 50 74 08 48 8b cf e8 45 c9 18 00 48 8b 7c
0x00007ff89c70d95e:   24 28 48 83 c4 30 5e c3 cc cc cc cc cc cc cc cc
0x00007ff89c70d96e:   cc cc 48 89 5c 24 10 48 89 74 24 18 48 89 7c 24
0x00007ff89c70d97e:   20 55 41 54 41 55 41 56 41 57 48 8d ac 24 40 f8
0x00007ff89c70d98e:   ff ff 48 81 ec c0 08 00 00 48 8b 05 8a 4e 4e 00
0x00007ff89c70d99e:   48 33 c4 48 89 85 b0 07 00 00 89 54 24 48 4c 8b
0x00007ff89c70d9ae:   e1 48 89 4c 24 68 45 33 ed 4c 89 6d 88 44 88 6d
0x00007ff89c70d9be:   90 48 85 c9 75 40 b1 01 e8 85 ac 18 00 48 89 45
0x00007ff89c70d9ce:   80 48 8d 58 58 48 8b 03 45 8d 7c 24 01 48 85 c0
0x00007ff89c70d9de:   75 07 f0 4c 0f b1 3b 74 08 48 8b cb e8 81 c4 18
0x00007ff89c70d9ee:   00 48 8b 45 80 48 89 44 24 28 48 89 5c 24 30 44
0x00007ff89c70d9fe:   88 7c 24 38 eb 6e 48 8b 71 08 41 bf 01 00 00 00
0x00007ff89c70da0e:   66 90 48 8b 7e 58 90 48 85 ff 74 4a 48 8d 5f 58
0x00007ff89c70da1e:   48 8b 03 48 85 c0 75 07 f0 4c 0f b1 3b 74 08 48
0x00007ff89c70da2e:   8b cb e8 3b c4 18 00 48 8b 46 58 90 48 3b f8 74
0x00007ff89c70da3e:   14 49 8b c7 f0 4c 0f b1 2b 74 c7 48 8b cb e8 4f
0x00007ff89c70da4e:   c8 18 00 eb bd 48 89 7c 24 28 48 89 5c 24 30 44
0x00007ff89c70da5e:   88 7c 24 38 eb 0e 0f 57 c0 f3 0f 7f 44 24 28 c6
0x00007ff89c70da6e:   44 24 38 00 4d 85 e4 74 1d 49 8b 44 24 08 8b 40
0x00007ff89c70da7e:   34 90 85 c0 75 10 44 0f b6 74 24 38 48 8b 74 24
0x00007ff89c70da8e:   30 e9 5a 03 00 00 66 0f 6f 05 c4 65 31 00 f3 0f
0x00007ff89c70da9e:   7f 45 98 48 8d 45 b0 48 89 45 a8 48 8b 44 24 28
0x00007ff89c70daae:   4c 8b 40 38 4c 89 44 24 50 4d 8b f5 4c 89 6c 24
0x00007ff89c70dabe:   58 4d 85 c0 0f 8e 24 02 00 00 48 83 c0 30 48 89
0x00007ff89c70dace:   44 24 20 45 33 ff 4c 89 7c 24 60 33 c9 48 89 4c
0x00007ff89c70dade:   24 40 48 8b 30 49 03 f7 4d 85 e4 74 09 4c 39 26
0x00007ff89c70daee:   0f 85 30 01 00 00 48 8b 46 08 48 85 c0 0f 84 23
0x00007ff89c70dafe:   01 00 00 8b 54 24 48 85 d2 74 0c 0f b7 40 08 3b
0x00007ff89c70db0e:   c2 0f 85 0f 01 00 00 48 8b 06 48 8b 48 08 b8 ff 


Stack slot to memory mapping:
stack at sp + 0 slots: 0x00007ff8ecd79468 KERNELBASE.dll
stack at sp + 1 slots: 0x00007ff8a5a9754d jvm.dll
stack at sp + 2 slots: 0x0000000a61dfede0 is pointing into the stack for thread: 0x000001e157c765e0
stack at sp + 3 slots: 0x0000000a00000002 is an unknown value
stack at sp + 4 slots: 0x0000000a61dfde40 is pointing into the stack for thread: 0x000001e157c765e0
stack at sp + 5 slots: 0x0000000a61dfe3e0 is pointing into the stack for thread: 0x000001e157c765e0
stack at sp + 6 slots: 0x0000000a61dfed20 is pointing into the stack for thread: 0x000001e157c765e0
stack at sp + 7 slots: 0x0000000a61dfe550 is pointing into the stack for thread: 0x000001e157c765e0


---------------  P R O C E S S  ---------------

Threads class SMR info:
_java_thread_list=0x000001e17e265ad0, length=13, elements={
0x000001e157c765e0, 0x000001e178a3b840, 0x000001e178a3c6b0, 0x000001e178a4f0b0,
0x000001e178a51080, 0x000001e178a56480, 0x000001e178a58160, 0x000001e178a88910,
0x000001e178a95b20, 0x000001e178a9b770, 0x000001e178a577c0, 0x000001e178a59970,
0x000001e178a55fb0
}

Java Threads: ( => current thread )
=>0x000001e157c765e0 JavaThread "main" [_thread_in_native, id=3636, stack(0x0000000a61d00000,0x0000000a61e00000)]
  0x000001e178a3b840 JavaThread "Reference Handler" daemon [_thread_blocked, id=6356, stack(0x0000000a62400000,0x0000000a62500000)]
  0x000001e178a3c6b0 JavaThread "Finalizer" daemon [_thread_blocked, id=2872, stack(0x0000000a62500000,0x0000000a62600000)]
  0x000001e178a4f0b0 JavaThread "Signal Dispatcher" daemon [_thread_blocked, id=8528, stack(0x0000000a62600000,0x0000000a62700000)]
  0x000001e178a51080 JavaThread "Attach Listener" daemon [_thread_blocked, id=6596, stack(0x0000000a62700000,0x0000000a62800000)]
  0x000001e178a56480 JavaThread "Service Thread" daemon [_thread_blocked, id=1180, stack(0x0000000a62800000,0x0000000a62900000)]
  0x000001e178a58160 JavaThread "Monitor Deflation Thread" daemon [_thread_blocked, id=1316, stack(0x0000000a62900000,0x0000000a62a00000)]
  0x000001e178a88910 JavaThread "C2 CompilerThread0" daemon [_thread_blocked, id=3700, stack(0x0000000a62a00000,0x0000000a62b00000)]
  0x000001e178a95b20 JavaThread "C1 CompilerThread0" daemon [_thread_blocked, id=5900, stack(0x0000000a62b00000,0x0000000a62c00000)]
  0x000001e178a9b770 JavaThread "Sweeper thread" daemon [_thread_blocked, id=3260, stack(0x0000000a62c00000,0x0000000a62d00000)]
  0x000001e178a577c0 JavaThread "Notification Thread" daemon [_thread_blocked, id=5496, stack(0x0000000a62d00000,0x0000000a62e00000)]
  0x000001e178a59970 JavaThread "Common-Cleaner" daemon [_thread_blocked, id=1016, stack(0x0000000a62f00000,0x0000000a63000000)]
  0x000001e178a55fb0 JavaThread "QtJambiCleanupThread" daemon [_thread_blocked, id=4760, stack(0x0000000a63000000,0x0000000a63100000)]

Other Threads:
  0x000001e178a355f0 VMThread "VM Thread" [stack: 0x0000000a62300000,0x0000000a62400000] [id=7004]
  0x000001e178cecae0 WatcherThread [stack: 0x0000000a62e00000,0x0000000a62f00000] [id=6564]
  0x000001e157cd0af0 GCTaskThread "GC Thread#0" [stack: 0x0000000a61e00000,0x0000000a61f00000] [id=8716]
  0x000001e17d40e170 GCTaskThread "GC Thread#1" [stack: 0x0000000a63100000,0x0000000a63200000] [id=9152]
  0x000001e17d40e420 GCTaskThread "GC Thread#2" [stack: 0x0000000a63200000,0x0000000a63300000] [id=2944]
  0x000001e17d464af0 GCTaskThread "GC Thread#3" [stack: 0x0000000a63300000,0x0000000a63400000] [id=8856]
  0x000001e157ce16b0 ConcurrentGCThread "G1 Main Marker" [stack: 0x0000000a61f00000,0x0000000a62000000] [id=7232]
  0x000001e157ce2900 ConcurrentGCThread "G1 Conc#0" [stack: 0x0000000a62000000,0x0000000a62100000] [id=4820]
  0x000001e157d3cd90 ConcurrentGCThread "G1 Refine#0" [stack: 0x0000000a62100000,0x0000000a62200000] [id=7332]
  0x000001e157d3d7b0 ConcurrentGCThread "G1 Service" [stack: 0x0000000a62200000,0x0000000a62300000] [id=4780]

Threads with active compile tasks:

VM state: not at safepoint (normal execution)

VM Mutex/Monitor currently owned by a thread: None

Heap address: 0x0000000081c00000, size: 2020 MB, Compressed Oops mode: 32-bit

CDS archive(s) mapped at: [0x0000000800000000-0x0000000800bd0000-0x0000000800bd0000), size 12386304, SharedBaseAddress: 0x0000000800000000, ArchiveRelocationMode: 0.
Compressed class space mapped at: 0x0000000801000000-0x0000000841000000, reserved size: 1073741824
Narrow klass base: 0x0000000800000000, Narrow klass shift: 0, Narrow klass range: 0x100000000

GC Precious Log:
 CPUs: 4 total, 4 available
 Memory: 8077M
 Large Page Support: Disabled
 NUMA Support: Disabled
 Compressed Oops: Enabled (32-bit)
 Heap Region Size: 1M
 Heap Min Capacity: 8M
 Heap Initial Capacity: 128M
 Heap Max Capacity: 2020M
 Pre-touch: Disabled
 Parallel Workers: 4
 Concurrent Workers: 1
 Concurrent Refinement Workers: 4
 Periodic GC: Disabled

Heap:
 garbage-first heap   total 20480K, used 4986K [0x0000000081c00000, 0x0000000100000000)
  region size 1024K, 1 young (1024K), 0 survivors (0K)
 Metaspace       used 12951K, committed 13248K, reserved 1114112K
  class space    used 1114K, committed 1280K, reserved 1048576K

Heap Regions: E=young(eden), S=young(survivor), O=old, HS=humongous(starts), HC=humongous(continues), CS=collection set, F=free, OA=open archive, CA=closed archive, TAMS=top-at-mark-start (previous, next)
|   0|0x0000000081c00000, 0x0000000081d00000, 0x0000000081d00000|100%| O|  |TAMS 0x0000000081d00000, 0x0000000081c00000| Untracked 
|   1|0x0000000081d00000, 0x0000000081dffff8, 0x0000000081e00000| 99%| O|  |TAMS 0x0000000081dffff8, 0x0000000081d00000| Untracked 
|   2|0x0000000081e00000, 0x0000000081efedf8, 0x0000000081f00000| 99%| O|  |TAMS 0x0000000081efedf8, 0x0000000081e00000| Untracked 
|   3|0x0000000081f00000, 0x0000000081fffff0, 0x0000000082000000| 99%| O|  |TAMS 0x0000000081f00000, 0x0000000081f00000| Untracked 
|   4|0x0000000082000000, 0x00000000820db088, 0x0000000082100000| 85%| O|  |TAMS 0x0000000082000000, 0x0000000082000000| Untracked 
|   5|0x0000000082100000, 0x0000000082100000, 0x0000000082200000|  0%| F|  |TAMS 0x0000000082100000, 0x0000000082100000| Untracked 
|   6|0x0000000082200000, 0x0000000082200000, 0x0000000082300000|  0%| F|  |TAMS 0x0000000082200000, 0x0000000082200000| Untracked 
|   7|0x0000000082300000, 0x0000000082300000, 0x0000000082400000|  0%| F|  |TAMS 0x0000000082300000, 0x0000000082300000| Untracked 
|   8|0x0000000082400000, 0x0000000082400000, 0x0000000082500000|  0%| F|  |TAMS 0x0000000082400000, 0x0000000082400000| Untracked 
|   9|0x0000000082500000, 0x0000000082500000, 0x0000000082600000|  0%| F|  |TAMS 0x0000000082500000, 0x0000000082500000| Untracked 
|  10|0x0000000082600000, 0x0000000082600000, 0x0000000082700000|  0%| F|  |TAMS 0x0000000082600000, 0x0000000082600000| Untracked 
|  11|0x0000000082700000, 0x0000000082700000, 0x0000000082800000|  0%| F|  |TAMS 0x0000000082700000, 0x0000000082700000| Untracked 
|  12|0x0000000082800000, 0x0000000082800000, 0x0000000082900000|  0%| F|  |TAMS 0x0000000082800000, 0x0000000082800000| Untracked 
|  13|0x0000000082900000, 0x0000000082900000, 0x0000000082a00000|  0%| F|  |TAMS 0x0000000082900000, 0x0000000082900000| Untracked 
|  14|0x0000000082a00000, 0x0000000082a00000, 0x0000000082b00000|  0%| F|  |TAMS 0x0000000082a00000, 0x0000000082a00000| Untracked 
|  15|0x0000000082b00000, 0x0000000082b00000, 0x0000000082c00000|  0%| F|  |TAMS 0x0000000082b00000, 0x0000000082b00000| Untracked 
|  16|0x0000000082c00000, 0x0000000082c00000, 0x0000000082d00000|  0%| F|  |TAMS 0x0000000082c00000, 0x0000000082c00000| Untracked 
|  17|0x0000000082d00000, 0x0000000082d00000, 0x0000000082e00000|  0%| F|  |TAMS 0x0000000082d00000, 0x0000000082d00000| Untracked 
|  18|0x0000000082e00000, 0x0000000082e28f70, 0x0000000082f00000| 16%| E|  |TAMS 0x0000000082e00000, 0x0000000082e00000| Complete 
| 108|0x0000000088800000, 0x0000000088804c10, 0x0000000088900000|  1%| O|  |TAMS 0x0000000088800000, 0x0000000088800000| Untracked 

Card table byte_map: [0x000001e171d00000,0x000001e172100000] _byte_map_base: 0x000001e1718f2000

Marking Bits (Prev, Next): (CMBitMap*) 0x000001e157cd1100, (CMBitMap*) 0x000001e157cd1140
 Prev Bits: [0x000001e172500000, 0x000001e174490000)
 Next Bits: [0x000001e174490000, 0x000001e176420000)

Polling page: 0x000001e157d40000

Metaspace:

Usage:
  Non-class:     11.56 MB used.
      Class:      1.09 MB used.
       Both:     12.65 MB used.

Virtual space:
  Non-class space:       64.00 MB reserved,      11.69 MB ( 18%) committed,  1 nodes.
      Class space:        1.00 GB reserved,       1.25 MB ( <1%) committed,  1 nodes.
             Both:        1.06 GB reserved,      12.94 MB (  1%) committed. 

Chunk freelists:
   Non-Class:  3.72 MB
       Class:  14.79 MB
        Both:  18.51 MB

MaxMetaspaceSize: unlimited
CompressedClassSpaceSize: 1.00 GB
Initial GC threshold: 21.00 MB
Current GC threshold: 21.50 MB
CDS: on
MetaspaceReclaimPolicy: balanced
 - commit_granule_bytes: 65536.
 - commit_granule_words: 8192.
 - virtual_space_node_default_size: 8388608.
 - enlarge_chunks_in_place: 1.
 - new_chunks_are_fully_committed: 0.
 - uncommit_free_chunks: 1.
 - use_allocation_guard: 0.
 - handle_deallocations: 1.


Internal statistics:

num_allocs_failed_limit: 0.
num_arena_births: 212.
num_arena_deaths: 0.
num_vsnodes_births: 2.
num_vsnodes_deaths: 0.
num_space_committed: 207.
num_space_uncommitted: 0.
num_chunks_returned_to_freelist: 0.
num_chunks_taken_from_freelist: 586.
num_chunk_merges: 0.
num_chunk_splits: 399.
num_chunks_enlarged: 281.
num_inconsistent_stats: 0.

CodeHeap 'non-profiled nmethods': size=120000Kb used=610Kb max_used=610Kb free=119389Kb
 bounds [0x000001e169db0000, 0x000001e16a020000, 0x000001e1712e0000]
CodeHeap 'profiled nmethods': size=120000Kb used=3419Kb max_used=3419Kb free=116580Kb
 bounds [0x000001e1622e0000, 0x000001e162640000, 0x000001e169810000]
CodeHeap 'non-nmethods': size=5760Kb used=1228Kb max_used=1246Kb free=4531Kb
 bounds [0x000001e169810000, 0x000001e169a80000, 0x000001e169db0000]
 total_blobs=2385 nmethods=1845 adapters=453
 compilation: enabled
              stopped_count=0, restarted_count=0
 full_count=0

Compilation events (20 events):
Event: 21.027 Thread 0x000001e178a95b20 1835   !   3       io.qt.QtUtilities::initializePackage (382 bytes)
Event: 21.033 Thread 0x000001e178a95b20 nmethod 1835 0x000001e162628e90 code [0x000001e162629520, 0x000001e16262d058]
Event: 21.033 Thread 0x000001e178a95b20 1836       3       sun.reflect.annotation.TypeAnnotation$LocationInfo::pushLocation (59 bytes)
Event: 21.034 Thread 0x000001e178a95b20 nmethod 1836 0x000001e16262ea10 code [0x000001e16262ec00, 0x000001e16262f2e8]
Event: 21.034 Thread 0x000001e178a95b20 1837       3       java.lang.reflect.Field::getGenericType (20 bytes)
Event: 21.036 Thread 0x000001e178a95b20 nmethod 1837 0x000001e16262f510 code [0x000001e16262f800, 0x000001e162630cc8]
Event: 21.036 Thread 0x000001e178a95b20 1838   !   3       java.util.concurrent.ConcurrentHashMap::replaceNode (437 bytes)
Event: 21.039 Thread 0x000001e178a95b20 nmethod 1838 0x000001e162631310 code [0x000001e162631660, 0x000001e162632f58]
Event: 21.039 Thread 0x000001e178a95b20 1839       3       jdk.internal.org.objectweb.asm.ClassWriter::<init> (7 bytes)
Event: 21.039 Thread 0x000001e178a95b20 nmethod 1839 0x000001e162633c90 code [0x000001e162633e40, 0x000001e162633f88]
Event: 21.039 Thread 0x000001e178a95b20 1840       3       jdk.internal.org.objectweb.asm.ClassWriter::<init> (68 bytes)
Event: 21.040 Thread 0x000001e178a95b20 nmethod 1840 0x000001e162634010 code [0x000001e1626341e0, 0x000001e162634688]
Event: 21.063 Thread 0x000001e178a95b20 1841       3       java.util.HashMap::remove (26 bytes)
Event: 21.064 Thread 0x000001e178a95b20 nmethod 1841 0x000001e162634810 code [0x000001e1626349e0, 0x000001e162634d58]
Event: 21.065 Thread 0x000001e178a95b20 1842  s    3       io.qt.internal.NativeUtility$NativeLink::hashCode (26 bytes)
Event: 21.066 Thread 0x000001e178a95b20 nmethod 1842 0x000001e162634e90 code [0x000001e162635020, 0x000001e1626351f8]
Event: 21.066 Thread 0x000001e178a95b20 1843       3       java.util.HashMap::removeNode (291 bytes)
Event: 21.068 Thread 0x000001e178a95b20 nmethod 1843 0x000001e162635290 code [0x000001e162635520, 0x000001e162636858]
Event: 21.076 Thread 0x000001e178a88910 1844       4       java.lang.Thread::interrupted (23 bytes)
Event: 21.076 Thread 0x000001e178a88910 nmethod 1844 0x000001e169e48390 code [0x000001e169e48500, 0x000001e169e48578]

GC Heap History (8 events):
Event: 1.305 GC heap before
{Heap before GC invocations=0 (full 0):
 garbage-first heap   total 131072K, used 12288K [0x0000000081c00000, 0x0000000100000000)
  region size 1024K, 13 young (13312K), 0 survivors (0K)
 Metaspace       used 5313K, committed 5504K, reserved 1114112K
  class space    used 500K, committed 576K, reserved 1048576K
}
Event: 1.309 GC heap after
{Heap after GC invocations=1 (full 0):
 garbage-first heap   total 131072K, used 1904K [0x0000000081c00000, 0x0000000100000000)
  region size 1024K, 2 young (2048K), 2 survivors (2048K)
 Metaspace       used 5313K, committed 5504K, reserved 1114112K
  class space    used 500K, committed 576K, reserved 1048576K
}
Event: 8.072 GC heap before
{Heap before GC invocations=1 (full 0):
 garbage-first heap   total 131072K, used 18288K [0x0000000081c00000, 0x0000000100000000)
  region size 1024K, 19 young (19456K), 2 survivors (2048K)
 Metaspace       used 10445K, committed 10688K, reserved 1114112K
  class space    used 850K, committed 960K, reserved 1048576K
}
Event: 8.080 GC heap after
{Heap after GC invocations=2 (full 0):
 garbage-first heap   total 131072K, used 3513K [0x0000000081c00000, 0x0000000100000000)
  region size 1024K, 2 young (2048K), 2 survivors (2048K)
 Metaspace       used 10445K, committed 10688K, reserved 1114112K
  class space    used 850K, committed 960K, reserved 1048576K
}
Event: 20.977 GC heap before
{Heap before GC invocations=2 (full 0):
 garbage-first heap   total 131072K, used 15801K [0x0000000081c00000, 0x0000000100000000)
  region size 1024K, 15 young (15360K), 2 survivors (2048K)
 Metaspace       used 12870K, committed 13184K, reserved 1114112K
  class space    used 1108K, committed 1280K, reserved 1048576K
}
Event: 20.996 GC heap after
{Heap after GC invocations=3 (full 1):
 garbage-first heap   total 24576K, used 5083K [0x0000000081c00000, 0x0000000100000000)
  region size 1024K, 0 young (0K), 0 survivors (0K)
 Metaspace       used 12870K, committed 13184K, reserved 1114112K
  class space    used 1108K, committed 1280K, reserved 1048576K
}
Event: 21.040 GC heap before
{Heap before GC invocations=3 (full 1):
 garbage-first heap   total 24576K, used 5083K [0x0000000081c00000, 0x0000000100000000)
  region size 1024K, 1 young (1024K), 0 survivors (0K)
 Metaspace       used 12949K, committed 13248K, reserved 1114112K
  class space    used 1114K, committed 1280K, reserved 1048576K
}
Event: 21.062 GC heap after
{Heap after GC invocations=4 (full 2):
 garbage-first heap   total 20480K, used 4986K [0x0000000081c00000, 0x0000000100000000)
  region size 1024K, 0 young (0K), 0 survivors (0K)
 Metaspace       used 12949K, committed 13248K, reserved 1114112K
  class space    used 1114K, committed 1280K, reserved 1048576K
}

Dll operation events (16 events):
Event: 0.010 Loaded shared library C:\Users\its\.jdks\liberica-17.0.7\bin\java.dll
Event: 0.024 Loaded shared library C:\Users\its\.jdks\liberica-17.0.7\bin\jsvml.dll
Event: 0.112 Loaded shared library C:\Users\its\.jdks\liberica-17.0.7\bin\net.dll
Event: 0.115 Loaded shared library C:\Users\its\.jdks\liberica-17.0.7\bin\nio.dll
Event: 0.121 Loaded shared library C:\Users\its\.jdks\liberica-17.0.7\bin\zip.dll
Event: 0.446 Loaded shared library C:\Users\its\.jdks\liberica-17.0.7\bin\jimage.dll
Event: 0.460 Loaded shared library C:\Users\its\.jdks\liberica-17.0.7\bin\prefs.dll
Event: 0.652 Loaded shared library C:\Windows\System32\icuuc.dll
Event: 0.662 Loaded shared library C:\Qt\6.6.0\msvc2019_64\bin\Qt6Core.dll
Event: 0.834 Loaded shared library C:\Users\its\AppData\Local\Temp\QtJambi6.6.0_6516\bin\QtJambi6.dll
Event: 1.127 Loaded shared library C:\Users\its\AppData\Local\Temp\QtJambi6.6.0_6516\bin\QtJambiCore6.dll
Event: 1.347 Loaded shared library C:\Qt\6.6.0\msvc2019_64\bin\Qt6Gui.dll
Event: 1.524 Loaded shared library C:\Users\its\AppData\Local\Temp\QtJambi6.6.0_6516\bin\QtJambiGui6.dll
Event: 1.547 Loaded shared library C:\Qt\6.6.0\msvc2019_64\bin\Qt6Widgets.dll
Event: 1.756 Loaded shared library C:\Users\its\AppData\Local\Temp\QtJambi6.6.0_6516\bin\QtJambiWidgets6.dll
Event: 8.677 Loaded shared library C:\Users\its\AppData\Local\Temp\sqlite-3.42.0.0-88bd343a-0176-4c59-8d77-a28887f3bb28-sqlitejdbc.dll

Deoptimization events (20 events):
Event: 11.287 Thread 0x000001e157c765e0 Uncommon trap: trap_request=0xffffff45 fr.pc=0x000001e169ddc928 relative=0x0000000000000128
Event: 11.287 Thread 0x000001e157c765e0 Uncommon trap: reason=unstable_if action=reinterpret pc=0x000001e169ddc928 method=java.lang.StringCoding.hasNegatives([BII)Z @ 12 c2
Event: 11.287 Thread 0x000001e157c765e0 DEOPT PACKING pc=0x000001e169ddc928 sp=0x0000000a61df8ff0
Event: 11.287 Thread 0x000001e157c765e0 DEOPT UNPACKING pc=0x000001e1698669a3 sp=0x0000000a61df8f80 mode 2
Event: 14.793 Thread 0x000001e157c765e0 DEOPT PACKING pc=0x000001e1625fe4d6 sp=0x0000000a61df80e0
Event: 14.793 Thread 0x000001e157c765e0 DEOPT UNPACKING pc=0x000001e169867143 sp=0x0000000a61df7568 mode 0
Event: 14.810 Thread 0x000001e157c765e0 Uncommon trap: trap_request=0xffffff45 fr.pc=0x000001e169e43b3c relative=0x000000000000011c
Event: 14.810 Thread 0x000001e157c765e0 Uncommon trap: reason=unstable_if action=reinterpret pc=0x000001e169e43b3c method=java.util.regex.Pattern$SliceI.match(Ljava/util/regex/Matcher;ILjava/lang/CharSequence;)Z @ 18 c2
Event: 14.810 Thread 0x000001e157c765e0 DEOPT PACKING pc=0x000001e169e43b3c sp=0x0000000a61df82f0
Event: 14.810 Thread 0x000001e157c765e0 DEOPT UNPACKING pc=0x000001e1698669a3 sp=0x0000000a61df8278 mode 2
Event: 14.810 Thread 0x000001e157c765e0 Uncommon trap: trap_request=0xffffff45 fr.pc=0x000001e169def9b0 relative=0x00000000000005f0
Event: 14.810 Thread 0x000001e157c765e0 Uncommon trap: reason=unstable_if action=reinterpret pc=0x000001e169def9b0 method=java.lang.AbstractStringBuilder.append(Ljava/lang/String;)Ljava/lang/AbstractStringBuilder; @ 1 c2
Event: 14.810 Thread 0x000001e157c765e0 DEOPT PACKING pc=0x000001e169def9b0 sp=0x0000000a61df8570
Event: 14.810 Thread 0x000001e157c765e0 DEOPT UNPACKING pc=0x000001e1698669a3 sp=0x0000000a61df84f0 mode 2
Event: 17.783 Thread 0x000001e157c765e0 DEOPT PACKING pc=0x000001e1625fe4d6 sp=0x0000000a61df9080
Event: 17.783 Thread 0x000001e157c765e0 DEOPT UNPACKING pc=0x000001e169867143 sp=0x0000000a61df8508 mode 0
Event: 18.919 Thread 0x000001e157c765e0 Uncommon trap: trap_request=0xffffff45 fr.pc=0x000001e169e241d4 relative=0x0000000000000db4
Event: 18.919 Thread 0x000001e157c765e0 Uncommon trap: reason=unstable_if action=reinterpret pc=0x000001e169e241d4 method=java.util.concurrent.ConcurrentHashMap.putVal(Ljava/lang/Object;Ljava/lang/Object;Z)Ljava/lang/Object; @ 401 c2
Event: 18.919 Thread 0x000001e157c765e0 DEOPT PACKING pc=0x000001e169e241d4 sp=0x0000000a61df9060
Event: 18.919 Thread 0x000001e157c765e0 DEOPT UNPACKING pc=0x000001e1698669a3 sp=0x0000000a61df9000 mode 2

Classes unloaded (0 events):
No events

Classes redefined (0 events):
No events

Internal exceptions (20 events):
Event: 2.058 Thread 0x000001e157c765e0 Exception <a 'java/lang/NoSuchMethodError'{0x000000008930b968}: 'java.lang.Object java.lang.invoke.DirectMethodHandle$Holder.invokeInterface(java.lang.Object, java.lang.Object)'> (0x000000008930b968) 
thrown [s\src\hotspot\share\interpreter\linkResolver.cpp, line 759]
Event: 2.058 Thread 0x000001e157c765e0 Exception <a 'java/lang/IncompatibleClassChangeError'{0x000000008930eeb8}: Found class java.lang.Object, but interface was expected> (0x000000008930eeb8) 
thrown [s\src\hotspot\share\interpreter\linkResolver.cpp, line 826]
Event: 3.440 Thread 0x000001e157c765e0 Exception <a 'java/lang/NoSuchMethodError'{0x0000000088f17368}: 'java.lang.Object java.lang.invoke.DirectMethodHandle$Holder.newInvokeSpecial(java.lang.Object, java.lang.Object, java.lang.Object, java.lang.Object, java.lang.Object, java.lang.Object, java.lang.Object, java.lang.Object, java.lang.Object, java.lang.Object, java.lang.Object)'> (0x0000000088f17368) 
thrown [s\src\hotspot\share\interpreter\linkResolver.cpp, line 759]
Event: 3.441 Thread 0x000001e157c765e0 Exception <a 'java/lang/NoSuchMethodError'{0x0000000088f1c250}: 'java.lang.Object java.lang.invoke.DirectMethodHandle$Holder.invokeSpecial(java.lang.Object, java.lang.Object, java.lang.Object, java.lang.Object, java.lang.Object, java.lang.Object, java.lang.Object, java.lang.Object, java.lang.Object, java.lang.Object, java.lang.Object, java.lang.Object)'> (0x0000000088f1c250) 
thrown [s\src\hotspot\share\interpreter\linkResolver.cpp, line 759]
Event: 3.442 Thread 0x000001e157c765e0 Exception <a 'java/lang/NoSuchMethodError'{0x0000000088f208f8}: 'java.lang.Object java.lang.invoke.Invokers$Holder.linkToTargetMethod(java.lang.Object, java.lang.Object, java.lang.Object, java.lang.Object, java.lang.Object, java.lang.Object, java.lang.Object, java.lang.Object, java.lang.Object, java.lang.Object, java.lang.Object)'> (0x0000000088f208f8) 
thrown [s\src\hotspot\share\interpreter\linkResolver.cpp, line 759]
Event: 6.918 Thread 0x000001e157c765e0 Exception <a 'java/lang/NoSuchMethodError'{0x0000000088fa5958}: 'java.lang.Object java.lang.invoke.Invokers$Holder.invoke_MT(java.lang.Object, java.lang.Object, java.lang.Object)'> (0x0000000088fa5958) 
thrown [s\src\hotspot\share\interpreter\linkResolver.cpp, line 759]
Event: 7.929 Thread 0x000001e157c765e0 Exception <a 'java/lang/NoSuchMethodError'{0x0000000088c81438}: Lapp/backend/entities/DataTable;.<init>()V> (0x0000000088c81438) 
thrown [s\src\hotspot\share\prims\jni.cpp, line 1107]
Event: 7.929 Thread 0x000001e157c765e0 Exception <a 'java/lang/NoSuchMethodError'{0x0000000088c81738}: clone> (0x0000000088c81738) 
thrown [s\src\hotspot\share\prims\jni.cpp, line 1073]
Event: 8.019 Thread 0x000001e157c765e0 Exception <a 'java/lang/NoSuchMethodError'{0x0000000088a78528}: Lapp/backend/table/Table;.<init>()V> (0x0000000088a78528) 
thrown [s\src\hotspot\share\prims\jni.cpp, line 1107]
Event: 8.019 Thread 0x000001e157c765e0 Exception <a 'java/lang/NoSuchMethodError'{0x0000000088a78860}: Lapp/backend/table/Table;.clone()Lapp/backend/table/Table;> (0x0000000088a78860) 
thrown [s\src\hotspot\share\prims\jni.cpp, line 1107]
Event: 8.409 Thread 0x000001e157c765e0 Exception <a 'java/lang/NoSuchMethodError'{0x000000008947c410}: 'java.lang.Object java.lang.invoke.DirectMethodHandle$Holder.invokeStaticInit(java.lang.Object, int, int, int, int)'> (0x000000008947c410) 
thrown [s\src\hotspot\share\interpreter\linkResolver.cpp, line 759]
Event: 8.489 Thread 0x000001e157c765e0 Exception <a 'java/lang/NoSuchMethodError'{0x00000000893048a0}: 'java.lang.Object java.lang.invoke.DirectMethodHandle$Holder.invokeStaticInit(java.lang.Object, java.lang.Object, int, int, int, int)'> (0x00000000893048a0) 
thrown [s\src\hotspot\share\interpreter\linkResolver.cpp, line 759]
Event: 8.501 Thread 0x000001e157c765e0 Exception <a 'sun/nio/fs/WindowsException'{0x00000000893150f0}> (0x00000000893150f0) 
thrown [s\src\hotspot\share\prims\jni.cpp, line 516]
Event: 8.501 Thread 0x000001e157c765e0 Exception <a 'sun/nio/fs/WindowsException'{0x0000000089315490}> (0x0000000089315490) 
thrown [s\src\hotspot\share\prims\jni.cpp, line 516]
Event: 8.508 Thread 0x000001e157c765e0 Exception <a 'sun/nio/fs/WindowsException'{0x0000000089316010}> (0x0000000089316010) 
thrown [s\src\hotspot\share\prims\jni.cpp, line 516]
Event: 8.714 Thread 0x000001e157c765e0 Exception <a 'java/lang/NoSuchMethodError'{0x00000000893c4328}: 'void java.lang.invoke.Invokers$Holder.invoke_MT(java.lang.Object, java.lang.Object, java.lang.Object, java.lang.Object)'> (0x00000000893c4328) 
thrown [s\src\hotspot\share\interpreter\linkResolver.cpp, line 759]
Event: 8.742 Thread 0x000001e157c765e0 Exception <a 'java/lang/NoSuchMethodError'{0x00000000892448e0}: 'java.lang.Object java.lang.invoke.DirectMethodHandle$Holder.invokeSpecial(java.lang.Object, java.lang.Object, int, java.lang.Object, long)'> (0x00000000892448e0) 
thrown [s\src\hotspot\share\interpreter\linkResolver.cpp, line 759]
Event: 8.744 Thread 0x000001e157c765e0 Exception <a 'java/lang/NoSuchMethodError'{0x000000008924b220}: 'java.lang.Object java.lang.invoke.DirectMethodHandle$Holder.newInvokeSpecial(java.lang.Object, java.lang.Object, int)'> (0x000000008924b220) 
thrown [s\src\hotspot\share\interpreter\linkResolver.cpp, line 759]
Event: 11.302 Thread 0x000001e157c765e0 Exception <a 'java/lang/NoSuchMethodError'{0x00000000891ae0f0}: 'java.lang.Object java.lang.invoke.DirectMethodHandle$Holder.invokeSpecial(java.lang.Object, java.lang.Object, int, long)'> (0x00000000891ae0f0) 
thrown [s\src\hotspot\share\interpreter\linkResolver.cpp, line 759]
Event: 14.810 Thread 0x000001e157c765e0 Implicit null exception at 0x000001e169def3f2 to 0x000001e169def99c

VM Operations (20 events):
Event: 8.338 Executing VM operation: HandshakeAllThreads
Event: 8.338 Executing VM operation: HandshakeAllThreads done
Event: 8.386 Executing VM operation: HandshakeAllThreads
Event: 8.386 Executing VM operation: HandshakeAllThreads done
Event: 8.391 Executing VM operation: HandshakeAllThreads
Event: 8.391 Executing VM operation: HandshakeAllThreads done
Event: 8.426 Executing VM operation: HandshakeAllThreads
Event: 8.426 Executing VM operation: HandshakeAllThreads done
Event: 9.426 Executing VM operation: Cleanup
Event: 9.426 Executing VM operation: Cleanup done
Event: 11.427 Executing VM operation: Cleanup
Event: 11.427 Executing VM operation: Cleanup done
Event: 15.429 Executing VM operation: Cleanup
Event: 15.429 Executing VM operation: Cleanup done
Event: 18.430 Executing VM operation: Cleanup
Event: 18.430 Executing VM operation: Cleanup done
Event: 20.977 Executing VM operation: G1CollectFull
Event: 20.996 Executing VM operation: G1CollectFull done
Event: 21.040 Executing VM operation: G1CollectFull
Event: 21.062 Executing VM operation: G1CollectFull done

Events (20 events):
Event: 8.749 loading class java/util/stream/Node$OfInt
Event: 8.749 loading class java/util/stream/Node$OfPrimitive
Event: 8.749 loading class java/util/stream/Node$OfPrimitive done
Event: 8.749 loading class java/util/stream/Node$OfInt done
Event: 8.749 loading class java/util/stream/Nodes$EmptyNode$OfInt done
Event: 8.749 loading class java/util/stream/Nodes$EmptyNode$OfLong
Event: 8.749 loading class java/util/stream/Node$OfLong
Event: 8.749 loading class java/util/stream/Node$OfLong done
Event: 8.749 loading class java/util/stream/Nodes$EmptyNode$OfLong done
Event: 8.749 loading class java/util/stream/Nodes$EmptyNode$OfDouble
Event: 8.750 loading class java/util/stream/Node$OfDouble
Event: 8.750 loading class java/util/stream/Node$OfDouble done
Event: 8.750 loading class java/util/stream/Nodes$EmptyNode$OfDouble done
Event: 8.750 loading class java/util/stream/Nodes$FixedNodeBuilder
Event: 8.750 loading class java/util/stream/Node$Builder
Event: 8.750 loading class java/util/stream/Node$Builder done
Event: 8.750 loading class java/util/stream/Nodes$ArrayNode
Event: 8.750 loading class java/util/stream/Nodes$ArrayNode done
Event: 8.750 loading class java/util/stream/Nodes$FixedNodeBuilder done
Event: 11.280 Thread 0x000001e17d596050 Thread exited: 0x000001e17d596050


Dynamic libraries:
0x00007ff7545d0000 - 0x00007ff7545dd000 	C:\Users\its\.jdks\liberica-17.0.7\bin\java.exe
0x00007ff8eefe0000 - 0x00007ff8ef1d0000 	C:\Windows\SYSTEM32\ntdll.dll
0x00007ff8edfa0000 - 0x00007ff8ee052000 	C:\Windows\System32\KERNEL32.DLL
0x00007ff8ecb30000 - 0x00007ff8ecdd5000 	C:\Windows\System32\KERNELBASE.dll
0x00007ff8ec930000 - 0x00007ff8eca2a000 	C:\Windows\System32\ucrtbase.dll
0x00007ff8e4710000 - 0x00007ff8e4727000 	C:\Users\its\.jdks\liberica-17.0.7\bin\jli.dll
0x00007ff8e55a0000 - 0x00007ff8e55b5000 	C:\Users\its\.jdks\liberica-17.0.7\bin\VCRUNTIME140.dll
0x00007ff8ed6a0000 - 0x00007ff8ed834000 	C:\Windows\System32\USER32.dll
0x00007ff8d9b90000 - 0x00007ff8d9e14000 	C:\Windows\WinSxS\amd64_microsoft.windows.common-controls_6595b64144ccf1df_6.0.18362.1256_none_9e7e379be45e40e2\COMCTL32.dll
0x00007ff8ed260000 - 0x00007ff8ed2fe000 	C:\Windows\System32\msvcrt.dll
0x00007ff8edc00000 - 0x00007ff8edf36000 	C:\Windows\System32\combase.dll
0x00007ff8eda20000 - 0x00007ff8edb40000 	C:\Windows\System32\RPCRT4.dll
0x00007ff8ecf60000 - 0x00007ff8ecfe1000 	C:\Windows\System32\bcryptPrimitives.dll
0x00007ff8ed9f0000 - 0x00007ff8eda16000 	C:\Windows\System32\GDI32.dll
0x000001e157a00000 - 0x000001e157a21000 	C:\Windows\System32\win32u.dll
0x00007ff8ebf50000 - 0x00007ff8ec0e6000 	C:\Windows\System32\gdi32full.dll
0x00007ff8ecff0000 - 0x00007ff8ed08e000 	C:\Windows\System32\msvcp_win.dll
0x00007ff8ed440000 - 0x00007ff8ed46e000 	C:\Windows\System32\IMM32.DLL
0x00007ff8dc650000 - 0x00007ff8dc6eb000 	C:\Users\its\.jdks\liberica-17.0.7\bin\msvcp140.dll
0x00007ff8a5320000 - 0x00007ff8a5f42000 	C:\Users\its\.jdks\liberica-17.0.7\bin\server\jvm.dll
0x00007ff8eeef0000 - 0x00007ff8eef93000 	C:\Windows\System32\ADVAPI32.dll
0x00007ff8ed0f0000 - 0x00007ff8ed187000 	C:\Windows\System32\sechost.dll
0x00007ff8dcee0000 - 0x00007ff8dcee9000 	C:\Windows\SYSTEM32\WSOCK32.dll
0x00007ff8ed630000 - 0x00007ff8ed69f000 	C:\Windows\System32\WS2_32.dll
0x00007ff8e98b0000 - 0x00007ff8e98d4000 	C:\Windows\SYSTEM32\WINMM.dll
0x00007ff8dfc80000 - 0x00007ff8dfc8a000 	C:\Windows\SYSTEM32\VERSION.dll
0x00007ff8e9880000 - 0x00007ff8e98ad000 	C:\Windows\SYSTEM32\WINMMBASE.dll
0x00007ff8ec8e0000 - 0x00007ff8ec92a000 	C:\Windows\System32\cfgmgr32.dll
0x00007ff8ebee0000 - 0x00007ff8ebef1000 	C:\Windows\System32\kernel.appcore.dll
0x00007ff8e5460000 - 0x00007ff8e546a000 	C:\Users\its\.jdks\liberica-17.0.7\bin\jimage.dll
0x00007ff8ea600000 - 0x00007ff8ea7f4000 	C:\Windows\SYSTEM32\DBGHELP.DLL
0x00007ff8dac40000 - 0x00007ff8dac6a000 	C:\Windows\SYSTEM32\dbgcore.DLL
0x00007ff8def40000 - 0x00007ff8def65000 	C:\Users\its\.jdks\liberica-17.0.7\bin\java.dll
0x00007ff8d7380000 - 0x00007ff8d7456000 	C:\Users\its\.jdks\liberica-17.0.7\bin\jsvml.dll
0x00007ff8ee230000 - 0x00007ff8ee917000 	C:\Windows\System32\SHELL32.dll
0x00007ff8edb50000 - 0x00007ff8edbf9000 	C:\Windows\System32\shcore.dll
0x00007ff8ec150000 - 0x00007ff8ec8d1000 	C:\Windows\System32\windows.storage.dll
0x00007ff8ebe90000 - 0x00007ff8ebeb3000 	C:\Windows\System32\profapi.dll
0x00007ff8ebf00000 - 0x00007ff8ebf4a000 	C:\Windows\System32\powrprof.dll
0x00007ff8ebe80000 - 0x00007ff8ebe90000 	C:\Windows\System32\UMPDC.dll
0x00007ff8ed300000 - 0x00007ff8ed352000 	C:\Windows\System32\shlwapi.dll
0x00007ff8eca60000 - 0x00007ff8eca77000 	C:\Windows\System32\cryptsp.dll
0x00007ff8de4b0000 - 0x00007ff8de4c9000 	C:\Users\its\.jdks\liberica-17.0.7\bin\net.dll
0x00007ff8de360000 - 0x00007ff8de450000 	C:\Windows\SYSTEM32\WINHTTP.dll
0x00007ff8eb670000 - 0x00007ff8eb6d7000 	C:\Windows\system32\mswsock.dll
0x00007ff8dc630000 - 0x00007ff8dc645000 	C:\Users\its\.jdks\liberica-17.0.7\bin\nio.dll
0x00007ff8dc610000 - 0x00007ff8dc628000 	C:\Users\its\.jdks\liberica-17.0.7\bin\zip.dll
0x00007ff8e7da0000 - 0x00007ff8e7da9000 	C:\Users\its\.jdks\liberica-17.0.7\bin\prefs.dll
0x000001e178fe0000 - 0x000001e178fe9000 	C:\Windows\System32\icuuc.dll
0x00007ff89c670000 - 0x00007ff89cc77000 	C:\Qt\6.6.0\msvc2019_64\bin\Qt6Core.dll
0x00007ff8ee920000 - 0x00007ff8eea77000 	C:\Windows\System32\ole32.dll
0x00007ff8ed370000 - 0x00007ff8ed435000 	C:\Windows\System32\OLEAUT32.dll
0x00007ff8dc890000 - 0x00007ff8dc8ab000 	C:\Windows\SYSTEM32\MPR.dll
0x00007ff8ebda0000 - 0x00007ff8ebdc5000 	C:\Windows\SYSTEM32\USERENV.dll
0x00007ff8eaf60000 - 0x00007ff8eafaa000 	C:\Windows\SYSTEM32\AUTHZ.dll
0x00007ff8d74e0000 - 0x00007ff8d74f7000 	C:\Windows\SYSTEM32\NETAPI32.dll
0x00007ff8e7ce0000 - 0x00007ff8e7ce9000 	C:\Users\its\.jdks\liberica-17.0.7\bin\MSVCP140_1.dll
0x00007ff8e9970000 - 0x00007ff8e997c000 	C:\Windows\SYSTEM32\VCRUNTIME140_1.dll
0x00007ff8eb840000 - 0x00007ff8eb84c000 	C:\Windows\SYSTEM32\CRYPTBASE.DLL
0x00007ff8d74b0000 - 0x00007ff8d74d6000 	C:\Windows\SYSTEM32\SRVCLI.DLL
0x00007ff8eb490000 - 0x00007ff8eb49c000 	C:\Windows\SYSTEM32\NETUTILS.DLL
0x00007ff89c1e0000 - 0x00007ff89c66e000 	C:\Users\its\AppData\Local\Temp\QtJambi6.6.0_6516\bin\QtJambi6.dll
0x00007ff883bb0000 - 0x00007ff884e1b000 	C:\Users\its\AppData\Local\Temp\QtJambi6.6.0_6516\bin\QtJambiCore6.dll
0x00007ff89b950000 - 0x00007ff89c1df000 	C:\Qt\6.6.0\msvc2019_64\bin\Qt6Gui.dll
0x00007ff8e8730000 - 0x00007ff8e898b000 	C:\Windows\SYSTEM32\d3d11.dll
0x00007ff8eab50000 - 0x00007ff8eac3b000 	C:\Windows\SYSTEM32\dxgi.dll
0x00007ff8df3c0000 - 0x00007ff8df6be000 	C:\Windows\SYSTEM32\DWrite.dll
0x00007ff8bf020000 - 0x00007ff8bf1f2000 	C:\Windows\SYSTEM32\d3d12.dll
0x00007ff8de610000 - 0x00007ff8de642000 	C:\Users\its\.jdks\liberica-17.0.7\bin\MSVCP140_2.dll
0x00007ff8eaac0000 - 0x00007ff8eaae0000 	C:\Windows\SYSTEM32\dxcore.dll
0x00007ff883610000 - 0x00007ff883ba2000 	C:\Users\its\AppData\Local\Temp\QtJambi6.6.0_6516\bin\QtJambiGui6.dll
0x00007ff882fe0000 - 0x00007ff88360a000 	C:\Qt\6.6.0\msvc2019_64\bin\Qt6Widgets.dll
0x00007ff8e9be0000 - 0x00007ff8e9c79000 	C:\Windows\SYSTEM32\UxTheme.dll
0x00007ff8ea080000 - 0x00007ff8ea0ad000 	C:\Windows\SYSTEM32\dwmapi.dll
0x00007ff8826e0000 - 0x00007ff882fd4000 	C:\Users\its\AppData\Local\Temp\QtJambi6.6.0_6516\bin\QtJambiWidgets6.dll
0x00007ff8c4d10000 - 0x00007ff8c4dee000 	C:\Qt\6.6.0\msvc2019_64\plugins\platforms\qwindows.dll
0x00007ff8eea80000 - 0x00007ff8eeef0000 	C:\Windows\System32\SETUPAPI.dll
0x00007ff8ecf30000 - 0x00007ff8ecf56000 	C:\Windows\System32\bcrypt.dll
0x00007ff8ed190000 - 0x00007ff8ed260000 	C:\Windows\System32\COMDLG32.dll
0x00007ff8ea800000 - 0x00007ff8ea813000 	C:\Windows\SYSTEM32\WTSAPI32.dll
0x00007ff8bee50000 - 0x00007ff8bf017000 	C:\Windows\SYSTEM32\d3d9.dll
0x00007ff8ed4f0000 - 0x00007ff8ed625000 	C:\Windows\System32\MSCTF.dll
0x00007ff8ebc70000 - 0x00007ff8ebc9a000 	C:\Windows\SYSTEM32\DEVOBJ.dll
0x00007ff8ed840000 - 0x00007ff8ed8e2000 	C:\Windows\System32\clbcatq.dll
0x00007ff8e1950000 - 0x00007ff8e1aa1000 	C:\Windows\System32\Windows.UI.dll
0x00007ff8e18b0000 - 0x00007ff8e194e000 	C:\Windows\System32\TextInputFramework.dll
0x00007ff8e1790000 - 0x00007ff8e18ab000 	C:\Windows\System32\InputHost.dll
0x00007ff8e76b0000 - 0x00007ff8e79da000 	C:\Windows\System32\CoreUIComponents.dll
0x00007ff8e9650000 - 0x00007ff8e9724000 	C:\Windows\System32\CoreMessaging.dll
0x00007ff8ea330000 - 0x00007ff8ea420000 	C:\Windows\System32\PROPSYS.dll
0x00007ff8e7550000 - 0x00007ff8e76a3000 	C:\Windows\SYSTEM32\wintypes.dll
0x00007ff8eaec0000 - 0x00007ff8eaef1000 	C:\Windows\SYSTEM32\ntmarta.dll
0x00007ff8dfcb0000 - 0x00007ff8dfdc2000 	C:\Windows\System32\Windows.UI.Immersive.dll
0x00007ff8de200000 - 0x00007ff8de225000 	C:\Qt\6.6.0\msvc2019_64\plugins\styles\qwindowsvistastyle.dll
0x00007ff8e7cd0000 - 0x00007ff8e7cde000 	C:\Qt\6.6.0\msvc2019_64\plugins\imageformats\qgif.dll
0x00007ff8e5750000 - 0x00007ff8e5760000 	C:\Qt\6.6.0\msvc2019_64\plugins\imageformats\qicns.dll
0x00007ff8e1ca0000 - 0x00007ff8e1cae000 	C:\Qt\6.6.0\msvc2019_64\plugins\imageformats\qico.dll
0x00007ff8dab00000 - 0x00007ff8dab9c000 	C:\Qt\6.6.0\msvc2019_64\plugins\imageformats\qjpeg.dll
0x00007ff8e1c90000 - 0x00007ff8e1c9d000 	C:\Qt\6.6.0\msvc2019_64\plugins\imageformats\qpdf.dll
0x00007ff882190000 - 0x00007ff8826da000 	C:\Qt\6.6.0\msvc2019_64\bin\Qt6Pdf.dll
0x00007ff8bd4c0000 - 0x00007ff8bd633000 	C:\Qt\6.6.0\msvc2019_64\bin\Qt6Network.dll
0x00007ff8eb380000 - 0x00007ff8eb3ba000 	C:\Windows\SYSTEM32\IPHLPAPI.DLL
0x00007ff8eb3c0000 - 0x00007ff8eb48b000 	C:\Windows\SYSTEM32\DNSAPI.dll
0x00007ff8ed4e0000 - 0x00007ff8ed4e8000 	C:\Windows\System32\NSI.dll
0x00007ff8dce70000 - 0x00007ff8dce7c000 	C:\Windows\SYSTEM32\Secur32.dll
0x00007ff8ebd60000 - 0x00007ff8ebd97000 	C:\Windows\SYSTEM32\SSPICLI.DLL
0x00007ff8e1c70000 - 0x00007ff8e1c7c000 	C:\Qt\6.6.0\msvc2019_64\plugins\imageformats\qsvg.dll
0x00007ff8cf7f0000 - 0x00007ff8cf84f000 	C:\Qt\6.6.0\msvc2019_64\bin\Qt6Svg.dll
0x00007ff8de1f0000 - 0x00007ff8de1fc000 	C:\Qt\6.6.0\msvc2019_64\plugins\imageformats\qtga.dll
0x00007ff8cf780000 - 0x00007ff8cf7ea000 	C:\Qt\6.6.0\msvc2019_64\plugins\imageformats\qtiff.dll
0x00007ff8de0d0000 - 0x00007ff8de0dc000 	C:\Qt\6.6.0\msvc2019_64\plugins\imageformats\qwbmp.dll
0x00007ff8c0060000 - 0x00007ff8c00e8000 	C:\Qt\6.6.0\msvc2019_64\plugins\imageformats\qwebp.dll
0x00007ff8d0af0000 - 0x00007ff8d0b2a000 	C:\Windows\system32\dataexchange.dll
0x00007ff8e8df0000 - 0x00007ff8e8fcd000 	C:\Windows\system32\dcomp.dll
0x00007ff8e9cb0000 - 0x00007ff8e9f12000 	C:\Windows\system32\twinapi.appcore.dll
0x00007ff8ea190000 - 0x00007ff8ea1b9000 	C:\Windows\system32\RMCLIENT.dll
0x00007ff8dfe00000 - 0x00007ff8e00a7000 	C:\Windows\System32\iertutil.dll
0x00007ff8cfa50000 - 0x00007ff8cfc56000 	C:\Windows\system32\explorerframe.dll
0x00007ff8c4ac0000 - 0x00007ff8c4c73000 	C:\Windows\SYSTEM32\DUI70.dll
0x00007ff8de150000 - 0x00007ff8de1e3000 	C:\Windows\SYSTEM32\DUser.dll
0x00007ff8cea30000 - 0x00007ff8cea53000 	C:\Windows\SYSTEM32\edputil.dll
0x00007ff8e72d0000 - 0x00007ff8e747f000 	C:\Windows\SYSTEM32\WindowsCodecs.dll
0x00007ff8cea60000 - 0x00007ff8ceabe000 	C:\Windows\System32\thumbcache.dll
0x00007ff8e4530000 - 0x00007ff8e45b9000 	C:\Windows\SYSTEM32\policymanager.dll
0x00007ff8e8010000 - 0x00007ff8e809a000 	C:\Windows\SYSTEM32\msvcp110_win.dll
0x00007ff8ded80000 - 0x00007ff8def39000 	C:\Windows\System32\Windows.Globalization.dll
0x00007ff8e1d10000 - 0x00007ff8e1d6d000 	C:\Windows\System32\Bcp47Langs.dll
0x00007ff8e1500000 - 0x00007ff8e1530000 	C:\Windows\System32\bcp47mrm.dll

dbghelp: loaded successfully - version: 4.0.5 - missing functions: none
symbol engine: initialized successfully - sym options: 0x614 - pdb path: .;C:\Users\its\.jdks\liberica-17.0.7\bin;C:\Windows\SYSTEM32;C:\Windows\WinSxS\amd64_microsoft.windows.common-controls_6595b64144ccf1df_6.0.18362.1256_none_9e7e379be45e40e2;C:\Users\its\.jdks\liberica-17.0.7\bin\server;C:\Qt\6.6.0\msvc2019_64\bin;C:\Users\its\AppData\Local\Temp\QtJambi6.6.0_6516\bin;C:\Qt\6.6.0\msvc2019_64\plugins\platforms;C:\Qt\6.6.0\msvc2019_64\plugins\styles;C:\Qt\6.6.0\msvc2019_64\plugins\imageformats;C:\Windows\WinSxS\amd64_microsoft.windows.gdiplus_6595b64144ccf1df_1.1.18362.1256_none_cf692a813ef0bab0;C:\PROGRA~1\MICROS~1\Office16;C:\PROGRA~1\MICROS~1\Office16\1049;C:\Program Files\Common Files\Autodesk Shared;C:\Users\its\AppData\Local\Temp

VM Arguments:
jvm_args: -Djava.library.path=C:\Qt\6.6.0\msvc2019_64\bin -Dfile.encoding=windows-1251 -Duser.country=RU -Duser.language=ru -Duser.variant 
java_command: Main
java_class_path (initial): C:\Users\its\Desktop\software\UI\DBBrowser\build\classes\java\main;C:\Users\its\Desktop\software\UI\DBBrowser\build\resources\main;C:\Users\its\Desktop\software\UI\DBBrowser\build\libs\qtjambi-native-windows-x64-6.6.0.jar;C:\Users\its\.gradle\caches\modules-2\files-2.1\io.qtjambi\qtjambi\6.6.0\122bd017d9f98685b5632c0c0a7c677df68db02e\qtjambi-6.6.0.jar;C:\Users\its\.gradle\caches\modules-2\files-2.1\org.postgresql\postgresql\42.6.0\7614cfce466145b84972781ab0079b8dea49e363\postgresql-42.6.0.jar;C:\Users\its\.gradle\caches\modules-2\files-2.1\org.xerial\sqlite-jdbc\3.42.0.0\a4c84376df810062d20c84777b84ec077b5ecdab\sqlite-jdbc-3.42.0.0.jar;C:\Users\its\.gradle\caches\modules-2\files-2.1\org.checkerframework\checker-qual\3.31.0\eeefd4af42e2f4221d145c1791582f91868f99ab\checker-qual-3.31.0.jar
Launcher Type: SUN_STANDARD

[Global flags]
     intx CICompilerCount                          = 3                                         {product} {ergonomic}
     uint ConcGCThreads                            = 1                                         {product} {ergonomic}
     uint G1ConcRefinementThreads                  = 4                                         {product} {ergonomic}
   size_t G1HeapRegionSize                         = 1048576                                   {product} {ergonomic}
    uintx GCDrainStackTargetSize                   = 64                                        {product} {ergonomic}
   size_t InitialHeapSize                          = 134217728                                 {product} {ergonomic}
   size_t MarkStackSize                            = 4194304                                   {product} {ergonomic}
   size_t MaxHeapSize                              = 2118123520                                {product} {ergonomic}
   size_t MaxNewSize                               = 1270874112                                {product} {ergonomic}
   size_t MinHeapDeltaBytes                        = 1048576                                   {product} {ergonomic}
   size_t MinHeapSize                              = 8388608                                   {product} {ergonomic}
    uintx NonNMethodCodeHeapSize                   = 5832780                                {pd product} {ergonomic}
    uintx NonProfiledCodeHeapSize                  = 122912730                              {pd product} {ergonomic}
    uintx ProfiledCodeHeapSize                     = 122912730                              {pd product} {ergonomic}
    uintx ReservedCodeCacheSize                    = 251658240                              {pd product} {ergonomic}
     bool SegmentedCodeCache                       = true                                      {product} {ergonomic}
   size_t SoftMaxHeapSize                          = 2118123520                             {manageable} {ergonomic}
     bool UseCompressedClassPointers               = true                           {product lp64_product} {ergonomic}
     bool UseCompressedOops                        = true                           {product lp64_product} {ergonomic}
     bool UseG1GC                                  = true                                      {product} {ergonomic}
     bool UseLargePagesIndividualAllocation        = false                                  {pd product} {ergonomic}

Logging:
Log output configuration:
 #0: stdout all=warning uptime,level,tags
 #1: stderr all=off uptime,level,tags

Environment Variables:
JAVA_HOME=C:\Users\its\.jdks\corretto-1.8.0_382
PATH=C:\Qt\6.6.0\msvc2019_64\bin;C:\Users\its\AppData\Local\Temp\QtJambi6.6.0_6516\bin;C:\Program Files\Common Files\Oracle\Java\javapath;C:\Program Files (x86)\Common Files\Oracle\Java\javapath;C:\Python311\Scripts\;C:\Python311\;C:\Windows\system32;C:\Windows;C:\Windows\System32\Wbem;C:\Windows\System32\WindowsPowerShell\v1.0\;C:\Windows\System32\OpenSSH\;C:\ProgramData\chocolatey\bin;C:\Program Files\Git\cmd;C:\Program Files\PuTTY\;C:\Program Files\nodejs\;C:\HaxeToolkit\haxe;C:\HaxeToolkit\neko;C:\Users\its\AppData\Roaming\local\bin;C:\Users\its\AppData\Local\Microsoft\WindowsApps;C:\Users\its\AppData\Local\Programs\Microsoft VS Code\bin;C:\Users\its\AppData\Roaming\cabal\bin;C:\tools\ghc-9.2.1\bin;C:\tools\msys64;C:\Program Files\JetBrains\IntelliJ IDEA Community Edition 2022.2.1\bin;;C:\Users\its\.jdks\corretto-16.0.2\bin;C:\Program Files\swipl\bin;C:\Strawberry\c\bin\spin;C:\Strawberry\c\bin\;C:\ActiveTcl\bin\;C:\Program Files\JetBrains\WebStorm 2022.3.3\bin;C:\Users\its\AppData\Roaming\npm;C:\Program Files\Java\jdk-17\bin
USERNAME=its
OS=Windows_NT
PROCESSOR_IDENTIFIER=Intel64 Family 6 Model 58 Stepping 9, GenuineIntel
TMP=C:\Users\its\AppData\Local\Temp
TEMP=C:\Users\its\AppData\Local\Temp



---------------  S Y S T E M  ---------------

OS:
 Windows 10 , 64 bit Build 18362 (10.0.18362.1110)
OS uptime: 0 days 4:57 hours

CPU: total 4 (initial active 4) (2 cores per cpu, 2 threads per core) family 6 model 58 stepping 9 microcode 0x20, cx8, cmov, fxsr, ht, mmx, sse, sse2, sse3, ssse3, sse4.1, sse4.2, popcnt, tsc, tscinvbit, avx, aes, erms, clmul, vzeroupper, clflush

Memory: 4k page, system-wide physical 8077M (1871M free)
TotalPageFile size 10253M (AvailPageFile size 4395M)
current process WorkingSet (physical memory assigned to process): 138M, peak: 159M
current process commit charge ("private bytes"): 143M, peak: 266M

vm_info: OpenJDK 64-Bit Server VM (17.0.7+7-LTS) for windows-amd64 JRE (17.0.7+7-LTS), built on Apr 18 2023 18:44:51 by "" with MS VC++ 15.9 (VS2017)

END.
