#
# A fatal error has been detected by the Java Runtime Environment:
#
#  EXCEPTION_ACCESS_VIOLATION (0xc0000005) at pc=0x0000000000000000, pid=3844, tid=5840
#
# JRE version: OpenJDK Runtime Environment (17.0.7+7) (build 17.0.7+7-LTS)
# Java VM: OpenJDK 64-Bit Server VM (17.0.7+7-LTS, mixed mode, sharing, tiered, compressed oops, compressed class ptrs, g1 gc, windows-amd64)
# Problematic frame:
# C  [Qt6Widgets.dll+0x5283a]
#
# No core dump will be written. Minidumps are not enabled by default on client versions of Windows
#
# If you would like to submit a bug report, please visit:
#   https://bell-sw.com/support
# The crash happened outside the Java Virtual Machine in native code.
# See problematic frame for where to report the bug.
#

---------------  S U M M A R Y ------------

Command Line: -Djava.library.path=C:\Qt\6.6.0\msvc2019_64\bin -Dfile.encoding=windows-1251 -Duser.country=RU -Duser.language=ru -Duser.variant Main

Host: Intel(R) Core(TM) i5-3317U CPU @ 1.70GHz, 4 cores, 7G,  Windows 10 , 64 bit Build 18362 (10.0.18362.1110)
Time: Sun Dec 24 14:39:35 2023 Новосибирское стандартное время elapsed time: 24.311067 seconds (0d 0h 0m 24s)

---------------  T H R E A D  ---------------

Current thread (0x00000188feb850f0):  JavaThread "main" [_thread_in_native, id=5840, stack(0x0000005149700000,0x0000005149800000)]

Stack: [0x0000005149700000,0x0000005149800000],  sp=0x00000051497fe2d0,  free space=1016k
Native frames: (J=compiled Java code, j=interpreted, Vv=VM code, C=native code)

Java frames: (J=compiled Java code, j=interpreted, Vv=VM code)
j  io.qt.core.QCoreApplication.sendPostedEvents_native_QObject_ptr_int(JI)V+0
j  io.qt.core.QCoreApplication.sendPostedEvents(Lio/qt/core/QObject;I)V+10
j  io.qt.core.QCoreApplication.shutdown()V+498
j  io.qt.widgets.QApplication.shutdown()V+0
j  Main.main([Ljava/lang/String;)V+31
v  ~StubRoutines::call_stub

siginfo: EXCEPTION_ACCESS_VIOLATION (0xc0000005), data execution prevention violation at address 0x0000000000000000


Register to memory mapping:

RIP=0x0 is NULL
RAX=0x0 is NULL
RBX=0x00000188a3d3e9c0 points into unknown readable memory: 0x0000000000000000 | 00 00 00 00 00 00 00 00
RCX=0x00000188a33bb760 points into unknown readable memory: 0x00000188a36bb550 | 50 b5 6b a3 88 01 00 00
RDX=0x0 is NULL
RSP=0x00000051497fe2c8 is pointing into the stack for thread: 0x00000188feb850f0
RBP=0x0 is NULL
RSI=0x00000188a332f910 points into unknown readable memory: 0x00007ff89c51d490 | 90 d4 51 9c f8 7f 00 00
RDI=0x0 is NULL
R8 =0x0000000000000005 is an unknown value
R9 =0x0000000000000001 is an unknown value
R10=0x0000000000008000 is an unknown value
R11=0x00000051497fe360 is pointing into the stack for thread: 0x00000188feb850f0
R12=0x00000000ffffffff is an unallocated location in the heap
R13=0x00000188ab6fcf10 points into unknown readable memory: 0x00007ff89f02a518 | 18 a5 02 9f f8 7f 00 00
R14=0x00000188a3d3e9c0 points into unknown readable memory: 0x0000000000000000 | 00 00 00 00 00 00 00 00
R15=0x0 is NULL


Registers:
RAX=0x0000000000000000, RBX=0x00000188a3d3e9c0, RCX=0x00000188a33bb760, RDX=0x0000000000000000
RSP=0x00000051497fe2c8, RBP=0x0000000000000000, RSI=0x00000188a332f910, RDI=0x0000000000000000
R8 =0x0000000000000005, R9 =0x0000000000000001, R10=0x0000000000008000, R11=0x00000051497fe360
R12=0x00000000ffffffff, R13=0x00000188ab6fcf10, R14=0x00000188a3d3e9c0, R15=0x0000000000000000
RIP=0x0000000000000000, EFLAGS=0x0000000000010206

Top of Stack: (sp=0x00000051497fe2c8)
0x00000051497fe2c8:   00007ff89c16283a 00000188a332f910
0x00000051497fe2d8:   0000000000000000 0000000000000000
0x00000051497fe2e8:   00007ff89f1ee900 00000188a2422c30
0x00000051497fe2f8:   00000188a2422c40 0000000000000024
0x00000051497fe308:   00007ff89f1eb420 00000188a332f910
0x00000051497fe318:   00007ff89c15e602 00000188a2a6a540
0x00000051497fe328:   00000188a332f910 00000188a332f910
0x00000051497fe338:   00000188a3584ca0 0000000000000005
0x00000051497fe348:   00007ff89f1eb420 0000e0b3f88640b8
0x00000051497fe358:   00007ff89c3773e3 00000188a332f910
0x00000051497fe368:   00000188ab6fcf10 00000188ab6fcf10
0x00000051497fe378:   00000188a332f910 00000188ab6fcf10
0x00000051497fe388:   00000188ab6fcf10 00000188a332f910
0x00000051497fe398:   0000000000000001 00000188ab6fcf10
0x00000051497fe3a8:   00000051497fe4b9 00000188a332f910
0x00000051497fe3b8:   00007ff89b92ba44 0000000000000000 

Instructions: (pc=0x00007ff89c16283a)
0x00007ff89c16273a:   08 48 63 c5 49 3b 46 28 0f 8c c8 fe ff ff 48 8b
0x00007ff89c16274a:   7c 24 38 48 8b 74 24 40 49 8b c7 48 83 c4 48 41
0x00007ff89c16275a:   5f 41 5e 5d 5b c3 48 89 5c 24 18 48 89 74 24 20
0x00007ff89c16276a:   57 48 83 ec 40 48 89 6c 24 50 48 8b f1 e8 24 6f
0x00007ff89c16277a:   00 00 84 c0 74 4b 48 8b 46 20 8b 50 08 c1 ea 0e
0x00007ff89c16278a:   f6 c2 01 74 0f ff 15 83 85 3a 00 48 8b c8 ff 15
0x00007ff89c16279a:   32 84 3a 00 ba 17 00 00 00 48 8d 4c 24 20 44 8d
0x00007ff89c1627aa:   42 f0 ff 15 e6 82 3a 00 48 8d 54 24 20 48 8b ce
0x00007ff89c1627ba:   ff 15 e0 4a 3a 00 48 8d 4c 24 20 ff 15 d5 82 3a
0x00007ff89c1627ca:   00 48 8b ce 48 8b de ff 15 69 4d 3a 00 48 8b 4e
0x00007ff89c1627da:   20 48 8b d0 f6 41 0c 01 75 1e 48 85 d2 74 19 48
0x00007ff89c1627ea:   8b ca 48 8b da ff 15 4b 4d 3a 00 48 8b d0 48 8b
0x00007ff89c1627fa:   43 20 f6 40 0c 01 74 e2 48 8b 43 08 33 ff 4c 89
0x00007ff89c16280a:   74 24 58 8b ef 48 8b 58 78 48 85 db 74 37 48 8b
0x00007ff89c16281a:   5b 08 4c 8b f3 48 85 db 74 2e 48 8b 4b 20 48 85
0x00007ff89c16282a:   c9 74 25 48 8b 01 48 8b 40 60 ff 15 8e 87 3a 00
0x00007ff89c16283a:   48 8b e8 48 85 c0 75 10 48 8b 46 08 48 8b a8 90
0x00007ff89c16284a:   00 00 00 eb 03 4c 8b f7 48 8b c6 66 66 66 0f 1f
0x00007ff89c16285a:   84 00 00 00 00 00 48 8b 48 08 48 39 b1 90 00 00
0x00007ff89c16286a:   00 75 07 48 89 b9 90 00 00 00 48 8b c8 ff 15 c3
0x00007ff89c16287a:   4c 3a 00 48 85 c0 75 de 48 85 ed 74 36 49 8b 4e
0x00007ff89c16288a:   20 48 8b 01 48 8b 40 60 ff 15 30 87 3a 00 48 3b
0x00007ff89c16289a:   e8 74 20 49 8b 5e 20 48 8b cb 48 8b 03 48 8b 40
0x00007ff89c1628aa:   60 ff 15 17 87 3a 00 48 8b d0 48 8b cb ff 15 8b
0x00007ff89c1628ba:   78 3a 00 48 8b 46 08 4c 8b 74 24 58 48 8b 6c 24
0x00007ff89c1628ca:   50 48 8b 48 78 48 85 c9 74 16 48 8b 49 10 48 85
0x00007ff89c1628da:   c9 74 0d 48 83 c1 10 e8 ea b9 31 00 48 8b 46 08
0x00007ff89c1628ea:   48 83 78 78 00 48 8b de 74 57 0f 1f 40 00 0f 1f
0x00007ff89c1628fa:   84 00 00 00 00 00 48 8b 43 08 48 8b 48 78 48 8b
0x00007ff89c16290a:   41 30 48 85 c0 74 3a 8b 40 04 85 c0 74 33 48 83
0x00007ff89c16291a:   79 38 00 74 2c 48 8b 43 08 48 8b 58 78 48 8b 43
0x00007ff89c16292a:   30 48 85 c0 74 0d 8b 40 04 85 c0 74 06 48 8b 5b 


Stack slot to memory mapping:
stack at sp + 0 slots: 0x00000188a332f910 points into unknown readable memory: 0x00007ff89c51d490 | 90 d4 51 9c f8 7f 00 00
stack at sp + 1 slots: 0x0 is NULL
stack at sp + 2 slots: 0x0 is NULL
stack at sp + 3 slots: 0x00007ff89f1ee900 Qt6Core.dll
stack at sp + 4 slots: 0x00000188a2422c30 points into unknown readable memory: 0x005c003f003f005c | 5c 00 3f 00 3f 00 5c 00
stack at sp + 5 slots: 0x00000188a2422c40 points into unknown readable memory: 0x0073007200650073 | 73 00 65 00 72 00 73 00
stack at sp + 6 slots: 0x0000000000000024 is an unknown value
stack at sp + 7 slots: 0x00007ff89f1eb420 Qt6Core.dll


---------------  P R O C E S S  ---------------

Threads class SMR info:
_java_thread_list=0x00000188a2b248e0, length=13, elements={
0x00000188feb850f0, 0x00000188ffce7020, 0x00000188ffce7da0, 0x00000188ffd00d60,
0x00000188ffd02730, 0x00000188ffd05000, 0x00000188ffd058c0, 0x00000188ffd08060,
0x00000188ffd0ce50, 0x00000188ffd25840, 0x00000188a20d8bf0, 0x00000188a20ddd30,
0x00000188a20e3210
}

Java Threads: ( => current thread )
=>0x00000188feb850f0 JavaThread "main" [_thread_in_native, id=5840, stack(0x0000005149700000,0x0000005149800000)]
  0x00000188ffce7020 JavaThread "Reference Handler" daemon [_thread_blocked, id=6372, stack(0x0000005149f00000,0x000000514a000000)]
  0x00000188ffce7da0 JavaThread "Finalizer" daemon [_thread_blocked, id=7616, stack(0x000000514a000000,0x000000514a100000)]
  0x00000188ffd00d60 JavaThread "Signal Dispatcher" daemon [_thread_blocked, id=8868, stack(0x000000514a100000,0x000000514a200000)]
  0x00000188ffd02730 JavaThread "Attach Listener" daemon [_thread_blocked, id=1852, stack(0x000000514a200000,0x000000514a300000)]
  0x00000188ffd05000 JavaThread "Service Thread" daemon [_thread_blocked, id=336, stack(0x000000514a300000,0x000000514a400000)]
  0x00000188ffd058c0 JavaThread "Monitor Deflation Thread" daemon [_thread_blocked, id=5472, stack(0x000000514a400000,0x000000514a500000)]
  0x00000188ffd08060 JavaThread "C2 CompilerThread0" daemon [_thread_blocked, id=832, stack(0x000000514a500000,0x000000514a600000)]
  0x00000188ffd0ce50 JavaThread "C1 CompilerThread0" daemon [_thread_blocked, id=4568, stack(0x000000514a600000,0x000000514a700000)]
  0x00000188ffd25840 JavaThread "Sweeper thread" daemon [_thread_blocked, id=1444, stack(0x000000514a700000,0x000000514a800000)]
  0x00000188a20d8bf0 JavaThread "Notification Thread" daemon [_thread_blocked, id=4204, stack(0x000000514a800000,0x000000514a900000)]
  0x00000188a20ddd30 JavaThread "Common-Cleaner" daemon [_thread_blocked, id=5952, stack(0x000000514aa00000,0x000000514ab00000)]
  0x00000188a20e3210 JavaThread "QtJambiCleanupThread" daemon [_thread_blocked, id=5008, stack(0x000000514ac00000,0x000000514ad00000)]

Other Threads:
  0x00000188ffce18d0 VMThread "VM Thread" [stack: 0x0000005149e00000,0x0000005149f00000] [id=3280]
  0x00000188a20d90c0 WatcherThread [stack: 0x000000514a900000,0x000000514aa00000] [id=6984]
  0x00000188febdf7c0 GCTaskThread "GC Thread#0" [stack: 0x0000005149900000,0x0000005149a00000] [id=240]
  0x00000188a2751d30 GCTaskThread "GC Thread#1" [stack: 0x000000514ab00000,0x000000514ac00000] [id=2744]
  0x00000188a271c200 GCTaskThread "GC Thread#2" [stack: 0x000000514ad00000,0x000000514ae00000] [id=3540]
  0x00000188a2817430 GCTaskThread "GC Thread#3" [stack: 0x000000514ae00000,0x000000514af00000] [id=3252]
  0x00000188febf12a0 ConcurrentGCThread "G1 Main Marker" [stack: 0x0000005149a00000,0x0000005149b00000] [id=7592]
  0x00000188febf1bc0 ConcurrentGCThread "G1 Conc#0" [stack: 0x0000005149b00000,0x0000005149c00000] [id=1304]
  0x00000188fec46ad0 ConcurrentGCThread "G1 Refine#0" [stack: 0x0000005149c00000,0x0000005149d00000] [id=6308]
  0x00000188fec47400 ConcurrentGCThread "G1 Service" [stack: 0x0000005149d00000,0x0000005149e00000] [id=4460]

Threads with active compile tasks:

VM state: not at safepoint (normal execution)

VM Mutex/Monitor currently owned by a thread: None

Heap address: 0x0000000081c00000, size: 2020 MB, Compressed Oops mode: 32-bit

CDS archive(s) mapped at: [0x0000000800000000-0x0000000800bd0000-0x0000000800bd0000), size 12386304, SharedBaseAddress: 0x0000000800000000, ArchiveRelocationMode: 0.
Compressed class space mapped at: 0x0000000801000000-0x0000000841000000, reserved size: 1073741824
Narrow klass base: 0x0000000800000000, Narrow klass shift: 0, Narrow klass range: 0x100000000

GC Precious Log:
 CPUs: 4 total, 4 available
 Memory: 8077M
 Large Page Support: Disabled
 NUMA Support: Disabled
 Compressed Oops: Enabled (32-bit)
 Heap Region Size: 1M
 Heap Min Capacity: 8M
 Heap Initial Capacity: 128M
 Heap Max Capacity: 2020M
 Pre-touch: Disabled
 Parallel Workers: 4
 Concurrent Workers: 1
 Concurrent Refinement Workers: 4
 Periodic GC: Disabled

Heap:
 garbage-first heap   total 20480K, used 5081K [0x0000000081c00000, 0x0000000100000000)
  region size 1024K, 0 young (0K), 0 survivors (0K)
 Metaspace       used 13134K, committed 13376K, reserved 1114112K
  class space    used 1140K, committed 1216K, reserved 1048576K

Heap Regions: E=young(eden), S=young(survivor), O=old, HS=humongous(starts), HC=humongous(continues), CS=collection set, F=free, OA=open archive, CA=closed archive, TAMS=top-at-mark-start (previous, next)
|   0|0x0000000081c00000, 0x0000000081d00000, 0x0000000081d00000|100%| O|  |TAMS 0x0000000081d00000, 0x0000000081c00000| Untracked 
|   1|0x0000000081d00000, 0x0000000081dfffc0, 0x0000000081e00000| 99%| O|  |TAMS 0x0000000081dfffc0, 0x0000000081d00000| Untracked 
|   2|0x0000000081e00000, 0x0000000081ef14a8, 0x0000000081f00000| 94%| O|  |TAMS 0x0000000081e00000, 0x0000000081e00000| Untracked 
|   3|0x0000000081f00000, 0x0000000081fffff8, 0x0000000082000000| 99%| O|  |TAMS 0x0000000081f00000, 0x0000000081f00000| Untracked 
|   4|0x0000000082000000, 0x0000000082005318, 0x0000000082100000|  2%| O|  |TAMS 0x0000000082000000, 0x0000000082000000| Untracked 
|   5|0x0000000082100000, 0x0000000082100000, 0x0000000082200000|  0%| F|  |TAMS 0x0000000082100000, 0x0000000082100000| Untracked 
|   6|0x0000000082200000, 0x0000000082200000, 0x0000000082300000|  0%| F|  |TAMS 0x0000000082200000, 0x0000000082200000| Untracked 
|   7|0x0000000082300000, 0x0000000082300000, 0x0000000082400000|  0%| F|  |TAMS 0x0000000082300000, 0x0000000082300000| Untracked 
|   8|0x0000000082400000, 0x0000000082400000, 0x0000000082500000|  0%| F|  |TAMS 0x0000000082400000, 0x0000000082400000| Untracked 
|   9|0x0000000082500000, 0x0000000082500000, 0x0000000082600000|  0%| F|  |TAMS 0x0000000082500000, 0x0000000082500000| Untracked 
|  10|0x0000000082600000, 0x0000000082600000, 0x0000000082700000|  0%| F|  |TAMS 0x0000000082600000, 0x0000000082600000| Untracked 
|  11|0x0000000082700000, 0x0000000082700000, 0x0000000082800000|  0%| F|  |TAMS 0x0000000082700000, 0x0000000082700000| Untracked 
|  12|0x0000000082800000, 0x0000000082800000, 0x0000000082900000|  0%| F|  |TAMS 0x0000000082800000, 0x0000000082800000| Untracked 
|  13|0x0000000082900000, 0x0000000082900000, 0x0000000082a00000|  0%| F|  |TAMS 0x0000000082900000, 0x0000000082900000| Untracked 
|  14|0x0000000082a00000, 0x0000000082a00000, 0x0000000082b00000|  0%| F|  |TAMS 0x0000000082a00000, 0x0000000082a00000| Untracked 
|  15|0x0000000082b00000, 0x0000000082b00000, 0x0000000082c00000|  0%| F|  |TAMS 0x0000000082b00000, 0x0000000082b00000| Untracked 
|  16|0x0000000082c00000, 0x0000000082c00000, 0x0000000082d00000|  0%| F|  |TAMS 0x0000000082c00000, 0x0000000082c00000| Untracked 
|  17|0x0000000082d00000, 0x0000000082d00000, 0x0000000082e00000|  0%| F|  |TAMS 0x0000000082d00000, 0x0000000082d00000| Untracked 
|  18|0x0000000082e00000, 0x0000000082e00000, 0x0000000082f00000|  0%| F|  |TAMS 0x0000000082e00000, 0x0000000082e00000| Untracked 
| 108|0x0000000088800000, 0x0000000088900000, 0x0000000088900000|100%| O|  |TAMS 0x0000000088900000, 0x0000000088800000| Untracked 

Card table byte_map: [0x00000188ff050000,0x00000188ff450000] _byte_map_base: 0x00000188fec42000

Marking Bits (Prev, Next): (CMBitMap*) 0x00000188febe0cf0, (CMBitMap*) 0x00000188febe0d30
 Prev Bits: [0x0000018897dc0000, 0x0000018899d50000)
 Next Bits: [0x0000018899d50000, 0x000001889bce0000)

Polling page: 0x00000188fca30000

Metaspace:

Usage:
  Non-class:     11.71 MB used.
      Class:      1.11 MB used.
       Both:     12.83 MB used.

Virtual space:
  Non-class space:       64.00 MB reserved,      11.88 MB ( 19%) committed,  1 nodes.
      Class space:        1.00 GB reserved,       1.19 MB ( <1%) committed,  1 nodes.
             Both:        1.06 GB reserved,      13.06 MB (  1%) committed. 

Chunk freelists:
   Non-Class:  3.80 MB
       Class:  14.81 MB
        Both:  18.61 MB

MaxMetaspaceSize: unlimited
CompressedClassSpaceSize: 1.00 GB
Initial GC threshold: 21.00 MB
Current GC threshold: 21.69 MB
CDS: on
MetaspaceReclaimPolicy: balanced
 - commit_granule_bytes: 65536.
 - commit_granule_words: 8192.
 - virtual_space_node_default_size: 8388608.
 - enlarge_chunks_in_place: 1.
 - new_chunks_are_fully_committed: 0.
 - uncommit_free_chunks: 1.
 - use_allocation_guard: 0.
 - handle_deallocations: 1.


Internal statistics:

num_allocs_failed_limit: 0.
num_arena_births: 174.
num_arena_deaths: 0.
num_vsnodes_births: 2.
num_vsnodes_deaths: 0.
num_space_committed: 209.
num_space_uncommitted: 0.
num_chunks_returned_to_freelist: 0.
num_chunks_taken_from_freelist: 546.
num_chunk_merges: 0.
num_chunk_splits: 369.
num_chunks_enlarged: 261.
num_inconsistent_stats: 0.

CodeHeap 'non-profiled nmethods': size=120000Kb used=595Kb max_used=595Kb free=119404Kb
 bounds [0x0000018890890000, 0x0000018890b00000, 0x0000018897dc0000]
CodeHeap 'profiled nmethods': size=120000Kb used=3281Kb max_used=3281Kb free=116718Kb
 bounds [0x0000018888dc0000, 0x0000018889100000, 0x00000188902f0000]
CodeHeap 'non-nmethods': size=5760Kb used=1231Kb max_used=1270Kb free=4528Kb
 bounds [0x00000188902f0000, 0x0000018890560000, 0x0000018890890000]
 total_blobs=2286 nmethods=1741 adapters=458
 compilation: enabled
              stopped_count=0, restarted_count=0
 full_count=0

Compilation events (20 events):
Event: 24.220 Thread 0x00000188ffd0ce50 1733  s    3       io.qt.internal.NativeUtility$NativeLink::reset (39 bytes)
Event: 24.221 Thread 0x00000188ffd0ce50 nmethod 1733 0x00000188890eb210 code [0x00000188890eb420, 0x00000188890ebba8]
Event: 24.232 Thread 0x00000188ffd0ce50 1734       3       java.lang.AbstractStringBuilder::append (45 bytes)
Event: 24.232 Thread 0x00000188ffd0ce50 nmethod 1734 0x00000188890ebe90 code [0x00000188890ec060, 0x00000188890ec3a8]
Event: 24.234 Thread 0x00000188ffd0ce50 1735       3       java.lang.Package::getName (5 bytes)
Event: 24.234 Thread 0x00000188ffd0ce50 nmethod 1735 0x00000188890ec510 code [0x00000188890ec6a0, 0x00000188890ec858]
Event: 24.234 Thread 0x00000188ffd0ce50 1736   !   3       io.qt.QtUtilities::initializePackage (382 bytes)
Event: 24.235 Thread 0x00000188ffd08060 1737       4       sun.reflect.generics.parser.SignatureParser::skipIdentifier (67 bytes)
Event: 24.240 Thread 0x00000188ffd0ce50 nmethod 1736 0x00000188890ec910 code [0x00000188890ecfa0, 0x00000188890f0ad8]
Event: 24.240 Thread 0x00000188ffd0ce50 1739       3       java.lang.CharacterData::of (136 bytes)
Event: 24.240 Thread 0x00000188ffd0ce50 nmethod 1739 0x00000188890f2490 code [0x00000188890f26c0, 0x00000188890f2fb8]
Event: 24.240 Thread 0x00000188ffd0ce50 1738       3       sun.reflect.annotation.TypeAnnotationParser::buildAnnotatedType (114 bytes)
Event: 24.241 Thread 0x00000188ffd0ce50 nmethod 1738 0x00000188890f3210 code [0x00000188890f3440, 0x00000188890f3e18]
Event: 24.241 Thread 0x00000188ffd0ce50 1740       3       java.util.zip.ZipUtils::CENATX_PERMS (9 bytes)
Event: 24.242 Thread 0x00000188ffd0ce50 nmethod 1740 0x00000188890f4310 code [0x00000188890f44a0, 0x00000188890f4658]
Event: 24.243 Thread 0x00000188ffd08060 nmethod 1737 0x0000018890923390 code [0x0000018890923540, 0x0000018890923858]
Event: 24.244 Thread 0x00000188ffd08060 1741       4       java.lang.Character::isWhitespace (5 bytes)
Event: 24.245 Thread 0x00000188ffd08060 nmethod 1741 0x0000018890923c10 code [0x0000018890923da0, 0x0000018890923e98]
Event: 24.248 Thread 0x00000188ffd08060 1742       4       java.lang.String::regionMatches (150 bytes)
Event: 24.270 Thread 0x00000188ffd08060 nmethod 1742 0x0000018890924010 code [0x00000188909241c0, 0x00000188909249d8]

GC Heap History (8 events):
Event: 1.433 GC heap before
{Heap before GC invocations=0 (full 0):
 garbage-first heap   total 131072K, used 12288K [0x0000000081c00000, 0x0000000100000000)
  region size 1024K, 13 young (13312K), 0 survivors (0K)
 Metaspace       used 5316K, committed 5504K, reserved 1114112K
  class space    used 500K, committed 576K, reserved 1048576K
}
Event: 1.437 GC heap after
{Heap after GC invocations=1 (full 0):
 garbage-first heap   total 131072K, used 1940K [0x0000000081c00000, 0x0000000100000000)
  region size 1024K, 2 young (2048K), 2 survivors (2048K)
 Metaspace       used 5316K, committed 5504K, reserved 1114112K
  class space    used 500K, committed 576K, reserved 1048576K
}
Event: 7.290 GC heap before
{Heap before GC invocations=1 (full 0):
 garbage-first heap   total 131072K, used 18324K [0x0000000081c00000, 0x0000000100000000)
  region size 1024K, 19 young (19456K), 2 survivors (2048K)
 Metaspace       used 10428K, committed 10688K, reserved 1114112K
  class space    used 851K, committed 960K, reserved 1048576K
}
Event: 7.298 GC heap after
{Heap after GC invocations=2 (full 0):
 garbage-first heap   total 131072K, used 3598K [0x0000000081c00000, 0x0000000100000000)
  region size 1024K, 2 young (2048K), 2 survivors (2048K)
 Metaspace       used 10428K, committed 10688K, reserved 1114112K
  class space    used 851K, committed 960K, reserved 1048576K
}
Event: 24.185 GC heap before
{Heap before GC invocations=2 (full 0):
 garbage-first heap   total 131072K, used 13838K [0x0000000081c00000, 0x0000000100000000)
  region size 1024K, 14 young (14336K), 2 survivors (2048K)
 Metaspace       used 13063K, committed 13312K, reserved 1114112K
  class space    used 1134K, committed 1216K, reserved 1048576K
}
Event: 24.204 GC heap after
{Heap after GC invocations=3 (full 1):
 garbage-first heap   total 24576K, used 5163K [0x0000000081c00000, 0x0000000100000000)
  region size 1024K, 0 young (0K), 0 survivors (0K)
 Metaspace       used 13063K, committed 13312K, reserved 1114112K
  class space    used 1134K, committed 1216K, reserved 1048576K
}
Event: 24.271 GC heap before
{Heap before GC invocations=3 (full 1):
 garbage-first heap   total 24576K, used 5163K [0x0000000081c00000, 0x0000000100000000)
  region size 1024K, 1 young (1024K), 0 survivors (0K)
 Metaspace       used 13134K, committed 13376K, reserved 1114112K
  class space    used 1140K, committed 1216K, reserved 1048576K
}
Event: 24.290 GC heap after
{Heap after GC invocations=4 (full 2):
 garbage-first heap   total 20480K, used 5081K [0x0000000081c00000, 0x0000000100000000)
  region size 1024K, 0 young (0K), 0 survivors (0K)
 Metaspace       used 13134K, committed 13376K, reserved 1114112K
  class space    used 1140K, committed 1216K, reserved 1048576K
}

Dll operation events (16 events):
Event: 0.017 Loaded shared library C:\Users\its\.jdks\liberica-17.0.7\bin\java.dll
Event: 0.034 Loaded shared library C:\Users\its\.jdks\liberica-17.0.7\bin\jsvml.dll
Event: 0.134 Loaded shared library C:\Users\its\.jdks\liberica-17.0.7\bin\net.dll
Event: 0.136 Loaded shared library C:\Users\its\.jdks\liberica-17.0.7\bin\nio.dll
Event: 0.144 Loaded shared library C:\Users\its\.jdks\liberica-17.0.7\bin\zip.dll
Event: 0.361 Loaded shared library C:\Users\its\.jdks\liberica-17.0.7\bin\jimage.dll
Event: 0.375 Loaded shared library C:\Users\its\.jdks\liberica-17.0.7\bin\prefs.dll
Event: 0.598 Loaded shared library C:\Windows\System32\icuuc.dll
Event: 0.613 Loaded shared library C:\Qt\6.6.0\msvc2019_64\bin\Qt6Core.dll
Event: 0.873 Loaded shared library C:\Users\its\AppData\Local\Temp\QtJambi6.6.0_3844\bin\QtJambi6.dll
Event: 1.256 Loaded shared library C:\Users\its\AppData\Local\Temp\QtJambi6.6.0_3844\bin\QtJambiCore6.dll
Event: 1.478 Loaded shared library C:\Qt\6.6.0\msvc2019_64\bin\Qt6Gui.dll
Event: 1.658 Loaded shared library C:\Users\its\AppData\Local\Temp\QtJambi6.6.0_3844\bin\QtJambiGui6.dll
Event: 1.681 Loaded shared library C:\Qt\6.6.0\msvc2019_64\bin\Qt6Widgets.dll
Event: 1.904 Loaded shared library C:\Users\its\AppData\Local\Temp\QtJambi6.6.0_3844\bin\QtJambiWidgets6.dll
Event: 8.057 Loaded shared library C:\Users\its\AppData\Local\Temp\sqlite-3.42.0.0-ed6710f0-3af7-4be9-810e-5d98bd1e0e68-sqlitejdbc.dll

Deoptimization events (20 events):
Event: 20.591 Thread 0x00000188feb850f0 Uncommon trap: trap_request=0xffffff45 fr.pc=0x00000188908c565c relative=0x000000000000005c
Event: 20.591 Thread 0x00000188feb850f0 Uncommon trap: reason=unstable_if action=reinterpret pc=0x00000188908c565c method=java.lang.AbstractStringBuilder.isLatin1()Z @ 10 c2
Event: 20.591 Thread 0x00000188feb850f0 DEOPT PACKING pc=0x00000188908c565c sp=0x00000051497f9710
Event: 20.591 Thread 0x00000188feb850f0 DEOPT UNPACKING pc=0x00000188903469a3 sp=0x00000051497f96a0 mode 2
Event: 20.592 Thread 0x00000188feb850f0 Uncommon trap: trap_request=0xffffff45 fr.pc=0x00000188908cd20c relative=0x00000000000004cc
Event: 20.592 Thread 0x00000188feb850f0 Uncommon trap: reason=unstable_if action=reinterpret pc=0x00000188908cd20c method=java.lang.AbstractStringBuilder.putStringAt(ILjava/lang/String;II)V @ 8 c2
Event: 20.592 Thread 0x00000188feb850f0 DEOPT PACKING pc=0x00000188908cd20c sp=0x00000051497f9730
Event: 20.592 Thread 0x00000188feb850f0 DEOPT UNPACKING pc=0x00000188903469a3 sp=0x00000051497f9610 mode 2
Event: 20.592 Thread 0x00000188feb850f0 Uncommon trap: trap_request=0xffffff45 fr.pc=0x00000188908ceabc relative=0x000000000000011c
Event: 20.592 Thread 0x00000188feb850f0 Uncommon trap: reason=unstable_if action=reinterpret pc=0x00000188908ceabc method=java.lang.AbstractStringBuilder.putStringAt(ILjava/lang/String;II)V @ 8 c2
Event: 20.592 Thread 0x00000188feb850f0 DEOPT PACKING pc=0x00000188908ceabc sp=0x00000051497f96c0
Event: 20.592 Thread 0x00000188feb850f0 DEOPT UNPACKING pc=0x00000188903469a3 sp=0x00000051497f9608 mode 2
Event: 20.592 Thread 0x00000188feb850f0 Uncommon trap: trap_request=0xffffff45 fr.pc=0x00000188908cefc8 relative=0x0000000000000128
Event: 20.592 Thread 0x00000188feb850f0 Uncommon trap: reason=unstable_if action=reinterpret pc=0x00000188908cefc8 method=java.lang.AbstractStringBuilder.putStringAt(ILjava/lang/String;II)V @ 8 c2
Event: 20.592 Thread 0x00000188feb850f0 DEOPT PACKING pc=0x00000188908cefc8 sp=0x00000051497f97b0
Event: 20.592 Thread 0x00000188feb850f0 DEOPT UNPACKING pc=0x00000188903469a3 sp=0x00000051497f9778 mode 2
Event: 20.592 Thread 0x00000188feb850f0 Uncommon trap: trap_request=0xffffff45 fr.pc=0x00000188908e86dc relative=0x00000000000003bc
Event: 20.592 Thread 0x00000188feb850f0 Uncommon trap: reason=unstable_if action=reinterpret pc=0x00000188908e86dc method=java.lang.AbstractStringBuilder.isLatin1()Z @ 10 c2
Event: 20.592 Thread 0x00000188feb850f0 DEOPT PACKING pc=0x00000188908e86dc sp=0x00000051497f9b80
Event: 20.592 Thread 0x00000188feb850f0 DEOPT UNPACKING pc=0x00000188903469a3 sp=0x00000051497f9b00 mode 2

Classes unloaded (0 events):
No events

Classes redefined (0 events):
No events

Internal exceptions (20 events):
Event: 3.329 Thread 0x00000188feb850f0 Exception <a 'java/lang/NoSuchMethodError'{0x0000000088f156b0}: 'java.lang.Object java.lang.invoke.DirectMethodHandle$Holder.newInvokeSpecial(java.lang.Object, java.lang.Object, java.lang.Object, java.lang.Object, java.lang.Object, java.lang.Object, java.lang.Object, java.lang.Object, java.lang.Object, java.lang.Object, java.lang.Object)'> (0x0000000088f156b0) 
thrown [s\src\hotspot\share\interpreter\linkResolver.cpp, line 759]
Event: 3.330 Thread 0x00000188feb850f0 Exception <a 'java/lang/NoSuchMethodError'{0x0000000088f1a598}: 'java.lang.Object java.lang.invoke.DirectMethodHandle$Holder.invokeSpecial(java.lang.Object, java.lang.Object, java.lang.Object, java.lang.Object, java.lang.Object, java.lang.Object, java.lang.Object, java.lang.Object, java.lang.Object, java.lang.Object, java.lang.Object, java.lang.Object)'> (0x0000000088f1a598) 
thrown [s\src\hotspot\share\interpreter\linkResolver.cpp, line 759]
Event: 3.330 Thread 0x00000188feb850f0 Exception <a 'java/lang/NoSuchMethodError'{0x0000000088f1ec40}: 'java.lang.Object java.lang.invoke.Invokers$Holder.linkToTargetMethod(java.lang.Object, java.lang.Object, java.lang.Object, java.lang.Object, java.lang.Object, java.lang.Object, java.lang.Object, java.lang.Object, java.lang.Object, java.lang.Object, java.lang.Object)'> (0x0000000088f1ec40) 
thrown [s\src\hotspot\share\interpreter\linkResolver.cpp, line 759]
Event: 5.915 Thread 0x00000188feb850f0 Exception <a 'java/lang/NoSuchMethodError'{0x0000000088fa3b00}: 'java.lang.Object java.lang.invoke.Invokers$Holder.invoke_MT(java.lang.Object, java.lang.Object, java.lang.Object)'> (0x0000000088fa3b00) 
thrown [s\src\hotspot\share\interpreter\linkResolver.cpp, line 759]
Event: 7.132 Thread 0x00000188feb850f0 Exception <a 'java/lang/NoSuchMethodError'{0x0000000088c7c8c0}: Lapp/backend/entities/DataTable;.<init>()V> (0x0000000088c7c8c0) 
thrown [s\src\hotspot\share\prims\jni.cpp, line 1107]
Event: 7.132 Thread 0x00000188feb850f0 Exception <a 'java/lang/NoSuchMethodError'{0x0000000088c7cbc0}: clone> (0x0000000088c7cbc0) 
thrown [s\src\hotspot\share\prims\jni.cpp, line 1073]
Event: 7.222 Thread 0x00000188feb850f0 Exception <a 'java/lang/NoSuchMethodError'{0x0000000088a6bb78}: Lapp/backend/table/Table;.<init>()V> (0x0000000088a6bb78) 
thrown [s\src\hotspot\share\prims\jni.cpp, line 1107]
Event: 7.222 Thread 0x00000188feb850f0 Exception <a 'java/lang/NoSuchMethodError'{0x0000000088a6beb0}: Lapp/backend/table/Table;.clone()Lapp/backend/table/Table;> (0x0000000088a6beb0) 
thrown [s\src\hotspot\share\prims\jni.cpp, line 1107]
Event: 7.778 Thread 0x00000188feb850f0 Exception <a 'java/lang/NoSuchMethodError'{0x00000000895be570}: 'java.lang.Object java.lang.invoke.DirectMethodHandle$Holder.invokeStaticInit(java.lang.Object, int, int, int, int)'> (0x00000000895be570) 
thrown [s\src\hotspot\share\interpreter\linkResolver.cpp, line 759]
Event: 7.875 Thread 0x00000188feb850f0 Exception <a 'java/lang/NoSuchMethodError'{0x000000008943f488}: 'java.lang.Object java.lang.invoke.DirectMethodHandle$Holder.invokeStaticInit(java.lang.Object, java.lang.Object, int, int, int, int)'> (0x000000008943f488) 
thrown [s\src\hotspot\share\interpreter\linkResolver.cpp, line 759]
Event: 7.882 Thread 0x00000188feb850f0 Exception <a 'sun/nio/fs/WindowsException'{0x000000008944fcd8}> (0x000000008944fcd8) 
thrown [s\src\hotspot\share\prims\jni.cpp, line 516]
Event: 7.883 Thread 0x00000188feb850f0 Exception <a 'sun/nio/fs/WindowsException'{0x0000000089450078}> (0x0000000089450078) 
thrown [s\src\hotspot\share\prims\jni.cpp, line 516]
Event: 7.884 Thread 0x00000188feb850f0 Exception <a 'sun/nio/fs/WindowsException'{0x0000000089450bf8}> (0x0000000089450bf8) 
thrown [s\src\hotspot\share\prims\jni.cpp, line 516]
Event: 8.138 Thread 0x00000188feb850f0 Exception <a 'java/lang/NoSuchMethodError'{0x00000000893f01f8}: 'java.lang.Object java.lang.invoke.DirectMethodHandle$Holder.invokeSpecial(java.lang.Object, java.lang.Object, int, java.lang.Object, long)'> (0x00000000893f01f8) 
thrown [s\src\hotspot\share\interpreter\linkResolver.cpp, line 759]
Event: 8.140 Thread 0x00000188feb850f0 Exception <a 'java/lang/NoSuchMethodError'{0x00000000893f6b38}: 'java.lang.Object java.lang.invoke.DirectMethodHandle$Holder.newInvokeSpecial(java.lang.Object, java.lang.Object, int)'> (0x00000000893f6b38) 
thrown [s\src\hotspot\share\interpreter\linkResolver.cpp, line 759]
Event: 8.256 Thread 0x00000188feb850f0 Exception <a 'java/lang/NoSuchMethodError'{0x00000000892a46f0}: 'void java.lang.invoke.Invokers$Holder.invoke_MT(java.lang.Object, java.lang.Object, java.lang.Object, java.lang.Object)'> (0x00000000892a46f0) 
thrown [s\src\hotspot\share\interpreter\linkResolver.cpp, line 759]
Event: 20.561 Thread 0x00000188feb850f0 Exception <a 'java/lang/NullPointerException'{0x0000000089048858}> (0x0000000089048858) 
thrown [s\src\hotspot\share\prims\jni.cpp, line 516]
Event: 20.561 Thread 0x00000188feb850f0 Exception <a 'java/lang/NullPointerException'{0x0000000089048858}> (0x0000000089048858) 
thrown [s\src\hotspot\share\prims\jni.cpp, line 516]
Event: 20.578 Thread 0x00000188feb850f0 Exception <a 'java/lang/NoSuchMethodError'{0x00000000890a56d8}: 'void java.lang.invoke.DirectMethodHandle$Holder.invokeSpecial(java.lang.Object, java.lang.Object, java.lang.Object)'> (0x00000000890a56d8) 
thrown [s\src\hotspot\share\interpreter\linkResolver.cpp, line 759]
Event: 20.582 Thread 0x00000188feb850f0 Exception <a 'java/lang/ClassNotFoundException'{0x00000000890b23f8}: sun/util/logging/resources/spi/loggingProvider> (0x00000000890b23f8) 
thrown [s\src\hotspot\share\classfile\systemDictionary.cpp, line 256]

VM Operations (20 events):
Event: 7.746 Executing VM operation: HandshakeAllThreads
Event: 7.746 Executing VM operation: HandshakeAllThreads done
Event: 7.756 Executing VM operation: HandshakeAllThreads
Event: 7.756 Executing VM operation: HandshakeAllThreads done
Event: 7.799 Executing VM operation: HandshakeAllThreads
Event: 7.799 Executing VM operation: HandshakeAllThreads done
Event: 8.799 Executing VM operation: Cleanup
Event: 8.799 Executing VM operation: Cleanup done
Event: 15.802 Executing VM operation: Cleanup
Event: 15.802 Executing VM operation: Cleanup done
Event: 20.580 Executing VM operation: HandshakeAllThreads
Event: 20.580 Executing VM operation: HandshakeAllThreads done
Event: 20.580 Executing VM operation: Cleanup
Event: 20.580 Executing VM operation: Cleanup done
Event: 20.589 Executing VM operation: HandshakeAllThreads
Event: 20.589 Executing VM operation: HandshakeAllThreads done
Event: 24.185 Executing VM operation: G1CollectFull
Event: 24.204 Executing VM operation: G1CollectFull done
Event: 24.270 Executing VM operation: G1CollectFull
Event: 24.291 Executing VM operation: G1CollectFull done

Events (20 events):
Event: 20.581 loading class java/util/ResourceBundle$CacheKeyReference done
Event: 20.581 loading class java/util/ResourceBundle$KeyElementReference done
Event: 20.581 loading class java/util/ResourceBundle$3
Event: 20.582 loading class java/util/ResourceBundle$3 done
Event: 20.582 loading class sun/util/logging/resources/logging
Event: 20.582 loading class sun/util/logging/resources/logging done
Event: 20.583 loading class java/util/ResourceBundle$BundleReference
Event: 20.583 loading class java/util/ResourceBundle$BundleReference done
Event: 20.583 loading class sun/util/logging/resources/logging_ru
Event: 20.583 loading class sun/util/logging/resources/logging_ru done
Event: 20.583 loading class sun/util/logging/resources/logging_ru
Event: 20.583 loading class sun/util/logging/resources/logging_ru done
Event: 20.584 loading class sun/util/logging/resources/logging_ru_RU
Event: 20.584 loading class sun/util/logging/resources/logging_ru_RU done
Event: 20.584 loading class sun/util/logging/resources/logging_ru_RU
Event: 20.584 loading class sun/util/logging/resources/logging_ru_RU done
Event: 20.584 loading class java/util/Formatter$DateTime
Event: 20.584 loading class java/util/Formatter$DateTime done
Event: 20.585 loading class java/time/ZonedDateTime$1
Event: 20.585 loading class java/time/ZonedDateTime$1 done


Dynamic libraries:
0x00007ff7545d0000 - 0x00007ff7545dd000 	C:\Users\its\.jdks\liberica-17.0.7\bin\java.exe
0x00007ff8eefe0000 - 0x00007ff8ef1d0000 	C:\Windows\SYSTEM32\ntdll.dll
0x00007ff8edfa0000 - 0x00007ff8ee052000 	C:\Windows\System32\KERNEL32.DLL
0x00007ff8ecb30000 - 0x00007ff8ecdd5000 	C:\Windows\System32\KERNELBASE.dll
0x00007ff8ec930000 - 0x00007ff8eca2a000 	C:\Windows\System32\ucrtbase.dll
0x00007ff8e4710000 - 0x00007ff8e4727000 	C:\Users\its\.jdks\liberica-17.0.7\bin\jli.dll
0x00007ff8ed6a0000 - 0x00007ff8ed834000 	C:\Windows\System32\USER32.dll
0x00007ff8e55a0000 - 0x00007ff8e55b5000 	C:\Users\its\.jdks\liberica-17.0.7\bin\VCRUNTIME140.dll
0x00007ff8eca30000 - 0x00007ff8eca51000 	C:\Windows\System32\win32u.dll
0x00007ff8ed9f0000 - 0x00007ff8eda16000 	C:\Windows\System32\GDI32.dll
0x00007ff8ebf50000 - 0x00007ff8ec0e6000 	C:\Windows\System32\gdi32full.dll
0x00007ff8ecff0000 - 0x00007ff8ed08e000 	C:\Windows\System32\msvcp_win.dll
0x00007ff8d9b90000 - 0x00007ff8d9e14000 	C:\Windows\WinSxS\amd64_microsoft.windows.common-controls_6595b64144ccf1df_6.0.18362.1256_none_9e7e379be45e40e2\COMCTL32.dll
0x00007ff8ed260000 - 0x00007ff8ed2fe000 	C:\Windows\System32\msvcrt.dll
0x00007ff8edc00000 - 0x00007ff8edf36000 	C:\Windows\System32\combase.dll
0x00007ff8eda20000 - 0x00007ff8edb40000 	C:\Windows\System32\RPCRT4.dll
0x00007ff8ecf60000 - 0x00007ff8ecfe1000 	C:\Windows\System32\bcryptPrimitives.dll
0x00007ff8ed440000 - 0x00007ff8ed46e000 	C:\Windows\System32\IMM32.DLL
0x00007ff8dc650000 - 0x00007ff8dc6eb000 	C:\Users\its\.jdks\liberica-17.0.7\bin\msvcp140.dll
0x00007ff8a5320000 - 0x00007ff8a5f42000 	C:\Users\its\.jdks\liberica-17.0.7\bin\server\jvm.dll
0x00007ff8eeef0000 - 0x00007ff8eef93000 	C:\Windows\System32\ADVAPI32.dll
0x00007ff8ed0f0000 - 0x00007ff8ed187000 	C:\Windows\System32\sechost.dll
0x00007ff8dcee0000 - 0x00007ff8dcee9000 	C:\Windows\SYSTEM32\WSOCK32.dll
0x00007ff8ed630000 - 0x00007ff8ed69f000 	C:\Windows\System32\WS2_32.dll
0x00007ff8e98b0000 - 0x00007ff8e98d4000 	C:\Windows\SYSTEM32\WINMM.dll
0x00007ff8dfc80000 - 0x00007ff8dfc8a000 	C:\Windows\SYSTEM32\VERSION.dll
0x00007ff8e9880000 - 0x00007ff8e98ad000 	C:\Windows\SYSTEM32\WINMMBASE.dll
0x00007ff8ec8e0000 - 0x00007ff8ec92a000 	C:\Windows\System32\cfgmgr32.dll
0x00007ff8ebee0000 - 0x00007ff8ebef1000 	C:\Windows\System32\kernel.appcore.dll
0x00007ff8e5460000 - 0x00007ff8e546a000 	C:\Users\its\.jdks\liberica-17.0.7\bin\jimage.dll
0x00007ff8ea600000 - 0x00007ff8ea7f4000 	C:\Windows\SYSTEM32\DBGHELP.DLL
0x00007ff8dac40000 - 0x00007ff8dac6a000 	C:\Windows\SYSTEM32\dbgcore.DLL
0x00007ff8def40000 - 0x00007ff8def65000 	C:\Users\its\.jdks\liberica-17.0.7\bin\java.dll
0x00007ff8d7380000 - 0x00007ff8d7456000 	C:\Users\its\.jdks\liberica-17.0.7\bin\jsvml.dll
0x00007ff8ee230000 - 0x00007ff8ee917000 	C:\Windows\System32\SHELL32.dll
0x00007ff8edb50000 - 0x00007ff8edbf9000 	C:\Windows\System32\shcore.dll
0x00007ff8ec150000 - 0x00007ff8ec8d1000 	C:\Windows\System32\windows.storage.dll
0x00007ff8ebe90000 - 0x00007ff8ebeb3000 	C:\Windows\System32\profapi.dll
0x00007ff8ebf00000 - 0x00007ff8ebf4a000 	C:\Windows\System32\powrprof.dll
0x00007ff8ebe80000 - 0x00007ff8ebe90000 	C:\Windows\System32\UMPDC.dll
0x00007ff8ed300000 - 0x00007ff8ed352000 	C:\Windows\System32\shlwapi.dll
0x00007ff8eca60000 - 0x00007ff8eca77000 	C:\Windows\System32\cryptsp.dll
0x00007ff8de4b0000 - 0x00007ff8de4c9000 	C:\Users\its\.jdks\liberica-17.0.7\bin\net.dll
0x00007ff8de360000 - 0x00007ff8de450000 	C:\Windows\SYSTEM32\WINHTTP.dll
0x00007ff8eb670000 - 0x00007ff8eb6d7000 	C:\Windows\system32\mswsock.dll
0x00007ff8dc630000 - 0x00007ff8dc645000 	C:\Users\its\.jdks\liberica-17.0.7\bin\nio.dll
0x00007ff8dc610000 - 0x00007ff8dc628000 	C:\Users\its\.jdks\liberica-17.0.7\bin\zip.dll
0x00007ff8e7ce0000 - 0x00007ff8e7ce9000 	C:\Users\its\.jdks\liberica-17.0.7\bin\prefs.dll
0x000001889ddf0000 - 0x000001889ddf9000 	C:\Windows\System32\icuuc.dll
0x00007ff89ec70000 - 0x00007ff89f277000 	C:\Qt\6.6.0\msvc2019_64\bin\Qt6Core.dll
0x00007ff8ee920000 - 0x00007ff8eea77000 	C:\Windows\System32\ole32.dll
0x00007ff8ed370000 - 0x00007ff8ed435000 	C:\Windows\System32\OLEAUT32.dll
0x00007ff8dc890000 - 0x00007ff8dc8ab000 	C:\Windows\SYSTEM32\MPR.dll
0x00007ff8ebda0000 - 0x00007ff8ebdc5000 	C:\Windows\SYSTEM32\USERENV.dll
0x00007ff8eaf60000 - 0x00007ff8eafaa000 	C:\Windows\SYSTEM32\AUTHZ.dll
0x00007ff8d74e0000 - 0x00007ff8d74f7000 	C:\Windows\SYSTEM32\NETAPI32.dll
0x00007ff8e7cd0000 - 0x00007ff8e7cd9000 	C:\Users\its\.jdks\liberica-17.0.7\bin\MSVCP140_1.dll
0x00007ff8e9970000 - 0x00007ff8e997c000 	C:\Windows\SYSTEM32\VCRUNTIME140_1.dll
0x00007ff8eb840000 - 0x00007ff8eb84c000 	C:\Windows\SYSTEM32\CRYPTBASE.DLL
0x00007ff8d74b0000 - 0x00007ff8d74d6000 	C:\Windows\SYSTEM32\SRVCLI.DLL
0x00007ff8eb490000 - 0x00007ff8eb49c000 	C:\Windows\SYSTEM32\NETUTILS.DLL
0x00007ff89e7e0000 - 0x00007ff89ec6e000 	C:\Users\its\AppData\Local\Temp\QtJambi6.6.0_3844\bin\QtJambi6.dll
0x00007ff89d570000 - 0x00007ff89e7db000 	C:\Users\its\AppData\Local\Temp\QtJambi6.6.0_3844\bin\QtJambiCore6.dll
0x00007ff89cce0000 - 0x00007ff89d56f000 	C:\Qt\6.6.0\msvc2019_64\bin\Qt6Gui.dll
0x00007ff8e8730000 - 0x00007ff8e898b000 	C:\Windows\SYSTEM32\d3d11.dll
0x00007ff8eab50000 - 0x00007ff8eac3b000 	C:\Windows\SYSTEM32\dxgi.dll
0x00007ff8c0050000 - 0x00007ff8c0222000 	C:\Windows\SYSTEM32\d3d12.dll
0x00007ff8df3c0000 - 0x00007ff8df6be000 	C:\Windows\SYSTEM32\DWrite.dll
0x00007ff8de610000 - 0x00007ff8de642000 	C:\Users\its\.jdks\liberica-17.0.7\bin\MSVCP140_2.dll
0x00007ff8eaac0000 - 0x00007ff8eaae0000 	C:\Windows\SYSTEM32\dxcore.dll
0x00007ff89c740000 - 0x00007ff89ccd2000 	C:\Users\its\AppData\Local\Temp\QtJambi6.6.0_3844\bin\QtJambiGui6.dll
0x00007ff89c110000 - 0x00007ff89c73a000 	C:\Qt\6.6.0\msvc2019_64\bin\Qt6Widgets.dll
0x00007ff8ea080000 - 0x00007ff8ea0ad000 	C:\Windows\SYSTEM32\dwmapi.dll
0x00007ff8e9be0000 - 0x00007ff8e9c79000 	C:\Windows\SYSTEM32\UxTheme.dll
0x00007ff89b810000 - 0x00007ff89c104000 	C:\Users\its\AppData\Local\Temp\QtJambi6.6.0_3844\bin\QtJambiWidgets6.dll
0x00007ff8c4d10000 - 0x00007ff8c4dee000 	C:\Qt\6.6.0\msvc2019_64\plugins\platforms\qwindows.dll
0x00007ff8eea80000 - 0x00007ff8eeef0000 	C:\Windows\System32\SETUPAPI.dll
0x00007ff8ecf30000 - 0x00007ff8ecf56000 	C:\Windows\System32\bcrypt.dll
0x00007ff8ed190000 - 0x00007ff8ed260000 	C:\Windows\System32\COMDLG32.dll
0x00007ff8ea800000 - 0x00007ff8ea813000 	C:\Windows\SYSTEM32\WTSAPI32.dll
0x00007ff8bfe80000 - 0x00007ff8c0047000 	C:\Windows\SYSTEM32\d3d9.dll
0x00007ff8ed4f0000 - 0x00007ff8ed625000 	C:\Windows\System32\MSCTF.dll
0x00007ff8ebc70000 - 0x00007ff8ebc9a000 	C:\Windows\SYSTEM32\DEVOBJ.dll
0x00007ff8ed840000 - 0x00007ff8ed8e2000 	C:\Windows\System32\clbcatq.dll
0x00007ff8e1950000 - 0x00007ff8e1aa1000 	C:\Windows\System32\Windows.UI.dll
0x00007ff8e1790000 - 0x00007ff8e18ab000 	C:\Windows\System32\InputHost.dll
0x00007ff8e18b0000 - 0x00007ff8e194e000 	C:\Windows\System32\TextInputFramework.dll
0x00007ff8e9650000 - 0x00007ff8e9724000 	C:\Windows\System32\CoreMessaging.dll
0x00007ff8e76b0000 - 0x00007ff8e79da000 	C:\Windows\System32\CoreUIComponents.dll
0x00007ff8e7550000 - 0x00007ff8e76a3000 	C:\Windows\SYSTEM32\wintypes.dll
0x00007ff8ea330000 - 0x00007ff8ea420000 	C:\Windows\System32\PROPSYS.dll
0x00007ff8eaec0000 - 0x00007ff8eaef1000 	C:\Windows\SYSTEM32\ntmarta.dll
0x00007ff8dfcb0000 - 0x00007ff8dfdc2000 	C:\Windows\System32\Windows.UI.Immersive.dll
0x00007ff8de200000 - 0x00007ff8de225000 	C:\Qt\6.6.0\msvc2019_64\plugins\styles\qwindowsvistastyle.dll
0x00007ff8e5750000 - 0x00007ff8e575e000 	C:\Qt\6.6.0\msvc2019_64\plugins\imageformats\qgif.dll
0x00007ff8e1ca0000 - 0x00007ff8e1cb0000 	C:\Qt\6.6.0\msvc2019_64\plugins\imageformats\qicns.dll
0x00007ff8e1c90000 - 0x00007ff8e1c9e000 	C:\Qt\6.6.0\msvc2019_64\plugins\imageformats\qico.dll
0x00007ff8cf7b0000 - 0x00007ff8cf84c000 	C:\Qt\6.6.0\msvc2019_64\plugins\imageformats\qjpeg.dll
0x00007ff8e1c70000 - 0x00007ff8e1c7d000 	C:\Qt\6.6.0\msvc2019_64\plugins\imageformats\qpdf.dll
0x00007ff892aa0000 - 0x00007ff892fea000 	C:\Qt\6.6.0\msvc2019_64\bin\Qt6Pdf.dll
0x00007ff8bf080000 - 0x00007ff8bf1f3000 	C:\Qt\6.6.0\msvc2019_64\bin\Qt6Network.dll
0x00007ff8eb380000 - 0x00007ff8eb3ba000 	C:\Windows\SYSTEM32\IPHLPAPI.DLL
0x00007ff8eb3c0000 - 0x00007ff8eb48b000 	C:\Windows\SYSTEM32\DNSAPI.dll
0x00007ff8ed4e0000 - 0x00007ff8ed4e8000 	C:\Windows\System32\NSI.dll
0x00007ff8dce70000 - 0x00007ff8dce7c000 	C:\Windows\SYSTEM32\Secur32.dll
0x00007ff8ebd60000 - 0x00007ff8ebd97000 	C:\Windows\SYSTEM32\SSPICLI.DLL
0x00007ff8de1f0000 - 0x00007ff8de1fc000 	C:\Qt\6.6.0\msvc2019_64\plugins\imageformats\qsvg.dll
0x00007ff8ce920000 - 0x00007ff8ce97f000 	C:\Qt\6.6.0\msvc2019_64\bin\Qt6Svg.dll
0x00007ff8de0d0000 - 0x00007ff8de0dc000 	C:\Qt\6.6.0\msvc2019_64\plugins\imageformats\qtga.dll
0x00007ff8c0360000 - 0x00007ff8c03ca000 	C:\Qt\6.6.0\msvc2019_64\plugins\imageformats\qtiff.dll
0x00007ff8dced0000 - 0x00007ff8dcedc000 	C:\Qt\6.6.0\msvc2019_64\plugins\imageformats\qwbmp.dll
0x00007ff8beff0000 - 0x00007ff8bf078000 	C:\Qt\6.6.0\msvc2019_64\plugins\imageformats\qwebp.dll
0x00007ff8d0af0000 - 0x00007ff8d0b2a000 	C:\Windows\system32\dataexchange.dll
0x00007ff8e8df0000 - 0x00007ff8e8fcd000 	C:\Windows\system32\dcomp.dll
0x00007ff8e9cb0000 - 0x00007ff8e9f12000 	C:\Windows\system32\twinapi.appcore.dll
0x00007ff8ea190000 - 0x00007ff8ea1b9000 	C:\Windows\system32\RMCLIENT.dll
0x00007ff8dfe00000 - 0x00007ff8e00a7000 	C:\Windows\System32\iertutil.dll
0x00007ff8cfa50000 - 0x00007ff8cfc56000 	C:\Windows\system32\explorerframe.dll
0x00007ff8c4ac0000 - 0x00007ff8c4c73000 	C:\Windows\SYSTEM32\DUI70.dll
0x00007ff8de150000 - 0x00007ff8de1e3000 	C:\Windows\SYSTEM32\DUser.dll
0x00007ff8cea30000 - 0x00007ff8cea53000 	C:\Windows\SYSTEM32\edputil.dll
0x00007ff8e72d0000 - 0x00007ff8e747f000 	C:\Windows\SYSTEM32\WindowsCodecs.dll
0x00007ff8cea60000 - 0x00007ff8ceabe000 	C:\Windows\System32\thumbcache.dll
0x00007ff8e4530000 - 0x00007ff8e45b9000 	C:\Windows\SYSTEM32\policymanager.dll
0x00007ff8e8010000 - 0x00007ff8e809a000 	C:\Windows\SYSTEM32\msvcp110_win.dll
0x00007ff8ded80000 - 0x00007ff8def39000 	C:\Windows\System32\Windows.Globalization.dll
0x00007ff8e1d10000 - 0x00007ff8e1d6d000 	C:\Windows\System32\Bcp47Langs.dll
0x00007ff8e1500000 - 0x00007ff8e1530000 	C:\Windows\System32\bcp47mrm.dll

dbghelp: loaded successfully - version: 4.0.5 - missing functions: none
symbol engine: initialized successfully - sym options: 0x614 - pdb path: .;C:\Users\its\.jdks\liberica-17.0.7\bin;C:\Windows\SYSTEM32;C:\Windows\WinSxS\amd64_microsoft.windows.common-controls_6595b64144ccf1df_6.0.18362.1256_none_9e7e379be45e40e2;C:\Users\its\.jdks\liberica-17.0.7\bin\server;C:\Qt\6.6.0\msvc2019_64\bin;C:\Users\its\AppData\Local\Temp\QtJambi6.6.0_3844\bin;C:\Qt\6.6.0\msvc2019_64\plugins\platforms;C:\Qt\6.6.0\msvc2019_64\plugins\styles;C:\Qt\6.6.0\msvc2019_64\plugins\imageformats;C:\Windows\WinSxS\amd64_microsoft.windows.gdiplus_6595b64144ccf1df_1.1.18362.1256_none_cf692a813ef0bab0;C:\PROGRA~1\MICROS~1\Office16;C:\PROGRA~1\MICROS~1\Office16\1049;C:\Program Files\Common Files\Autodesk Shared;C:\Users\its\AppData\Local\Temp

VM Arguments:
jvm_args: -Djava.library.path=C:\Qt\6.6.0\msvc2019_64\bin -Dfile.encoding=windows-1251 -Duser.country=RU -Duser.language=ru -Duser.variant 
java_command: Main
java_class_path (initial): C:\Users\its\Desktop\software\UI\DBBrowser\build\classes\java\main;C:\Users\its\Desktop\software\UI\DBBrowser\build\resources\main;C:\Users\its\Desktop\software\UI\DBBrowser\build\libs\qtjambi-native-windows-x64-6.6.0.jar;C:\Users\its\.gradle\caches\modules-2\files-2.1\io.qtjambi\qtjambi\6.6.0\122bd017d9f98685b5632c0c0a7c677df68db02e\qtjambi-6.6.0.jar;C:\Users\its\.gradle\caches\modules-2\files-2.1\org.postgresql\postgresql\42.6.0\7614cfce466145b84972781ab0079b8dea49e363\postgresql-42.6.0.jar;C:\Users\its\.gradle\caches\modules-2\files-2.1\org.xerial\sqlite-jdbc\3.42.0.0\a4c84376df810062d20c84777b84ec077b5ecdab\sqlite-jdbc-3.42.0.0.jar;C:\Users\its\.gradle\caches\modules-2\files-2.1\org.checkerframework\checker-qual\3.31.0\eeefd4af42e2f4221d145c1791582f91868f99ab\checker-qual-3.31.0.jar
Launcher Type: SUN_STANDARD

[Global flags]
     intx CICompilerCount                          = 3                                         {product} {ergonomic}
     uint ConcGCThreads                            = 1                                         {product} {ergonomic}
     uint G1ConcRefinementThreads                  = 4                                         {product} {ergonomic}
   size_t G1HeapRegionSize                         = 1048576                                   {product} {ergonomic}
    uintx GCDrainStackTargetSize                   = 64                                        {product} {ergonomic}
   size_t InitialHeapSize                          = 134217728                                 {product} {ergonomic}
   size_t MarkStackSize                            = 4194304                                   {product} {ergonomic}
   size_t MaxHeapSize                              = 2118123520                                {product} {ergonomic}
   size_t MaxNewSize                               = 1270874112                                {product} {ergonomic}
   size_t MinHeapDeltaBytes                        = 1048576                                   {product} {ergonomic}
   size_t MinHeapSize                              = 8388608                                   {product} {ergonomic}
    uintx NonNMethodCodeHeapSize                   = 5832780                                {pd product} {ergonomic}
    uintx NonProfiledCodeHeapSize                  = 122912730                              {pd product} {ergonomic}
    uintx ProfiledCodeHeapSize                     = 122912730                              {pd product} {ergonomic}
    uintx ReservedCodeCacheSize                    = 251658240                              {pd product} {ergonomic}
     bool SegmentedCodeCache                       = true                                      {product} {ergonomic}
   size_t SoftMaxHeapSize                          = 2118123520                             {manageable} {ergonomic}
     bool UseCompressedClassPointers               = true                           {product lp64_product} {ergonomic}
     bool UseCompressedOops                        = true                           {product lp64_product} {ergonomic}
     bool UseG1GC                                  = true                                      {product} {ergonomic}
     bool UseLargePagesIndividualAllocation        = false                                  {pd product} {ergonomic}

Logging:
Log output configuration:
 #0: stdout all=warning uptime,level,tags
 #1: stderr all=off uptime,level,tags

Environment Variables:
JAVA_HOME=C:\Users\its\.jdks\corretto-1.8.0_382
PATH=C:\Qt\6.6.0\msvc2019_64\bin;C:\Users\its\AppData\Local\Temp\QtJambi6.6.0_3844\bin;C:\Program Files\Common Files\Oracle\Java\javapath;C:\Program Files (x86)\Common Files\Oracle\Java\javapath;C:\Python311\Scripts\;C:\Python311\;C:\Windows\system32;C:\Windows;C:\Windows\System32\Wbem;C:\Windows\System32\WindowsPowerShell\v1.0\;C:\Windows\System32\OpenSSH\;C:\ProgramData\chocolatey\bin;C:\Program Files\Git\cmd;C:\Program Files\PuTTY\;C:\Program Files\nodejs\;C:\HaxeToolkit\haxe;C:\HaxeToolkit\neko;C:\Users\its\AppData\Roaming\local\bin;C:\Users\its\AppData\Local\Microsoft\WindowsApps;C:\Users\its\AppData\Local\Programs\Microsoft VS Code\bin;C:\Users\its\AppData\Roaming\cabal\bin;C:\tools\ghc-9.2.1\bin;C:\tools\msys64;C:\Program Files\JetBrains\IntelliJ IDEA Community Edition 2022.2.1\bin;;C:\Users\its\.jdks\corretto-16.0.2\bin;C:\Program Files\swipl\bin;C:\Strawberry\c\bin\spin;C:\Strawberry\c\bin\;C:\ActiveTcl\bin\;C:\Program Files\JetBrains\WebStorm 2022.3.3\bin;C:\Users\its\AppData\Roaming\npm;C:\Program Files\Java\jdk-17\bin
USERNAME=its
OS=Windows_NT
PROCESSOR_IDENTIFIER=Intel64 Family 6 Model 58 Stepping 9, GenuineIntel
TMP=C:\Users\its\AppData\Local\Temp
TEMP=C:\Users\its\AppData\Local\Temp



---------------  S Y S T E M  ---------------

OS:
 Windows 10 , 64 bit Build 18362 (10.0.18362.1110)
OS uptime: 0 days 3:45 hours

CPU: total 4 (initial active 4) (2 cores per cpu, 2 threads per core) family 6 model 58 stepping 9 microcode 0x20, cx8, cmov, fxsr, ht, mmx, sse, sse2, sse3, ssse3, sse4.1, sse4.2, popcnt, tsc, tscinvbit, avx, aes, erms, clmul, vzeroupper, clflush

Memory: 4k page, system-wide physical 8077M (2232M free)
TotalPageFile size 10253M (AvailPageFile size 4697M)
current process WorkingSet (physical memory assigned to process): 155M, peak: 187M
current process commit charge ("private bytes"): 161M, peak: 291M

vm_info: OpenJDK 64-Bit Server VM (17.0.7+7-LTS) for windows-amd64 JRE (17.0.7+7-LTS), built on Apr 18 2023 18:44:51 by "" with MS VC++ 15.9 (VS2017)

END.
