#
# A fatal error has been detected by the Java Runtime Environment:
#
#  EXCEPTION_ACCESS_VIOLATION (0xc0000005) at pc=0x00007ffdfdecda1e, pid=1340, tid=8728
#
# JRE version: OpenJDK Runtime Environment (17.0.7+7) (build 17.0.7+7-LTS)
# Java VM: OpenJDK 64-Bit Server VM (17.0.7+7-LTS, mixed mode, sharing, tiered, compressed oops, compressed class ptrs, g1 gc, windows-amd64)
# Problematic frame:
# C  [Qt6Core.dll+0x9da1e]
#
# No core dump will be written. Minidumps are not enabled by default on client versions of Windows
#
# If you would like to submit a bug report, please visit:
#   https://bell-sw.com/support
# The crash happened outside the Java Virtual Machine in native code.
# See problematic frame for where to report the bug.
#

---------------  S U M M A R Y ------------

Command Line: -Djava.library.path=C:\Qt\6.6.0\msvc2019_64\bin -Dfile.encoding=windows-1251 -Duser.country=RU -Duser.language=ru -Duser.variant Main

Host: Intel(R) Core(TM) i5-3317U CPU @ 1.70GHz, 4 cores, 7G,  Windows 10 , 64 bit Build 18362 (10.0.18362.1110)
Time: Sun Dec 10 11:43:00 2023 Новосибирское стандартное время elapsed time: 14.972747 seconds (0d 0h 0m 14s)

---------------  T H R E A D  ---------------

Current thread (0x00000230bc274c10):  JavaThread "main" [_thread_in_native, id=8728, stack(0x0000006102100000,0x0000006102200000)]

Stack: [0x0000006102100000,0x0000006102200000],  sp=0x00000061021fdb80,  free space=1014k
Native frames: (J=compiled Java code, j=interpreted, Vv=VM code, C=native code)
C  [Qt6Core.dll+0x9da1e]

Java frames: (J=compiled Java code, j=interpreted, Vv=VM code)
j  io.qt.core.QCoreApplication.sendPostedEvents_native_QObject_ptr_int(JI)V+0
j  io.qt.core.QCoreApplication.sendPostedEvents(Lio/qt/core/QObject;I)V+10
j  io.qt.core.QCoreApplication.shutdown()V+498
j  io.qt.widgets.QApplication.shutdown()V+0
j  Main.main([Ljava/lang/String;)V+33
v  ~StubRoutines::call_stub

siginfo: EXCEPTION_ACCESS_VIOLATION (0xc0000005), reading address 0xffffffffffffffff


Register to memory mapping:

RIP=0x00007ffdfdecda1e Qt6Core.dll
RAX=0x000061a7a0c61854 is an unknown value
RBX=0x9000110071dfd3c6 is an unknown value
RCX=0x00000230e0a93220 points into unknown readable memory: 0x00007ffdfe1de9b0 | b0 e9 1d fe fd 7f 00 00
RDX=0x0 is NULL
RSP=0x00000061021fdb80 is pointing into the stack for thread: 0x00000230bc274c10
RBP=0x00000061021fdc80 is pointing into the stack for thread: 0x00000230bc274c10
RSI=0x00000230e0998640 points into unknown readable memory: 0x00007ffdfe1ed390 | 90 d3 1e fe fd 7f 00 00
RDI=0x9000110071dfd36e is an unknown value
R8 =0x00000230ba080d80 points into unknown readable memory: 0x00000230ba080cc0 | c0 0c 08 ba 30 02 00 00
R9 =0x0000000000000001 is an unknown value
R10=0x0000000000008000 is an unknown value
R11=0x00000061021fe450 is pointing into the stack for thread: 0x00000230bc274c10
R12=0x00000230e0a93220 points into unknown readable memory: 0x00007ffdfe1de9b0 | b0 e9 1d fe fd 7f 00 00
R13=0x0 is NULL
R14=0x00000230e08ec440 points into unknown readable memory: 0x0000000000000000 | 00 00 00 00 00 00 00 00
R15=0x0000000000000001 is an unknown value


Registers:
RAX=0x000061a7a0c61854, RBX=0x9000110071dfd3c6, RCX=0x00000230e0a93220, RDX=0x0000000000000000
RSP=0x00000061021fdb80, RBP=0x00000061021fdc80, RSI=0x00000230e0998640, RDI=0x9000110071dfd36e
R8 =0x00000230ba080d80, R9 =0x0000000000000001, R10=0x0000000000008000, R11=0x00000061021fe450
R12=0x00000230e0a93220, R13=0x0000000000000000, R14=0x00000230e08ec440, R15=0x0000000000000001
RIP=0x00007ffdfdecda1e, EFLAGS=0x0000000000010282

Top of Stack: (sp=0x00000061021fdb80)
0x00000061021fdb80:   00000061021fe3b0 00007ffdfdece90f
0x00000061021fdb90:   0000000000000000 0000000000000000
0x00000061021fdba0:   00000230dbaa07a0 0000a49cc147fdac
0x00000061021fdbb0:   00000230dba289b0 00000061021fe3b0
0x00000061021fdbc0:   00000230dba289b0 0000023000000000
0x00000061021fdbd0:   00000230dba289b0 00000061021fe3b0
0x00000061021fdbe0:   00000230dbaa07a0 00000230e0a93220
0x00000061021fdbf0:   00000230db8f0920 00000230dbaa07a0
0x00000061021fdc00:   00000230db8f0920 0000000000000000
0x00000061021fdc10:   0000000000000000 00007ffdc13f0f91
0x00000061021fdc20:   0000000000000000 00000061021fdd20
0x00000061021fdc30:   0000000000000000 0053002b002b0033
0x00000061021fdc40:   00000206002b002b 00007ffe2cb80be4
0x00000061021fdc50:   00007ffe2c93a73a 00007ffde46423bd
0x00000061021fdc60:   00000061021fe480 00007ffe2cb594c8
0x00000061021fdc70:   00000061021fedc0 0000000040010006 

Instructions: (pc=0x00007ffdfdecda1e)
0x00007ffdfdecd91e:   48 8b 4b 08 48 85 c9 74 0f 48 8b 11 48 8b 02 41
0x00007ffdfdecd92e:   8b d6 ff 15 c2 b3 2f 00 48 89 6b 08 48 8b 5c 24
0x00007ffdfdecd93e:   48 49 8b c6 4c 8b 74 24 20 f0 48 0f b1 2f 48 8b
0x00007ffdfdecd94e:   6c 24 50 74 08 48 8b cf e8 45 c9 18 00 48 8b 7c
0x00007ffdfdecd95e:   24 28 48 83 c4 30 5e c3 cc cc cc cc cc cc cc cc
0x00007ffdfdecd96e:   cc cc 48 89 5c 24 10 48 89 74 24 18 48 89 7c 24
0x00007ffdfdecd97e:   20 55 41 54 41 55 41 56 41 57 48 8d ac 24 40 f8
0x00007ffdfdecd98e:   ff ff 48 81 ec c0 08 00 00 48 8b 05 8a 4e 4e 00
0x00007ffdfdecd99e:   48 33 c4 48 89 85 b0 07 00 00 89 54 24 48 4c 8b
0x00007ffdfdecd9ae:   e1 48 89 4c 24 68 45 33 ed 4c 89 6d 88 44 88 6d
0x00007ffdfdecd9be:   90 48 85 c9 75 40 b1 01 e8 85 ac 18 00 48 89 45
0x00007ffdfdecd9ce:   80 48 8d 58 58 48 8b 03 45 8d 7c 24 01 48 85 c0
0x00007ffdfdecd9de:   75 07 f0 4c 0f b1 3b 74 08 48 8b cb e8 81 c4 18
0x00007ffdfdecd9ee:   00 48 8b 45 80 48 89 44 24 28 48 89 5c 24 30 44
0x00007ffdfdecd9fe:   88 7c 24 38 eb 6e 48 8b 71 08 41 bf 01 00 00 00
0x00007ffdfdecda0e:   66 90 48 8b 7e 58 90 48 85 ff 74 4a 48 8d 5f 58
0x00007ffdfdecda1e:   48 8b 03 48 85 c0 75 07 f0 4c 0f b1 3b 74 08 48
0x00007ffdfdecda2e:   8b cb e8 3b c4 18 00 48 8b 46 58 90 48 3b f8 74
0x00007ffdfdecda3e:   14 49 8b c7 f0 4c 0f b1 2b 74 c7 48 8b cb e8 4f
0x00007ffdfdecda4e:   c8 18 00 eb bd 48 89 7c 24 28 48 89 5c 24 30 44
0x00007ffdfdecda5e:   88 7c 24 38 eb 0e 0f 57 c0 f3 0f 7f 44 24 28 c6
0x00007ffdfdecda6e:   44 24 38 00 4d 85 e4 74 1d 49 8b 44 24 08 8b 40
0x00007ffdfdecda7e:   34 90 85 c0 75 10 44 0f b6 74 24 38 48 8b 74 24
0x00007ffdfdecda8e:   30 e9 5a 03 00 00 66 0f 6f 05 c4 65 31 00 f3 0f
0x00007ffdfdecda9e:   7f 45 98 48 8d 45 b0 48 89 45 a8 48 8b 44 24 28
0x00007ffdfdecdaae:   4c 8b 40 38 4c 89 44 24 50 4d 8b f5 4c 89 6c 24
0x00007ffdfdecdabe:   58 4d 85 c0 0f 8e 24 02 00 00 48 83 c0 30 48 89
0x00007ffdfdecdace:   44 24 20 45 33 ff 4c 89 7c 24 60 33 c9 48 89 4c
0x00007ffdfdecdade:   24 40 48 8b 30 49 03 f7 4d 85 e4 74 09 4c 39 26
0x00007ffdfdecdaee:   0f 85 30 01 00 00 48 8b 46 08 48 85 c0 0f 84 23
0x00007ffdfdecdafe:   01 00 00 8b 54 24 48 85 d2 74 0c 0f b7 40 08 3b
0x00007ffdfdecdb0e:   c2 0f 85 0f 01 00 00 48 8b 06 48 8b 48 08 b8 ff 


Stack slot to memory mapping:
stack at sp + 0 slots: 0x00000061021fe3b0 is pointing into the stack for thread: 0x00000230bc274c10
stack at sp + 1 slots: 0x00007ffdfdece90f Qt6Core.dll
stack at sp + 2 slots: 0x0 is NULL
stack at sp + 3 slots: 0x0 is NULL
stack at sp + 4 slots: 0x00000230dbaa07a0 points into unknown readable memory: 0x00007ffdc17e8050 | 50 80 7e c1 fd 7f 00 00
stack at sp + 5 slots: 0x0000a49cc147fdac is an unknown value
stack at sp + 6 slots: 0x00000230dba289b0 points into unknown readable memory: 0x00007ffdc17ed490 | 90 d4 7e c1 fd 7f 00 00
stack at sp + 7 slots: 0x00000061021fe3b0 is pointing into the stack for thread: 0x00000230bc274c10


---------------  P R O C E S S  ---------------

Threads class SMR info:
_java_thread_list=0x00000230e125b4e0, length=13, elements={
0x00000230bc274c10, 0x00000230db0b6140, 0x00000230db0b6ec0, 0x00000230db0d07a0,
0x00000230db0d4080, 0x00000230db0d4940, 0x00000230db0d5200, 0x00000230db0d6eb0,
0x00000230db0d7860, 0x00000230db260060, 0x00000230db340a80, 0x00000230db345a10,
0x00000230db6b2890
}

Java Threads: ( => current thread )
=>0x00000230bc274c10 JavaThread "main" [_thread_in_native, id=8728, stack(0x0000006102100000,0x0000006102200000)]
  0x00000230db0b6140 JavaThread "Reference Handler" daemon [_thread_blocked, id=9512, stack(0x0000006102800000,0x0000006102900000)]
  0x00000230db0b6ec0 JavaThread "Finalizer" daemon [_thread_blocked, id=7932, stack(0x0000006102900000,0x0000006102a00000)]
  0x00000230db0d07a0 JavaThread "Signal Dispatcher" daemon [_thread_blocked, id=2244, stack(0x0000006102a00000,0x0000006102b00000)]
  0x00000230db0d4080 JavaThread "Attach Listener" daemon [_thread_blocked, id=5240, stack(0x0000006102b00000,0x0000006102c00000)]
  0x00000230db0d4940 JavaThread "Service Thread" daemon [_thread_blocked, id=4916, stack(0x0000006102c00000,0x0000006102d00000)]
  0x00000230db0d5200 JavaThread "Monitor Deflation Thread" daemon [_thread_blocked, id=4800, stack(0x0000006102d00000,0x0000006102e00000)]
  0x00000230db0d6eb0 JavaThread "C2 CompilerThread0" daemon [_thread_blocked, id=9228, stack(0x0000006102e00000,0x0000006102f00000)]
  0x00000230db0d7860 JavaThread "C1 CompilerThread0" daemon [_thread_blocked, id=9452, stack(0x0000006102f00000,0x0000006103000000)]
  0x00000230db260060 JavaThread "Sweeper thread" daemon [_thread_blocked, id=3012, stack(0x0000006103000000,0x0000006103100000)]
  0x00000230db340a80 JavaThread "Notification Thread" daemon [_thread_blocked, id=364, stack(0x0000006103100000,0x0000006103200000)]
  0x00000230db345a10 JavaThread "Common-Cleaner" daemon [_thread_blocked, id=5512, stack(0x0000006103300000,0x0000006103400000)]
  0x00000230db6b2890 JavaThread "QtJambiCleanupThread" daemon [_thread_blocked, id=7088, stack(0x0000006103400000,0x0000006103500000)]

Other Threads:
  0x00000230db0b0530 VMThread "VM Thread" [stack: 0x0000006102700000,0x0000006102800000] [id=6912]
  0x00000230db340f50 WatcherThread [stack: 0x0000006103200000,0x0000006103300000] [id=8764]
  0x00000230bc2cf2d0 GCTaskThread "GC Thread#0" [stack: 0x0000006102200000,0x0000006102300000] [id=9548]
  0x00000230db99b400 GCTaskThread "GC Thread#1" [stack: 0x0000006103500000,0x0000006103600000] [id=6176]
  0x00000230db99b6b0 GCTaskThread "GC Thread#2" [stack: 0x0000006103600000,0x0000006103700000] [id=3028]
  0x00000230dba5d8c0 GCTaskThread "GC Thread#3" [stack: 0x0000006103700000,0x0000006103800000] [id=6108]
  0x00000230bc2e0db0 ConcurrentGCThread "G1 Main Marker" [stack: 0x0000006102300000,0x0000006102400000] [id=9496]
  0x00000230bc2e16d0 ConcurrentGCThread "G1 Conc#0" [stack: 0x0000006102400000,0x0000006102500000] [id=9272]
  0x00000230bc336500 ConcurrentGCThread "G1 Refine#0" [stack: 0x0000006102500000,0x0000006102600000] [id=8100]
  0x00000230bc336e30 ConcurrentGCThread "G1 Service" [stack: 0x0000006102600000,0x0000006102700000] [id=4224]

Threads with active compile tasks:

VM state: not at safepoint (normal execution)

VM Mutex/Monitor currently owned by a thread: None

Heap address: 0x0000000081c00000, size: 2020 MB, Compressed Oops mode: 32-bit

CDS archive(s) mapped at: [0x0000000800000000-0x0000000800bd0000-0x0000000800bd0000), size 12386304, SharedBaseAddress: 0x0000000800000000, ArchiveRelocationMode: 0.
Compressed class space mapped at: 0x0000000801000000-0x0000000841000000, reserved size: 1073741824
Narrow klass base: 0x0000000800000000, Narrow klass shift: 0, Narrow klass range: 0x100000000

GC Precious Log:
 CPUs: 4 total, 4 available
 Memory: 8077M
 Large Page Support: Disabled
 NUMA Support: Disabled
 Compressed Oops: Enabled (32-bit)
 Heap Region Size: 1M
 Heap Min Capacity: 8M
 Heap Initial Capacity: 128M
 Heap Max Capacity: 2020M
 Pre-touch: Disabled
 Parallel Workers: 4
 Concurrent Workers: 1
 Concurrent Refinement Workers: 4
 Periodic GC: Disabled

Heap:
 garbage-first heap   total 14336K, used 3334K [0x0000000081c00000, 0x0000000100000000)
  region size 1024K, 1 young (1024K), 0 survivors (0K)
 Metaspace       used 10652K, committed 10880K, reserved 1114112K
  class space    used 874K, committed 960K, reserved 1048576K

Heap Regions: E=young(eden), S=young(survivor), O=old, HS=humongous(starts), HC=humongous(continues), CS=collection set, F=free, OA=open archive, CA=closed archive, TAMS=top-at-mark-start (previous, next)
|   0|0x0000000081c00000, 0x0000000081d00000, 0x0000000081d00000|100%| O|  |TAMS 0x0000000081d00000, 0x0000000081c00000| Untracked 
|   1|0x0000000081d00000, 0x0000000081e00000, 0x0000000081e00000|100%| O|  |TAMS 0x0000000081d00000, 0x0000000081d00000| Untracked 
|   2|0x0000000081e00000, 0x0000000081e41a60, 0x0000000081f00000| 25%| O|  |TAMS 0x0000000081e00000, 0x0000000081e00000| Untracked 
|   3|0x0000000081f00000, 0x0000000081f00000, 0x0000000082000000|  0%| F|  |TAMS 0x0000000081f00000, 0x0000000081f00000| Untracked 
|   4|0x0000000082000000, 0x0000000082000000, 0x0000000082100000|  0%| F|  |TAMS 0x0000000082000000, 0x0000000082000000| Untracked 
|   5|0x0000000082100000, 0x0000000082100000, 0x0000000082200000|  0%| F|  |TAMS 0x0000000082100000, 0x0000000082100000| Untracked 
|   6|0x0000000082200000, 0x0000000082200000, 0x0000000082300000|  0%| F|  |TAMS 0x0000000082200000, 0x0000000082200000| Untracked 
|   7|0x0000000082300000, 0x0000000082300000, 0x0000000082400000|  0%| F|  |TAMS 0x0000000082300000, 0x0000000082300000| Untracked 
|   8|0x0000000082400000, 0x0000000082400000, 0x0000000082500000|  0%| F|  |TAMS 0x0000000082400000, 0x0000000082400000| Untracked 
|   9|0x0000000082500000, 0x0000000082500000, 0x0000000082600000|  0%| F|  |TAMS 0x0000000082500000, 0x0000000082500000| Untracked 
|  10|0x0000000082600000, 0x0000000082600000, 0x0000000082700000|  0%| F|  |TAMS 0x0000000082600000, 0x0000000082600000| Untracked 
|  11|0x0000000082700000, 0x0000000082700000, 0x0000000082800000|  0%| F|  |TAMS 0x0000000082700000, 0x0000000082700000| Untracked 
|  12|0x0000000082800000, 0x0000000082809fe0, 0x0000000082900000|  3%| E|  |TAMS 0x0000000082800000, 0x0000000082800000| Complete 
| 108|0x0000000088800000, 0x0000000088900000, 0x0000000088900000|100%| O|  |TAMS 0x0000000088900000, 0x0000000088800000| Untracked 

Card table byte_map: [0x00000230d4500000,0x00000230d4900000] _byte_map_base: 0x00000230d40f2000

Marking Bits (Prev, Next): (CMBitMap*) 0x00000230bc2d0800, (CMBitMap*) 0x00000230bc2d0840
 Prev Bits: [0x00000230d4d00000, 0x00000230d6c90000)
 Next Bits: [0x00000230d6c90000, 0x00000230d8c20000)

Polling page: 0x00000230ba0f0000

Metaspace:

Usage:
  Non-class:      9.55 MB used.
      Class:    874.49 KB used.
       Both:     10.40 MB used.

Virtual space:
  Non-class space:       64.00 MB reserved,       9.69 MB ( 15%) committed,  1 nodes.
      Class space:        1.00 GB reserved,     960.00 KB ( <1%) committed,  1 nodes.
             Both:        1.06 GB reserved,      10.63 MB ( <1%) committed. 

Chunk freelists:
   Non-Class:  5.84 MB
       Class:  14.94 MB
        Both:  20.78 MB

MaxMetaspaceSize: unlimited
CompressedClassSpaceSize: 1.00 GB
Initial GC threshold: 21.00 MB
Current GC threshold: 21.00 MB
CDS: on
MetaspaceReclaimPolicy: balanced
 - commit_granule_bytes: 65536.
 - commit_granule_words: 8192.
 - virtual_space_node_default_size: 8388608.
 - enlarge_chunks_in_place: 1.
 - new_chunks_are_fully_committed: 0.
 - uncommit_free_chunks: 1.
 - use_allocation_guard: 0.
 - handle_deallocations: 1.


Internal statistics:

num_allocs_failed_limit: 0.
num_arena_births: 146.
num_arena_deaths: 0.
num_vsnodes_births: 2.
num_vsnodes_deaths: 0.
num_space_committed: 170.
num_space_uncommitted: 0.
num_chunks_returned_to_freelist: 0.
num_chunks_taken_from_freelist: 455.
num_chunk_merges: 0.
num_chunk_splits: 304.
num_chunks_enlarged: 217.
num_inconsistent_stats: 0.

CodeHeap 'non-profiled nmethods': size=120000Kb used=420Kb max_used=420Kb free=119579Kb
 bounds [0x00000230ccbd0000, 0x00000230cce40000, 0x00000230d4100000]
CodeHeap 'profiled nmethods': size=120000Kb used=2417Kb max_used=2417Kb free=117582Kb
 bounds [0x00000230c5100000, 0x00000230c5370000, 0x00000230cc630000]
CodeHeap 'non-nmethods': size=5760Kb used=1205Kb max_used=1236Kb free=4554Kb
 bounds [0x00000230cc630000, 0x00000230cc8a0000, 0x00000230ccbd0000]
 total_blobs=1862 nmethods=1352 adapters=423
 compilation: enabled
              stopped_count=0, restarted_count=0
 full_count=0

Compilation events (20 events):
Event: 2.511 Thread 0x00000230e0491510 nmethod 1183 0x00000230ccc30610 code [0x00000230ccc30980, 0x00000230ccc35018]
Event: 14.882 Thread 0x00000230db0d7860 1343       3       java.util.concurrent.ConcurrentHashMap$Traverser::<init> (36 bytes)
Event: 14.883 Thread 0x00000230db0d7860 nmethod 1343 0x00000230c5357990 code [0x00000230c5357b20, 0x00000230c5357d18]
Event: 14.883 Thread 0x00000230db0d7860 1344       3       io.qt.internal.AccessUtility::nativeId (5 bytes)
Event: 14.883 Thread 0x00000230db0d7860 nmethod 1344 0x00000230c5357e10 code [0x00000230c5357fc0, 0x00000230c5358338]
Event: 14.884 Thread 0x00000230db0d7860 1345       3       io.qt.core.QObject$Signal1::<init> (10 bytes)
Event: 14.885 Thread 0x00000230db0d7860 nmethod 1345 0x00000230c5358490 code [0x00000230c5358660, 0x00000230c5358ad8]
Event: 14.890 Thread 0x00000230db0d7860 1346       3       java.lang.invoke.MethodHandles$Lookup::in (283 bytes)
Event: 14.894 Thread 0x00000230db0d7860 nmethod 1346 0x00000230c5358c90 code [0x00000230c53590c0, 0x00000230c535aba8]
Event: 14.895 Thread 0x00000230db0d6eb0 1347       4       jdk.internal.misc.Unsafe::allocateUninitializedArray (55 bytes)
Event: 14.898 Thread 0x00000230db0d6eb0 nmethod 1347 0x00000230ccc36b10 code [0x00000230ccc36ca0, 0x00000230ccc36e58]
Event: 14.905 Thread 0x00000230db0d7860 1348   !   3       java.lang.ClassLoader::addClass (27 bytes)
Event: 14.905 Thread 0x00000230db0d7860 nmethod 1348 0x00000230c535b490 code [0x00000230c535b640, 0x00000230c535b908]
Event: 14.906 Thread 0x00000230db0d6eb0 1349       4       java.util.HashMap::putVal (300 bytes)
Event: 14.909 Thread 0x00000230db0d7860 1350       1       sun.reflect.annotation.AnnotatedTypeFactory$AnnotatedTypeBaseImpl::getLocation (5 bytes)
Event: 14.909 Thread 0x00000230db0d7860 nmethod 1350 0x00000230ccc36f90 code [0x00000230ccc37120, 0x00000230ccc371f8]
Event: 14.916 Thread 0x00000230db0d7860 1351       1       sun.reflect.annotation.AnnotatedTypeFactory$AnnotatedTypeBaseImpl::getDecl (5 bytes)
Event: 14.916 Thread 0x00000230db0d7860 nmethod 1351 0x00000230ccc37290 code [0x00000230ccc37420, 0x00000230ccc374f8]
Event: 14.945 Thread 0x00000230db0d7860 1352   !   3       java.lang.ref.ReferenceQueue::remove (125 bytes)
Event: 14.946 Thread 0x00000230db0d7860 nmethod 1352 0x00000230c535ba90 code [0x00000230c535bca0, 0x00000230c535c458]

GC Heap History (8 events):
Event: 1.208 GC heap before
{Heap before GC invocations=0 (full 0):
 garbage-first heap   total 131072K, used 12288K [0x0000000081c00000, 0x0000000100000000)
  region size 1024K, 13 young (13312K), 0 survivors (0K)
 Metaspace       used 5331K, committed 5504K, reserved 1114112K
  class space    used 500K, committed 576K, reserved 1048576K
}
Event: 1.213 GC heap after
{Heap after GC invocations=1 (full 0):
 garbage-first heap   total 131072K, used 1936K [0x0000000081c00000, 0x0000000100000000)
  region size 1024K, 2 young (2048K), 2 survivors (2048K)
 Metaspace       used 5331K, committed 5504K, reserved 1114112K
  class space    used 500K, committed 576K, reserved 1048576K
}
Event: 2.345 GC heap before
{Heap before GC invocations=1 (full 0):
 garbage-first heap   total 131072K, used 18320K [0x0000000081c00000, 0x0000000100000000)
  region size 1024K, 19 young (19456K), 2 survivors (2048K)
 Metaspace       used 10561K, committed 10816K, reserved 1114112K
  class space    used 867K, committed 960K, reserved 1048576K
}
Event: 2.352 GC heap after
{Heap after GC invocations=2 (full 0):
 garbage-first heap   total 131072K, used 3519K [0x0000000081c00000, 0x0000000100000000)
  region size 1024K, 2 young (2048K), 2 survivors (2048K)
 Metaspace       used 10561K, committed 10816K, reserved 1114112K
  class space    used 867K, committed 960K, reserved 1048576K
}
Event: 14.854 GC heap before
{Heap before GC invocations=2 (full 0):
 garbage-first heap   total 131072K, used 3519K [0x0000000081c00000, 0x0000000100000000)
  region size 1024K, 3 young (3072K), 2 survivors (2048K)
 Metaspace       used 10564K, committed 10816K, reserved 1114112K
  class space    used 867K, committed 960K, reserved 1048576K
}
Event: 14.874 GC heap after
{Heap after GC invocations=3 (full 1):
 garbage-first heap   total 17408K, used 3297K [0x0000000081c00000, 0x0000000100000000)
  region size 1024K, 0 young (0K), 0 survivors (0K)
 Metaspace       used 10564K, committed 10816K, reserved 1114112K
  class space    used 867K, committed 960K, reserved 1048576K
}
Event: 14.921 GC heap before
{Heap before GC invocations=3 (full 1):
 garbage-first heap   total 17408K, used 3297K [0x0000000081c00000, 0x0000000100000000)
  region size 1024K, 1 young (1024K), 0 survivors (0K)
 Metaspace       used 10651K, committed 10880K, reserved 1114112K
  class space    used 874K, committed 960K, reserved 1048576K
}
Event: 14.945 GC heap after
{Heap after GC invocations=4 (full 2):
 garbage-first heap   total 14336K, used 3334K [0x0000000081c00000, 0x0000000100000000)
  region size 1024K, 0 young (0K), 0 survivors (0K)
 Metaspace       used 10651K, committed 10880K, reserved 1114112K
  class space    used 874K, committed 960K, reserved 1048576K
}

Dll operation events (15 events):
Event: 0.009 Loaded shared library C:\Users\its\.jdks\liberica-17.0.7\bin\java.dll
Event: 0.033 Loaded shared library C:\Users\its\.jdks\liberica-17.0.7\bin\jsvml.dll
Event: 0.153 Loaded shared library C:\Users\its\.jdks\liberica-17.0.7\bin\net.dll
Event: 0.155 Loaded shared library C:\Users\its\.jdks\liberica-17.0.7\bin\nio.dll
Event: 0.163 Loaded shared library C:\Users\its\.jdks\liberica-17.0.7\bin\zip.dll
Event: 0.352 Loaded shared library C:\Users\its\.jdks\liberica-17.0.7\bin\jimage.dll
Event: 0.364 Loaded shared library C:\Users\its\.jdks\liberica-17.0.7\bin\prefs.dll
Event: 0.563 Loaded shared library C:\Windows\System32\icuuc.dll
Event: 0.574 Loaded shared library C:\Qt\6.6.0\msvc2019_64\bin\Qt6Core.dll
Event: 0.747 Loaded shared library C:\Users\its\AppData\Local\Temp\QtJambi6.6.0_1340\bin\QtJambi6.dll
Event: 1.035 Loaded shared library C:\Users\its\AppData\Local\Temp\QtJambi6.6.0_1340\bin\QtJambiCore6.dll
Event: 1.250 Loaded shared library C:\Qt\6.6.0\msvc2019_64\bin\Qt6Gui.dll
Event: 1.416 Loaded shared library C:\Users\its\AppData\Local\Temp\QtJambi6.6.0_1340\bin\QtJambiGui6.dll
Event: 1.438 Loaded shared library C:\Qt\6.6.0\msvc2019_64\bin\Qt6Widgets.dll
Event: 1.653 Loaded shared library C:\Users\its\AppData\Local\Temp\QtJambi6.6.0_1340\bin\QtJambiWidgets6.dll

Deoptimization events (20 events):
Event: 2.103 Thread 0x00000230bc274c10 Uncommon trap: trap_request=0xffffff45 fr.pc=0x00000230ccc22728 relative=0x00000000000001e8
Event: 2.103 Thread 0x00000230bc274c10 Uncommon trap: reason=unstable_if action=reinterpret pc=0x00000230ccc22728 method=sun.reflect.generics.parser.SignatureParser.skipIdentifier()V @ 32 c2
Event: 2.103 Thread 0x00000230bc274c10 DEOPT PACKING pc=0x00000230ccc22728 sp=0x00000061021fcb90
Event: 2.103 Thread 0x00000230bc274c10 DEOPT UNPACKING pc=0x00000230cc6869a3 sp=0x00000061021fcb30 mode 2
Event: 2.247 Thread 0x00000230bc274c10 Uncommon trap: trap_request=0xffffffde fr.pc=0x00000230ccc2aeb4 relative=0x0000000000000114
Event: 2.247 Thread 0x00000230bc274c10 Uncommon trap: reason=class_check action=maybe_recompile pc=0x00000230ccc2aeb4 method=jdk.internal.misc.Unsafe.allocateUninitializedArray(Ljava/lang/Class;I)Ljava/lang/Object; @ 51 c2
Event: 2.247 Thread 0x00000230bc274c10 DEOPT PACKING pc=0x00000230ccc2aeb4 sp=0x00000061021fd7b0
Event: 2.247 Thread 0x00000230bc274c10 DEOPT UNPACKING pc=0x00000230cc6869a3 sp=0x00000061021fd738 mode 2
Event: 2.247 Thread 0x00000230bc274c10 Uncommon trap: trap_request=0xffffffde fr.pc=0x00000230ccc2aeb4 relative=0x0000000000000114
Event: 2.247 Thread 0x00000230bc274c10 Uncommon trap: reason=class_check action=maybe_recompile pc=0x00000230ccc2aeb4 method=jdk.internal.misc.Unsafe.allocateUninitializedArray(Ljava/lang/Class;I)Ljava/lang/Object; @ 51 c2
Event: 2.247 Thread 0x00000230bc274c10 DEOPT PACKING pc=0x00000230ccc2aeb4 sp=0x00000061021fd6d0
Event: 2.247 Thread 0x00000230bc274c10 DEOPT UNPACKING pc=0x00000230cc6869a3 sp=0x00000061021fd658 mode 2
Event: 2.247 Thread 0x00000230bc274c10 Uncommon trap: trap_request=0xffffffde fr.pc=0x00000230ccc2aeb4 relative=0x0000000000000114
Event: 2.247 Thread 0x00000230bc274c10 Uncommon trap: reason=class_check action=maybe_recompile pc=0x00000230ccc2aeb4 method=jdk.internal.misc.Unsafe.allocateUninitializedArray(Ljava/lang/Class;I)Ljava/lang/Object; @ 51 c2
Event: 2.247 Thread 0x00000230bc274c10 DEOPT PACKING pc=0x00000230ccc2aeb4 sp=0x00000061021fd7c0
Event: 2.247 Thread 0x00000230bc274c10 DEOPT UNPACKING pc=0x00000230cc6869a3 sp=0x00000061021fd748 mode 2
Event: 2.247 Thread 0x00000230bc274c10 Uncommon trap: trap_request=0xffffffde fr.pc=0x00000230ccc2aeb4 relative=0x0000000000000114
Event: 2.247 Thread 0x00000230bc274c10 Uncommon trap: reason=class_check action=maybe_recompile pc=0x00000230ccc2aeb4 method=jdk.internal.misc.Unsafe.allocateUninitializedArray(Ljava/lang/Class;I)Ljava/lang/Object; @ 51 c2
Event: 2.247 Thread 0x00000230bc274c10 DEOPT PACKING pc=0x00000230ccc2aeb4 sp=0x00000061021fd6c0
Event: 2.247 Thread 0x00000230bc274c10 DEOPT UNPACKING pc=0x00000230cc6869a3 sp=0x00000061021fd648 mode 2

Classes unloaded (0 events):
No events

Classes redefined (0 events):
No events

Internal exceptions (20 events):
Event: 0.541 Thread 0x00000230bc274c10 Exception <a 'java/lang/NoSuchMethodError'{0x00000000896a7638}: 'void java.lang.invoke.DirectMethodHandle$Holder.invokeStaticInit(java.lang.Object, java.lang.Object, java.lang.Object, java.lang.Object, int, java.lang.Object, java.lang.Object)'> (0x00000000896a7638) 
thrown [s\src\hotspot\share\interpreter\linkResolver.cpp, line 759]
Event: 0.550 Thread 0x00000230bc274c10 Exception <a 'java/lang/NoSuchMethodError'{0x00000000896c7568}: 'void java.lang.invoke.DirectMethodHandle$Holder.invokeStatic(java.lang.Object, java.lang.Object)'> (0x00000000896c7568) 
thrown [s\src\hotspot\share\interpreter\linkResolver.cpp, line 759]
Event: 0.550 Thread 0x00000230bc274c10 Exception <a 'java/lang/NoSuchMethodError'{0x00000000896caf28}: 'void java.lang.invoke.DirectMethodHandle$Holder.invokeStaticInit(java.lang.Object, java.lang.Object)'> (0x00000000896caf28) 
thrown [s\src\hotspot\share\interpreter\linkResolver.cpp, line 759]
Event: 0.556 Thread 0x00000230db647850 Exception <a 'sun/nio/fs/WindowsException'{0x0000000089509818}> (0x0000000089509818) 
thrown [s\src\hotspot\share\prims\jni.cpp, line 516]
Event: 0.632 Thread 0x00000230db647850 Exception <a 'sun/nio/fs/WindowsException'{0x0000000089511548}> (0x0000000089511548) 
thrown [s\src\hotspot\share\prims\jni.cpp, line 516]
Event: 0.892 Thread 0x00000230bc274c10 Exception <a 'java/lang/NoSuchMethodError'{0x00000000893edb40}: 'int java.lang.invoke.DelegatingMethodHandle$Holder.reinvoke_L(java.lang.Object)'> (0x00000000893edb40) 
thrown [s\src\hotspot\share\interpreter\linkResolver.cpp, line 759]
Event: 1.220 Thread 0x00000230bc274c10 Exception <a 'java/lang/NoSuchMethodError'{0x0000000089b1ca40}: 'java.lang.Object java.lang.invoke.Invokers$Holder.invokeExact_MT(java.lang.Object, java.lang.Object, java.lang.Object)'> (0x0000000089b1ca40) 
thrown [s\src\hotspot\share\interpreter\linkResolver.cpp, line 759]
Event: 1.224 Thread 0x00000230bc274c10 Exception <a 'java/lang/NoSuchMethodError'{0x0000000089b2e818}: 'java.lang.Object java.lang.invoke.Invokers$Holder.invokeExact_MT(java.lang.Object, java.lang.Object, java.lang.Object, java.lang.Object, java.lang.Object, java.lang.Object)'> (0x0000000089b2e818) 
thrown [s\src\hotspot\share\interpreter\linkResolver.cpp, line 759]
Event: 1.227 Thread 0x00000230bc274c10 Exception <a 'java/lang/NoSuchMethodError'{0x0000000089b3e370}: 'java.lang.Object java.lang.invoke.DirectMethodHandle$Holder.invokeStatic(java.lang.Object, java.lang.Object, java.lang.Object, int, java.lang.Object, java.lang.Object)'> (0x0000000089b3e370) 
thrown [s\src\hotspot\share\interpreter\linkResolver.cpp, line 759]
Event: 1.251 Thread 0x00000230bc274c10 Exception <a 'sun/nio/fs/WindowsException'{0x0000000089baec48}> (0x0000000089baec48) 
thrown [s\src\hotspot\share\prims\jni.cpp, line 516]
Event: 1.439 Thread 0x00000230bc274c10 Exception <a 'sun/nio/fs/WindowsException'{0x0000000089bc7c30}> (0x0000000089bc7c30) 
thrown [s\src\hotspot\share\prims\jni.cpp, line 516]
Event: 1.944 Thread 0x00000230bc274c10 Exception <a 'java/lang/NoSuchMethodError'{0x00000000894f8fc0}: 'java.lang.Object java.lang.invoke.DirectMethodHandle$Holder.newInvokeSpecial(java.lang.Object, java.lang.Object, java.lang.Object, java.lang.Object, java.lang.Object)'> (0x00000000894f8fc0) 
thrown [s\src\hotspot\share\interpreter\linkResolver.cpp, line 759]
Event: 1.958 Thread 0x00000230bc274c10 Exception <a 'java/lang/NoSuchMethodError'{0x00000000893415b8}: 'java.lang.Object java.lang.invoke.DirectMethodHandle$Holder.invokeInterface(java.lang.Object, java.lang.Object)'> (0x00000000893415b8) 
thrown [s\src\hotspot\share\interpreter\linkResolver.cpp, line 759]
Event: 1.958 Thread 0x00000230bc274c10 Exception <a 'java/lang/IncompatibleClassChangeError'{0x0000000089344b08}: Found class java.lang.Object, but interface was expected> (0x0000000089344b08) 
thrown [s\src\hotspot\share\interpreter\linkResolver.cpp, line 826]
Event: 2.084 Thread 0x00000230bc274c10 Exception <a 'java/lang/NoSuchMethodError'{0x0000000088fafff0}: Lapp/backend/table/Table;.<init>()V> (0x0000000088fafff0) 
thrown [s\src\hotspot\share\prims\jni.cpp, line 1107]
Event: 2.084 Thread 0x00000230bc274c10 Exception <a 'java/lang/NoSuchMethodError'{0x0000000088fb0328}: Lapp/backend/table/Table;.clone()Lapp/backend/table/Table;> (0x0000000088fb0328) 
thrown [s\src\hotspot\share\prims\jni.cpp, line 1107]
Event: 2.101 Thread 0x00000230bc274c10 Exception <a 'java/lang/NoSuchMethodError'{0x0000000088c582f8}: 'java.lang.Object java.lang.invoke.DirectMethodHandle$Holder.newInvokeSpecial(java.lang.Object, java.lang.Object, java.lang.Object, java.lang.Object, java.lang.Object, java.lang.Object, java.lang.Object, java.lang.Object, java.lang.Object, java.lang.Object, java.lang.Object)'> (0x0000000088c582f8) 
thrown [s\src\hotspot\share\interpreter\linkResolver.cpp, line 759]
Event: 2.102 Thread 0x00000230bc274c10 Exception <a 'java/lang/NoSuchMethodError'{0x0000000088c5d1e0}: 'java.lang.Object java.lang.invoke.DirectMethodHandle$Holder.invokeSpecial(java.lang.Object, java.lang.Object, java.lang.Object, java.lang.Object, java.lang.Object, java.lang.Object, java.lang.Object, java.lang.Object, java.lang.Object, java.lang.Object, java.lang.Object, java.lang.Object)'> (0x0000000088c5d1e0) 
thrown [s\src\hotspot\share\interpreter\linkResolver.cpp, line 759]
Event: 2.102 Thread 0x00000230bc274c10 Exception <a 'java/lang/NoSuchMethodError'{0x0000000088c61888}: 'java.lang.Object java.lang.invoke.Invokers$Holder.linkToTargetMethod(java.lang.Object, java.lang.Object, java.lang.Object, java.lang.Object, java.lang.Object, java.lang.Object, java.lang.Object, java.lang.Object, java.lang.Object, java.lang.Object, java.lang.Object)'> (0x0000000088c61888) 
thrown [s\src\hotspot\share\interpreter\linkResolver.cpp, line 759]
Event: 2.181 Thread 0x00000230bc274c10 Exception <a 'java/lang/NoSuchMethodError'{0x0000000088bd3c68}: 'void java.lang.invoke.Invokers$Holder.invoke_MT(java.lang.Object, java.lang.Object, java.lang.Object, java.lang.Object)'> (0x0000000088bd3c68) 
thrown [s\src\hotspot\share\interpreter\linkResolver.cpp, line 759]

VM Operations (20 events):
Event: 0.552 Executing VM operation: HandshakeAllThreads
Event: 0.552 Executing VM operation: HandshakeAllThreads done
Event: 1.208 Executing VM operation: G1CollectForAllocation
Event: 1.213 Executing VM operation: G1CollectForAllocation done
Event: 1.969 Executing VM operation: HandshakeAllThreads
Event: 1.969 Executing VM operation: HandshakeAllThreads done
Event: 2.242 Executing VM operation: HandshakeAllThreads
Event: 2.242 Executing VM operation: HandshakeAllThreads done
Event: 2.242 Executing VM operation: Cleanup
Event: 2.243 Executing VM operation: Cleanup done
Event: 2.248 Executing VM operation: HandshakeAllThreads
Event: 2.248 Executing VM operation: HandshakeAllThreads done
Event: 2.345 Executing VM operation: G1CollectForAllocation
Event: 2.352 Executing VM operation: G1CollectForAllocation done
Event: 4.352 Executing VM operation: Cleanup
Event: 4.352 Executing VM operation: Cleanup done
Event: 14.854 Executing VM operation: G1CollectFull
Event: 14.875 Executing VM operation: G1CollectFull done
Event: 14.921 Executing VM operation: G1CollectFull
Event: 14.945 Executing VM operation: G1CollectFull done

Events (20 events):
Event: 2.250 loading class java/io/ObjectStreamConstants
Event: 2.250 loading class java/io/ObjectStreamConstants done
Event: 2.251 loading class java/io/ObjectInputStream done
Event: 2.251 loading class java/io/ObjectOutputStream
Event: 2.251 loading class java/io/ObjectOutput
Event: 2.251 loading class java/io/ObjectOutput done
Event: 2.251 loading class java/io/ObjectOutputStream done
Event: 2.252 loading class sun/reflect/generics/tree/ArrayTypeSignature
Event: 2.252 loading class sun/reflect/generics/tree/ArrayTypeSignature done
Event: 2.252 loading class sun/reflect/generics/tree/IntSignature
Event: 2.252 loading class sun/reflect/generics/tree/IntSignature done
Event: 2.261 loading class sun/reflect/generics/reflectiveObjects/GenericArrayTypeImpl
Event: 2.261 loading class sun/reflect/generics/reflectiveObjects/GenericArrayTypeImpl done
Event: 2.280 loading class java/util/AbstractList$RandomAccessSubList
Event: 2.280 loading class java/util/AbstractList$SubList
Event: 2.280 loading class java/util/AbstractList$SubList done
Event: 2.280 loading class java/util/AbstractList$RandomAccessSubList done
Event: 2.286 loading class jdk/internal/vm/annotation/IntrinsicCandidate
Event: 2.286 loading class jdk/internal/vm/annotation/IntrinsicCandidate done
Event: 7.512 Thread 0x00000230e0491510 Thread exited: 0x00000230e0491510


Dynamic libraries:
0x00007ff72c840000 - 0x00007ff72c84d000 	C:\Users\its\.jdks\liberica-17.0.7\bin\java.exe
0x00007ffe2ec40000 - 0x00007ffe2ee30000 	C:\Windows\SYSTEM32\ntdll.dll
0x00007ffe2d0c0000 - 0x00007ffe2d172000 	C:\Windows\System32\KERNEL32.DLL
0x00007ffe2c910000 - 0x00007ffe2cbb5000 	C:\Windows\System32\KERNELBASE.dll
0x00007ffe2bbb0000 - 0x00007ffe2bcaa000 	C:\Windows\System32\ucrtbase.dll
0x00007ffe254d0000 - 0x00007ffe254e7000 	C:\Users\its\.jdks\liberica-17.0.7\bin\jli.dll
0x00007ffe2d6c0000 - 0x00007ffe2d854000 	C:\Windows\System32\USER32.dll
0x00007ffe2bff0000 - 0x00007ffe2c011000 	C:\Windows\System32\win32u.dll
0x00007ffe2ddf0000 - 0x00007ffe2de16000 	C:\Windows\System32\GDI32.dll
0x00007ffe2be00000 - 0x00007ffe2bf96000 	C:\Windows\System32\gdi32full.dll
0x00007ffe2cc50000 - 0x00007ffe2ccee000 	C:\Windows\System32\msvcp_win.dll
0x00007ffe24ae0000 - 0x00007ffe24af5000 	C:\Users\its\.jdks\liberica-17.0.7\bin\VCRUNTIME140.dll
0x00007ffe15860000 - 0x00007ffe15ae4000 	C:\Windows\WinSxS\amd64_microsoft.windows.common-controls_6595b64144ccf1df_6.0.18362.1256_none_9e7e379be45e40e2\COMCTL32.dll
0x00007ffe2dff0000 - 0x00007ffe2e08e000 	C:\Windows\System32\msvcrt.dll
0x00007ffe2da00000 - 0x00007ffe2dd36000 	C:\Windows\System32\combase.dll
0x00007ffe2d8e0000 - 0x00007ffe2da00000 	C:\Windows\System32\RPCRT4.dll
0x00007ffe2cbc0000 - 0x00007ffe2cc41000 	C:\Windows\System32\bcryptPrimitives.dll
0x00007ffe2cfd0000 - 0x00007ffe2cffe000 	C:\Windows\System32\IMM32.DLL
0x00007ffe18d50000 - 0x00007ffe18deb000 	C:\Users\its\.jdks\liberica-17.0.7\bin\msvcp140.dll
0x00007ffde3e90000 - 0x00007ffde4ab2000 	C:\Users\its\.jdks\liberica-17.0.7\bin\server\jvm.dll
0x00007ffe2ce80000 - 0x00007ffe2cf23000 	C:\Windows\System32\ADVAPI32.dll
0x00007ffe2cf30000 - 0x00007ffe2cfc7000 	C:\Windows\System32\sechost.dll
0x00007ffe10230000 - 0x00007ffe10239000 	C:\Windows\SYSTEM32\WSOCK32.dll
0x00007ffe2df80000 - 0x00007ffe2dfef000 	C:\Windows\System32\WS2_32.dll
0x00007ffe29230000 - 0x00007ffe29254000 	C:\Windows\SYSTEM32\WINMM.dll
0x00007ffe21610000 - 0x00007ffe2161a000 	C:\Windows\SYSTEM32\VERSION.dll
0x00007ffe29200000 - 0x00007ffe2922d000 	C:\Windows\SYSTEM32\WINMMBASE.dll
0x00007ffe2bfa0000 - 0x00007ffe2bfea000 	C:\Windows\System32\cfgmgr32.dll
0x00007ffe2bb10000 - 0x00007ffe2bb21000 	C:\Windows\System32\kernel.appcore.dll
0x00007ffe25520000 - 0x00007ffe2552a000 	C:\Users\its\.jdks\liberica-17.0.7\bin\jimage.dll
0x00007ffe2a260000 - 0x00007ffe2a454000 	C:\Windows\SYSTEM32\DBGHELP.DLL
0x00007ffe1f2d0000 - 0x00007ffe1f2fa000 	C:\Windows\SYSTEM32\dbgcore.DLL
0x00007ffe24aa0000 - 0x00007ffe24ac5000 	C:\Users\its\.jdks\liberica-17.0.7\bin\java.dll
0x00007ffe18950000 - 0x00007ffe18a26000 	C:\Users\its\.jdks\liberica-17.0.7\bin\jsvml.dll
0x00007ffe2e110000 - 0x00007ffe2e7f7000 	C:\Windows\System32\SHELL32.dll
0x00007ffe2e800000 - 0x00007ffe2e8a9000 	C:\Windows\System32\shcore.dll
0x00007ffe2c160000 - 0x00007ffe2c8e1000 	C:\Windows\System32\windows.storage.dll
0x00007ffe2bb80000 - 0x00007ffe2bba3000 	C:\Windows\System32\profapi.dll
0x00007ffe2bb30000 - 0x00007ffe2bb7a000 	C:\Windows\System32\powrprof.dll
0x00007ffe2bae0000 - 0x00007ffe2baf0000 	C:\Windows\System32\UMPDC.dll
0x00007ffe2e8b0000 - 0x00007ffe2e902000 	C:\Windows\System32\shlwapi.dll
0x00007ffe2c8f0000 - 0x00007ffe2c907000 	C:\Windows\System32\cryptsp.dll
0x00007ffe21200000 - 0x00007ffe21219000 	C:\Users\its\.jdks\liberica-17.0.7\bin\net.dll
0x00007ffe21620000 - 0x00007ffe21710000 	C:\Windows\SYSTEM32\WINHTTP.dll
0x00007ffe2b2d0000 - 0x00007ffe2b337000 	C:\Windows\system32\mswsock.dll
0x00007ffe211c0000 - 0x00007ffe211d5000 	C:\Users\its\.jdks\liberica-17.0.7\bin\nio.dll
0x00007ffe249e0000 - 0x00007ffe249f8000 	C:\Users\its\.jdks\liberica-17.0.7\bin\zip.dll
0x00007ffe27c40000 - 0x00007ffe27c49000 	C:\Users\its\.jdks\liberica-17.0.7\bin\prefs.dll
0x00000230ba180000 - 0x00000230ba189000 	C:\Windows\System32\icuuc.dll
0x00007ffdfde30000 - 0x00007ffdfe437000 	C:\Qt\6.6.0\msvc2019_64\bin\Qt6Core.dll
0x00007ffe2de20000 - 0x00007ffe2df77000 	C:\Windows\System32\ole32.dll
0x00007ffe2cd50000 - 0x00007ffe2ce15000 	C:\Windows\System32\OLEAUT32.dll
0x00007ffe20be0000 - 0x00007ffe20bfb000 	C:\Windows\SYSTEM32\MPR.dll
0x00007ffe2ba00000 - 0x00007ffe2ba25000 	C:\Windows\SYSTEM32\USERENV.dll
0x00007ffe2ac10000 - 0x00007ffe2ac5a000 	C:\Windows\SYSTEM32\AUTHZ.dll
0x00007ffe0bff0000 - 0x00007ffe0c007000 	C:\Windows\SYSTEM32\NETAPI32.dll
0x00007ffe27c20000 - 0x00007ffe27c29000 	C:\Users\its\.jdks\liberica-17.0.7\bin\MSVCP140_1.dll
0x00007ffe28da0000 - 0x00007ffe28dac000 	C:\Windows\SYSTEM32\VCRUNTIME140_1.dll
0x00007ffe2b4a0000 - 0x00007ffe2b4ac000 	C:\Windows\SYSTEM32\CRYPTBASE.DLL
0x00007ffe15e00000 - 0x00007ffe15e26000 	C:\Windows\SYSTEM32\SRVCLI.DLL
0x00007ffe2b0f0000 - 0x00007ffe2b0fc000 	C:\Windows\SYSTEM32\NETUTILS.DLL
0x00007ffde51d0000 - 0x00007ffde565e000 	C:\Users\its\AppData\Local\Temp\QtJambi6.6.0_1340\bin\QtJambi6.dll
0x00007ffdc2840000 - 0x00007ffdc3aab000 	C:\Users\its\AppData\Local\Temp\QtJambi6.6.0_1340\bin\QtJambiCore6.dll
0x00007ffdc1fb0000 - 0x00007ffdc283f000 	C:\Qt\6.6.0\msvc2019_64\bin\Qt6Gui.dll
0x00007ffe28960000 - 0x00007ffe28bbb000 	C:\Windows\SYSTEM32\d3d11.dll
0x00007ffe2a7b0000 - 0x00007ffe2a89b000 	C:\Windows\SYSTEM32\dxgi.dll
0x00007ffe04580000 - 0x00007ffe04752000 	C:\Windows\SYSTEM32\d3d12.dll
0x00007ffe13780000 - 0x00007ffe13a7e000 	C:\Windows\SYSTEM32\DWrite.dll
0x00007ffe19d00000 - 0x00007ffe19d32000 	C:\Users\its\.jdks\liberica-17.0.7\bin\MSVCP140_2.dll
0x00007ffe2a720000 - 0x00007ffe2a740000 	C:\Windows\SYSTEM32\dxcore.dll
0x00007ffdc1a10000 - 0x00007ffdc1fa2000 	C:\Users\its\AppData\Local\Temp\QtJambi6.6.0_1340\bin\QtJambiGui6.dll
0x00007ffdc13e0000 - 0x00007ffdc1a0a000 	C:\Qt\6.6.0\msvc2019_64\bin\Qt6Widgets.dll
0x00007ffe29a70000 - 0x00007ffe29b09000 	C:\Windows\SYSTEM32\UxTheme.dll
0x00007ffe29ea0000 - 0x00007ffe29ecd000 	C:\Windows\SYSTEM32\dwmapi.dll
0x00007ffdc0ae0000 - 0x00007ffdc13d4000 	C:\Users\its\AppData\Local\Temp\QtJambi6.6.0_1340\bin\QtJambiWidgets6.dll
0x00007ffe044a0000 - 0x00007ffe0457e000 	C:\Qt\6.6.0\msvc2019_64\plugins\platforms\qwindows.dll
0x00007ffe2d250000 - 0x00007ffe2d6c0000 	C:\Windows\System32\SETUPAPI.dll
0x00007ffe2c0d0000 - 0x00007ffe2c0f6000 	C:\Windows\System32\bcrypt.dll
0x00007ffe2d180000 - 0x00007ffe2d250000 	C:\Windows\System32\COMDLG32.dll
0x00007ffe2a460000 - 0x00007ffe2a473000 	C:\Windows\SYSTEM32\WTSAPI32.dll
0x00007ffe00cb0000 - 0x00007ffe00e77000 	C:\Windows\SYSTEM32\d3d9.dll
0x00007ffe2eac0000 - 0x00007ffe2ebf5000 	C:\Windows\System32\MSCTF.dll
0x00007ffe2b870000 - 0x00007ffe2b89a000 	C:\Windows\SYSTEM32\DEVOBJ.dll
0x00007ffe2dd40000 - 0x00007ffe2dde2000 	C:\Windows\System32\clbcatq.dll
0x00007ffe16000000 - 0x00007ffe16151000 	C:\Windows\System32\Windows.UI.dll
0x00007ffe19ec0000 - 0x00007ffe19f5e000 	C:\Windows\System32\TextInputFramework.dll
0x00007ffe180d0000 - 0x00007ffe181eb000 	C:\Windows\System32\InputHost.dll
0x00007ffe27430000 - 0x00007ffe2775a000 	C:\Windows\System32\CoreUIComponents.dll
0x00007ffe29120000 - 0x00007ffe291f4000 	C:\Windows\System32\CoreMessaging.dll
0x00007ffe26f60000 - 0x00007ffe270b3000 	C:\Windows\SYSTEM32\wintypes.dll
0x00007ffe29890000 - 0x00007ffe29980000 	C:\Windows\System32\PROPSYS.dll
0x00007ffe2ab20000 - 0x00007ffe2ab51000 	C:\Windows\SYSTEM32\ntmarta.dll
0x00007ffe13cd0000 - 0x00007ffe13de2000 	C:\Windows\System32\Windows.UI.Immersive.dll
0x00007ffe21250000 - 0x00007ffe21275000 	C:\Qt\6.6.0\msvc2019_64\plugins\styles\qwindowsvistastyle.dll
0x00007ffe27b00000 - 0x00007ffe27b0e000 	C:\Qt\6.6.0\msvc2019_64\plugins\imageformats\qgif.dll
0x00007ffe25920000 - 0x00007ffe25930000 	C:\Qt\6.6.0\msvc2019_64\plugins\imageformats\qicns.dll
0x00007ffe25540000 - 0x00007ffe2554e000 	C:\Qt\6.6.0\msvc2019_64\plugins\imageformats\qico.dll
0x00007ffe15c90000 - 0x00007ffe15d2c000 	C:\Qt\6.6.0\msvc2019_64\plugins\imageformats\qjpeg.dll
0x00007ffe25530000 - 0x00007ffe2553d000 	C:\Qt\6.6.0\msvc2019_64\plugins\imageformats\qpdf.dll
0x00007ffdc0590000 - 0x00007ffdc0ada000 	C:\Qt\6.6.0\msvc2019_64\bin\Qt6Pdf.dll
0x00007ffe00020000 - 0x00007ffe00193000 	C:\Qt\6.6.0\msvc2019_64\bin\Qt6Network.dll
0x00007ffe2b020000 - 0x00007ffe2b0eb000 	C:\Windows\SYSTEM32\DNSAPI.dll
0x00007ffe2d090000 - 0x00007ffe2d098000 	C:\Windows\System32\NSI.dll
0x00007ffe2afe0000 - 0x00007ffe2b01a000 	C:\Windows\SYSTEM32\IPHLPAPI.DLL
0x00007ffe15da0000 - 0x00007ffe15dac000 	C:\Windows\SYSTEM32\Secur32.dll
0x00007ffe2b9c0000 - 0x00007ffe2b9f7000 	C:\Windows\SYSTEM32\SSPICLI.DLL
0x00007ffe25390000 - 0x00007ffe2539c000 	C:\Qt\6.6.0\msvc2019_64\plugins\imageformats\qsvg.dll
0x00007ffe18780000 - 0x00007ffe187df000 	C:\Qt\6.6.0\msvc2019_64\bin\Qt6Svg.dll
0x00007ffe24950000 - 0x00007ffe2495c000 	C:\Qt\6.6.0\msvc2019_64\plugins\imageformats\qtga.dll
0x00007ffe16ba0000 - 0x00007ffe16c0a000 	C:\Qt\6.6.0\msvc2019_64\plugins\imageformats\qtiff.dll
0x00007ffe248b0000 - 0x00007ffe248bc000 	C:\Qt\6.6.0\msvc2019_64\plugins\imageformats\qwbmp.dll
0x00007ffe11830000 - 0x00007ffe118b8000 	C:\Qt\6.6.0\msvc2019_64\plugins\imageformats\qwebp.dll
0x00007ffe121d0000 - 0x00007ffe1220a000 	C:\Windows\system32\dataexchange.dll
0x00007ffe28bc0000 - 0x00007ffe28d9d000 	C:\Windows\system32\dcomp.dll
0x00007ffe29b40000 - 0x00007ffe29da2000 	C:\Windows\system32\twinapi.appcore.dll
0x00007ffe29f80000 - 0x00007ffe29fa9000 	C:\Windows\system32\RMCLIENT.dll
0x00007ffe20480000 - 0x00007ffe20727000 	C:\Windows\System32\iertutil.dll
0x00007ffe13580000 - 0x00007ffe13739000 	C:\Windows\System32\Windows.Globalization.dll
0x00007ffe15dd0000 - 0x00007ffe15e00000 	C:\Windows\System32\bcp47mrm.dll
0x00007ffe18310000 - 0x00007ffe1836d000 	C:\Windows\System32\Bcp47Langs.dll
0x00007ffe11f90000 - 0x00007ffe12196000 	C:\Windows\system32\explorerframe.dll

dbghelp: loaded successfully - version: 4.0.5 - missing functions: none
symbol engine: initialized successfully - sym options: 0x614 - pdb path: .;C:\Users\its\.jdks\liberica-17.0.7\bin;C:\Windows\SYSTEM32;C:\Windows\WinSxS\amd64_microsoft.windows.common-controls_6595b64144ccf1df_6.0.18362.1256_none_9e7e379be45e40e2;C:\Users\its\.jdks\liberica-17.0.7\bin\server;C:\Qt\6.6.0\msvc2019_64\bin;C:\Users\its\AppData\Local\Temp\QtJambi6.6.0_1340\bin;C:\Qt\6.6.0\msvc2019_64\plugins\platforms;C:\Qt\6.6.0\msvc2019_64\plugins\styles;C:\Qt\6.6.0\msvc2019_64\plugins\imageformats

VM Arguments:
jvm_args: -Djava.library.path=C:\Qt\6.6.0\msvc2019_64\bin -Dfile.encoding=windows-1251 -Duser.country=RU -Duser.language=ru -Duser.variant 
java_command: Main
java_class_path (initial): C:\Users\its\Desktop\software\UI\DBBrowser\build\classes\java\main;C:\Users\its\Desktop\software\UI\DBBrowser\build\resources\main;C:\Users\its\Desktop\software\UI\DBBrowser\build\libs\qtjambi-native-windows-x64-6.6.0.jar;C:\Users\its\.gradle\caches\modules-2\files-2.1\io.qtjambi\qtjambi\6.6.0\122bd017d9f98685b5632c0c0a7c677df68db02e\qtjambi-6.6.0.jar;C:\Users\its\.gradle\caches\modules-2\files-2.1\org.postgresql\postgresql\42.6.0\7614cfce466145b84972781ab0079b8dea49e363\postgresql-42.6.0.jar;C:\Users\its\.gradle\caches\modules-2\files-2.1\org.xerial\sqlite-jdbc\3.42.0.0\a4c84376df810062d20c84777b84ec077b5ecdab\sqlite-jdbc-3.42.0.0.jar;C:\Users\its\.gradle\caches\modules-2\files-2.1\org.checkerframework\checker-qual\3.31.0\eeefd4af42e2f4221d145c1791582f91868f99ab\checker-qual-3.31.0.jar
Launcher Type: SUN_STANDARD

[Global flags]
     intx CICompilerCount                          = 3                                         {product} {ergonomic}
     uint ConcGCThreads                            = 1                                         {product} {ergonomic}
     uint G1ConcRefinementThreads                  = 4                                         {product} {ergonomic}
   size_t G1HeapRegionSize                         = 1048576                                   {product} {ergonomic}
    uintx GCDrainStackTargetSize                   = 64                                        {product} {ergonomic}
   size_t InitialHeapSize                          = 134217728                                 {product} {ergonomic}
   size_t MarkStackSize                            = 4194304                                   {product} {ergonomic}
   size_t MaxHeapSize                              = 2118123520                                {product} {ergonomic}
   size_t MaxNewSize                               = 1270874112                                {product} {ergonomic}
   size_t MinHeapDeltaBytes                        = 1048576                                   {product} {ergonomic}
   size_t MinHeapSize                              = 8388608                                   {product} {ergonomic}
    uintx NonNMethodCodeHeapSize                   = 5832780                                {pd product} {ergonomic}
    uintx NonProfiledCodeHeapSize                  = 122912730                              {pd product} {ergonomic}
    uintx ProfiledCodeHeapSize                     = 122912730                              {pd product} {ergonomic}
    uintx ReservedCodeCacheSize                    = 251658240                              {pd product} {ergonomic}
     bool SegmentedCodeCache                       = true                                      {product} {ergonomic}
   size_t SoftMaxHeapSize                          = 2118123520                             {manageable} {ergonomic}
     bool UseCompressedClassPointers               = true                           {product lp64_product} {ergonomic}
     bool UseCompressedOops                        = true                           {product lp64_product} {ergonomic}
     bool UseG1GC                                  = true                                      {product} {ergonomic}
     bool UseLargePagesIndividualAllocation        = false                                  {pd product} {ergonomic}

Logging:
Log output configuration:
 #0: stdout all=warning uptime,level,tags
 #1: stderr all=off uptime,level,tags

Environment Variables:
JAVA_HOME=C:\Users\its\.jdks\corretto-1.8.0_382
PATH=C:\Qt\6.6.0\msvc2019_64\bin;C:\Users\its\AppData\Local\Temp\QtJambi6.6.0_1340\bin;C:\Program Files\Common Files\Oracle\Java\javapath;C:\Program Files (x86)\Common Files\Oracle\Java\javapath;C:\Python311\Scripts\;C:\Python311\;C:\Windows\system32;C:\Windows;C:\Windows\System32\Wbem;C:\Windows\System32\WindowsPowerShell\v1.0\;C:\Windows\System32\OpenSSH\;C:\ProgramData\chocolatey\bin;C:\Program Files\Git\cmd;C:\Program Files\PuTTY\;C:\Program Files\nodejs\;C:\HaxeToolkit\haxe;C:\HaxeToolkit\neko;C:\Users\its\AppData\Roaming\local\bin;C:\Users\its\AppData\Local\Microsoft\WindowsApps;C:\Users\its\AppData\Local\Programs\Microsoft VS Code\bin;C:\Users\its\AppData\Roaming\cabal\bin;C:\tools\ghc-9.2.1\bin;C:\tools\msys64;C:\Program Files\JetBrains\IntelliJ IDEA Community Edition 2022.2.1\bin;;C:\Users\its\.jdks\corretto-16.0.2\bin;C:\Program Files\swipl\bin;C:\Strawberry\c\bin\spin;C:\Strawberry\c\bin\;C:\ActiveTcl\bin\;C:\Program Files\JetBrains\WebStorm 2022.3.3\bin;C:\Users\its\AppData\Roaming\npm;C:\Program Files\Java\jdk-17\bin
USERNAME=its
OS=Windows_NT
PROCESSOR_IDENTIFIER=Intel64 Family 6 Model 58 Stepping 9, GenuineIntel
TMP=C:\Users\its\AppData\Local\Temp
TEMP=C:\Users\its\AppData\Local\Temp



---------------  S Y S T E M  ---------------

OS:
 Windows 10 , 64 bit Build 18362 (10.0.18362.1110)
OS uptime: 0 days 20:03 hours

CPU: total 4 (initial active 4) (2 cores per cpu, 2 threads per core) family 6 model 58 stepping 9 microcode 0x20, cx8, cmov, fxsr, ht, mmx, sse, sse2, sse3, ssse3, sse4.1, sse4.2, popcnt, tsc, tscinvbit, avx, aes, erms, clmul, vzeroupper, clflush

Memory: 4k page, system-wide physical 8077M (1979M free)
TotalPageFile size 9805M (AvailPageFile size 3606M)
current process WorkingSet (physical memory assigned to process): 102M, peak: 125M
current process commit charge ("private bytes"): 119M, peak: 247M

vm_info: OpenJDK 64-Bit Server VM (17.0.7+7-LTS) for windows-amd64 JRE (17.0.7+7-LTS), built on Apr 18 2023 18:44:51 by "" with MS VC++ 15.9 (VS2017)

END.
