#
# A fatal error has been detected by the Java Runtime Environment:
#
#  EXCEPTION_ACCESS_VIOLATION (0xc0000005) at pc=0x00007ffd44b2da1e, pid=2040, tid=7592
#
# JRE version: OpenJDK Runtime Environment (17.0.7+7) (build 17.0.7+7-LTS)
# Java VM: OpenJDK 64-Bit Server VM (17.0.7+7-LTS, mixed mode, sharing, tiered, compressed oops, compressed class ptrs, g1 gc, windows-amd64)
# Problematic frame:
# C  [Qt6Core.dll+0x9da1e]
#
# No core dump will be written. Minidumps are not enabled by default on client versions of Windows
#
# If you would like to submit a bug report, please visit:
#   https://bell-sw.com/support
# The crash happened outside the Java Virtual Machine in native code.
# See problematic frame for where to report the bug.
#

---------------  S U M M A R Y ------------

Command Line: -Djava.library.path=C:\Qt\6.6.0\msvc2019_64\bin -Dfile.encoding=windows-1251 -Duser.country=RU -Duser.language=ru -Duser.variant Main

Host: Intel(R) Core(TM) i5-3317U CPU @ 1.70GHz, 4 cores, 7G,  Windows 10 , 64 bit Build 18362 (10.0.18362.1110)
Time: Tue Dec 26 14:09:29 2023 Новосибирское стандартное время elapsed time: 32.981218 seconds (0d 0h 0m 32s)

---------------  T H R E A D  ---------------

Current thread (0x000001d722296020):  JavaThread "main" [_thread_in_native, id=7592, stack(0x000000a051d00000,0x000000a051e00000)]

Stack: [0x000000a051d00000,0x000000a051e00000],  sp=0x000000a051dfdb70,  free space=1014k
Native frames: (J=compiled Java code, j=interpreted, Vv=VM code, C=native code)
C  [Qt6Core.dll+0x9da1e]

Java frames: (J=compiled Java code, j=interpreted, Vv=VM code)
j  io.qt.core.QCoreApplication.sendPostedEvents_native_QObject_ptr_int(JI)V+0
j  io.qt.core.QCoreApplication.sendPostedEvents(Lio/qt/core/QObject;I)V+10
j  io.qt.core.QCoreApplication.shutdown()V+498
j  io.qt.widgets.QApplication.shutdown()V+0
j  Main.main([Ljava/lang/String;)V+31
v  ~StubRoutines::call_stub

siginfo: EXCEPTION_ACCESS_VIOLATION (0xc0000005), reading address 0xffffffffffffffff


Register to memory mapping:

RIP=0x00007ffd44b2da1e Qt6Core.dll
RAX=0x0000de0306049a3d is an unknown value
RBX=0x80023100f9d328ba is an unknown value
RCX=0x000001d748783750 points into unknown readable memory: 0x00007ffd44e3e9b0 | b0 e9 e3 44 fd 7f 00 00
RDX=0x0 is NULL
RSP=0x000000a051dfdb70 is pointing into the stack for thread: 0x000001d722296020
RBP=0x000000a051dfdc70 is pointing into the stack for thread: 0x000001d722296020
RSI=0x000001d7487791f0 points into unknown readable memory: 0x00007ffd44e4d390 | 90 d3 e4 44 fd 7f 00 00
RDI=0x80023100f9d32862 is an unknown value
R8 =0x0000000000000005 is an unknown value
R9 =0x0000000000000001 is an unknown value
R10=0x0000000000008000 is an unknown value
R11=0x000000a051dfe570 is pointing into the stack for thread: 0x000001d722296020
R12=0x000001d748783750 points into unknown readable memory: 0x00007ffd44e3e9b0 | b0 e9 e3 44 fd 7f 00 00
R13=0x0 is NULL
R14=0x000001d7435e4cf0 points into unknown readable memory: 0x0000000000000000 | 00 00 00 00 00 00 00 00
R15=0x0000000000000001 is an unknown value


Registers:
RAX=0x0000de0306049a3d, RBX=0x80023100f9d328ba, RCX=0x000001d748783750, RDX=0x0000000000000000
RSP=0x000000a051dfdb70, RBP=0x000000a051dfdc70, RSI=0x000001d7487791f0, RDI=0x80023100f9d32862
R8 =0x0000000000000005, R9 =0x0000000000000001, R10=0x0000000000008000, R11=0x000000a051dfe570
R12=0x000001d748783750, R13=0x0000000000000000, R14=0x000001d7435e4cf0, R15=0x0000000000000001
RIP=0x00007ffd44b2da1e, EFLAGS=0x0000000000010282

Top of Stack: (sp=0x000000a051dfdb70)
0x000000a051dfdb70:   000000a051dfdb90 000000a051dfdbb8
0x000000a051dfdb80:   000001d7433b9770 00007ffdb13406e1
0x000000a051dfdb90:   0000000000000000 000001d700000000
0x000000a051dfdba0:   0000000000000d3c 000000000002001f
0x000000a051dfdbb0:   00000000000007e8 0000000000000000
0x000000a051dfdbc0:   0000000000000000 00007ffdb13437b4
0x000000a051dfdbd0:   0000000000000002 000001d748783750
0x000000a051dfdbe0:   0000000000000030 0000000000000d3c
0x000000a051dfdbf0:   000000a051dfdec8 0000000000000000
0x000000a051dfdc00:   0000000000000000 00007ffdb133b91f
0x000000a051dfdc10:   0000000000270097 0000000000000030
0x000000a051dfdc20:   000001d7435c6820 0000000000000d3c
0x000000a051dfdc30:   000000a051dfdec8 00007ffd44c00e22
0x000000a051dfdc40:   000001d700000000 000001d7220b4740
0x000000a051dfdc50:   000001d7431ff580 000001d7220b0000
0x000000a051dfdc60:   000001d7220b02ac 000001d7433a52b0 

Instructions: (pc=0x00007ffd44b2da1e)
0x00007ffd44b2d91e:   48 8b 4b 08 48 85 c9 74 0f 48 8b 11 48 8b 02 41
0x00007ffd44b2d92e:   8b d6 ff 15 c2 b3 2f 00 48 89 6b 08 48 8b 5c 24
0x00007ffd44b2d93e:   48 49 8b c6 4c 8b 74 24 20 f0 48 0f b1 2f 48 8b
0x00007ffd44b2d94e:   6c 24 50 74 08 48 8b cf e8 45 c9 18 00 48 8b 7c
0x00007ffd44b2d95e:   24 28 48 83 c4 30 5e c3 cc cc cc cc cc cc cc cc
0x00007ffd44b2d96e:   cc cc 48 89 5c 24 10 48 89 74 24 18 48 89 7c 24
0x00007ffd44b2d97e:   20 55 41 54 41 55 41 56 41 57 48 8d ac 24 40 f8
0x00007ffd44b2d98e:   ff ff 48 81 ec c0 08 00 00 48 8b 05 8a 4e 4e 00
0x00007ffd44b2d99e:   48 33 c4 48 89 85 b0 07 00 00 89 54 24 48 4c 8b
0x00007ffd44b2d9ae:   e1 48 89 4c 24 68 45 33 ed 4c 89 6d 88 44 88 6d
0x00007ffd44b2d9be:   90 48 85 c9 75 40 b1 01 e8 85 ac 18 00 48 89 45
0x00007ffd44b2d9ce:   80 48 8d 58 58 48 8b 03 45 8d 7c 24 01 48 85 c0
0x00007ffd44b2d9de:   75 07 f0 4c 0f b1 3b 74 08 48 8b cb e8 81 c4 18
0x00007ffd44b2d9ee:   00 48 8b 45 80 48 89 44 24 28 48 89 5c 24 30 44
0x00007ffd44b2d9fe:   88 7c 24 38 eb 6e 48 8b 71 08 41 bf 01 00 00 00
0x00007ffd44b2da0e:   66 90 48 8b 7e 58 90 48 85 ff 74 4a 48 8d 5f 58
0x00007ffd44b2da1e:   48 8b 03 48 85 c0 75 07 f0 4c 0f b1 3b 74 08 48
0x00007ffd44b2da2e:   8b cb e8 3b c4 18 00 48 8b 46 58 90 48 3b f8 74
0x00007ffd44b2da3e:   14 49 8b c7 f0 4c 0f b1 2b 74 c7 48 8b cb e8 4f
0x00007ffd44b2da4e:   c8 18 00 eb bd 48 89 7c 24 28 48 89 5c 24 30 44
0x00007ffd44b2da5e:   88 7c 24 38 eb 0e 0f 57 c0 f3 0f 7f 44 24 28 c6
0x00007ffd44b2da6e:   44 24 38 00 4d 85 e4 74 1d 49 8b 44 24 08 8b 40
0x00007ffd44b2da7e:   34 90 85 c0 75 10 44 0f b6 74 24 38 48 8b 74 24
0x00007ffd44b2da8e:   30 e9 5a 03 00 00 66 0f 6f 05 c4 65 31 00 f3 0f
0x00007ffd44b2da9e:   7f 45 98 48 8d 45 b0 48 89 45 a8 48 8b 44 24 28
0x00007ffd44b2daae:   4c 8b 40 38 4c 89 44 24 50 4d 8b f5 4c 89 6c 24
0x00007ffd44b2dabe:   58 4d 85 c0 0f 8e 24 02 00 00 48 83 c0 30 48 89
0x00007ffd44b2dace:   44 24 20 45 33 ff 4c 89 7c 24 60 33 c9 48 89 4c
0x00007ffd44b2dade:   24 40 48 8b 30 49 03 f7 4d 85 e4 74 09 4c 39 26
0x00007ffd44b2daee:   0f 85 30 01 00 00 48 8b 46 08 48 85 c0 0f 84 23
0x00007ffd44b2dafe:   01 00 00 8b 54 24 48 85 d2 74 0c 0f b7 40 08 3b
0x00007ffd44b2db0e:   c2 0f 85 0f 01 00 00 48 8b 06 48 8b 48 08 b8 ff 


Stack slot to memory mapping:
stack at sp + 0 slots: 0x000000a051dfdb90 is pointing into the stack for thread: 0x000001d722296020
stack at sp + 1 slots: 0x000000a051dfdbb8 is pointing into the stack for thread: 0x000001d722296020
stack at sp + 2 slots: 0x000001d7433b9770 points into unknown readable memory: 0x0057005c003a0043 | 43 00 3a 00 5c 00 57 00
stack at sp + 3 slots: 0x00007ffdb13406e1 ntdll.dll
stack at sp + 4 slots: 0x0 is NULL
stack at sp + 5 slots: 0x000001d700000000 is an unknown value
stack at sp + 6 slots: 0x0000000000000d3c is an unknown value
stack at sp + 7 slots: 0x000000000002001f is an unknown value


---------------  P R O C E S S  ---------------

Threads class SMR info:
_java_thread_list=0x000001d7435883b0, length=13, elements={
0x000001d722296020, 0x000001d743038830, 0x000001d7430395b0, 0x000001d743051a20,
0x000001d743055800, 0x000001d7430560c0, 0x000001d743056980, 0x000001d743058630,
0x000001d743058fe0, 0x000001d7430cd720, 0x000001d7432d4660, 0x000001d7432dcf70,
0x000001d74365f080
}

Java Threads: ( => current thread )
=>0x000001d722296020 JavaThread "main" [_thread_in_native, id=7592, stack(0x000000a051d00000,0x000000a051e00000)]
  0x000001d743038830 JavaThread "Reference Handler" daemon [_thread_blocked, id=3344, stack(0x000000a052400000,0x000000a052500000)]
  0x000001d7430395b0 JavaThread "Finalizer" daemon [_thread_blocked, id=2008, stack(0x000000a052500000,0x000000a052600000)]
  0x000001d743051a20 JavaThread "Signal Dispatcher" daemon [_thread_blocked, id=1196, stack(0x000000a052600000,0x000000a052700000)]
  0x000001d743055800 JavaThread "Attach Listener" daemon [_thread_blocked, id=4564, stack(0x000000a052700000,0x000000a052800000)]
  0x000001d7430560c0 JavaThread "Service Thread" daemon [_thread_blocked, id=4512, stack(0x000000a052800000,0x000000a052900000)]
  0x000001d743056980 JavaThread "Monitor Deflation Thread" daemon [_thread_blocked, id=8640, stack(0x000000a052900000,0x000000a052a00000)]
  0x000001d743058630 JavaThread "C2 CompilerThread0" daemon [_thread_blocked, id=2152, stack(0x000000a052a00000,0x000000a052b00000)]
  0x000001d743058fe0 JavaThread "C1 CompilerThread0" daemon [_thread_blocked, id=7328, stack(0x000000a052b00000,0x000000a052c00000)]
  0x000001d7430cd720 JavaThread "Sweeper thread" daemon [_thread_blocked, id=2792, stack(0x000000a052c00000,0x000000a052d00000)]
  0x000001d7432d4660 JavaThread "Notification Thread" daemon [_thread_blocked, id=6964, stack(0x000000a052d00000,0x000000a052e00000)]
  0x000001d7432dcf70 JavaThread "Common-Cleaner" daemon [_thread_blocked, id=8364, stack(0x000000a052f00000,0x000000a053000000)]
  0x000001d74365f080 JavaThread "QtJambiCleanupThread" daemon [_thread_blocked, id=1220, stack(0x000000a053000000,0x000000a053100000)]

Other Threads:
  0x000001d743031ba0 VMThread "VM Thread" [stack: 0x000000a052300000,0x000000a052400000] [id=3300]
  0x000001d7432d4b30 WatcherThread [stack: 0x000000a052e00000,0x000000a052f00000] [id=8028]
  0x000001d7222f06e0 GCTaskThread "GC Thread#0" [stack: 0x000000a051e00000,0x000000a051f00000] [id=2736]
  0x000001d743a345a0 GCTaskThread "GC Thread#1" [stack: 0x000000a053100000,0x000000a053200000] [id=9524]
  0x000001d743a34850 GCTaskThread "GC Thread#2" [stack: 0x000000a053200000,0x000000a053300000] [id=2580]
  0x000001d74398e060 GCTaskThread "GC Thread#3" [stack: 0x000000a053300000,0x000000a053400000] [id=204]
  0x000001d7223021c0 ConcurrentGCThread "G1 Main Marker" [stack: 0x000000a051f00000,0x000000a052000000] [id=1656]
  0x000001d722302ae0 ConcurrentGCThread "G1 Conc#0" [stack: 0x000000a052000000,0x000000a052100000] [id=1940]
  0x000001d722357ed0 ConcurrentGCThread "G1 Refine#0" [stack: 0x000000a052100000,0x000000a052200000] [id=124]
  0x000001d722358800 ConcurrentGCThread "G1 Service" [stack: 0x000000a052200000,0x000000a052300000] [id=9472]

Threads with active compile tasks:

VM state: not at safepoint (normal execution)

VM Mutex/Monitor currently owned by a thread: None

Heap address: 0x0000000081c00000, size: 2020 MB, Compressed Oops mode: 32-bit

CDS archive(s) mapped at: [0x0000000800000000-0x0000000800bd0000-0x0000000800bd0000), size 12386304, SharedBaseAddress: 0x0000000800000000, ArchiveRelocationMode: 0.
Compressed class space mapped at: 0x0000000801000000-0x0000000841000000, reserved size: 1073741824
Narrow klass base: 0x0000000800000000, Narrow klass shift: 0, Narrow klass range: 0x100000000

GC Precious Log:
 CPUs: 4 total, 4 available
 Memory: 8077M
 Large Page Support: Disabled
 NUMA Support: Disabled
 Compressed Oops: Enabled (32-bit)
 Heap Region Size: 1M
 Heap Min Capacity: 8M
 Heap Initial Capacity: 128M
 Heap Max Capacity: 2020M
 Pre-touch: Disabled
 Parallel Workers: 4
 Concurrent Workers: 1
 Concurrent Refinement Workers: 4
 Periodic GC: Disabled

Heap:
 garbage-first heap   total 20480K, used 5156K [0x0000000081c00000, 0x0000000100000000)
  region size 1024K, 0 young (0K), 0 survivors (0K)
 Metaspace       used 13180K, committed 13440K, reserved 1114112K
  class space    used 1145K, committed 1280K, reserved 1048576K

Heap Regions: E=young(eden), S=young(survivor), O=old, HS=humongous(starts), HC=humongous(continues), CS=collection set, F=free, OA=open archive, CA=closed archive, TAMS=top-at-mark-start (previous, next)
|   0|0x0000000081c00000, 0x0000000081cffff0, 0x0000000081d00000| 99%| O|  |TAMS 0x0000000081cffff0, 0x0000000081c00000| Untracked 
|   1|0x0000000081d00000, 0x0000000081df9c00, 0x0000000081e00000| 97%| O|  |TAMS 0x0000000081df9c00, 0x0000000081d00000| Untracked 
|   2|0x0000000081e00000, 0x0000000081ef2280, 0x0000000081f00000| 94%| O|  |TAMS 0x0000000081e00000, 0x0000000081e00000| Untracked 
|   3|0x0000000081f00000, 0x0000000082000000, 0x0000000082000000|100%| O|  |TAMS 0x0000000081f00000, 0x0000000081f00000| Untracked 
|   4|0x0000000082000000, 0x000000008201d1e0, 0x0000000082100000| 11%| O|  |TAMS 0x0000000082000000, 0x0000000082000000| Untracked 
|   5|0x0000000082100000, 0x0000000082100000, 0x0000000082200000|  0%| F|  |TAMS 0x0000000082100000, 0x0000000082100000| Untracked 
|   6|0x0000000082200000, 0x0000000082200000, 0x0000000082300000|  0%| F|  |TAMS 0x0000000082200000, 0x0000000082200000| Untracked 
|   7|0x0000000082300000, 0x0000000082300000, 0x0000000082400000|  0%| F|  |TAMS 0x0000000082300000, 0x0000000082300000| Untracked 
|   8|0x0000000082400000, 0x0000000082400000, 0x0000000082500000|  0%| F|  |TAMS 0x0000000082400000, 0x0000000082400000| Untracked 
|   9|0x0000000082500000, 0x0000000082500000, 0x0000000082600000|  0%| F|  |TAMS 0x0000000082500000, 0x0000000082500000| Untracked 
|  10|0x0000000082600000, 0x0000000082600000, 0x0000000082700000|  0%| F|  |TAMS 0x0000000082600000, 0x0000000082600000| Untracked 
|  11|0x0000000082700000, 0x0000000082700000, 0x0000000082800000|  0%| F|  |TAMS 0x0000000082700000, 0x0000000082700000| Untracked 
|  12|0x0000000082800000, 0x0000000082800000, 0x0000000082900000|  0%| F|  |TAMS 0x0000000082800000, 0x0000000082800000| Untracked 
|  13|0x0000000082900000, 0x0000000082900000, 0x0000000082a00000|  0%| F|  |TAMS 0x0000000082900000, 0x0000000082900000| Untracked 
|  14|0x0000000082a00000, 0x0000000082a00000, 0x0000000082b00000|  0%| F|  |TAMS 0x0000000082a00000, 0x0000000082a00000| Untracked 
|  15|0x0000000082b00000, 0x0000000082b00000, 0x0000000082c00000|  0%| F|  |TAMS 0x0000000082b00000, 0x0000000082b00000| Untracked 
|  16|0x0000000082c00000, 0x0000000082c00000, 0x0000000082d00000|  0%| F|  |TAMS 0x0000000082c00000, 0x0000000082c00000| Untracked 
|  17|0x0000000082d00000, 0x0000000082d00000, 0x0000000082e00000|  0%| F|  |TAMS 0x0000000082d00000, 0x0000000082d00000| Untracked 
|  18|0x0000000082e00000, 0x0000000082e00000, 0x0000000082f00000|  0%| F|  |TAMS 0x0000000082e00000, 0x0000000082e00000| Untracked 
|  29|0x0000000083900000, 0x00000000839fffe8, 0x0000000083a00000| 99%| O|  |TAMS 0x00000000839fffe8, 0x0000000083900000| Untracked 

Card table byte_map: [0x000001d73c370000,0x000001d73c770000] _byte_map_base: 0x000001d73bf62000

Marking Bits (Prev, Next): (CMBitMap*) 0x000001d7222f1c10, (CMBitMap*) 0x000001d7222f1c50
 Prev Bits: [0x000001d73cb70000, 0x000001d73eb00000)
 Next Bits: [0x000001d73eb00000, 0x000001d740a90000)

Polling page: 0x000001d722110000

Metaspace:

Usage:
  Non-class:     11.75 MB used.
      Class:      1.12 MB used.
       Both:     12.87 MB used.

Virtual space:
  Non-class space:       64.00 MB reserved,      11.88 MB ( 19%) committed,  1 nodes.
      Class space:        1.00 GB reserved,       1.25 MB ( <1%) committed,  1 nodes.
             Both:        1.06 GB reserved,      13.13 MB (  1%) committed. 

Chunk freelists:
   Non-Class:  3.77 MB
       Class:  14.80 MB
        Both:  18.56 MB

MaxMetaspaceSize: unlimited
CompressedClassSpaceSize: 1.00 GB
Initial GC threshold: 21.00 MB
Current GC threshold: 21.69 MB
CDS: on
MetaspaceReclaimPolicy: balanced
 - commit_granule_bytes: 65536.
 - commit_granule_words: 8192.
 - virtual_space_node_default_size: 8388608.
 - enlarge_chunks_in_place: 1.
 - new_chunks_are_fully_committed: 0.
 - uncommit_free_chunks: 1.
 - use_allocation_guard: 0.
 - handle_deallocations: 1.


Internal statistics:

num_allocs_failed_limit: 0.
num_arena_births: 174.
num_arena_deaths: 0.
num_vsnodes_births: 2.
num_vsnodes_deaths: 0.
num_space_committed: 210.
num_space_uncommitted: 0.
num_chunks_returned_to_freelist: 0.
num_chunks_taken_from_freelist: 546.
num_chunk_merges: 0.
num_chunk_splits: 371.
num_chunks_enlarged: 267.
num_inconsistent_stats: 0.

CodeHeap 'non-profiled nmethods': size=120000Kb used=568Kb max_used=568Kb free=119431Kb
 bounds [0x000001d734420000, 0x000001d734690000, 0x000001d73b950000]
CodeHeap 'profiled nmethods': size=120000Kb used=3244Kb max_used=3244Kb free=116755Kb
 bounds [0x000001d72c950000, 0x000001d72cc80000, 0x000001d733e80000]
CodeHeap 'non-nmethods': size=5760Kb used=1229Kb max_used=1248Kb free=4530Kb
 bounds [0x000001d733e80000, 0x000001d7340f0000, 0x000001d734420000]
 total_blobs=2298 nmethods=1753 adapters=458
 compilation: enabled
              stopped_count=0, restarted_count=0
 full_count=0

Compilation events (20 events):
Event: 32.904 Thread 0x000001d743058fe0 1743   !   3       io.qt.internal.NativeUtility$NativeLink::detach (99 bytes)
Event: 32.905 Thread 0x000001d743058fe0 nmethod 1743 0x000001d72cc73210 code [0x000001d72cc734a0, 0x000001d72cc74428]
Event: 32.910 Thread 0x000001d743058fe0 1744  s    3       io.qt.internal.NativeUtility$NativeLink::reset (39 bytes)
Event: 32.911 Thread 0x000001d743058fe0 nmethod 1744 0x000001d72cc74a90 code [0x000001d72cc74ca0, 0x000001d72cc75428]
Event: 32.931 Thread 0x000001d743058fe0 1745       3       java.lang.AbstractStringBuilder::append (45 bytes)
Event: 32.931 Thread 0x000001d743058fe0 nmethod 1745 0x000001d72cc75710 code [0x000001d72cc758e0, 0x000001d72cc75c28]
Event: 32.932 Thread 0x000001d743058fe0 1746       3       sun.reflect.annotation.TypeAnnotation$LocationInfo::pushLocation (59 bytes)
Event: 32.932 Thread 0x000001d743058fe0 nmethod 1746 0x000001d72cc75d90 code [0x000001d72cc75f80, 0x000001d72cc76668]
Event: 32.932 Thread 0x000001d743058fe0 1748       3       java.lang.CharacterData::of (136 bytes)
Event: 32.932 Thread 0x000001d743058630 1749       4       java.lang.Character::isWhitespace (5 bytes)
Event: 32.933 Thread 0x000001d743058fe0 nmethod 1748 0x000001d72cc76890 code [0x000001d72cc76ac0, 0x000001d72cc773b8]
Event: 32.933 Thread 0x000001d743058fe0 1747       3       sun.reflect.annotation.TypeAnnotation$LocationInfo::filter (68 bytes)
Event: 32.934 Thread 0x000001d743058fe0 nmethod 1747 0x000001d72cc77610 code [0x000001d72cc77820, 0x000001d72cc78138]
Event: 32.934 Thread 0x000001d743058630 nmethod 1749 0x000001d7344ad190 code [0x000001d7344ad320, 0x000001d7344ad418]
Event: 32.935 Thread 0x000001d743058fe0 1750       3       sun.reflect.annotation.TypeAnnotationParser::parseTypeAnnotations (91 bytes)
Event: 32.935 Thread 0x000001d743058630 1751       4       sun.reflect.generics.parser.SignatureParser::skipIdentifier (67 bytes)
Event: 32.936 Thread 0x000001d743058fe0 nmethod 1750 0x000001d72cc78490 code [0x000001d72cc786e0, 0x000001d72cc79198]
Event: 32.936 Thread 0x000001d743058fe0 1752       3       java.lang.reflect.Field::getGenericType (20 bytes)
Event: 32.938 Thread 0x000001d743058fe0 nmethod 1752 0x000001d72cc79590 code [0x000001d72cc79880, 0x000001d72cc7ad48]
Event: 32.944 Thread 0x000001d743058630 nmethod 1751 0x000001d7344ad990 code [0x000001d7344adb40, 0x000001d7344ade58]

GC Heap History (8 events):
Event: 1.340 GC heap before
{Heap before GC invocations=0 (full 0):
 garbage-first heap   total 131072K, used 12288K [0x0000000081c00000, 0x0000000100000000)
  region size 1024K, 13 young (13312K), 0 survivors (0K)
 Metaspace       used 5068K, committed 5184K, reserved 1114112K
  class space    used 460K, committed 512K, reserved 1048576K
}
Event: 1.344 GC heap after
{Heap after GC invocations=1 (full 0):
 garbage-first heap   total 131072K, used 1923K [0x0000000081c00000, 0x0000000100000000)
  region size 1024K, 2 young (2048K), 2 survivors (2048K)
 Metaspace       used 5068K, committed 5184K, reserved 1114112K
  class space    used 460K, committed 512K, reserved 1048576K
}
Event: 7.840 GC heap before
{Heap before GC invocations=1 (full 0):
 garbage-first heap   total 131072K, used 18307K [0x0000000081c00000, 0x0000000100000000)
  region size 1024K, 19 young (19456K), 2 survivors (2048K)
 Metaspace       used 10434K, committed 10688K, reserved 1114112K
  class space    used 851K, committed 960K, reserved 1048576K
}
Event: 7.855 GC heap after
{Heap after GC invocations=2 (full 0):
 garbage-first heap   total 131072K, used 3773K [0x0000000081c00000, 0x0000000100000000)
  region size 1024K, 2 young (2048K), 2 survivors (2048K)
 Metaspace       used 10434K, committed 10688K, reserved 1114112K
  class space    used 851K, committed 960K, reserved 1048576K
}
Event: 32.869 GC heap before
{Heap before GC invocations=2 (full 0):
 garbage-first heap   total 131072K, used 15037K [0x0000000081c00000, 0x0000000100000000)
  region size 1024K, 14 young (14336K), 2 survivors (2048K)
 Metaspace       used 13112K, committed 13312K, reserved 1114112K
  class space    used 1139K, committed 1216K, reserved 1048576K
}
Event: 32.896 GC heap after
{Heap after GC invocations=3 (full 1):
 garbage-first heap   total 24576K, used 5236K [0x0000000081c00000, 0x0000000100000000)
  region size 1024K, 0 young (0K), 0 survivors (0K)
 Metaspace       used 13112K, committed 13312K, reserved 1114112K
  class space    used 1139K, committed 1216K, reserved 1048576K
}
Event: 32.947 GC heap before
{Heap before GC invocations=3 (full 1):
 garbage-first heap   total 24576K, used 5236K [0x0000000081c00000, 0x0000000100000000)
  region size 1024K, 1 young (1024K), 0 survivors (0K)
 Metaspace       used 13180K, committed 13440K, reserved 1114112K
  class space    used 1145K, committed 1280K, reserved 1048576K
}
Event: 32.966 GC heap after
{Heap after GC invocations=4 (full 2):
 garbage-first heap   total 20480K, used 5156K [0x0000000081c00000, 0x0000000100000000)
  region size 1024K, 0 young (0K), 0 survivors (0K)
 Metaspace       used 13180K, committed 13440K, reserved 1114112K
  class space    used 1145K, committed 1280K, reserved 1048576K
}

Dll operation events (16 events):
Event: 0.012 Loaded shared library C:\Users\its\.jdks\liberica-17.0.7\bin\java.dll
Event: 0.029 Loaded shared library C:\Users\its\.jdks\liberica-17.0.7\bin\jsvml.dll
Event: 0.198 Loaded shared library C:\Users\its\.jdks\liberica-17.0.7\bin\net.dll
Event: 0.201 Loaded shared library C:\Users\its\.jdks\liberica-17.0.7\bin\nio.dll
Event: 0.208 Loaded shared library C:\Users\its\.jdks\liberica-17.0.7\bin\zip.dll
Event: 0.427 Loaded shared library C:\Users\its\.jdks\liberica-17.0.7\bin\jimage.dll
Event: 0.443 Loaded shared library C:\Users\its\.jdks\liberica-17.0.7\bin\prefs.dll
Event: 0.635 Loaded shared library C:\Windows\System32\icuuc.dll
Event: 0.646 Loaded shared library C:\Qt\6.6.0\msvc2019_64\bin\Qt6Core.dll
Event: 0.838 Loaded shared library C:\Users\its\AppData\Local\Temp\QtJambi6.6.0_2040\bin\QtJambi6.dll
Event: 1.188 Loaded shared library C:\Users\its\AppData\Local\Temp\QtJambi6.6.0_2040\bin\QtJambiCore6.dll
Event: 1.404 Loaded shared library C:\Qt\6.6.0\msvc2019_64\bin\Qt6Gui.dll
Event: 1.591 Loaded shared library C:\Users\its\AppData\Local\Temp\QtJambi6.6.0_2040\bin\QtJambiGui6.dll
Event: 1.614 Loaded shared library C:\Qt\6.6.0\msvc2019_64\bin\Qt6Widgets.dll
Event: 1.870 Loaded shared library C:\Users\its\AppData\Local\Temp\QtJambi6.6.0_2040\bin\QtJambiWidgets6.dll
Event: 8.438 Loaded shared library C:\Users\its\AppData\Local\Temp\sqlite-3.42.0.0-db8f5810-d88e-40eb-be8f-cbb6bc43252f-sqlitejdbc.dll

Deoptimization events (20 events):
Event: 25.366 Thread 0x000001d722296020 Uncommon trap: trap_request=0xffffff45 fr.pc=0x000001d73446a748 relative=0x0000000000000048
Event: 25.366 Thread 0x000001d722296020 Uncommon trap: reason=unstable_if action=reinterpret pc=0x000001d73446a748 method=java.lang.CharacterData.of(I)Ljava/lang/CharacterData; @ 4 c2
Event: 25.366 Thread 0x000001d722296020 DEOPT PACKING pc=0x000001d73446a748 sp=0x000000a051df8cd0
Event: 25.366 Thread 0x000001d722296020 DEOPT UNPACKING pc=0x000001d733ed69a3 sp=0x000000a051df8c70 mode 2
Event: 25.369 Thread 0x000001d722296020 Uncommon trap: trap_request=0xffffff45 fr.pc=0x000001d73446078c relative=0x00000000000004cc
Event: 25.370 Thread 0x000001d722296020 Uncommon trap: reason=unstable_if action=reinterpret pc=0x000001d73446078c method=java.lang.AbstractStringBuilder.putStringAt(ILjava/lang/String;II)V @ 8 c2
Event: 25.370 Thread 0x000001d722296020 DEOPT PACKING pc=0x000001d73446078c sp=0x000000a051df94f0
Event: 25.370 Thread 0x000001d722296020 DEOPT UNPACKING pc=0x000001d733ed69a3 sp=0x000000a051df93d0 mode 2
Event: 25.370 Thread 0x000001d722296020 Uncommon trap: trap_request=0xffffff45 fr.pc=0x000001d734460fbc relative=0x000000000000011c
Event: 25.370 Thread 0x000001d722296020 Uncommon trap: reason=unstable_if action=reinterpret pc=0x000001d734460fbc method=java.lang.AbstractStringBuilder.putStringAt(ILjava/lang/String;II)V @ 8 c2
Event: 25.370 Thread 0x000001d722296020 DEOPT PACKING pc=0x000001d734460fbc sp=0x000000a051df9480
Event: 25.370 Thread 0x000001d722296020 DEOPT UNPACKING pc=0x000001d733ed69a3 sp=0x000000a051df93c8 mode 2
Event: 25.370 Thread 0x000001d722296020 Uncommon trap: trap_request=0xffffff45 fr.pc=0x000001d7344614c8 relative=0x0000000000000128
Event: 25.370 Thread 0x000001d722296020 Uncommon trap: reason=unstable_if action=reinterpret pc=0x000001d7344614c8 method=java.lang.AbstractStringBuilder.putStringAt(ILjava/lang/String;II)V @ 8 c2
Event: 25.370 Thread 0x000001d722296020 DEOPT PACKING pc=0x000001d7344614c8 sp=0x000000a051df9570
Event: 25.370 Thread 0x000001d722296020 DEOPT UNPACKING pc=0x000001d733ed69a3 sp=0x000000a051df9538 mode 2
Event: 25.370 Thread 0x000001d722296020 Uncommon trap: trap_request=0xffffff45 fr.pc=0x000001d73447d8dc relative=0x00000000000003bc
Event: 25.370 Thread 0x000001d722296020 Uncommon trap: reason=unstable_if action=reinterpret pc=0x000001d73447d8dc method=java.lang.AbstractStringBuilder.isLatin1()Z @ 10 c2
Event: 25.370 Thread 0x000001d722296020 DEOPT PACKING pc=0x000001d73447d8dc sp=0x000000a051df9940
Event: 25.370 Thread 0x000001d722296020 DEOPT UNPACKING pc=0x000001d733ed69a3 sp=0x000000a051df98c0 mode 2

Classes unloaded (0 events):
No events

Classes redefined (0 events):
No events

Internal exceptions (20 events):
Event: 4.185 Thread 0x000001d722296020 Exception <a 'java/lang/NoSuchMethodError'{0x0000000088f6cba0}: 'java.lang.Object java.lang.invoke.Invokers$Holder.linkToTargetMethod(java.lang.Object, java.lang.Object, java.lang.Object, java.lang.Object, java.lang.Object, java.lang.Object, java.lang.Object, java.lang.Object, java.lang.Object, java.lang.Object, java.lang.Object)'> (0x0000000088f6cba0) 
thrown [s\src\hotspot\share\interpreter\linkResolver.cpp, line 759]
Event: 6.899 Thread 0x000001d722296020 Exception <a 'java/lang/NoSuchMethodError'{0x0000000088ff05c8}: 'java.lang.Object java.lang.invoke.Invokers$Holder.invoke_MT(java.lang.Object, java.lang.Object, java.lang.Object)'> (0x0000000088ff05c8) 
thrown [s\src\hotspot\share\interpreter\linkResolver.cpp, line 759]
Event: 7.704 Thread 0x000001d722296020 Exception <a 'java/lang/NoSuchMethodError'{0x0000000088cd8af8}: Lapp/backend/entities/DataTable;.<init>()V> (0x0000000088cd8af8) 
thrown [s\src\hotspot\share\prims\jni.cpp, line 1107]
Event: 7.704 Thread 0x000001d722296020 Exception <a 'java/lang/NoSuchMethodError'{0x0000000088cd8df8}: clone> (0x0000000088cd8df8) 
thrown [s\src\hotspot\share\prims\jni.cpp, line 1073]
Event: 7.794 Thread 0x000001d722296020 Exception <a 'java/lang/NoSuchMethodError'{0x0000000088ae1128}: Lapp/backend/table/Table;.<init>()V> (0x0000000088ae1128) 
thrown [s\src\hotspot\share\prims\jni.cpp, line 1107]
Event: 7.794 Thread 0x000001d722296020 Exception <a 'java/lang/NoSuchMethodError'{0x0000000088ae1460}: Lapp/backend/table/Table;.clone()Lapp/backend/table/Table;> (0x0000000088ae1460) 
thrown [s\src\hotspot\share\prims\jni.cpp, line 1107]
Event: 8.193 Thread 0x000001d722296020 Exception <a 'java/lang/NoSuchMethodError'{0x00000000894a8f20}: 'java.lang.Object java.lang.invoke.DirectMethodHandle$Holder.invokeStaticInit(java.lang.Object, int, int, int, int)'> (0x00000000894a8f20) 
thrown [s\src\hotspot\share\interpreter\linkResolver.cpp, line 759]
Event: 8.270 Thread 0x000001d722296020 Exception <a 'java/lang/NoSuchMethodError'{0x0000000089340508}: 'java.lang.Object java.lang.invoke.DirectMethodHandle$Holder.invokeStaticInit(java.lang.Object, java.lang.Object, int, int, int, int)'> (0x0000000089340508) 
thrown [s\src\hotspot\share\interpreter\linkResolver.cpp, line 759]
Event: 8.276 Thread 0x000001d722296020 Exception <a 'sun/nio/fs/WindowsException'{0x0000000089350d58}> (0x0000000089350d58) 
thrown [s\src\hotspot\share\prims\jni.cpp, line 516]
Event: 8.276 Thread 0x000001d722296020 Exception <a 'sun/nio/fs/WindowsException'{0x00000000893510f8}> (0x00000000893510f8) 
thrown [s\src\hotspot\share\prims\jni.cpp, line 516]
Event: 8.278 Thread 0x000001d722296020 Exception <a 'sun/nio/fs/WindowsException'{0x0000000089351c78}> (0x0000000089351c78) 
thrown [s\src\hotspot\share\prims\jni.cpp, line 516]
Event: 8.476 Thread 0x000001d722296020 Exception <a 'java/lang/NoSuchMethodError'{0x00000000892769a8}: 'void java.lang.invoke.Invokers$Holder.invoke_MT(java.lang.Object, java.lang.Object, java.lang.Object, java.lang.Object)'> (0x00000000892769a8) 
thrown [s\src\hotspot\share\interpreter\linkResolver.cpp, line 759]
Event: 8.500 Thread 0x000001d722296020 Exception <a 'java/lang/NoSuchMethodError'{0x00000000892f6f00}: 'java.lang.Object java.lang.invoke.DirectMethodHandle$Holder.invokeSpecial(java.lang.Object, java.lang.Object, int, java.lang.Object, long)'> (0x00000000892f6f00) 
thrown [s\src\hotspot\share\interpreter\linkResolver.cpp, line 759]
Event: 8.501 Thread 0x000001d722296020 Exception <a 'java/lang/NoSuchMethodError'{0x00000000892fd840}: 'java.lang.Object java.lang.invoke.DirectMethodHandle$Holder.newInvokeSpecial(java.lang.Object, java.lang.Object, int)'> (0x00000000892fd840) 
thrown [s\src\hotspot\share\interpreter\linkResolver.cpp, line 759]
Event: 25.331 Thread 0x000001d722296020 Exception <a 'java/lang/RuntimeException'{0x000000008905b7c8}> (0x000000008905b7c8) 
thrown [s\src\hotspot\share\prims\jni.cpp, line 516]
Event: 25.331 Thread 0x000001d722296020 Exception <a 'java/lang/RuntimeException'{0x000000008905b7c8}> (0x000000008905b7c8) 
thrown [s\src\hotspot\share\prims\jni.cpp, line 516]
Event: 25.331 Thread 0x000001d722296020 Exception <a 'java/lang/RuntimeException'{0x000000008905b7c8}> (0x000000008905b7c8) 
thrown [s\src\hotspot\share\prims\jni.cpp, line 516]
Event: 25.331 Thread 0x000001d722296020 Exception <a 'java/lang/RuntimeException'{0x000000008905b7c8}> (0x000000008905b7c8) 
thrown [s\src\hotspot\share\prims\jni.cpp, line 516]
Event: 25.354 Thread 0x000001d722296020 Exception <a 'java/lang/NoSuchMethodError'{0x00000000890b88e8}: 'void java.lang.invoke.DirectMethodHandle$Holder.invokeSpecial(java.lang.Object, java.lang.Object, java.lang.Object)'> (0x00000000890b88e8) 
thrown [s\src\hotspot\share\interpreter\linkResolver.cpp, line 759]
Event: 25.359 Thread 0x000001d722296020 Exception <a 'java/lang/ClassNotFoundException'{0x00000000890cb6d8}: sun/util/logging/resources/spi/loggingProvider> (0x00000000890cb6d8) 
thrown [s\src\hotspot\share\classfile\systemDictionary.cpp, line 256]

VM Operations (20 events):
Event: 8.122 Executing VM operation: HandshakeAllThreads
Event: 8.122 Executing VM operation: HandshakeAllThreads done
Event: 8.174 Executing VM operation: HandshakeAllThreads
Event: 8.174 Executing VM operation: HandshakeAllThreads done
Event: 8.177 Executing VM operation: HandshakeAllThreads
Event: 8.177 Executing VM operation: HandshakeAllThreads done
Event: 8.209 Executing VM operation: HandshakeAllThreads
Event: 8.209 Executing VM operation: HandshakeAllThreads done
Event: 9.209 Executing VM operation: Cleanup
Event: 9.209 Executing VM operation: Cleanup done
Event: 25.356 Executing VM operation: HandshakeAllThreads
Event: 25.356 Executing VM operation: HandshakeAllThreads done
Event: 25.356 Executing VM operation: Cleanup
Event: 25.356 Executing VM operation: Cleanup done
Event: 25.367 Executing VM operation: HandshakeAllThreads
Event: 25.367 Executing VM operation: HandshakeAllThreads done
Event: 32.869 Executing VM operation: G1CollectFull
Event: 32.897 Executing VM operation: G1CollectFull done
Event: 32.946 Executing VM operation: G1CollectFull
Event: 32.966 Executing VM operation: G1CollectFull done

Events (20 events):
Event: 25.359 loading class java/util/ResourceBundle$3
Event: 25.359 loading class java/util/ResourceBundle$3 done
Event: 25.360 loading class sun/util/logging/resources/logging
Event: 25.360 loading class sun/util/logging/resources/logging done
Event: 25.360 loading class java/util/ResourceBundle$BundleReference
Event: 25.360 loading class java/util/ResourceBundle$BundleReference done
Event: 25.361 loading class sun/util/logging/resources/logging_ru
Event: 25.361 loading class sun/util/logging/resources/logging_ru done
Event: 25.361 loading class sun/util/logging/resources/logging_ru
Event: 25.361 loading class sun/util/logging/resources/logging_ru done
Event: 25.362 loading class sun/util/logging/resources/logging_ru_RU
Event: 25.362 loading class sun/util/logging/resources/logging_ru_RU done
Event: 25.362 loading class sun/util/logging/resources/logging_ru_RU
Event: 25.362 loading class sun/util/logging/resources/logging_ru_RU done
Event: 25.362 loading class java/util/Formatter$DateTime
Event: 25.363 loading class java/util/Formatter$DateTime done
Event: 25.363 loading class java/time/ZonedDateTime$1
Event: 25.363 loading class java/time/ZonedDateTime$1 done
Event: 25.370 Thread 0x000001d748492680 Thread added: 0x000001d748492680
Event: 30.380 Thread 0x000001d748492680 Thread exited: 0x000001d748492680


Dynamic libraries:
0x00007ff729d30000 - 0x00007ff729d3d000 	C:\Users\its\.jdks\liberica-17.0.7\bin\java.exe
0x00007ffdb1300000 - 0x00007ffdb14f0000 	C:\Windows\SYSTEM32\ntdll.dll
0x00007ffdaf3b0000 - 0x00007ffdaf462000 	C:\Windows\System32\KERNEL32.DLL
0x00007ffdaf100000 - 0x00007ffdaf3a5000 	C:\Windows\System32\KERNELBASE.dll
0x00007ffdaed90000 - 0x00007ffdaee8a000 	C:\Windows\System32\ucrtbase.dll
0x00007ffd996a0000 - 0x00007ffd996b7000 	C:\Users\its\.jdks\liberica-17.0.7\bin\jli.dll
0x00007ffdafab0000 - 0x00007ffdafc44000 	C:\Windows\System32\USER32.dll
0x00007ffdaed60000 - 0x00007ffdaed81000 	C:\Windows\System32\win32u.dll
0x00007ffdaf480000 - 0x00007ffdaf4a6000 	C:\Windows\System32\GDI32.dll
0x00007ffdaef60000 - 0x00007ffdaf0f6000 	C:\Windows\System32\gdi32full.dll
0x00007ffdaee90000 - 0x00007ffdaef2e000 	C:\Windows\System32\msvcp_win.dll
0x00007ffda6940000 - 0x00007ffda6955000 	C:\Users\its\.jdks\liberica-17.0.7\bin\VCRUNTIME140.dll
0x00007ffd96450000 - 0x00007ffd966d4000 	C:\Windows\WinSxS\amd64_microsoft.windows.common-controls_6595b64144ccf1df_6.0.18362.1256_none_9e7e379be45e40e2\COMCTL32.dll
0x00007ffdb0c70000 - 0x00007ffdb0d0e000 	C:\Windows\System32\msvcrt.dll
0x00007ffdafff0000 - 0x00007ffdb0326000 	C:\Windows\System32\combase.dll
0x00007ffdb0a80000 - 0x00007ffdb0ba0000 	C:\Windows\System32\RPCRT4.dll
0x00007ffdae4e0000 - 0x00007ffdae561000 	C:\Windows\System32\bcryptPrimitives.dll
0x00007ffdafa70000 - 0x00007ffdafa9e000 	C:\Windows\System32\IMM32.DLL
0x00007ffd84040000 - 0x00007ffd840db000 	C:\Users\its\.jdks\liberica-17.0.7\bin\msvcp140.dll
0x00007ffd5db10000 - 0x00007ffd5e732000 	C:\Users\its\.jdks\liberica-17.0.7\bin\server\jvm.dll
0x00007ffdaf7b0000 - 0x00007ffdaf853000 	C:\Windows\System32\ADVAPI32.dll
0x00007ffdb1200000 - 0x00007ffdb1297000 	C:\Windows\System32\sechost.dll
0x00007ffd9a480000 - 0x00007ffd9a489000 	C:\Windows\SYSTEM32\WSOCK32.dll
0x00007ffdafc50000 - 0x00007ffdafcbf000 	C:\Windows\System32\WS2_32.dll
0x00007ffdab820000 - 0x00007ffdab844000 	C:\Windows\SYSTEM32\WINMM.dll
0x00007ffda3c40000 - 0x00007ffda3c4a000 	C:\Windows\SYSTEM32\VERSION.dll
0x00007ffdab7c0000 - 0x00007ffdab7ed000 	C:\Windows\SYSTEM32\WINMMBASE.dll
0x00007ffdae490000 - 0x00007ffdae4da000 	C:\Windows\System32\cfgmgr32.dll
0x00007ffdae250000 - 0x00007ffdae261000 	C:\Windows\System32\kernel.appcore.dll
0x00007ffda6930000 - 0x00007ffda693a000 	C:\Users\its\.jdks\liberica-17.0.7\bin\jimage.dll
0x00007ffdac920000 - 0x00007ffdacb14000 	C:\Windows\SYSTEM32\DBGHELP.DLL
0x00007ffda31f0000 - 0x00007ffda321a000 	C:\Windows\SYSTEM32\dbgcore.DLL
0x00007ffd99670000 - 0x00007ffd99695000 	C:\Users\its\.jdks\liberica-17.0.7\bin\java.dll
0x00007ffd801b0000 - 0x00007ffd80286000 	C:\Users\its\.jdks\liberica-17.0.7\bin\jsvml.dll
0x00007ffdb0390000 - 0x00007ffdb0a77000 	C:\Windows\System32\SHELL32.dll
0x00007ffdafcc0000 - 0x00007ffdafd69000 	C:\Windows\System32\shcore.dll
0x00007ffdae5d0000 - 0x00007ffdaed51000 	C:\Windows\System32\windows.storage.dll
0x00007ffdae1d0000 - 0x00007ffdae1f3000 	C:\Windows\System32\profapi.dll
0x00007ffdae200000 - 0x00007ffdae24a000 	C:\Windows\System32\powrprof.dll
0x00007ffdae1a0000 - 0x00007ffdae1b0000 	C:\Windows\System32\UMPDC.dll
0x00007ffdaf5f0000 - 0x00007ffdaf642000 	C:\Windows\System32\shlwapi.dll
0x00007ffdae470000 - 0x00007ffdae487000 	C:\Windows\System32\cryptsp.dll
0x00007ffd99650000 - 0x00007ffd99669000 	C:\Users\its\.jdks\liberica-17.0.7\bin\net.dll
0x00007ffda3f50000 - 0x00007ffda4040000 	C:\Windows\SYSTEM32\WINHTTP.dll
0x00007ffdad990000 - 0x00007ffdad9f7000 	C:\Windows\system32\mswsock.dll
0x00007ffd99630000 - 0x00007ffd99645000 	C:\Users\its\.jdks\liberica-17.0.7\bin\nio.dll
0x00007ffd85c00000 - 0x00007ffd85c18000 	C:\Users\its\.jdks\liberica-17.0.7\bin\zip.dll
0x00007ffdaa320000 - 0x00007ffdaa329000 	C:\Users\its\.jdks\liberica-17.0.7\bin\prefs.dll
0x000001d722150000 - 0x000001d722159000 	C:\Windows\System32\icuuc.dll
0x00007ffd44a90000 - 0x00007ffd45097000 	C:\Qt\6.6.0\msvc2019_64\bin\Qt6Core.dll
0x00007ffdaf650000 - 0x00007ffdaf7a7000 	C:\Windows\System32\ole32.dll
0x00007ffdaff20000 - 0x00007ffdaffe5000 	C:\Windows\System32\OLEAUT32.dll
0x00007ffda3550000 - 0x00007ffda356b000 	C:\Windows\SYSTEM32\MPR.dll
0x00007ffdae080000 - 0x00007ffdae0a5000 	C:\Windows\SYSTEM32\USERENV.dll
0x00007ffdad2d0000 - 0x00007ffdad31a000 	C:\Windows\SYSTEM32\AUTHZ.dll
0x00007ffd90320000 - 0x00007ffd90337000 	C:\Windows\SYSTEM32\NETAPI32.dll
0x00007ffdaa190000 - 0x00007ffdaa199000 	C:\Users\its\.jdks\liberica-17.0.7\bin\MSVCP140_1.dll
0x00007ffdabc40000 - 0x00007ffdabc4c000 	C:\Windows\SYSTEM32\VCRUNTIME140_1.dll
0x00007ffdadb60000 - 0x00007ffdadb6c000 	C:\Windows\SYSTEM32\CRYPTBASE.DLL
0x00007ffd9a680000 - 0x00007ffd9a6a6000 	C:\Windows\SYSTEM32\SRVCLI.DLL
0x00007ffdad7b0000 - 0x00007ffdad7bc000 	C:\Windows\SYSTEM32\NETUTILS.DLL
0x00007ffd44600000 - 0x00007ffd44a8e000 	C:\Users\its\AppData\Local\Temp\QtJambi6.6.0_2040\bin\QtJambi6.dll
0x00007ffd43390000 - 0x00007ffd445fb000 	C:\Users\its\AppData\Local\Temp\QtJambi6.6.0_2040\bin\QtJambiCore6.dll
0x00007ffd42b00000 - 0x00007ffd4338f000 	C:\Qt\6.6.0\msvc2019_64\bin\Qt6Gui.dll
0x00007ffdaaf20000 - 0x00007ffdab17b000 	C:\Windows\SYSTEM32\d3d11.dll
0x00007ffdace70000 - 0x00007ffdacf5b000 	C:\Windows\SYSTEM32\dxgi.dll
0x00007ffd92930000 - 0x00007ffd92c2e000 	C:\Windows\SYSTEM32\DWrite.dll
0x00007ffd87800000 - 0x00007ffd879d2000 	C:\Windows\SYSTEM32\d3d12.dll
0x00007ffda3860000 - 0x00007ffda3892000 	C:\Users\its\.jdks\liberica-17.0.7\bin\MSVCP140_2.dll
0x00007ffdacde0000 - 0x00007ffdace00000 	C:\Windows\SYSTEM32\dxcore.dll
0x00007ffd42560000 - 0x00007ffd42af2000 	C:\Users\its\AppData\Local\Temp\QtJambi6.6.0_2040\bin\QtJambiGui6.dll
0x00007ffd41f30000 - 0x00007ffd4255a000 	C:\Qt\6.6.0\msvc2019_64\bin\Qt6Widgets.dll
0x00007ffdac560000 - 0x00007ffdac58d000 	C:\Windows\SYSTEM32\dwmapi.dll
0x00007ffdac130000 - 0x00007ffdac1c9000 	C:\Windows\SYSTEM32\UxTheme.dll
0x00007ffd41630000 - 0x00007ffd41f24000 	C:\Users\its\AppData\Local\Temp\QtJambi6.6.0_2040\bin\QtJambiWidgets6.dll
0x00007ffda2990000 - 0x00007ffda2a6e000 	C:\Qt\6.6.0\msvc2019_64\plugins\platforms\qwindows.dll
0x00007ffdb0d10000 - 0x00007ffdb1180000 	C:\Windows\System32\SETUPAPI.dll
0x00007ffdaef30000 - 0x00007ffdaef56000 	C:\Windows\System32\bcrypt.dll
0x00007ffdb0ba0000 - 0x00007ffdb0c70000 	C:\Windows\System32\COMDLG32.dll
0x00007ffdacb20000 - 0x00007ffdacb33000 	C:\Windows\SYSTEM32\WTSAPI32.dll
0x00007ffd86c20000 - 0x00007ffd86de7000 	C:\Windows\SYSTEM32\d3d9.dll
0x00007ffdaf4b0000 - 0x00007ffdaf5e5000 	C:\Windows\System32\MSCTF.dll
0x00007ffdadf30000 - 0x00007ffdadf5a000 	C:\Windows\SYSTEM32\DEVOBJ.dll
0x00007ffdaf9c0000 - 0x00007ffdafa62000 	C:\Windows\System32\clbcatq.dll
0x00007ffd94b60000 - 0x00007ffd94cb1000 	C:\Windows\System32\Windows.UI.dll
0x00007ffd9e1b0000 - 0x00007ffd9e24e000 	C:\Windows\System32\TextInputFramework.dll
0x00007ffd9c010000 - 0x00007ffd9c12b000 	C:\Windows\System32\InputHost.dll
0x00007ffda95c0000 - 0x00007ffda98ea000 	C:\Windows\System32\CoreUIComponents.dll
0x00007ffdab370000 - 0x00007ffdab444000 	C:\Windows\System32\CoreMessaging.dll
0x00007ffdabf70000 - 0x00007ffdac060000 	C:\Windows\System32\PROPSYS.dll
0x00007ffda9460000 - 0x00007ffda95b3000 	C:\Windows\SYSTEM32\wintypes.dll
0x00007ffdad1e0000 - 0x00007ffdad211000 	C:\Windows\SYSTEM32\ntmarta.dll
0x00007ffd92770000 - 0x00007ffd92882000 	C:\Windows\System32\Windows.UI.Immersive.dll
0x00007ffda3680000 - 0x00007ffda36a5000 	C:\Qt\6.6.0\msvc2019_64\plugins\styles\qwindowsvistastyle.dll
0x00007ffda8f30000 - 0x00007ffda8f3e000 	C:\Qt\6.6.0\msvc2019_64\plugins\imageformats\qgif.dll
0x00007ffda7eb0000 - 0x00007ffda7ec0000 	C:\Qt\6.6.0\msvc2019_64\plugins\imageformats\qicns.dll
0x00007ffda71c0000 - 0x00007ffda71ce000 	C:\Qt\6.6.0\msvc2019_64\plugins\imageformats\qico.dll
0x00007ffd86e70000 - 0x00007ffd86f0c000 	C:\Qt\6.6.0\msvc2019_64\plugins\imageformats\qjpeg.dll
0x00007ffda71b0000 - 0x00007ffda71bd000 	C:\Qt\6.6.0\msvc2019_64\plugins\imageformats\qpdf.dll
0x00007ffd410e0000 - 0x00007ffd4162a000 	C:\Qt\6.6.0\msvc2019_64\bin\Qt6Pdf.dll
0x00007ffd86800000 - 0x00007ffd86973000 	C:\Qt\6.6.0\msvc2019_64\bin\Qt6Network.dll
0x00007ffdad6e0000 - 0x00007ffdad7ab000 	C:\Windows\SYSTEM32\DNSAPI.dll
0x00007ffdad6a0000 - 0x00007ffdad6da000 	C:\Windows\SYSTEM32\IPHLPAPI.DLL
0x00007ffdaf470000 - 0x00007ffdaf478000 	C:\Windows\System32\NSI.dll
0x00007ffd99110000 - 0x00007ffd9911c000 	C:\Windows\SYSTEM32\Secur32.dll
0x00007ffdae0b0000 - 0x00007ffdae0e7000 	C:\Windows\SYSTEM32\SSPICLI.DLL
0x00007ffda6ef0000 - 0x00007ffda6efc000 	C:\Qt\6.6.0\msvc2019_64\plugins\imageformats\qsvg.dll
0x00007ffd98890000 - 0x00007ffd988ef000 	C:\Qt\6.6.0\msvc2019_64\bin\Qt6Svg.dll
0x00007ffda37f0000 - 0x00007ffda37fc000 	C:\Qt\6.6.0\msvc2019_64\plugins\imageformats\qtga.dll
0x00007ffd86790000 - 0x00007ffd867fa000 	C:\Qt\6.6.0\msvc2019_64\plugins\imageformats\qtiff.dll
0x00007ffd99df0000 - 0x00007ffd99dfc000 	C:\Qt\6.6.0\msvc2019_64\plugins\imageformats\qwbmp.dll
0x00007ffd86700000 - 0x00007ffd86788000 	C:\Qt\6.6.0\msvc2019_64\plugins\imageformats\qwebp.dll
0x00007ffd903a0000 - 0x00007ffd903da000 	C:\Windows\system32\dataexchange.dll
0x00007ffdab190000 - 0x00007ffdab36d000 	C:\Windows\system32\dcomp.dll
0x00007ffdac200000 - 0x00007ffdac462000 	C:\Windows\system32\twinapi.appcore.dll
0x00007ffdac590000 - 0x00007ffdac5b9000 	C:\Windows\system32\RMCLIENT.dll
0x00007ffda2b40000 - 0x00007ffda2de7000 	C:\Windows\System32\iertutil.dll
0x00007ffd90060000 - 0x00007ffd90266000 	C:\Windows\system32\explorerframe.dll
0x00007ffd77fd0000 - 0x00007ffd78183000 	C:\Windows\SYSTEM32\DUI70.dll
0x00007ffd77f30000 - 0x00007ffd77fc3000 	C:\Windows\SYSTEM32\DUser.dll
0x00007ffd8ff10000 - 0x00007ffd8ff33000 	C:\Windows\SYSTEM32\edputil.dll
0x00007ffda91b0000 - 0x00007ffda935f000 	C:\Windows\SYSTEM32\WindowsCodecs.dll
0x00007ffd8ff40000 - 0x00007ffd8ff9e000 	C:\Windows\System32\thumbcache.dll
0x00007ffda82e0000 - 0x00007ffda8369000 	C:\Windows\SYSTEM32\policymanager.dll
0x00007ffdab880000 - 0x00007ffdab90a000 	C:\Windows\SYSTEM32\msvcp110_win.dll
0x00007ffd91e50000 - 0x00007ffd92009000 	C:\Windows\System32\Windows.Globalization.dll
0x00007ffd9c660000 - 0x00007ffd9c6bd000 	C:\Windows\System32\Bcp47Langs.dll
0x00007ffd94d00000 - 0x00007ffd94d30000 	C:\Windows\System32\bcp47mrm.dll

dbghelp: loaded successfully - version: 4.0.5 - missing functions: none
symbol engine: initialized successfully - sym options: 0x614 - pdb path: .;C:\Users\its\.jdks\liberica-17.0.7\bin;C:\Windows\SYSTEM32;C:\Windows\WinSxS\amd64_microsoft.windows.common-controls_6595b64144ccf1df_6.0.18362.1256_none_9e7e379be45e40e2;C:\Users\its\.jdks\liberica-17.0.7\bin\server;C:\Qt\6.6.0\msvc2019_64\bin;C:\Users\its\AppData\Local\Temp\QtJambi6.6.0_2040\bin;C:\Qt\6.6.0\msvc2019_64\plugins\platforms;C:\Qt\6.6.0\msvc2019_64\plugins\styles;C:\Qt\6.6.0\msvc2019_64\plugins\imageformats;C:\Windows\WinSxS\amd64_microsoft.windows.gdiplus_6595b64144ccf1df_1.1.18362.1256_none_cf692a813ef0bab0;C:\PROGRA~1\MICROS~1\Office16;C:\PROGRA~1\MICROS~1\Office16\1049;C:\Program Files\Common Files\Autodesk Shared;C:\Users\its\AppData\Local\Temp

VM Arguments:
jvm_args: -Djava.library.path=C:\Qt\6.6.0\msvc2019_64\bin -Dfile.encoding=windows-1251 -Duser.country=RU -Duser.language=ru -Duser.variant 
java_command: Main
java_class_path (initial): C:\Users\its\Desktop\software\UI\DBBrowser\build\classes\java\main;C:\Users\its\Desktop\software\UI\DBBrowser\build\resources\main;C:\Users\its\Desktop\software\UI\DBBrowser\build\libs\qtjambi-native-windows-x64-6.6.0.jar;C:\Users\its\.gradle\caches\modules-2\files-2.1\io.qtjambi\qtjambi\6.6.0\122bd017d9f98685b5632c0c0a7c677df68db02e\qtjambi-6.6.0.jar;C:\Users\its\.gradle\caches\modules-2\files-2.1\org.postgresql\postgresql\42.6.0\7614cfce466145b84972781ab0079b8dea49e363\postgresql-42.6.0.jar;C:\Users\its\.gradle\caches\modules-2\files-2.1\org.xerial\sqlite-jdbc\3.42.0.0\a4c84376df810062d20c84777b84ec077b5ecdab\sqlite-jdbc-3.42.0.0.jar;C:\Users\its\.gradle\caches\modules-2\files-2.1\org.apache.commons\commons-lang3\3.12.0\c6842c86792ff03b9f1d1fe2aab8dc23aa6c6f0e\commons-lang3-3.12.0.jar;C:\Users\its\.gradle\caches\modules-2\files-2.1\org.checkerframework\checker-qual\3.31.0\eeefd4af42e2f4221d145c1791582f91868f99ab\checker-qual-3.31.0.jar
Launcher Type: SUN_STANDARD

[Global flags]
     intx CICompilerCount                          = 3                                         {product} {ergonomic}
     uint ConcGCThreads                            = 1                                         {product} {ergonomic}
     uint G1ConcRefinementThreads                  = 4                                         {product} {ergonomic}
   size_t G1HeapRegionSize                         = 1048576                                   {product} {ergonomic}
    uintx GCDrainStackTargetSize                   = 64                                        {product} {ergonomic}
   size_t InitialHeapSize                          = 134217728                                 {product} {ergonomic}
   size_t MarkStackSize                            = 4194304                                   {product} {ergonomic}
   size_t MaxHeapSize                              = 2118123520                                {product} {ergonomic}
   size_t MaxNewSize                               = 1270874112                                {product} {ergonomic}
   size_t MinHeapDeltaBytes                        = 1048576                                   {product} {ergonomic}
   size_t MinHeapSize                              = 8388608                                   {product} {ergonomic}
    uintx NonNMethodCodeHeapSize                   = 5832780                                {pd product} {ergonomic}
    uintx NonProfiledCodeHeapSize                  = 122912730                              {pd product} {ergonomic}
    uintx ProfiledCodeHeapSize                     = 122912730                              {pd product} {ergonomic}
    uintx ReservedCodeCacheSize                    = 251658240                              {pd product} {ergonomic}
     bool SegmentedCodeCache                       = true                                      {product} {ergonomic}
   size_t SoftMaxHeapSize                          = 2118123520                             {manageable} {ergonomic}
     bool UseCompressedClassPointers               = true                           {product lp64_product} {ergonomic}
     bool UseCompressedOops                        = true                           {product lp64_product} {ergonomic}
     bool UseG1GC                                  = true                                      {product} {ergonomic}
     bool UseLargePagesIndividualAllocation        = false                                  {pd product} {ergonomic}

Logging:
Log output configuration:
 #0: stdout all=warning uptime,level,tags
 #1: stderr all=off uptime,level,tags

Environment Variables:
JAVA_HOME=C:\Users\its\.jdks\corretto-1.8.0_382
PATH=C:\Qt\6.6.0\msvc2019_64\bin;C:\Users\its\AppData\Local\Temp\QtJambi6.6.0_2040\bin;C:\Program Files\Common Files\Oracle\Java\javapath;C:\Program Files (x86)\Common Files\Oracle\Java\javapath;C:\Python311\Scripts\;C:\Python311\;C:\Windows\system32;C:\Windows;C:\Windows\System32\Wbem;C:\Windows\System32\WindowsPowerShell\v1.0\;C:\Windows\System32\OpenSSH\;C:\ProgramData\chocolatey\bin;C:\Program Files\Git\cmd;C:\Program Files\PuTTY\;C:\Program Files\nodejs\;C:\HaxeToolkit\haxe;C:\HaxeToolkit\neko;C:\Users\its\AppData\Roaming\local\bin;C:\Users\its\AppData\Local\Microsoft\WindowsApps;C:\Users\its\AppData\Local\Programs\Microsoft VS Code\bin;C:\Users\its\AppData\Roaming\cabal\bin;C:\tools\ghc-9.2.1\bin;C:\tools\msys64;C:\Program Files\JetBrains\IntelliJ IDEA Community Edition 2022.2.1\bin;;C:\Users\its\.jdks\corretto-16.0.2\bin;C:\Program Files\swipl\bin;C:\Strawberry\c\bin\spin;C:\Strawberry\c\bin\;C:\ActiveTcl\bin\;C:\Program Files\JetBrains\WebStorm 2022.3.3\bin;C:\Users\its\AppData\Roaming\npm;C:\Program Files\Java\jdk-17\bin
USERNAME=its
OS=Windows_NT
PROCESSOR_IDENTIFIER=Intel64 Family 6 Model 58 Stepping 9, GenuineIntel
TMP=C:\Users\its\AppData\Local\Temp
TEMP=C:\Users\its\AppData\Local\Temp



---------------  S Y S T E M  ---------------

OS:
 Windows 10 , 64 bit Build 18362 (10.0.18362.1110)
OS uptime: 0 days 3:37 hours

CPU: total 4 (initial active 4) (2 cores per cpu, 2 threads per core) family 6 model 58 stepping 9 microcode 0x20, cx8, cmov, fxsr, ht, mmx, sse, sse2, sse3, ssse3, sse4.1, sse4.2, popcnt, tsc, tscinvbit, avx, aes, erms, clmul, vzeroupper, clflush

Memory: 4k page, system-wide physical 8077M (1651M free)
TotalPageFile size 10253M (AvailPageFile size 3887M)
current process WorkingSet (physical memory assigned to process): 138M, peak: 159M
current process commit charge ("private bytes"): 144M, peak: 265M

vm_info: OpenJDK 64-Bit Server VM (17.0.7+7-LTS) for windows-amd64 JRE (17.0.7+7-LTS), built on Apr 18 2023 18:44:51 by "" with MS VC++ 15.9 (VS2017)

END.
