#
# A fatal error has been detected by the Java Runtime Environment:
#
#  EXCEPTION_ACCESS_VIOLATION (0xc0000005) at pc=0x00007ffa0c86da1e, pid=7248, tid=4912
#
# JRE version: OpenJDK Runtime Environment (17.0.7+7) (build 17.0.7+7-LTS)
# Java VM: OpenJDK 64-Bit Server VM (17.0.7+7-LTS, mixed mode, sharing, tiered, compressed oops, compressed class ptrs, g1 gc, windows-amd64)
# Problematic frame:
# C  [Qt6Core.dll+0x9da1e]
#
# No core dump will be written. Minidumps are not enabled by default on client versions of Windows
#
# If you would like to submit a bug report, please visit:
#   https://bell-sw.com/support
# The crash happened outside the Java Virtual Machine in native code.
# See problematic frame for where to report the bug.
#

---------------  S U M M A R Y ------------

Command Line: -Djava.library.path=C:\Qt\6.6.0\msvc2019_64\bin -Dfile.encoding=windows-1251 -Duser.country=RU -Duser.language=ru -Duser.variant Main

Host: Intel(R) Core(TM) i5-3317U CPU @ 1.70GHz, 4 cores, 7G,  Windows 10 , 64 bit Build 18362 (10.0.18362.1110)
Time: Mon Dec 11 12:43:49 2023 Новосибирское стандартное время elapsed time: 71.759000 seconds (0d 0h 1m 11s)

---------------  T H R E A D  ---------------

Current thread (0x000001d9576a6020):  JavaThread "main" [_thread_in_native, id=4912, stack(0x0000002723b00000,0x0000002723c00000)]

Stack: [0x0000002723b00000,0x0000002723c00000],  sp=0x0000002723bfda10,  free space=1014k
Native frames: (J=compiled Java code, j=interpreted, Vv=VM code, C=native code)
C  [Qt6Core.dll+0x9da1e]

Java frames: (J=compiled Java code, j=interpreted, Vv=VM code)
j  io.qt.core.QCoreApplication.sendPostedEvents_native_QObject_ptr_int(JI)V+0
j  io.qt.core.QCoreApplication.sendPostedEvents(Lio/qt/core/QObject;I)V+10
j  io.qt.core.QCoreApplication.shutdown()V+498
j  io.qt.widgets.QApplication.shutdown()V+0
j  Main.main([Ljava/lang/String;)V+31
v  ~StubRoutines::call_stub

siginfo: EXCEPTION_ACCESS_VIOLATION (0xc0000005), reading address 0xffffffffffffffff


Register to memory mapping:

RIP=0x00007ffa0c86da1e Qt6Core.dll
RAX=0x00009cca3320bcd3 is an unknown value
RBX=0x8800166d01aca297 is an unknown value
RCX=0x000001d97ba8cce0 points into unknown readable memory: 0x00007ffa0cb7e9b0 | b0 e9 b7 0c fa 7f 00 00
RDX=0x0 is NULL
RSP=0x0000002723bfda10 is pointing into the stack for thread: 0x000001d9576a6020
RBP=0x0000002723bfdb10 is pointing into the stack for thread: 0x000001d9576a6020
RSI=0x000001d97c532890 points into unknown readable memory: 0x00007ffa0cb8d390 | 90 d3 b8 0c fa 7f 00 00
RDI=0x8800166d01aca23f is an unknown value
R8 =0x0000000000000005 is an unknown value
R9 =0x0000000000000001 is an unknown value
R10=0x0000000000008000 is an unknown value
R11=0x0000002723bfe410 is pointing into the stack for thread: 0x000001d9576a6020
R12=0x000001d97ba8cce0 points into unknown readable memory: 0x00007ffa0cb7e9b0 | b0 e9 b7 0c fa 7f 00 00
R13=0x0 is NULL
R14=0x000001d97bc6b200 points into unknown readable memory: 0x0000000000000000 | 00 00 00 00 00 00 00 00
R15=0x0000000000000001 is an unknown value


Registers:
RAX=0x00009cca3320bcd3, RBX=0x8800166d01aca297, RCX=0x000001d97ba8cce0, RDX=0x0000000000000000
RSP=0x0000002723bfda10, RBP=0x0000002723bfdb10, RSI=0x000001d97c532890, RDI=0x8800166d01aca23f
R8 =0x0000000000000005, R9 =0x0000000000000001, R10=0x0000000000008000, R11=0x0000002723bfe410
R12=0x000001d97ba8cce0, R13=0x0000000000000000, R14=0x000001d97bc6b200, R15=0x0000000000000001
RIP=0x00007ffa0c86da1e, EFLAGS=0x0000000000010286

Top of Stack: (sp=0x0000002723bfda10)
0x0000002723bfda10:   0000002723bfda30 0000002723bfda58
0x0000002723bfda20:   000001d97c8a42a0 00007ffa468e06e1
0x0000002723bfda30:   0000000000000000 000001d900000000
0x0000002723bfda40:   0000000000000c24 000000000002001f
0x0000002723bfda50:   0000000000000d78 0000000000000000
0x0000002723bfda60:   0000000000000000 00007ffa468e37b4
0x0000002723bfda70:   0000000000000002 000001d97ba8cce0
0x0000002723bfda80:   0000000000000030 0000000000000c24
0x0000002723bfda90:   0000002723bfdd68 0000000000000000
0x0000002723bfdaa0:   0000000000000000 00007ffa468db91f
0x0000002723bfdab0:   00000000042701ce 0000000000000030
0x0000002723bfdac0:   000001d97bd134e0 0000000000000c24
0x0000002723bfdad0:   0000002723bfdd68 00007ffa0c940e22
0x0000002723bfdae0:   000001d900000000 000001d9554e2640
0x0000002723bfdaf0:   000001d97b089f90 000001d9554e0000
0x0000002723bfdb00:   000001d9554e02ac 000001d97c856e30 

Instructions: (pc=0x00007ffa0c86da1e)
0x00007ffa0c86d91e:   48 8b 4b 08 48 85 c9 74 0f 48 8b 11 48 8b 02 41
0x00007ffa0c86d92e:   8b d6 ff 15 c2 b3 2f 00 48 89 6b 08 48 8b 5c 24
0x00007ffa0c86d93e:   48 49 8b c6 4c 8b 74 24 20 f0 48 0f b1 2f 48 8b
0x00007ffa0c86d94e:   6c 24 50 74 08 48 8b cf e8 45 c9 18 00 48 8b 7c
0x00007ffa0c86d95e:   24 28 48 83 c4 30 5e c3 cc cc cc cc cc cc cc cc
0x00007ffa0c86d96e:   cc cc 48 89 5c 24 10 48 89 74 24 18 48 89 7c 24
0x00007ffa0c86d97e:   20 55 41 54 41 55 41 56 41 57 48 8d ac 24 40 f8
0x00007ffa0c86d98e:   ff ff 48 81 ec c0 08 00 00 48 8b 05 8a 4e 4e 00
0x00007ffa0c86d99e:   48 33 c4 48 89 85 b0 07 00 00 89 54 24 48 4c 8b
0x00007ffa0c86d9ae:   e1 48 89 4c 24 68 45 33 ed 4c 89 6d 88 44 88 6d
0x00007ffa0c86d9be:   90 48 85 c9 75 40 b1 01 e8 85 ac 18 00 48 89 45
0x00007ffa0c86d9ce:   80 48 8d 58 58 48 8b 03 45 8d 7c 24 01 48 85 c0
0x00007ffa0c86d9de:   75 07 f0 4c 0f b1 3b 74 08 48 8b cb e8 81 c4 18
0x00007ffa0c86d9ee:   00 48 8b 45 80 48 89 44 24 28 48 89 5c 24 30 44
0x00007ffa0c86d9fe:   88 7c 24 38 eb 6e 48 8b 71 08 41 bf 01 00 00 00
0x00007ffa0c86da0e:   66 90 48 8b 7e 58 90 48 85 ff 74 4a 48 8d 5f 58
0x00007ffa0c86da1e:   48 8b 03 48 85 c0 75 07 f0 4c 0f b1 3b 74 08 48
0x00007ffa0c86da2e:   8b cb e8 3b c4 18 00 48 8b 46 58 90 48 3b f8 74
0x00007ffa0c86da3e:   14 49 8b c7 f0 4c 0f b1 2b 74 c7 48 8b cb e8 4f
0x00007ffa0c86da4e:   c8 18 00 eb bd 48 89 7c 24 28 48 89 5c 24 30 44
0x00007ffa0c86da5e:   88 7c 24 38 eb 0e 0f 57 c0 f3 0f 7f 44 24 28 c6
0x00007ffa0c86da6e:   44 24 38 00 4d 85 e4 74 1d 49 8b 44 24 08 8b 40
0x00007ffa0c86da7e:   34 90 85 c0 75 10 44 0f b6 74 24 38 48 8b 74 24
0x00007ffa0c86da8e:   30 e9 5a 03 00 00 66 0f 6f 05 c4 65 31 00 f3 0f
0x00007ffa0c86da9e:   7f 45 98 48 8d 45 b0 48 89 45 a8 48 8b 44 24 28
0x00007ffa0c86daae:   4c 8b 40 38 4c 89 44 24 50 4d 8b f5 4c 89 6c 24
0x00007ffa0c86dabe:   58 4d 85 c0 0f 8e 24 02 00 00 48 83 c0 30 48 89
0x00007ffa0c86dace:   44 24 20 45 33 ff 4c 89 7c 24 60 33 c9 48 89 4c
0x00007ffa0c86dade:   24 40 48 8b 30 49 03 f7 4d 85 e4 74 09 4c 39 26
0x00007ffa0c86daee:   0f 85 30 01 00 00 48 8b 46 08 48 85 c0 0f 84 23
0x00007ffa0c86dafe:   01 00 00 8b 54 24 48 85 d2 74 0c 0f b7 40 08 3b
0x00007ffa0c86db0e:   c2 0f 85 0f 01 00 00 48 8b 06 48 8b 48 08 b8 ff 


Stack slot to memory mapping:
stack at sp + 0 slots: 0x0000002723bfda30 is pointing into the stack for thread: 0x000001d9576a6020
stack at sp + 1 slots: 0x0000002723bfda58 is pointing into the stack for thread: 0x000001d9576a6020
stack at sp + 2 slots: 0x000001d97c8a42a0 points into unknown readable memory: 0x0000000100000001 | 01 00 00 00 01 00 00 00
stack at sp + 3 slots: 0x00007ffa468e06e1 ntdll.dll
stack at sp + 4 slots: 0x0 is NULL
stack at sp + 5 slots: 0x000001d900000000 points into unknown readable memory: 0x0000000300905a4d | 4d 5a 90 00 03 00 00 00
stack at sp + 6 slots: 0x0000000000000c24 is an unknown value
stack at sp + 7 slots: 0x000000000002001f is an unknown value


---------------  P R O C E S S  ---------------

Threads class SMR info:
_java_thread_list=0x000001d97b2e37b0, length=13, elements={
0x000001d9576a6020, 0x000001d9764eac40, 0x000001d9764ec250, 0x000001d976502010,
0x000001d976503bd0, 0x000001d976508e40, 0x000001d9765097f0, 0x000001d97650bc80,
0x000001d976517d80, 0x000001d97652d300, 0x000001d976785350, 0x000001d9767891a0,
0x000001d97b2e45e0
}

Java Threads: ( => current thread )
=>0x000001d9576a6020 JavaThread "main" [_thread_in_native, id=4912, stack(0x0000002723b00000,0x0000002723c00000)]
  0x000001d9764eac40 JavaThread "Reference Handler" daemon [_thread_blocked, id=7128, stack(0x0000002724200000,0x0000002724300000)]
  0x000001d9764ec250 JavaThread "Finalizer" daemon [_thread_blocked, id=6556, stack(0x0000002724300000,0x0000002724400000)]
  0x000001d976502010 JavaThread "Signal Dispatcher" daemon [_thread_blocked, id=6684, stack(0x0000002724400000,0x0000002724500000)]
  0x000001d976503bd0 JavaThread "Attach Listener" daemon [_thread_blocked, id=2424, stack(0x0000002724500000,0x0000002724600000)]
  0x000001d976508e40 JavaThread "Service Thread" daemon [_thread_blocked, id=8840, stack(0x0000002724600000,0x0000002724700000)]
  0x000001d9765097f0 JavaThread "Monitor Deflation Thread" daemon [_thread_blocked, id=4460, stack(0x0000002724700000,0x0000002724800000)]
  0x000001d97650bc80 JavaThread "C2 CompilerThread0" daemon [_thread_blocked, id=6460, stack(0x0000002724800000,0x0000002724900000)]
  0x000001d976517d80 JavaThread "C1 CompilerThread0" daemon [_thread_blocked, id=3820, stack(0x0000002724900000,0x0000002724a00000)]
  0x000001d97652d300 JavaThread "Sweeper thread" daemon [_thread_blocked, id=2016, stack(0x0000002724a00000,0x0000002724b00000)]
  0x000001d976785350 JavaThread "Notification Thread" daemon [_thread_blocked, id=7968, stack(0x0000002724b00000,0x0000002724c00000)]
  0x000001d9767891a0 JavaThread "Common-Cleaner" daemon [_thread_blocked, id=8132, stack(0x0000002724d00000,0x0000002724e00000)]
  0x000001d97b2e45e0 JavaThread "QtJambiCleanupThread" daemon [_thread_blocked, id=1176, stack(0x0000002724e00000,0x0000002724f00000)]

Other Threads:
  0x000001d9764e58a0 VMThread "VM Thread" [stack: 0x0000002724100000,0x0000002724200000] [id=6244]
  0x000001d9577179d0 WatcherThread [stack: 0x0000002724c00000,0x0000002724d00000] [id=1188]
  0x000001d957700510 GCTaskThread "GC Thread#0" [stack: 0x0000002723c00000,0x0000002723d00000] [id=2948]
  0x000001d97b41aaa0 GCTaskThread "GC Thread#1" [stack: 0x0000002724f00000,0x0000002725000000] [id=1200]
  0x000001d97b446ef0 GCTaskThread "GC Thread#2" [stack: 0x0000002725000000,0x0000002725100000] [id=1704]
  0x000001d97b3f9d30 GCTaskThread "GC Thread#3" [stack: 0x0000002725100000,0x0000002725200000] [id=3336]
  0x000001d9577110d0 ConcurrentGCThread "G1 Main Marker" [stack: 0x0000002723d00000,0x0000002723e00000] [id=1332]
  0x000001d957712320 ConcurrentGCThread "G1 Conc#0" [stack: 0x0000002723e00000,0x0000002723f00000] [id=8488]
  0x000001d9763a00a0 ConcurrentGCThread "G1 Refine#0" [stack: 0x0000002723f00000,0x0000002724000000] [id=7632]
  0x000001d9763a0ac0 ConcurrentGCThread "G1 Service" [stack: 0x0000002724000000,0x0000002724100000] [id=4136]

Threads with active compile tasks:

VM state: not at safepoint (normal execution)

VM Mutex/Monitor currently owned by a thread: None

Heap address: 0x0000000081c00000, size: 2020 MB, Compressed Oops mode: 32-bit

CDS archive(s) mapped at: [0x0000000800000000-0x0000000800bd0000-0x0000000800bd0000), size 12386304, SharedBaseAddress: 0x0000000800000000, ArchiveRelocationMode: 0.
Compressed class space mapped at: 0x0000000801000000-0x0000000841000000, reserved size: 1073741824
Narrow klass base: 0x0000000800000000, Narrow klass shift: 0, Narrow klass range: 0x100000000

GC Precious Log:
 CPUs: 4 total, 4 available
 Memory: 8077M
 Large Page Support: Disabled
 NUMA Support: Disabled
 Compressed Oops: Enabled (32-bit)
 Heap Region Size: 1M
 Heap Min Capacity: 8M
 Heap Initial Capacity: 128M
 Heap Max Capacity: 2020M
 Pre-touch: Disabled
 Parallel Workers: 4
 Concurrent Workers: 1
 Concurrent Refinement Workers: 4
 Periodic GC: Disabled

Heap:
 garbage-first heap   total 17408K, used 4881K [0x0000000081c00000, 0x0000000100000000)
  region size 1024K, 0 young (0K), 0 survivors (0K)
 Metaspace       used 12649K, committed 12864K, reserved 1114112K
  class space    used 1080K, committed 1152K, reserved 1048576K

Heap Regions: E=young(eden), S=young(survivor), O=old, HS=humongous(starts), HC=humongous(continues), CS=collection set, F=free, OA=open archive, CA=closed archive, TAMS=top-at-mark-start (previous, next)
|   0|0x0000000081c00000, 0x0000000081d00000, 0x0000000081d00000|100%| O|  |TAMS 0x0000000081d00000, 0x0000000081c00000| Untracked 
|   1|0x0000000081d00000, 0x0000000081e00000, 0x0000000081e00000|100%| O|  |TAMS 0x0000000081e00000, 0x0000000081d00000| Untracked 
|   2|0x0000000081e00000, 0x0000000081effff8, 0x0000000081f00000| 99%| O|  |TAMS 0x0000000081effff8, 0x0000000081e00000| Untracked 
|   3|0x0000000081f00000, 0x0000000081fca398, 0x0000000082000000| 78%| O|  |TAMS 0x0000000081f00000, 0x0000000081f00000| Untracked 
|   4|0x0000000082000000, 0x00000000820fa1a8, 0x0000000082100000| 97%| O|  |TAMS 0x0000000082000000, 0x0000000082000000| Untracked 
|   5|0x0000000082100000, 0x0000000082100000, 0x0000000082200000|  0%| F|  |TAMS 0x0000000082100000, 0x0000000082100000| Untracked 
|   6|0x0000000082200000, 0x0000000082200000, 0x0000000082300000|  0%| F|  |TAMS 0x0000000082200000, 0x0000000082200000| Untracked 
|   7|0x0000000082300000, 0x0000000082300000, 0x0000000082400000|  0%| F|  |TAMS 0x0000000082300000, 0x0000000082300000| Untracked 
|   8|0x0000000082400000, 0x0000000082400000, 0x0000000082500000|  0%| F|  |TAMS 0x0000000082400000, 0x0000000082400000| Untracked 
|   9|0x0000000082500000, 0x0000000082500000, 0x0000000082600000|  0%| F|  |TAMS 0x0000000082500000, 0x0000000082500000| Untracked 
|  10|0x0000000082600000, 0x0000000082600000, 0x0000000082700000|  0%| F|  |TAMS 0x0000000082600000, 0x0000000082600000| Untracked 
|  11|0x0000000082700000, 0x0000000082700000, 0x0000000082800000|  0%| F|  |TAMS 0x0000000082700000, 0x0000000082700000| Untracked 
|  12|0x0000000082800000, 0x0000000082800000, 0x0000000082900000|  0%| F|  |TAMS 0x0000000082800000, 0x0000000082800000| Untracked 
|  13|0x0000000082900000, 0x0000000082900000, 0x0000000082a00000|  0%| F|  |TAMS 0x0000000082900000, 0x0000000082900000| Untracked 
|  14|0x0000000082a00000, 0x0000000082a00000, 0x0000000082b00000|  0%| F|  |TAMS 0x0000000082a00000, 0x0000000082a00000| Untracked 
|  15|0x0000000082b00000, 0x0000000082b00000, 0x0000000082c00000|  0%| F|  |TAMS 0x0000000082b00000, 0x0000000082b00000| Untracked 
|  16|0x0000000082c00000, 0x0000000082c00000, 0x0000000082d00000|  0%| F|  |TAMS 0x0000000082c00000, 0x0000000082c00000| Untracked 

Card table byte_map: [0x000001d96f930000,0x000001d96fd30000] _byte_map_base: 0x000001d96f522000

Marking Bits (Prev, Next): (CMBitMap*) 0x000001d957700b20, (CMBitMap*) 0x000001d957700b60
 Prev Bits: [0x000001d970130000, 0x000001d9720c0000)
 Next Bits: [0x000001d9720c0000, 0x000001d974050000)

Polling page: 0x000001d955540000

Metaspace:

Usage:
  Non-class:     11.30 MB used.
      Class:      1.06 MB used.
       Both:     12.35 MB used.

Virtual space:
  Non-class space:       64.00 MB reserved,      11.44 MB ( 18%) committed,  1 nodes.
      Class space:        1.00 GB reserved,       1.13 MB ( <1%) committed,  1 nodes.
             Both:        1.06 GB reserved,      12.56 MB (  1%) committed. 

Chunk freelists:
   Non-Class:  3.88 MB
       Class:  14.82 MB
        Both:  18.70 MB

MaxMetaspaceSize: unlimited
CompressedClassSpaceSize: 1.00 GB
Initial GC threshold: 21.00 MB
Current GC threshold: 21.00 MB
CDS: on
MetaspaceReclaimPolicy: balanced
 - commit_granule_bytes: 65536.
 - commit_granule_words: 8192.
 - virtual_space_node_default_size: 8388608.
 - enlarge_chunks_in_place: 1.
 - new_chunks_are_fully_committed: 0.
 - uncommit_free_chunks: 1.
 - use_allocation_guard: 0.
 - handle_deallocations: 1.


Internal statistics:

num_allocs_failed_limit: 0.
num_arena_births: 178.
num_arena_deaths: 0.
num_vsnodes_births: 2.
num_vsnodes_deaths: 0.
num_space_committed: 201.
num_space_uncommitted: 0.
num_chunks_returned_to_freelist: 0.
num_chunks_taken_from_freelist: 539.
num_chunk_merges: 0.
num_chunk_splits: 369.
num_chunks_enlarged: 264.
num_inconsistent_stats: 0.

CodeHeap 'non-profiled nmethods': size=120000Kb used=576Kb max_used=576Kb free=119423Kb
 bounds [0x000001d968000000, 0x000001d968270000, 0x000001d96f530000]
CodeHeap 'profiled nmethods': size=120000Kb used=3193Kb max_used=3193Kb free=116806Kb
 bounds [0x000001d960530000, 0x000001d960850000, 0x000001d967a60000]
CodeHeap 'non-nmethods': size=5760Kb used=1224Kb max_used=1245Kb free=4535Kb
 bounds [0x000001d967a60000, 0x000001d967cd0000, 0x000001d968000000]
 total_blobs=2262 nmethods=1727 adapters=448
 compilation: enabled
              stopped_count=0, restarted_count=0
 full_count=0

Compilation events (20 events):
Event: 71.701 Thread 0x000001d976517d80 1717       1       java.util.Formatter$FormatSpecifier::index (5 bytes)
Event: 71.701 Thread 0x000001d976517d80 nmethod 1717 0x000001d96808d590 code [0x000001d96808d720, 0x000001d96808d7f8]
Event: 71.701 Thread 0x000001d97650bc80 nmethod 1713 0x000001d96808d890 code [0x000001d96808da00, 0x000001d96808daf8]
Event: 71.701 Thread 0x000001d976517d80 1718       3       java.util.regex.Pattern$BranchConn::match (11 bytes)
Event: 71.701 Thread 0x000001d976517d80 nmethod 1718 0x000001d960849790 code [0x000001d960849940, 0x000001d960849b08]
Event: 71.701 Thread 0x000001d976517d80 1719       3       java.util.Formatter$Conversion::isValid (358 bytes)
Event: 71.702 Thread 0x000001d976517d80 nmethod 1719 0x000001d960849c10 code [0x000001d960849da0, 0x000001d96084a5d8]
Event: 71.703 Thread 0x000001d97650bc80 1720       4       io.qt.internal.NativeUtility$NativeLink::<init> (6 bytes)
Event: 71.707 Thread 0x000001d97650bc80 nmethod 1720 0x000001d96808dc10 code [0x000001d96808dd80, 0x000001d96808dfb8]
Event: 71.707 Thread 0x000001d97650bc80 1721       4       java.util.zip.ZipFile::getZipEntry (322 bytes)
Event: 71.710 Thread 0x000001d976517d80 1722       3       sun.reflect.annotation.TypeAnnotationParser::buildAnnotatedType (114 bytes)
Event: 71.711 Thread 0x000001d976517d80 nmethod 1722 0x000001d96084a690 code [0x000001d96084a8c0, 0x000001d96084b298]
Event: 71.713 Thread 0x000001d976517d80 1723       3       java.lang.reflect.Field::getGenericType (20 bytes)
Event: 71.716 Thread 0x000001d976517d80 nmethod 1723 0x000001d96084b790 code [0x000001d96084ba80, 0x000001d96084cf48]
Event: 71.716 Thread 0x000001d976517d80 1724       3       sun.reflect.annotation.TypeAnnotation$LocationInfo$Location::<init> (15 bytes)
Event: 71.716 Thread 0x000001d976517d80 nmethod 1724 0x000001d96084d590 code [0x000001d96084d720, 0x000001d96084d898]
Event: 71.716 Thread 0x000001d976517d80 1725       3       java.util.regex.Pattern$BitClass::is (22 bytes)
Event: 71.716 Thread 0x000001d976517d80 nmethod 1725 0x000001d96084d990 code [0x000001d96084db20, 0x000001d96084dcf8]
Event: 71.716 Thread 0x000001d976517d80 1727       3       java.util.regex.Pattern$GroupTail::match (111 bytes)
Event: 71.738 Thread 0x000001d976517d80 nmethod 1727 0x000001d96084de10 code [0x000001d96084dfe0, 0x000001d96084e3a8]

GC Heap History (8 events):
Event: 1.356 GC heap before
{Heap before GC invocations=0 (full 0):
 garbage-first heap   total 131072K, used 12288K [0x0000000081c00000, 0x0000000100000000)
  region size 1024K, 13 young (13312K), 0 survivors (0K)
 Metaspace       used 5325K, committed 5504K, reserved 1114112K
  class space    used 500K, committed 576K, reserved 1048576K
}
Event: 1.360 GC heap after
{Heap after GC invocations=1 (full 0):
 garbage-first heap   total 131072K, used 1889K [0x0000000081c00000, 0x0000000100000000)
  region size 1024K, 2 young (2048K), 2 survivors (2048K)
 Metaspace       used 5325K, committed 5504K, reserved 1114112K
  class space    used 500K, committed 576K, reserved 1048576K
}
Event: 6.718 GC heap before
{Heap before GC invocations=1 (full 0):
 garbage-first heap   total 131072K, used 19297K [0x0000000081c00000, 0x0000000100000000)
  region size 1024K, 19 young (19456K), 2 survivors (2048K)
 Metaspace       used 10486K, committed 10688K, reserved 1114112K
  class space    used 856K, committed 960K, reserved 1048576K
}
Event: 6.733 GC heap after
{Heap after GC invocations=2 (full 0):
 garbage-first heap   total 131072K, used 3578K [0x0000000081c00000, 0x0000000100000000)
  region size 1024K, 2 young (2048K), 2 survivors (2048K)
 Metaspace       used 10486K, committed 10688K, reserved 1114112K
  class space    used 856K, committed 960K, reserved 1048576K
}
Event: 71.645 GC heap before
{Heap before GC invocations=2 (full 0):
 garbage-first heap   total 131072K, used 15866K [0x0000000081c00000, 0x0000000100000000)
  region size 1024K, 15 young (15360K), 2 survivors (2048K)
 Metaspace       used 12567K, committed 12736K, reserved 1114112K
  class space    used 1072K, committed 1152K, reserved 1048576K
}
Event: 71.663 GC heap after
{Heap after GC invocations=3 (full 1):
 garbage-first heap   total 24576K, used 4912K [0x0000000081c00000, 0x0000000100000000)
  region size 1024K, 0 young (0K), 0 survivors (0K)
 Metaspace       used 12567K, committed 12736K, reserved 1114112K
  class space    used 1072K, committed 1152K, reserved 1048576K
}
Event: 71.717 GC heap before
{Heap before GC invocations=3 (full 1):
 garbage-first heap   total 24576K, used 4912K [0x0000000081c00000, 0x0000000100000000)
  region size 1024K, 1 young (1024K), 0 survivors (0K)
 Metaspace       used 12649K, committed 12864K, reserved 1114112K
  class space    used 1080K, committed 1152K, reserved 1048576K
}
Event: 71.738 GC heap after
{Heap after GC invocations=4 (full 2):
 garbage-first heap   total 17408K, used 4881K [0x0000000081c00000, 0x0000000100000000)
  region size 1024K, 0 young (0K), 0 survivors (0K)
 Metaspace       used 12649K, committed 12864K, reserved 1114112K
  class space    used 1080K, committed 1152K, reserved 1048576K
}

Dll operation events (16 events):
Event: 0.013 Loaded shared library C:\Users\its\.jdks\liberica-17.0.7\bin\java.dll
Event: 0.029 Loaded shared library C:\Users\its\.jdks\liberica-17.0.7\bin\jsvml.dll
Event: 0.113 Loaded shared library C:\Users\its\.jdks\liberica-17.0.7\bin\net.dll
Event: 0.116 Loaded shared library C:\Users\its\.jdks\liberica-17.0.7\bin\nio.dll
Event: 0.124 Loaded shared library C:\Users\its\.jdks\liberica-17.0.7\bin\zip.dll
Event: 0.462 Loaded shared library C:\Users\its\.jdks\liberica-17.0.7\bin\jimage.dll
Event: 0.476 Loaded shared library C:\Users\its\.jdks\liberica-17.0.7\bin\prefs.dll
Event: 0.702 Loaded shared library C:\Windows\System32\icuuc.dll
Event: 0.713 Loaded shared library C:\Qt\6.6.0\msvc2019_64\bin\Qt6Core.dll
Event: 0.903 Loaded shared library C:\Users\its\AppData\Local\Temp\QtJambi6.6.0_7248\bin\QtJambi6.dll
Event: 1.186 Loaded shared library C:\Users\its\AppData\Local\Temp\QtJambi6.6.0_7248\bin\QtJambiCore6.dll
Event: 1.402 Loaded shared library C:\Qt\6.6.0\msvc2019_64\bin\Qt6Gui.dll
Event: 1.582 Loaded shared library C:\Users\its\AppData\Local\Temp\QtJambi6.6.0_7248\bin\QtJambiGui6.dll
Event: 1.604 Loaded shared library C:\Qt\6.6.0\msvc2019_64\bin\Qt6Widgets.dll
Event: 1.827 Loaded shared library C:\Users\its\AppData\Local\Temp\QtJambi6.6.0_7248\bin\QtJambiWidgets6.dll
Event: 7.284 Loaded shared library C:\Users\its\AppData\Local\Temp\sqlite-3.42.0.0-34ef2e44-2ffb-4f52-ac8e-b17dd21f32b6-sqlitejdbc.dll

Deoptimization events (20 events):
Event: 6.895 Thread 0x000001d9576a6020 DEOPT PACKING pc=0x000001d968031598 sp=0x0000002723bf7f50
Event: 6.895 Thread 0x000001d9576a6020 DEOPT UNPACKING pc=0x000001d967ab69a3 sp=0x0000002723bf7ea8 mode 2
Event: 7.273 Thread 0x000001d9576a6020 DEOPT PACKING pc=0x000001d9607ff80c sp=0x0000002723bf8cc0
Event: 7.273 Thread 0x000001d9576a6020 DEOPT UNPACKING pc=0x000001d967ab7143 sp=0x0000002723bf81c8 mode 0
Event: 7.279 Thread 0x000001d9576a6020 Uncommon trap: trap_request=0xffffff45 fr.pc=0x000001d96807c478 relative=0x00000000000003b8
Event: 7.279 Thread 0x000001d9576a6020 Uncommon trap: reason=unstable_if action=reinterpret pc=0x000001d96807c478 method=java.io.BufferedInputStream.read()I @ 23 c2
Event: 7.279 Thread 0x000001d9576a6020 DEOPT PACKING pc=0x000001d96807c478 sp=0x0000002723bf8d00
Event: 7.279 Thread 0x000001d9576a6020 DEOPT UNPACKING pc=0x000001d967ab69a3 sp=0x0000002723bf8c58 mode 2
Event: 7.279 Thread 0x000001d9576a6020 Uncommon trap: trap_request=0xffffff45 fr.pc=0x000001d96807bc5c relative=0x00000000000001bc
Event: 7.279 Thread 0x000001d9576a6020 Uncommon trap: reason=unstable_if action=reinterpret pc=0x000001d96807bc5c method=java.io.BufferedInputStream.read()I @ 23 c2
Event: 7.279 Thread 0x000001d9576a6020 DEOPT PACKING pc=0x000001d96807bc5c sp=0x0000002723bf8c90
Event: 7.279 Thread 0x000001d9576a6020 DEOPT UNPACKING pc=0x000001d967ab69a3 sp=0x0000002723bf8c48 mode 2
Event: 44.280 Thread 0x000001d9576a6020 Uncommon trap: trap_request=0xffffff45 fr.pc=0x000001d96802fd28 relative=0x0000000000000128
Event: 44.280 Thread 0x000001d9576a6020 Uncommon trap: reason=unstable_if action=reinterpret pc=0x000001d96802fd28 method=java.lang.StringCoding.hasNegatives([BII)Z @ 12 c2
Event: 44.280 Thread 0x000001d9576a6020 DEOPT PACKING pc=0x000001d96802fd28 sp=0x0000002723bf8f40
Event: 44.280 Thread 0x000001d9576a6020 DEOPT UNPACKING pc=0x000001d967ab69a3 sp=0x0000002723bf8ed0 mode 2
Event: 44.295 Thread 0x000001d9576a6020 DEOPT PACKING pc=0x000001d96082d6d6 sp=0x0000002723bf8fe0
Event: 44.295 Thread 0x000001d9576a6020 DEOPT UNPACKING pc=0x000001d967ab7143 sp=0x0000002723bf8468 mode 0
Event: 44.301 Thread 0x000001d9576a6020 DEOPT PACKING pc=0x000001d96082d6d6 sp=0x0000002723bf8fe0
Event: 44.301 Thread 0x000001d9576a6020 DEOPT UNPACKING pc=0x000001d967ab7143 sp=0x0000002723bf8468 mode 0

Classes unloaded (0 events):
No events

Classes redefined (0 events):
No events

Internal exceptions (20 events):
Event: 1.606 Thread 0x000001d9576a6020 Exception <a 'sun/nio/fs/WindowsException'{0x0000000089bc4b90}> (0x0000000089bc4b90) 
thrown [s\src\hotspot\share\prims\jni.cpp, line 516]
Event: 2.124 Thread 0x000001d9576a6020 Exception <a 'java/lang/NoSuchMethodError'{0x00000000894bc2a8}: 'java.lang.Object java.lang.invoke.DirectMethodHandle$Holder.newInvokeSpecial(java.lang.Object, java.lang.Object, java.lang.Object, java.lang.Object, java.lang.Object)'> (0x00000000894bc2a8) 
thrown [s\src\hotspot\share\interpreter\linkResolver.cpp, line 759]
Event: 2.136 Thread 0x000001d9576a6020 Exception <a 'java/lang/NoSuchMethodError'{0x00000000894f22a0}: 'java.lang.Object java.lang.invoke.DirectMethodHandle$Holder.invokeInterface(java.lang.Object, java.lang.Object)'> (0x00000000894f22a0) 
thrown [s\src\hotspot\share\interpreter\linkResolver.cpp, line 759]
Event: 2.136 Thread 0x000001d9576a6020 Exception <a 'java/lang/IncompatibleClassChangeError'{0x00000000894f57f0}: Found class java.lang.Object, but interface was expected> (0x00000000894f57f0) 
thrown [s\src\hotspot\share\interpreter\linkResolver.cpp, line 826]
Event: 3.691 Thread 0x000001d9576a6020 Exception <a 'java/lang/NoSuchMethodError'{0x00000000890ba418}: 'java.lang.Object java.lang.invoke.DirectMethodHandle$Holder.newInvokeSpecial(java.lang.Object, java.lang.Object, java.lang.Object, java.lang.Object, java.lang.Object, java.lang.Object, java.lang.Object, java.lang.Object, java.lang.Object, java.lang.Object, java.lang.Object)'> (0x00000000890ba418) 
thrown [s\src\hotspot\share\interpreter\linkResolver.cpp, line 759]
Event: 3.692 Thread 0x000001d9576a6020 Exception <a 'java/lang/NoSuchMethodError'{0x00000000890bf300}: 'java.lang.Object java.lang.invoke.DirectMethodHandle$Holder.invokeSpecial(java.lang.Object, java.lang.Object, java.lang.Object, java.lang.Object, java.lang.Object, java.lang.Object, java.lang.Object, java.lang.Object, java.lang.Object, java.lang.Object, java.lang.Object, java.lang.Object)'> (0x00000000890bf300) 
thrown [s\src\hotspot\share\interpreter\linkResolver.cpp, line 759]
Event: 3.693 Thread 0x000001d9576a6020 Exception <a 'java/lang/NoSuchMethodError'{0x00000000890c39a8}: 'java.lang.Object java.lang.invoke.Invokers$Holder.linkToTargetMethod(java.lang.Object, java.lang.Object, java.lang.Object, java.lang.Object, java.lang.Object, java.lang.Object, java.lang.Object, java.lang.Object, java.lang.Object, java.lang.Object, java.lang.Object)'> (0x00000000890c39a8) 
thrown [s\src\hotspot\share\interpreter\linkResolver.cpp, line 759]
Event: 5.999 Thread 0x000001d9576a6020 Exception <a 'java/lang/NoSuchMethodError'{0x0000000088f487a8}: 'java.lang.Object java.lang.invoke.Invokers$Holder.invoke_MT(java.lang.Object, java.lang.Object, java.lang.Object)'> (0x0000000088f487a8) 
thrown [s\src\hotspot\share\interpreter\linkResolver.cpp, line 759]
Event: 6.619 Thread 0x000001d9576a6020 Exception <a 'java/lang/NoSuchMethodError'{0x0000000088ba6fc0}: Lapp/backend/table/Table;.<init>()V> (0x0000000088ba6fc0) 
thrown [s\src\hotspot\share\prims\jni.cpp, line 1107]
Event: 6.619 Thread 0x000001d9576a6020 Exception <a 'java/lang/NoSuchMethodError'{0x0000000088ba72f8}: Lapp/backend/table/Table;.clone()Lapp/backend/table/Table;> (0x0000000088ba72f8) 
thrown [s\src\hotspot\share\prims\jni.cpp, line 1107]
Event: 6.969 Thread 0x000001d9576a6020 Exception <a 'sun/nio/fs/WindowsException'{0x00000000897e2f70}> (0x00000000897e2f70) 
thrown [s\src\hotspot\share\prims\jni.cpp, line 516]
Event: 6.969 Thread 0x000001d9576a6020 Exception <a 'sun/nio/fs/WindowsException'{0x00000000897e3310}> (0x00000000897e3310) 
thrown [s\src\hotspot\share\prims\jni.cpp, line 516]
Event: 7.011 Thread 0x000001d9576a6020 Exception <a 'java/lang/NoSuchMethodError'{0x0000000089655268}: 'java.lang.Object java.lang.invoke.DirectMethodHandle$Holder.invokeStaticInit(java.lang.Object, int, int, int, int)'> (0x0000000089655268) 
thrown [s\src\hotspot\share\interpreter\linkResolver.cpp, line 759]
Event: 7.094 Thread 0x000001d9576a6020 Exception <a 'java/lang/NoSuchMethodError'{0x00000000896af848}: 'java.lang.Object java.lang.invoke.DirectMethodHandle$Holder.invokeStaticInit(java.lang.Object, java.lang.Object, int, int, int, int)'> (0x00000000896af848) 
thrown [s\src\hotspot\share\interpreter\linkResolver.cpp, line 759]
Event: 7.099 Thread 0x000001d9576a6020 Exception <a 'sun/nio/fs/WindowsException'{0x00000000896c0098}> (0x00000000896c0098) 
thrown [s\src\hotspot\share\prims\jni.cpp, line 516]
Event: 7.099 Thread 0x000001d9576a6020 Exception <a 'sun/nio/fs/WindowsException'{0x00000000896c0438}> (0x00000000896c0438) 
thrown [s\src\hotspot\share\prims\jni.cpp, line 516]
Event: 7.100 Thread 0x000001d9576a6020 Exception <a 'sun/nio/fs/WindowsException'{0x00000000896c0e90}> (0x00000000896c0e90) 
thrown [s\src\hotspot\share\prims\jni.cpp, line 516]
Event: 7.328 Thread 0x000001d9576a6020 Exception <a 'java/lang/NoSuchMethodError'{0x0000000089567ee8}: 'java.lang.Object java.lang.invoke.DirectMethodHandle$Holder.invokeSpecial(java.lang.Object, java.lang.Object, int, java.lang.Object, long)'> (0x0000000089567ee8) 
thrown [s\src\hotspot\share\interpreter\linkResolver.cpp, line 759]
Event: 7.329 Thread 0x000001d9576a6020 Exception <a 'java/lang/NoSuchMethodError'{0x000000008956e580}: 'java.lang.Object java.lang.invoke.DirectMethodHandle$Holder.newInvokeSpecial(java.lang.Object, java.lang.Object, int)'> (0x000000008956e580) 
thrown [s\src\hotspot\share\interpreter\linkResolver.cpp, line 759]
Event: 7.459 Thread 0x000001d9576a6020 Exception <a 'java/lang/NoSuchMethodError'{0x0000000089449f88}: 'void java.lang.invoke.Invokers$Holder.invoke_MT(java.lang.Object, java.lang.Object, java.lang.Object, java.lang.Object)'> (0x0000000089449f88) 
thrown [s\src\hotspot\share\interpreter\linkResolver.cpp, line 759]

VM Operations (20 events):
Event: 6.844 Executing VM operation: HandshakeAllThreads
Event: 6.844 Executing VM operation: HandshakeAllThreads done
Event: 6.877 Executing VM operation: HandshakeAllThreads
Event: 6.877 Executing VM operation: HandshakeAllThreads done
Event: 6.984 Executing VM operation: HandshakeAllThreads
Event: 6.984 Executing VM operation: HandshakeAllThreads done
Event: 7.029 Executing VM operation: HandshakeAllThreads
Event: 7.029 Executing VM operation: HandshakeAllThreads done
Event: 8.029 Executing VM operation: Cleanup
Event: 8.029 Executing VM operation: Cleanup done
Event: 18.033 Executing VM operation: Cleanup
Event: 18.033 Executing VM operation: Cleanup done
Event: 22.034 Executing VM operation: Cleanup
Event: 22.034 Executing VM operation: Cleanup done
Event: 45.043 Executing VM operation: Cleanup
Event: 45.043 Executing VM operation: Cleanup done
Event: 71.645 Executing VM operation: G1CollectFull
Event: 71.663 Executing VM operation: G1CollectFull done
Event: 71.717 Executing VM operation: G1CollectFull
Event: 71.738 Executing VM operation: G1CollectFull done

Events (20 events):
Event: 7.118 loading class java/io/DeleteOnExitHook
Event: 7.118 loading class java/io/DeleteOnExitHook done
Event: 7.118 loading class java/io/DeleteOnExitHook$1
Event: 7.118 loading class java/io/DeleteOnExitHook$1 done
Event: 7.177 loading class sun/nio/ch/ChannelInputStream
Event: 7.177 loading class sun/nio/ch/ChannelInputStream done
Event: 7.303 loading class java/io/StringReader
Event: 7.304 loading class java/io/StringReader done
Event: 7.305 loading class java/io/UnsupportedEncodingException
Event: 7.305 loading class java/io/UnsupportedEncodingException done
Event: 7.307 loading class java/util/regex/Pattern$BnM
Event: 7.307 loading class java/util/regex/Pattern$BnM done
Event: 7.307 loading class java/util/regex/Pattern$SliceS
Event: 7.307 loading class java/util/regex/Pattern$SliceS done
Event: 7.320 loading class java/util/regex/Pattern$SliceI
Event: 7.320 loading class java/util/regex/Pattern$SliceI done
Event: 7.323 loading class sun/invoke/util/VerifyAccess$1
Event: 7.323 loading class sun/invoke/util/VerifyAccess$1 done
Event: 71.691 loading class java/lang/invoke/MethodHandle$1
Event: 71.691 loading class java/lang/invoke/MethodHandle$1 done


Dynamic libraries:
0x00007ff6fa710000 - 0x00007ff6fa71d000 	C:\Users\its\.jdks\liberica-17.0.7\bin\java.exe
0x00007ffa468a0000 - 0x00007ffa46a90000 	C:\Windows\SYSTEM32\ntdll.dll
0x00007ffa45bb0000 - 0x00007ffa45c62000 	C:\Windows\System32\KERNEL32.DLL
0x00007ffa441b0000 - 0x00007ffa44455000 	C:\Windows\System32\KERNELBASE.dll
0x00007ffa44680000 - 0x00007ffa4477a000 	C:\Windows\System32\ucrtbase.dll
0x00007ffa2a6e0000 - 0x00007ffa2a6f7000 	C:\Users\its\.jdks\liberica-17.0.7\bin\jli.dll
0x00007ffa35820000 - 0x00007ffa35835000 	C:\Users\its\.jdks\liberica-17.0.7\bin\VCRUNTIME140.dll
0x00007ffa45760000 - 0x00007ffa458f4000 	C:\Windows\System32\USER32.dll
0x00007ffa44920000 - 0x00007ffa44941000 	C:\Windows\System32\win32u.dll
0x00007ffa44e90000 - 0x00007ffa44eb6000 	C:\Windows\System32\GDI32.dll
0x00007ffa44780000 - 0x00007ffa44916000 	C:\Windows\System32\gdi32full.dll
0x00007ffa44030000 - 0x00007ffa440ce000 	C:\Windows\System32\msvcp_win.dll
0x00007ffa2a450000 - 0x00007ffa2a6d4000 	C:\Windows\WinSxS\amd64_microsoft.windows.common-controls_6595b64144ccf1df_6.0.18362.1256_none_9e7e379be45e40e2\COMCTL32.dll
0x00007ffa44ec0000 - 0x00007ffa44f5e000 	C:\Windows\System32\msvcrt.dll
0x00007ffa45fe0000 - 0x00007ffa46316000 	C:\Windows\System32\combase.dll
0x00007ffa46740000 - 0x00007ffa46860000 	C:\Windows\System32\RPCRT4.dll
0x00007ffa43fa0000 - 0x00007ffa44021000 	C:\Windows\System32\bcryptPrimitives.dll
0x00007ffa45730000 - 0x00007ffa4575e000 	C:\Windows\System32\IMM32.DLL
0x00007ffa17490000 - 0x00007ffa1752b000 	C:\Users\its\.jdks\liberica-17.0.7\bin\msvcp140.dll
0x00007ff9eadd0000 - 0x00007ff9eb9f2000 	C:\Users\its\.jdks\liberica-17.0.7\bin\server\jvm.dll
0x00007ffa46690000 - 0x00007ffa46733000 	C:\Windows\System32\ADVAPI32.dll
0x00007ffa45900000 - 0x00007ffa45997000 	C:\Windows\System32\sechost.dll
0x00007ffa348c0000 - 0x00007ffa348c9000 	C:\Windows\SYSTEM32\WSOCK32.dll
0x00007ffa465c0000 - 0x00007ffa4662f000 	C:\Windows\System32\WS2_32.dll
0x00007ffa41300000 - 0x00007ffa41324000 	C:\Windows\SYSTEM32\WINMM.dll
0x00007ffa3b490000 - 0x00007ffa3b49a000 	C:\Windows\SYSTEM32\VERSION.dll
0x00007ffa412d0000 - 0x00007ffa412fd000 	C:\Windows\SYSTEM32\WINMMBASE.dll
0x00007ffa44630000 - 0x00007ffa4467a000 	C:\Windows\System32\cfgmgr32.dll
0x00007ffa43750000 - 0x00007ffa43761000 	C:\Windows\System32\kernel.appcore.dll
0x00007ffa385b0000 - 0x00007ffa385ba000 	C:\Users\its\.jdks\liberica-17.0.7\bin\jimage.dll
0x00007ffa3fed0000 - 0x00007ffa400c4000 	C:\Windows\SYSTEM32\DBGHELP.DLL
0x00007ffa36970000 - 0x00007ffa3699a000 	C:\Windows\SYSTEM32\dbgcore.DLL
0x00007ffa22930000 - 0x00007ffa22955000 	C:\Users\its\.jdks\liberica-17.0.7\bin\java.dll
0x00007ffa13840000 - 0x00007ffa13916000 	C:\Users\its\.jdks\liberica-17.0.7\bin\jsvml.dll
0x00007ffa44f60000 - 0x00007ffa45647000 	C:\Windows\System32\SHELL32.dll
0x00007ffa459a0000 - 0x00007ffa45a49000 	C:\Windows\System32\shcore.dll
0x00007ffa43810000 - 0x00007ffa43f91000 	C:\Windows\System32\windows.storage.dll
0x00007ffa437c0000 - 0x00007ffa437e3000 	C:\Windows\System32\profapi.dll
0x00007ffa43770000 - 0x00007ffa437ba000 	C:\Windows\System32\powrprof.dll
0x00007ffa43740000 - 0x00007ffa43750000 	C:\Windows\System32\UMPDC.dll
0x00007ffa46630000 - 0x00007ffa46682000 	C:\Windows\System32\shlwapi.dll
0x00007ffa44460000 - 0x00007ffa44477000 	C:\Windows\System32\cryptsp.dll
0x00007ffa266c0000 - 0x00007ffa266d9000 	C:\Users\its\.jdks\liberica-17.0.7\bin\net.dll
0x00007ffa39d00000 - 0x00007ffa39df0000 	C:\Windows\SYSTEM32\WINHTTP.dll
0x00007ffa42f30000 - 0x00007ffa42f97000 	C:\Windows\system32\mswsock.dll
0x00007ffa26530000 - 0x00007ffa26545000 	C:\Users\its\.jdks\liberica-17.0.7\bin\nio.dll
0x00007ffa264d0000 - 0x00007ffa264e8000 	C:\Users\its\.jdks\liberica-17.0.7\bin\zip.dll
0x00007ffa3bad0000 - 0x00007ffa3bad9000 	C:\Users\its\.jdks\liberica-17.0.7\bin\prefs.dll
0x000001d955580000 - 0x000001d955589000 	C:\Windows\System32\icuuc.dll
0x00007ffa0c7d0000 - 0x00007ffa0cdd7000 	C:\Qt\6.6.0\msvc2019_64\bin\Qt6Core.dll
0x00007ffa45cd0000 - 0x00007ffa45e27000 	C:\Windows\System32\ole32.dll
0x00007ffa44950000 - 0x00007ffa44a15000 	C:\Windows\System32\OLEAUT32.dll
0x00007ffa372c0000 - 0x00007ffa372db000 	C:\Windows\SYSTEM32\MPR.dll
0x00007ffa43660000 - 0x00007ffa43685000 	C:\Windows\SYSTEM32\USERENV.dll
0x00007ffa2d1a0000 - 0x00007ffa2d1b7000 	C:\Windows\SYSTEM32\NETAPI32.dll
0x00007ffa42820000 - 0x00007ffa4286a000 	C:\Windows\SYSTEM32\AUTHZ.dll
0x00007ffa3bac0000 - 0x00007ffa3bac9000 	C:\Users\its\.jdks\liberica-17.0.7\bin\MSVCP140_1.dll
0x00007ffa3d370000 - 0x00007ffa3d37c000 	C:\Windows\SYSTEM32\VCRUNTIME140_1.dll
0x00007ffa43100000 - 0x00007ffa4310c000 	C:\Windows\SYSTEM32\CRYPTBASE.DLL
0x00007ffa312d0000 - 0x00007ffa312f6000 	C:\Windows\SYSTEM32\SRVCLI.DLL
0x00007ffa42c80000 - 0x00007ffa42c8c000 	C:\Windows\SYSTEM32\NETUTILS.DLL
0x00007ffa11920000 - 0x00007ffa11dae000 	C:\Users\its\AppData\Local\Temp\QtJambi6.6.0_7248\bin\QtJambi6.dll
0x00007ff9e9b60000 - 0x00007ff9eadcb000 	C:\Users\its\AppData\Local\Temp\QtJambi6.6.0_7248\bin\QtJambiCore6.dll
0x00007ff9e92d0000 - 0x00007ff9e9b5f000 	C:\Qt\6.6.0\msvc2019_64\bin\Qt6Gui.dll
0x00007ffa409e0000 - 0x00007ffa40c3b000 	C:\Windows\SYSTEM32\d3d11.dll
0x00007ffa42410000 - 0x00007ffa424fb000 	C:\Windows\SYSTEM32\dxgi.dll
0x00007ffa278f0000 - 0x00007ffa27bee000 	C:\Windows\SYSTEM32\DWrite.dll
0x00007ffa23300000 - 0x00007ffa234d2000 	C:\Windows\SYSTEM32\d3d12.dll
0x00007ffa344d0000 - 0x00007ffa34502000 	C:\Users\its\.jdks\liberica-17.0.7\bin\MSVCP140_2.dll
0x00007ffa42380000 - 0x00007ffa423a0000 	C:\Windows\SYSTEM32\dxcore.dll
0x00007ffa0c230000 - 0x00007ffa0c7c2000 	C:\Users\its\AppData\Local\Temp\QtJambi6.6.0_7248\bin\QtJambiGui6.dll
0x00007ff9e8ca0000 - 0x00007ff9e92ca000 	C:\Qt\6.6.0\msvc2019_64\bin\Qt6Widgets.dll
0x00007ffa41eb0000 - 0x00007ffa41edd000 	C:\Windows\SYSTEM32\dwmapi.dll
0x00007ffa41a80000 - 0x00007ffa41b19000 	C:\Windows\SYSTEM32\UxTheme.dll
0x00007ff9e83a0000 - 0x00007ff9e8c94000 	C:\Users\its\AppData\Local\Temp\QtJambi6.6.0_7248\bin\QtJambiWidgets6.dll
0x00007ffa29060000 - 0x00007ffa2913e000 	C:\Qt\6.6.0\msvc2019_64\plugins\platforms\qwindows.dll
0x00007ffa44a20000 - 0x00007ffa44e90000 	C:\Windows\System32\SETUPAPI.dll
0x00007ffa440d0000 - 0x00007ffa440f6000 	C:\Windows\System32\bcrypt.dll
0x00007ffa464f0000 - 0x00007ffa465c0000 	C:\Windows\System32\COMDLG32.dll
0x00007ffa40130000 - 0x00007ffa40143000 	C:\Windows\SYSTEM32\WTSAPI32.dll
0x00007ffa12790000 - 0x00007ffa12957000 	C:\Windows\SYSTEM32\d3d9.dll
0x00007ffa46320000 - 0x00007ffa46455000 	C:\Windows\System32\MSCTF.dll
0x00007ffa434d0000 - 0x00007ffa434fa000 	C:\Windows\SYSTEM32\DEVOBJ.dll
0x00007ffa45ae0000 - 0x00007ffa45b82000 	C:\Windows\System32\clbcatq.dll
0x00007ffa293d0000 - 0x00007ffa29521000 	C:\Windows\System32\Windows.UI.dll
0x00007ffa2e080000 - 0x00007ffa2e19b000 	C:\Windows\System32\InputHost.dll
0x00007ffa31d10000 - 0x00007ffa31dae000 	C:\Windows\System32\TextInputFramework.dll
0x00007ffa416a0000 - 0x00007ffa41774000 	C:\Windows\System32\CoreMessaging.dll
0x00007ffa3f200000 - 0x00007ffa3f52a000 	C:\Windows\System32\CoreUIComponents.dll
0x00007ffa3fde0000 - 0x00007ffa3fed0000 	C:\Windows\System32\PROPSYS.dll
0x00007ffa3f0a0000 - 0x00007ffa3f1f3000 	C:\Windows\SYSTEM32\wintypes.dll
0x00007ffa42780000 - 0x00007ffa427b1000 	C:\Windows\SYSTEM32\ntmarta.dll
0x00007ffa27cc0000 - 0x00007ffa27dd2000 	C:\Windows\System32\Windows.UI.Immersive.dll
0x00007ffa344a0000 - 0x00007ffa344c5000 	C:\Qt\6.6.0\msvc2019_64\plugins\styles\qwindowsvistastyle.dll
0x00007ffa3a380000 - 0x00007ffa3a38e000 	C:\Qt\6.6.0\msvc2019_64\plugins\imageformats\qgif.dll
0x00007ffa35840000 - 0x00007ffa35850000 	C:\Qt\6.6.0\msvc2019_64\plugins\imageformats\qicns.dll
0x00007ffa34490000 - 0x00007ffa3449e000 	C:\Qt\6.6.0\msvc2019_64\plugins\imageformats\qico.dll
0x00007ffa25eb0000 - 0x00007ffa25f4c000 	C:\Qt\6.6.0\msvc2019_64\plugins\imageformats\qjpeg.dll
0x00007ffa34480000 - 0x00007ffa3448d000 	C:\Qt\6.6.0\msvc2019_64\plugins\imageformats\qpdf.dll
0x00007ff9e7e50000 - 0x00007ff9e839a000 	C:\Qt\6.6.0\msvc2019_64\bin\Qt6Pdf.dll
0x00007ffa12610000 - 0x00007ffa12783000 	C:\Qt\6.6.0\msvc2019_64\bin\Qt6Network.dll
0x00007ffa42c40000 - 0x00007ffa42c7a000 	C:\Windows\SYSTEM32\IPHLPAPI.DLL
0x00007ffa42c90000 - 0x00007ffa42d5b000 	C:\Windows\SYSTEM32\DNSAPI.dll
0x00007ffa34650000 - 0x00007ffa3465c000 	C:\Windows\SYSTEM32\Secur32.dll
0x00007ffa45ad0000 - 0x00007ffa45ad8000 	C:\Windows\System32\NSI.dll
0x00007ffa43620000 - 0x00007ffa43657000 	C:\Windows\SYSTEM32\SSPICLI.DLL
0x00007ffa34470000 - 0x00007ffa3447c000 	C:\Qt\6.6.0\msvc2019_64\plugins\imageformats\qsvg.dll
0x00007ffa23630000 - 0x00007ffa2368f000 	C:\Qt\6.6.0\msvc2019_64\bin\Qt6Svg.dll
0x00007ffa34460000 - 0x00007ffa3446c000 	C:\Qt\6.6.0\msvc2019_64\plugins\imageformats\qtga.dll
0x00007ffa23290000 - 0x00007ffa232fa000 	C:\Qt\6.6.0\msvc2019_64\plugins\imageformats\qtiff.dll
0x00007ffa34450000 - 0x00007ffa3445c000 	C:\Qt\6.6.0\msvc2019_64\plugins\imageformats\qwbmp.dll
0x00007ffa23200000 - 0x00007ffa23288000 	C:\Qt\6.6.0\msvc2019_64\plugins\imageformats\qwebp.dll
0x00007ffa26570000 - 0x00007ffa265aa000 	C:\Windows\system32\dataexchange.dll
0x00007ffa410a0000 - 0x00007ffa4127d000 	C:\Windows\system32\dcomp.dll
0x00007ffa41b40000 - 0x00007ffa41da2000 	C:\Windows\system32\twinapi.appcore.dll
0x00007ffa41fc0000 - 0x00007ffa41fe9000 	C:\Windows\system32\RMCLIENT.dll
0x00007ffa37770000 - 0x00007ffa37a17000 	C:\Windows\System32\iertutil.dll
0x00007ffa26180000 - 0x00007ffa26386000 	C:\Windows\system32\explorerframe.dll
0x00007ffa3a130000 - 0x00007ffa3a2e3000 	C:\Windows\SYSTEM32\DUI70.dll
0x00007ffa3a3f0000 - 0x00007ffa3a483000 	C:\Windows\SYSTEM32\DUser.dll
0x00007ffa25bc0000 - 0x00007ffa25be3000 	C:\Windows\SYSTEM32\edputil.dll
0x00007ffa3ee90000 - 0x00007ffa3f03f000 	C:\Windows\SYSTEM32\WindowsCodecs.dll
0x00007ffa25bf0000 - 0x00007ffa25c4e000 	C:\Windows\System32\thumbcache.dll
0x00007ffa3e900000 - 0x00007ffa3e989000 	C:\Windows\SYSTEM32\policymanager.dll
0x00007ffa40240000 - 0x00007ffa402ca000 	C:\Windows\SYSTEM32\msvcp110_win.dll
0x00007ffa276e0000 - 0x00007ffa27899000 	C:\Windows\System32\Windows.Globalization.dll
0x00007ffa293a0000 - 0x00007ffa293d0000 	C:\Windows\System32\bcp47mrm.dll
0x00007ffa30ba0000 - 0x00007ffa30bfd000 	C:\Windows\System32\Bcp47Langs.dll

dbghelp: loaded successfully - version: 4.0.5 - missing functions: none
symbol engine: initialized successfully - sym options: 0x614 - pdb path: .;C:\Users\its\.jdks\liberica-17.0.7\bin;C:\Windows\SYSTEM32;C:\Windows\WinSxS\amd64_microsoft.windows.common-controls_6595b64144ccf1df_6.0.18362.1256_none_9e7e379be45e40e2;C:\Users\its\.jdks\liberica-17.0.7\bin\server;C:\Qt\6.6.0\msvc2019_64\bin;C:\Users\its\AppData\Local\Temp\QtJambi6.6.0_7248\bin;C:\Qt\6.6.0\msvc2019_64\plugins\platforms;C:\Qt\6.6.0\msvc2019_64\plugins\styles;C:\Qt\6.6.0\msvc2019_64\plugins\imageformats;C:\Windows\WinSxS\amd64_microsoft.windows.gdiplus_6595b64144ccf1df_1.1.18362.1256_none_cf692a813ef0bab0;C:\PROGRA~1\MICROS~1\Office16;C:\PROGRA~1\MICROS~1\Office16\1049;C:\Program Files\Common Files\Autodesk Shared;C:\Users\its\AppData\Local\Temp

VM Arguments:
jvm_args: -Djava.library.path=C:\Qt\6.6.0\msvc2019_64\bin -Dfile.encoding=windows-1251 -Duser.country=RU -Duser.language=ru -Duser.variant 
java_command: Main
java_class_path (initial): C:\Users\its\Desktop\software\UI\DBBrowser\build\classes\java\main;C:\Users\its\Desktop\software\UI\DBBrowser\build\resources\main;C:\Users\its\Desktop\software\UI\DBBrowser\build\libs\qtjambi-native-windows-x64-6.6.0.jar;C:\Users\its\.gradle\caches\modules-2\files-2.1\io.qtjambi\qtjambi\6.6.0\122bd017d9f98685b5632c0c0a7c677df68db02e\qtjambi-6.6.0.jar;C:\Users\its\.gradle\caches\modules-2\files-2.1\org.postgresql\postgresql\42.6.0\7614cfce466145b84972781ab0079b8dea49e363\postgresql-42.6.0.jar;C:\Users\its\.gradle\caches\modules-2\files-2.1\org.xerial\sqlite-jdbc\3.42.0.0\a4c84376df810062d20c84777b84ec077b5ecdab\sqlite-jdbc-3.42.0.0.jar;C:\Users\its\.gradle\caches\modules-2\files-2.1\org.checkerframework\checker-qual\3.31.0\eeefd4af42e2f4221d145c1791582f91868f99ab\checker-qual-3.31.0.jar
Launcher Type: SUN_STANDARD

[Global flags]
     intx CICompilerCount                          = 3                                         {product} {ergonomic}
     uint ConcGCThreads                            = 1                                         {product} {ergonomic}
     uint G1ConcRefinementThreads                  = 4                                         {product} {ergonomic}
   size_t G1HeapRegionSize                         = 1048576                                   {product} {ergonomic}
    uintx GCDrainStackTargetSize                   = 64                                        {product} {ergonomic}
   size_t InitialHeapSize                          = 134217728                                 {product} {ergonomic}
   size_t MarkStackSize                            = 4194304                                   {product} {ergonomic}
   size_t MaxHeapSize                              = 2118123520                                {product} {ergonomic}
   size_t MaxNewSize                               = 1270874112                                {product} {ergonomic}
   size_t MinHeapDeltaBytes                        = 1048576                                   {product} {ergonomic}
   size_t MinHeapSize                              = 8388608                                   {product} {ergonomic}
    uintx NonNMethodCodeHeapSize                   = 5832780                                {pd product} {ergonomic}
    uintx NonProfiledCodeHeapSize                  = 122912730                              {pd product} {ergonomic}
    uintx ProfiledCodeHeapSize                     = 122912730                              {pd product} {ergonomic}
    uintx ReservedCodeCacheSize                    = 251658240                              {pd product} {ergonomic}
     bool SegmentedCodeCache                       = true                                      {product} {ergonomic}
   size_t SoftMaxHeapSize                          = 2118123520                             {manageable} {ergonomic}
     bool UseCompressedClassPointers               = true                           {product lp64_product} {ergonomic}
     bool UseCompressedOops                        = true                           {product lp64_product} {ergonomic}
     bool UseG1GC                                  = true                                      {product} {ergonomic}
     bool UseLargePagesIndividualAllocation        = false                                  {pd product} {ergonomic}

Logging:
Log output configuration:
 #0: stdout all=warning uptime,level,tags
 #1: stderr all=off uptime,level,tags

Environment Variables:
JAVA_HOME=C:\Users\its\.jdks\corretto-1.8.0_382
PATH=C:\Qt\6.6.0\msvc2019_64\bin;C:\Users\its\AppData\Local\Temp\QtJambi6.6.0_7248\bin;C:\Program Files\Common Files\Oracle\Java\javapath;C:\Program Files (x86)\Common Files\Oracle\Java\javapath;C:\Python311\Scripts\;C:\Python311\;C:\Windows\system32;C:\Windows;C:\Windows\System32\Wbem;C:\Windows\System32\WindowsPowerShell\v1.0\;C:\Windows\System32\OpenSSH\;C:\ProgramData\chocolatey\bin;C:\Program Files\Git\cmd;C:\Program Files\PuTTY\;C:\Program Files\nodejs\;C:\HaxeToolkit\haxe;C:\HaxeToolkit\neko;C:\Users\its\AppData\Roaming\local\bin;C:\Users\its\AppData\Local\Microsoft\WindowsApps;C:\Users\its\AppData\Local\Programs\Microsoft VS Code\bin;C:\Users\its\AppData\Roaming\cabal\bin;C:\tools\ghc-9.2.1\bin;C:\tools\msys64;C:\Program Files\JetBrains\IntelliJ IDEA Community Edition 2022.2.1\bin;;C:\Users\its\.jdks\corretto-16.0.2\bin;C:\Program Files\swipl\bin;C:\Strawberry\c\bin\spin;C:\Strawberry\c\bin\;C:\ActiveTcl\bin\;C:\Program Files\JetBrains\WebStorm 2022.3.3\bin;C:\Users\its\AppData\Roaming\npm;C:\Program Files\Java\jdk-17\bin
USERNAME=its
OS=Windows_NT
PROCESSOR_IDENTIFIER=Intel64 Family 6 Model 58 Stepping 9, GenuineIntel
TMP=C:\Users\its\AppData\Local\Temp
TEMP=C:\Users\its\AppData\Local\Temp



---------------  S Y S T E M  ---------------

OS:
 Windows 10 , 64 bit Build 18362 (10.0.18362.1110)
OS uptime: 0 days 4:04 hours

CPU: total 4 (initial active 4) (2 cores per cpu, 2 threads per core) family 6 model 58 stepping 9 microcode 0x20, cx8, cmov, fxsr, ht, mmx, sse, sse2, sse3, ssse3, sse4.1, sse4.2, popcnt, tsc, tscinvbit, avx, aes, erms, clmul, vzeroupper, clflush

Memory: 4k page, system-wide physical 8077M (1679M free)
TotalPageFile size 9805M (AvailPageFile size 3557M)
current process WorkingSet (physical memory assigned to process): 180M, peak: 246M
current process commit charge ("private bytes"): 182M, peak: 351M

vm_info: OpenJDK 64-Bit Server VM (17.0.7+7-LTS) for windows-amd64 JRE (17.0.7+7-LTS), built on Apr 18 2023 18:44:51 by "" with MS VC++ 15.9 (VS2017)

END.
