#
# A fatal error has been detected by the Java Runtime Environment:
#
#  EXCEPTION_ACCESS_VIOLATION (0xc0000005) at pc=0x0000000000000000, pid=8324, tid=1228
#
# JRE version: OpenJDK Runtime Environment (17.0.7+7) (build 17.0.7+7-LTS)
# Java VM: OpenJDK 64-Bit Server VM (17.0.7+7-LTS, mixed mode, sharing, tiered, compressed oops, compressed class ptrs, g1 gc, windows-amd64)
# Problematic frame:
# C  [Qt6Widgets.dll+0x5283a]
#
# No core dump will be written. Minidumps are not enabled by default on client versions of Windows
#
# If you would like to submit a bug report, please visit:
#   https://bell-sw.com/support
# The crash happened outside the Java Virtual Machine in native code.
# See problematic frame for where to report the bug.
#

---------------  S U M M A R Y ------------

Command Line: -Djava.library.path=C:\Qt\6.6.0\msvc2019_64\bin -Dfile.encoding=windows-1251 -Duser.country=RU -Duser.language=ru -Duser.variant Main

Host: Intel(R) Core(TM) i5-3317U CPU @ 1.70GHz, 4 cores, 7G,  Windows 10 , 64 bit Build 18362 (10.0.18362.1110)
Time: Sun Dec 24 15:49:56 2023 Новосибирское стандартное время elapsed time: 37.295677 seconds (0d 0h 0m 37s)

---------------  T H R E A D  ---------------

Current thread (0x000001a0754b62c0):  JavaThread "main" [_thread_in_native, id=1228, stack(0x00000037e7300000,0x00000037e7400000)]

Stack: [0x00000037e7300000,0x00000037e7400000],  sp=0x00000037e73fe420,  free space=1017k
Native frames: (J=compiled Java code, j=interpreted, Vv=VM code, C=native code)

Java frames: (J=compiled Java code, j=interpreted, Vv=VM code)
j  io.qt.core.QCoreApplication.sendPostedEvents_native_QObject_ptr_int(JI)V+0
j  io.qt.core.QCoreApplication.sendPostedEvents(Lio/qt/core/QObject;I)V+10
j  io.qt.core.QCoreApplication.shutdown()V+498
j  io.qt.widgets.QApplication.shutdown()V+0
j  Main.main([Ljava/lang/String;)V+31
v  ~StubRoutines::call_stub

siginfo: EXCEPTION_ACCESS_VIOLATION (0xc0000005), data execution prevention violation at address 0x0000000000000000


Register to memory mapping:

RIP=0x0 is NULL
RAX=0x0 is NULL
RBX=0x000001a01ba574f0 points into unknown readable memory: 0x0000000000000000 | 00 00 00 00 00 00 00 00
RCX=0x000001a01b23af80 points into unknown readable memory: 0x000001a01bf56f90 | 90 6f f5 1b a0 01 00 00
RDX=0x0 is NULL
RSP=0x00000037e73fe418 is pointing into the stack for thread: 0x000001a0754b62c0
RBP=0x0 is NULL
RSI=0x000001a0168663f0 points into unknown readable memory: 0x00007ff8833ed490 | 90 d4 3e 83 f8 7f 00 00
RDI=0x0 is NULL
R8 =0x0000000000000080 is an unknown value
R9 =0x000001a01b188c68 points into unknown readable memory: 0xffffffffffffffff | ff ff ff ff ff ff ff ff
R10=0x0 is NULL
R11=0x0000000000000010 is an unknown value
R12=0x00000000ffffffff is an unallocated location in the heap
R13=0x000001a01b930cb0 points into unknown readable memory: 0x00007ff89ca2a518 | 18 a5 a2 9c f8 7f 00 00
R14=0x000001a01ba574f0 points into unknown readable memory: 0x0000000000000000 | 00 00 00 00 00 00 00 00
R15=0x0 is NULL


Registers:
RAX=0x0000000000000000, RBX=0x000001a01ba574f0, RCX=0x000001a01b23af80, RDX=0x0000000000000000
RSP=0x00000037e73fe418, RBP=0x0000000000000000, RSI=0x000001a0168663f0, RDI=0x0000000000000000
R8 =0x0000000000000080, R9 =0x000001a01b188c68, R10=0x0000000000000000, R11=0x0000000000000010
R12=0x00000000ffffffff, R13=0x000001a01b930cb0, R14=0x000001a01ba574f0, R15=0x0000000000000000
RIP=0x0000000000000000, EFLAGS=0x0000000000010202

Top of Stack: (sp=0x00000037e73fe418)
0x00000037e73fe418:   00007ff88303283a 000001a0168663f0
0x00000037e73fe428:   000001a01b8aea30 00000037e73fe609
0x00000037e73fe438:   00007ff89c3c26c7 0000000000000040
0x00000037e73fe448:   000001a016866400 0000000000000040
0x00000037e73fe458:   00007ff89c63e7d8 000001a0168663f0
0x00000037e73fe468:   00007ff88302e602 000001a01b767dd0
0x00000037e73fe478:   000001a0168663f0 000001a0168663f0
0x00000037e73fe488:   000001a0166fea50 00007ff882f78428
0x00000037e73fe498:   000001a0168663f0 000001a01b23a080
0x00000037e73fe4a8:   000001a01b6ff030 0000000000000000
0x00000037e73fe4b8:   00007ff8829da3e5 000001a0168663f0
0x00000037e73fe4c8:   000001a0168663f0 000001a01b930cb0
0x00000037e73fe4d8:   000001a01b930cb0 000001a0168663f0
0x00000037e73fe4e8:   0000000000000001 000001a01b930cb0
0x00000037e73fe4f8:   00000037e73fe609 000001a0168663f0
0x00000037e73fe508:   00007ff8829da674 0000000000000000 

Instructions: (pc=0x00007ff88303283a)
0x00007ff88303273a:   08 48 63 c5 49 3b 46 28 0f 8c c8 fe ff ff 48 8b
0x00007ff88303274a:   7c 24 38 48 8b 74 24 40 49 8b c7 48 83 c4 48 41
0x00007ff88303275a:   5f 41 5e 5d 5b c3 48 89 5c 24 18 48 89 74 24 20
0x00007ff88303276a:   57 48 83 ec 40 48 89 6c 24 50 48 8b f1 e8 24 6f
0x00007ff88303277a:   00 00 84 c0 74 4b 48 8b 46 20 8b 50 08 c1 ea 0e
0x00007ff88303278a:   f6 c2 01 74 0f ff 15 83 85 3a 00 48 8b c8 ff 15
0x00007ff88303279a:   32 84 3a 00 ba 17 00 00 00 48 8d 4c 24 20 44 8d
0x00007ff8830327aa:   42 f0 ff 15 e6 82 3a 00 48 8d 54 24 20 48 8b ce
0x00007ff8830327ba:   ff 15 e0 4a 3a 00 48 8d 4c 24 20 ff 15 d5 82 3a
0x00007ff8830327ca:   00 48 8b ce 48 8b de ff 15 69 4d 3a 00 48 8b 4e
0x00007ff8830327da:   20 48 8b d0 f6 41 0c 01 75 1e 48 85 d2 74 19 48
0x00007ff8830327ea:   8b ca 48 8b da ff 15 4b 4d 3a 00 48 8b d0 48 8b
0x00007ff8830327fa:   43 20 f6 40 0c 01 74 e2 48 8b 43 08 33 ff 4c 89
0x00007ff88303280a:   74 24 58 8b ef 48 8b 58 78 48 85 db 74 37 48 8b
0x00007ff88303281a:   5b 08 4c 8b f3 48 85 db 74 2e 48 8b 4b 20 48 85
0x00007ff88303282a:   c9 74 25 48 8b 01 48 8b 40 60 ff 15 8e 87 3a 00
0x00007ff88303283a:   48 8b e8 48 85 c0 75 10 48 8b 46 08 48 8b a8 90
0x00007ff88303284a:   00 00 00 eb 03 4c 8b f7 48 8b c6 66 66 66 0f 1f
0x00007ff88303285a:   84 00 00 00 00 00 48 8b 48 08 48 39 b1 90 00 00
0x00007ff88303286a:   00 75 07 48 89 b9 90 00 00 00 48 8b c8 ff 15 c3
0x00007ff88303287a:   4c 3a 00 48 85 c0 75 de 48 85 ed 74 36 49 8b 4e
0x00007ff88303288a:   20 48 8b 01 48 8b 40 60 ff 15 30 87 3a 00 48 3b
0x00007ff88303289a:   e8 74 20 49 8b 5e 20 48 8b cb 48 8b 03 48 8b 40
0x00007ff8830328aa:   60 ff 15 17 87 3a 00 48 8b d0 48 8b cb ff 15 8b
0x00007ff8830328ba:   78 3a 00 48 8b 46 08 4c 8b 74 24 58 48 8b 6c 24
0x00007ff8830328ca:   50 48 8b 48 78 48 85 c9 74 16 48 8b 49 10 48 85
0x00007ff8830328da:   c9 74 0d 48 83 c1 10 e8 ea b9 31 00 48 8b 46 08
0x00007ff8830328ea:   48 83 78 78 00 48 8b de 74 57 0f 1f 40 00 0f 1f
0x00007ff8830328fa:   84 00 00 00 00 00 48 8b 43 08 48 8b 48 78 48 8b
0x00007ff88303290a:   41 30 48 85 c0 74 3a 8b 40 04 85 c0 74 33 48 83
0x00007ff88303291a:   79 38 00 74 2c 48 8b 43 08 48 8b 58 78 48 8b 43
0x00007ff88303292a:   30 48 85 c0 74 0d 8b 40 04 85 c0 74 06 48 8b 5b 


Stack slot to memory mapping:
stack at sp + 0 slots: 0x000001a0168663f0 points into unknown readable memory: 0x00007ff8833ed490 | 90 d4 3e 83 f8 7f 00 00
stack at sp + 1 slots: 0x000001a01b8aea30 points into unknown readable memory: 0x0000000000000001 | 01 00 00 00 00 00 00 00
stack at sp + 2 slots: 0x00000037e73fe609 is pointing into the stack for thread: 0x000001a0754b62c0
stack at sp + 3 slots: 0x00007ff89c3c26c7 QtJambi6.dll
stack at sp + 4 slots: 0x0000000000000040 is an unknown value
stack at sp + 5 slots: 0x000001a016866400 points into unknown readable memory: 0x00007ff8833ed600 | 00 d6 3e 83 f8 7f 00 00
stack at sp + 6 slots: 0x0000000000000040 is an unknown value
stack at sp + 7 slots: 0x00007ff89c63e7d8 QtJambi6.dll


---------------  P R O C E S S  ---------------

Threads class SMR info:
_java_thread_list=0x000001a01b3bfb20, length=13, elements={
0x000001a0754b62c0, 0x000001a0162fa720, 0x000001a0162fbc40, 0x000001a016311cc0,
0x000001a016313790, 0x000001a016316800, 0x000001a016317860, 0x000001a01631c960,
0x000001a016320870, 0x000001a0163368b0, 0x000001a0165861b0, 0x000001a01658a840,
0x000001a01b0dba60
}

Java Threads: ( => current thread )
=>0x000001a0754b62c0 JavaThread "main" [_thread_in_native, id=1228, stack(0x00000037e7300000,0x00000037e7400000)]
  0x000001a0162fa720 JavaThread "Reference Handler" daemon [_thread_blocked, id=2748, stack(0x00000037e7a00000,0x00000037e7b00000)]
  0x000001a0162fbc40 JavaThread "Finalizer" daemon [_thread_blocked, id=860, stack(0x00000037e7b00000,0x00000037e7c00000)]
  0x000001a016311cc0 JavaThread "Signal Dispatcher" daemon [_thread_blocked, id=7588, stack(0x00000037e7c00000,0x00000037e7d00000)]
  0x000001a016313790 JavaThread "Attach Listener" daemon [_thread_blocked, id=8272, stack(0x00000037e7d00000,0x00000037e7e00000)]
  0x000001a016316800 JavaThread "Service Thread" daemon [_thread_blocked, id=2840, stack(0x00000037e7e00000,0x00000037e7f00000)]
  0x000001a016317860 JavaThread "Monitor Deflation Thread" daemon [_thread_blocked, id=4460, stack(0x00000037e7f00000,0x00000037e8000000)]
  0x000001a01631c960 JavaThread "C2 CompilerThread0" daemon [_thread_blocked, id=2932, stack(0x00000037e8000000,0x00000037e8100000)]
  0x000001a016320870 JavaThread "C1 CompilerThread0" daemon [_thread_blocked, id=6888, stack(0x00000037e8100000,0x00000037e8200000)]
  0x000001a0163368b0 JavaThread "Sweeper thread" daemon [_thread_blocked, id=1044, stack(0x00000037e8200000,0x00000037e8300000)]
  0x000001a0165861b0 JavaThread "Notification Thread" daemon [_thread_blocked, id=6080, stack(0x00000037e8300000,0x00000037e8400000)]
  0x000001a01658a840 JavaThread "Common-Cleaner" daemon [_thread_blocked, id=1776, stack(0x00000037e8500000,0x00000037e8600000)]
  0x000001a01b0dba60 JavaThread "QtJambiCleanupThread" daemon [_thread_blocked, id=6872, stack(0x00000037e8600000,0x00000037e8700000)]

Other Threads:
  0x000001a0162f4bb0 VMThread "VM Thread" [stack: 0x00000037e7900000,0x00000037e7a00000] [id=7768]
  0x000001a075529650 WatcherThread [stack: 0x00000037e8400000,0x00000037e8500000] [id=7652]
  0x000001a07550feb0 GCTaskThread "GC Thread#0" [stack: 0x00000037e7400000,0x00000037e7500000] [id=5112]
  0x000001a01b46f420 GCTaskThread "GC Thread#1" [stack: 0x00000037e8700000,0x00000037e8800000] [id=6264]
  0x000001a01b46f6d0 GCTaskThread "GC Thread#2" [stack: 0x00000037e8800000,0x00000037e8900000] [id=4624]
  0x000001a01b49efd0 GCTaskThread "GC Thread#3" [stack: 0x00000037e8900000,0x00000037e8a00000] [id=3224]
  0x000001a075520980 ConcurrentGCThread "G1 Main Marker" [stack: 0x00000037e7500000,0x00000037e7600000] [id=8572]
  0x000001a075521ae0 ConcurrentGCThread "G1 Conc#0" [stack: 0x00000037e7600000,0x00000037e7700000] [id=6180]
  0x000001a0161b00a0 ConcurrentGCThread "G1 Refine#0" [stack: 0x00000037e7700000,0x00000037e7800000] [id=5136]
  0x000001a0161b09d0 ConcurrentGCThread "G1 Service" [stack: 0x00000037e7800000,0x00000037e7900000] [id=1632]

Threads with active compile tasks:

VM state: not at safepoint (normal execution)

VM Mutex/Monitor currently owned by a thread: None

Heap address: 0x0000000081c00000, size: 2020 MB, Compressed Oops mode: 32-bit

CDS archive(s) mapped at: [0x0000000800000000-0x0000000800bd0000-0x0000000800bd0000), size 12386304, SharedBaseAddress: 0x0000000800000000, ArchiveRelocationMode: 0.
Compressed class space mapped at: 0x0000000801000000-0x0000000841000000, reserved size: 1073741824
Narrow klass base: 0x0000000800000000, Narrow klass shift: 0, Narrow klass range: 0x100000000

GC Precious Log:
 CPUs: 4 total, 4 available
 Memory: 8077M
 Large Page Support: Disabled
 NUMA Support: Disabled
 Compressed Oops: Enabled (32-bit)
 Heap Region Size: 1M
 Heap Min Capacity: 8M
 Heap Initial Capacity: 128M
 Heap Max Capacity: 2020M
 Pre-touch: Disabled
 Parallel Workers: 4
 Concurrent Workers: 1
 Concurrent Refinement Workers: 4
 Periodic GC: Disabled

Heap:
 garbage-first heap   total 20480K, used 4993K [0x0000000081c00000, 0x0000000100000000)
  region size 1024K, 1 young (1024K), 0 survivors (0K)
 Metaspace       used 12949K, committed 13248K, reserved 1114112K
  class space    used 1115K, committed 1280K, reserved 1048576K

Heap Regions: E=young(eden), S=young(survivor), O=old, HS=humongous(starts), HC=humongous(continues), CS=collection set, F=free, OA=open archive, CA=closed archive, TAMS=top-at-mark-start (previous, next)
|   0|0x0000000081c00000, 0x0000000081cffff8, 0x0000000081d00000| 99%| O|  |TAMS 0x0000000081cffff8, 0x0000000081c00000| Untracked 
|   1|0x0000000081d00000, 0x0000000081dffff0, 0x0000000081e00000| 99%| O|  |TAMS 0x0000000081dffff0, 0x0000000081d00000| Untracked 
|   2|0x0000000081e00000, 0x0000000081effd30, 0x0000000081f00000| 99%| O|  |TAMS 0x0000000081e00000, 0x0000000081e00000| Untracked 
|   3|0x0000000081f00000, 0x0000000081fb6058, 0x0000000082000000| 71%| O|  |TAMS 0x0000000081f00000, 0x0000000081f00000| Untracked 
|   4|0x0000000082000000, 0x0000000082000000, 0x0000000082100000|  0%| F|  |TAMS 0x0000000082000000, 0x0000000082000000| Untracked 
|   5|0x0000000082100000, 0x0000000082100000, 0x0000000082200000|  0%| F|  |TAMS 0x0000000082100000, 0x0000000082100000| Untracked 
|   6|0x0000000082200000, 0x0000000082200000, 0x0000000082300000|  0%| F|  |TAMS 0x0000000082200000, 0x0000000082200000| Untracked 
|   7|0x0000000082300000, 0x0000000082300000, 0x0000000082400000|  0%| F|  |TAMS 0x0000000082300000, 0x0000000082300000| Untracked 
|   8|0x0000000082400000, 0x0000000082400000, 0x0000000082500000|  0%| F|  |TAMS 0x0000000082400000, 0x0000000082400000| Untracked 
|   9|0x0000000082500000, 0x0000000082500000, 0x0000000082600000|  0%| F|  |TAMS 0x0000000082500000, 0x0000000082500000| Untracked 
|  10|0x0000000082600000, 0x0000000082600000, 0x0000000082700000|  0%| F|  |TAMS 0x0000000082600000, 0x0000000082600000| Untracked 
|  11|0x0000000082700000, 0x0000000082700000, 0x0000000082800000|  0%| F|  |TAMS 0x0000000082700000, 0x0000000082700000| Untracked 
|  12|0x0000000082800000, 0x0000000082800000, 0x0000000082900000|  0%| F|  |TAMS 0x0000000082800000, 0x0000000082800000| Untracked 
|  13|0x0000000082900000, 0x0000000082900000, 0x0000000082a00000|  0%| F|  |TAMS 0x0000000082900000, 0x0000000082900000| Untracked 
|  14|0x0000000082a00000, 0x0000000082a00000, 0x0000000082b00000|  0%| F|  |TAMS 0x0000000082a00000, 0x0000000082a00000| Untracked 
|  15|0x0000000082b00000, 0x0000000082b00000, 0x0000000082c00000|  0%| F|  |TAMS 0x0000000082b00000, 0x0000000082b00000| Untracked 
|  16|0x0000000082c00000, 0x0000000082c00000, 0x0000000082d00000|  0%| F|  |TAMS 0x0000000082c00000, 0x0000000082c00000| Untracked 
| 108|0x0000000088800000, 0x0000000088900000, 0x0000000088900000|100%| O|  |TAMS 0x0000000088900000, 0x0000000088800000| Untracked 
| 109|0x0000000088900000, 0x0000000088928f70, 0x0000000088a00000| 16%| E|  |TAMS 0x0000000088900000, 0x0000000088900000| Complete 
| 110|0x0000000088a00000, 0x0000000088a2aa50, 0x0000000088b00000| 16%| O|  |TAMS 0x0000000088a00000, 0x0000000088a00000| Untracked 

Card table byte_map: [0x000001a00f620000,0x000001a00fa20000] _byte_map_base: 0x000001a00f212000

Marking Bits (Prev, Next): (CMBitMap*) 0x000001a0755103d0, (CMBitMap*) 0x000001a075510410
 Prev Bits: [0x000001a00fe20000, 0x000001a011db0000)
 Next Bits: [0x000001a011db0000, 0x000001a013d40000)

Polling page: 0x000001a075260000

Metaspace:

Usage:
  Non-class:     11.56 MB used.
      Class:      1.09 MB used.
       Both:     12.65 MB used.

Virtual space:
  Non-class space:       64.00 MB reserved,      11.69 MB ( 18%) committed,  1 nodes.
      Class space:        1.00 GB reserved,       1.25 MB ( <1%) committed,  1 nodes.
             Both:        1.06 GB reserved,      12.94 MB (  1%) committed. 

Chunk freelists:
   Non-Class:  3.72 MB
       Class:  14.79 MB
        Both:  18.51 MB

MaxMetaspaceSize: unlimited
CompressedClassSpaceSize: 1.00 GB
Initial GC threshold: 21.00 MB
Current GC threshold: 21.50 MB
CDS: on
MetaspaceReclaimPolicy: balanced
 - commit_granule_bytes: 65536.
 - commit_granule_words: 8192.
 - virtual_space_node_default_size: 8388608.
 - enlarge_chunks_in_place: 1.
 - new_chunks_are_fully_committed: 0.
 - uncommit_free_chunks: 1.
 - use_allocation_guard: 0.
 - handle_deallocations: 1.


Internal statistics:

num_allocs_failed_limit: 0.
num_arena_births: 212.
num_arena_deaths: 0.
num_vsnodes_births: 2.
num_vsnodes_deaths: 0.
num_space_committed: 207.
num_space_uncommitted: 0.
num_chunks_returned_to_freelist: 0.
num_chunks_taken_from_freelist: 588.
num_chunk_merges: 0.
num_chunk_splits: 400.
num_chunks_enlarged: 281.
num_inconsistent_stats: 0.

CodeHeap 'non-profiled nmethods': size=120000Kb used=616Kb max_used=616Kb free=119383Kb
 bounds [0x000001a007ad0000, 0x000001a007d40000, 0x000001a00f000000]
CodeHeap 'profiled nmethods': size=120000Kb used=3424Kb max_used=3424Kb free=116575Kb
 bounds [0x000001a000000000, 0x000001a000360000, 0x000001a007530000]
CodeHeap 'non-nmethods': size=5760Kb used=1229Kb max_used=1247Kb free=4530Kb
 bounds [0x000001a007530000, 0x000001a0077a0000, 0x000001a007ad0000]
 total_blobs=2377 nmethods=1837 adapters=453
 compilation: enabled
              stopped_count=0, restarted_count=0
 full_count=0

Compilation events (20 events):
Event: 37.234 Thread 0x000001a016320870 1827       3       sun.reflect.annotation.TypeAnnotation$LocationInfo::pushLocation (59 bytes)
Event: 37.235 Thread 0x000001a016320870 nmethod 1827 0x000001a00034fc10 code [0x000001a00034fe00, 0x000001a0003504e8]
Event: 37.235 Thread 0x000001a016320870 1829       3       sun.reflect.annotation.TypeAnnotation$LocationInfo$Location::<init> (15 bytes)
Event: 37.235 Thread 0x000001a016320870 nmethod 1829 0x000001a000350710 code [0x000001a0003508a0, 0x000001a000350a18]
Event: 37.235 Thread 0x000001a016320870 1828       3       java.lang.reflect.Field::getGenericType (20 bytes)
Event: 37.237 Thread 0x000001a016320870 nmethod 1828 0x000001a000350b10 code [0x000001a000350e00, 0x000001a0003522c8]
Event: 37.237 Thread 0x000001a016320870 1830   !   3       java.util.concurrent.ConcurrentHashMap::replaceNode (437 bytes)
Event: 37.240 Thread 0x000001a016320870 nmethod 1830 0x000001a000352910 code [0x000001a000352c60, 0x000001a000354558]
Event: 37.240 Thread 0x000001a016320870 1831       3       jdk.internal.org.objectweb.asm.ClassWriter::<init> (7 bytes)
Event: 37.241 Thread 0x000001a016320870 nmethod 1831 0x000001a000355290 code [0x000001a000355440, 0x000001a000355588]
Event: 37.241 Thread 0x000001a016320870 1832       3       jdk.internal.org.objectweb.asm.ClassWriter::<init> (68 bytes)
Event: 37.241 Thread 0x000001a016320870 nmethod 1832 0x000001a000355610 code [0x000001a0003557e0, 0x000001a000355c88]
Event: 37.267 Thread 0x000001a016320870 1833       3       java.util.HashMap::remove (26 bytes)
Event: 37.267 Thread 0x000001a016320870 nmethod 1833 0x000001a000355e10 code [0x000001a000355fe0, 0x000001a000356358]
Event: 37.268 Thread 0x000001a016320870 1834  s    3       io.qt.internal.NativeUtility$NativeLink::hashCode (26 bytes)
Event: 37.268 Thread 0x000001a016320870 nmethod 1834 0x000001a000356490 code [0x000001a000356620, 0x000001a0003567f8]
Event: 37.268 Thread 0x000001a016320870 1835       3       java.util.HashMap::removeNode (291 bytes)
Event: 37.269 Thread 0x000001a016320870 nmethod 1835 0x000001a000356890 code [0x000001a000356b20, 0x000001a000357e58]
Event: 37.276 Thread 0x000001a01631c960 1836       4       java.lang.Thread::interrupted (23 bytes)
Event: 37.276 Thread 0x000001a01631c960 nmethod 1836 0x000001a007b69a90 code [0x000001a007b69c00, 0x000001a007b69c78]

GC Heap History (8 events):
Event: 1.296 GC heap before
{Heap before GC invocations=0 (full 0):
 garbage-first heap   total 131072K, used 12288K [0x0000000081c00000, 0x0000000100000000)
  region size 1024K, 13 young (13312K), 0 survivors (0K)
 Metaspace       used 5307K, committed 5504K, reserved 1114112K
  class space    used 499K, committed 576K, reserved 1048576K
}
Event: 1.301 GC heap after
{Heap after GC invocations=1 (full 0):
 garbage-first heap   total 131072K, used 1901K [0x0000000081c00000, 0x0000000100000000)
  region size 1024K, 2 young (2048K), 2 survivors (2048K)
 Metaspace       used 5307K, committed 5504K, reserved 1114112K
  class space    used 499K, committed 576K, reserved 1048576K
}
Event: 18.430 GC heap before
{Heap before GC invocations=1 (full 0):
 garbage-first heap   total 131072K, used 18285K [0x0000000081c00000, 0x0000000100000000)
  region size 1024K, 19 young (19456K), 2 survivors (2048K)
 Metaspace       used 10435K, committed 10688K, reserved 1114112K
  class space    used 851K, committed 960K, reserved 1048576K
}
Event: 18.438 GC heap after
{Heap after GC invocations=2 (full 0):
 garbage-first heap   total 131072K, used 3584K [0x0000000081c00000, 0x0000000100000000)
  region size 1024K, 2 young (2048K), 2 survivors (2048K)
 Metaspace       used 10435K, committed 10688K, reserved 1114112K
  class space    used 851K, committed 960K, reserved 1048576K
}
Event: 37.179 GC heap before
{Heap before GC invocations=2 (full 0):
 garbage-first heap   total 131072K, used 15872K [0x0000000081c00000, 0x0000000100000000)
  region size 1024K, 15 young (15360K), 2 survivors (2048K)
 Metaspace       used 12868K, committed 13184K, reserved 1114112K
  class space    used 1109K, committed 1280K, reserved 1048576K
}
Event: 37.199 GC heap after
{Heap after GC invocations=3 (full 1):
 garbage-first heap   total 20480K, used 5049K [0x0000000081c00000, 0x0000000100000000)
  region size 1024K, 0 young (0K), 0 survivors (0K)
 Metaspace       used 12868K, committed 13184K, reserved 1114112K
  class space    used 1109K, committed 1280K, reserved 1048576K
}
Event: 37.243 GC heap before
{Heap before GC invocations=3 (full 1):
 garbage-first heap   total 20480K, used 5049K [0x0000000081c00000, 0x0000000100000000)
  region size 1024K, 1 young (1024K), 0 survivors (0K)
 Metaspace       used 12947K, committed 13248K, reserved 1114112K
  class space    used 1115K, committed 1280K, reserved 1048576K
}
Event: 37.263 GC heap after
{Heap after GC invocations=4 (full 2):
 garbage-first heap   total 20480K, used 4993K [0x0000000081c00000, 0x0000000100000000)
  region size 1024K, 0 young (0K), 0 survivors (0K)
 Metaspace       used 12947K, committed 13248K, reserved 1114112K
  class space    used 1115K, committed 1280K, reserved 1048576K
}

Dll operation events (16 events):
Event: 0.010 Loaded shared library C:\Users\its\.jdks\liberica-17.0.7\bin\java.dll
Event: 0.024 Loaded shared library C:\Users\its\.jdks\liberica-17.0.7\bin\jsvml.dll
Event: 0.106 Loaded shared library C:\Users\its\.jdks\liberica-17.0.7\bin\net.dll
Event: 0.108 Loaded shared library C:\Users\its\.jdks\liberica-17.0.7\bin\nio.dll
Event: 0.115 Loaded shared library C:\Users\its\.jdks\liberica-17.0.7\bin\zip.dll
Event: 0.434 Loaded shared library C:\Users\its\.jdks\liberica-17.0.7\bin\jimage.dll
Event: 0.449 Loaded shared library C:\Users\its\.jdks\liberica-17.0.7\bin\prefs.dll
Event: 0.635 Loaded shared library C:\Windows\System32\icuuc.dll
Event: 0.645 Loaded shared library C:\Qt\6.6.0\msvc2019_64\bin\Qt6Core.dll
Event: 0.818 Loaded shared library C:\Users\its\AppData\Local\Temp\QtJambi6.6.0_8324\bin\QtJambi6.dll
Event: 1.132 Loaded shared library C:\Users\its\AppData\Local\Temp\QtJambi6.6.0_8324\bin\QtJambiCore6.dll
Event: 1.340 Loaded shared library C:\Qt\6.6.0\msvc2019_64\bin\Qt6Gui.dll
Event: 1.508 Loaded shared library C:\Users\its\AppData\Local\Temp\QtJambi6.6.0_8324\bin\QtJambiGui6.dll
Event: 1.530 Loaded shared library C:\Qt\6.6.0\msvc2019_64\bin\Qt6Widgets.dll
Event: 1.739 Loaded shared library C:\Users\its\AppData\Local\Temp\QtJambi6.6.0_8324\bin\QtJambiWidgets6.dll
Event: 19.142 Loaded shared library C:\Users\its\AppData\Local\Temp\sqlite-3.42.0.0-cf3894e8-fa1f-4224-b9f9-0e45f186af97-sqlitejdbc.dll

Deoptimization events (20 events):
Event: 21.003 Thread 0x000001a0754b62c0 Uncommon trap: trap_request=0xffffff45 fr.pc=0x000001a007afe028 relative=0x0000000000000128
Event: 21.003 Thread 0x000001a0754b62c0 Uncommon trap: reason=unstable_if action=reinterpret pc=0x000001a007afe028 method=java.lang.StringCoding.hasNegatives([BII)Z @ 12 c2
Event: 21.003 Thread 0x000001a0754b62c0 DEOPT PACKING pc=0x000001a007afe028 sp=0x00000037e73f8d70
Event: 21.003 Thread 0x000001a0754b62c0 DEOPT UNPACKING pc=0x000001a0075869a3 sp=0x00000037e73f8d00 mode 2
Event: 21.049 Thread 0x000001a0754b62c0 DEOPT PACKING pc=0x000001a00031f2d6 sp=0x00000037e73f8b70
Event: 21.049 Thread 0x000001a0754b62c0 DEOPT UNPACKING pc=0x000001a007587143 sp=0x00000037e73f8010 mode 0
Event: 23.164 Thread 0x000001a0754b62c0 Uncommon trap: trap_request=0xffffff45 fr.pc=0x000001a007b64ebc relative=0x000000000000011c
Event: 23.164 Thread 0x000001a0754b62c0 Uncommon trap: reason=unstable_if action=reinterpret pc=0x000001a007b64ebc method=java.util.regex.Pattern$SliceI.match(Ljava/util/regex/Matcher;ILjava/lang/CharSequence;)Z @ 18 c2
Event: 23.164 Thread 0x000001a0754b62c0 DEOPT PACKING pc=0x000001a007b64ebc sp=0x00000037e73f8070
Event: 23.164 Thread 0x000001a0754b62c0 DEOPT UNPACKING pc=0x000001a0075869a3 sp=0x00000037e73f7ff8 mode 2
Event: 23.165 Thread 0x000001a0754b62c0 Uncommon trap: trap_request=0xffffff45 fr.pc=0x000001a007b10570 relative=0x00000000000005d0
Event: 23.165 Thread 0x000001a0754b62c0 Uncommon trap: reason=unstable_if action=reinterpret pc=0x000001a007b10570 method=java.lang.AbstractStringBuilder.append(Ljava/lang/String;)Ljava/lang/AbstractStringBuilder; @ 1 c2
Event: 23.165 Thread 0x000001a0754b62c0 DEOPT PACKING pc=0x000001a007b10570 sp=0x00000037e73f82e0
Event: 23.165 Thread 0x000001a0754b62c0 DEOPT UNPACKING pc=0x000001a0075869a3 sp=0x00000037e73f8270 mode 2
Event: 25.434 Thread 0x000001a0754b62c0 DEOPT PACKING pc=0x000001a00031f2d6 sp=0x00000037e73f8e00
Event: 25.434 Thread 0x000001a0754b62c0 DEOPT UNPACKING pc=0x000001a007587143 sp=0x00000037e73f8288 mode 0
Event: 25.441 Thread 0x000001a0754b62c0 Uncommon trap: trap_request=0xffffff45 fr.pc=0x000001a007b43254 relative=0x0000000000000db4
Event: 25.441 Thread 0x000001a0754b62c0 Uncommon trap: reason=unstable_if action=reinterpret pc=0x000001a007b43254 method=java.util.concurrent.ConcurrentHashMap.putVal(Ljava/lang/Object;Ljava/lang/Object;Z)Ljava/lang/Object; @ 401 c2
Event: 25.441 Thread 0x000001a0754b62c0 DEOPT PACKING pc=0x000001a007b43254 sp=0x00000037e73f8d80
Event: 25.441 Thread 0x000001a0754b62c0 DEOPT UNPACKING pc=0x000001a0075869a3 sp=0x00000037e73f8d20 mode 2

Classes unloaded (0 events):
No events

Classes redefined (0 events):
No events

Internal exceptions (20 events):
Event: 2.043 Thread 0x000001a0754b62c0 Exception <a 'java/lang/NoSuchMethodError'{0x000000008930a5e0}: 'java.lang.Object java.lang.invoke.DirectMethodHandle$Holder.invokeInterface(java.lang.Object, java.lang.Object)'> (0x000000008930a5e0) 
thrown [s\src\hotspot\share\interpreter\linkResolver.cpp, line 759]
Event: 2.043 Thread 0x000001a0754b62c0 Exception <a 'java/lang/IncompatibleClassChangeError'{0x000000008930db30}: Found class java.lang.Object, but interface was expected> (0x000000008930db30) 
thrown [s\src\hotspot\share\interpreter\linkResolver.cpp, line 826]
Event: 14.217 Thread 0x000001a0754b62c0 Exception <a 'java/lang/NoSuchMethodError'{0x0000000088f156b0}: 'java.lang.Object java.lang.invoke.DirectMethodHandle$Holder.newInvokeSpecial(java.lang.Object, java.lang.Object, java.lang.Object, java.lang.Object, java.lang.Object, java.lang.Object, java.lang.Object, java.lang.Object, java.lang.Object, java.lang.Object, java.lang.Object)'> (0x0000000088f156b0) 
thrown [s\src\hotspot\share\interpreter\linkResolver.cpp, line 759]
Event: 14.217 Thread 0x000001a0754b62c0 Exception <a 'java/lang/NoSuchMethodError'{0x0000000088f1a598}: 'java.lang.Object java.lang.invoke.DirectMethodHandle$Holder.invokeSpecial(java.lang.Object, java.lang.Object, java.lang.Object, java.lang.Object, java.lang.Object, java.lang.Object, java.lang.Object, java.lang.Object, java.lang.Object, java.lang.Object, java.lang.Object, java.lang.Object)'> (0x0000000088f1a598) 
thrown [s\src\hotspot\share\interpreter\linkResolver.cpp, line 759]
Event: 14.218 Thread 0x000001a0754b62c0 Exception <a 'java/lang/NoSuchMethodError'{0x0000000088f1ec40}: 'java.lang.Object java.lang.invoke.Invokers$Holder.linkToTargetMethod(java.lang.Object, java.lang.Object, java.lang.Object, java.lang.Object, java.lang.Object, java.lang.Object, java.lang.Object, java.lang.Object, java.lang.Object, java.lang.Object, java.lang.Object)'> (0x0000000088f1ec40) 
thrown [s\src\hotspot\share\interpreter\linkResolver.cpp, line 759]
Event: 17.313 Thread 0x000001a0754b62c0 Exception <a 'java/lang/NoSuchMethodError'{0x0000000088fa2568}: 'java.lang.Object java.lang.invoke.Invokers$Holder.invoke_MT(java.lang.Object, java.lang.Object, java.lang.Object)'> (0x0000000088fa2568) 
thrown [s\src\hotspot\share\interpreter\linkResolver.cpp, line 759]
Event: 18.279 Thread 0x000001a0754b62c0 Exception <a 'java/lang/NoSuchMethodError'{0x0000000088c819f8}: Lapp/backend/entities/DataTable;.<init>()V> (0x0000000088c819f8) 
thrown [s\src\hotspot\share\prims\jni.cpp, line 1107]
Event: 18.279 Thread 0x000001a0754b62c0 Exception <a 'java/lang/NoSuchMethodError'{0x0000000088c81cf8}: clone> (0x0000000088c81cf8) 
thrown [s\src\hotspot\share\prims\jni.cpp, line 1073]
Event: 18.374 Thread 0x000001a0754b62c0 Exception <a 'java/lang/NoSuchMethodError'{0x0000000088a78a20}: Lapp/backend/table/Table;.<init>()V> (0x0000000088a78a20) 
thrown [s\src\hotspot\share\prims\jni.cpp, line 1107]
Event: 18.374 Thread 0x000001a0754b62c0 Exception <a 'java/lang/NoSuchMethodError'{0x0000000088a78d58}: Lapp/backend/table/Table;.clone()Lapp/backend/table/Table;> (0x0000000088a78d58) 
thrown [s\src\hotspot\share\prims\jni.cpp, line 1107]
Event: 18.790 Thread 0x000001a0754b62c0 Exception <a 'java/lang/NoSuchMethodError'{0x00000000894791d8}: 'java.lang.Object java.lang.invoke.DirectMethodHandle$Holder.invokeStaticInit(java.lang.Object, int, int, int, int)'> (0x00000000894791d8) 
thrown [s\src\hotspot\share\interpreter\linkResolver.cpp, line 759]
Event: 18.875 Thread 0x000001a0754b62c0 Exception <a 'java/lang/NoSuchMethodError'{0x0000000089301180}: 'java.lang.Object java.lang.invoke.DirectMethodHandle$Holder.invokeStaticInit(java.lang.Object, java.lang.Object, int, int, int, int)'> (0x0000000089301180) 
thrown [s\src\hotspot\share\interpreter\linkResolver.cpp, line 759]
Event: 18.880 Thread 0x000001a0754b62c0 Exception <a 'sun/nio/fs/WindowsException'{0x00000000893119d0}> (0x00000000893119d0) 
thrown [s\src\hotspot\share\prims\jni.cpp, line 516]
Event: 18.880 Thread 0x000001a0754b62c0 Exception <a 'sun/nio/fs/WindowsException'{0x0000000089311d70}> (0x0000000089311d70) 
thrown [s\src\hotspot\share\prims\jni.cpp, line 516]
Event: 18.883 Thread 0x000001a0754b62c0 Exception <a 'sun/nio/fs/WindowsException'{0x00000000893128f0}> (0x00000000893128f0) 
thrown [s\src\hotspot\share\prims\jni.cpp, line 516]
Event: 19.183 Thread 0x000001a0754b62c0 Exception <a 'java/lang/NoSuchMethodError'{0x00000000893c0ba8}: 'void java.lang.invoke.Invokers$Holder.invoke_MT(java.lang.Object, java.lang.Object, java.lang.Object, java.lang.Object)'> (0x00000000893c0ba8) 
thrown [s\src\hotspot\share\interpreter\linkResolver.cpp, line 759]
Event: 19.205 Thread 0x000001a0754b62c0 Exception <a 'java/lang/NoSuchMethodError'{0x00000000892411a8}: 'java.lang.Object java.lang.invoke.DirectMethodHandle$Holder.invokeSpecial(java.lang.Object, java.lang.Object, int, java.lang.Object, long)'> (0x00000000892411a8) 
thrown [s\src\hotspot\share\interpreter\linkResolver.cpp, line 759]
Event: 19.206 Thread 0x000001a0754b62c0 Exception <a 'java/lang/NoSuchMethodError'{0x0000000089247ae8}: 'java.lang.Object java.lang.invoke.DirectMethodHandle$Holder.newInvokeSpecial(java.lang.Object, java.lang.Object, int)'> (0x0000000089247ae8) 
thrown [s\src\hotspot\share\interpreter\linkResolver.cpp, line 759]
Event: 21.020 Thread 0x000001a0754b62c0 Exception <a 'java/lang/NoSuchMethodError'{0x00000000891aaa10}: 'java.lang.Object java.lang.invoke.DirectMethodHandle$Holder.invokeSpecial(java.lang.Object, java.lang.Object, int, long)'> (0x00000000891aaa10) 
thrown [s\src\hotspot\share\interpreter\linkResolver.cpp, line 759]
Event: 23.165 Thread 0x000001a0754b62c0 Implicit null exception at 0x000001a007b0ffd5 to 0x000001a007b1055c

VM Operations (20 events):
Event: 18.722 Executing VM operation: HandshakeAllThreads
Event: 18.722 Executing VM operation: HandshakeAllThreads done
Event: 18.770 Executing VM operation: HandshakeAllThreads
Event: 18.770 Executing VM operation: HandshakeAllThreads done
Event: 18.773 Executing VM operation: HandshakeAllThreads
Event: 18.773 Executing VM operation: HandshakeAllThreads done
Event: 18.808 Executing VM operation: HandshakeAllThreads
Event: 18.808 Executing VM operation: HandshakeAllThreads done
Event: 19.808 Executing VM operation: Cleanup
Event: 19.808 Executing VM operation: Cleanup done
Event: 21.809 Executing VM operation: Cleanup
Event: 21.809 Executing VM operation: Cleanup done
Event: 23.809 Executing VM operation: Cleanup
Event: 23.810 Executing VM operation: Cleanup done
Event: 25.810 Executing VM operation: Cleanup
Event: 25.810 Executing VM operation: Cleanup done
Event: 37.179 Executing VM operation: G1CollectFull
Event: 37.199 Executing VM operation: G1CollectFull done
Event: 37.242 Executing VM operation: G1CollectFull
Event: 37.264 Executing VM operation: G1CollectFull done

Events (20 events):
Event: 19.211 loading class java/util/stream/Nodes$EmptyNode$OfInt
Event: 19.211 loading class java/util/stream/Node$OfInt
Event: 19.211 loading class java/util/stream/Node$OfPrimitive
Event: 19.211 loading class java/util/stream/Node$OfPrimitive done
Event: 19.211 loading class java/util/stream/Node$OfInt done
Event: 19.211 loading class java/util/stream/Nodes$EmptyNode$OfInt done
Event: 19.211 loading class java/util/stream/Nodes$EmptyNode$OfLong
Event: 19.211 loading class java/util/stream/Node$OfLong
Event: 19.212 loading class java/util/stream/Node$OfLong done
Event: 19.212 loading class java/util/stream/Nodes$EmptyNode$OfLong done
Event: 19.212 loading class java/util/stream/Nodes$EmptyNode$OfDouble
Event: 19.212 loading class java/util/stream/Node$OfDouble
Event: 19.212 loading class java/util/stream/Node$OfDouble done
Event: 19.212 loading class java/util/stream/Nodes$EmptyNode$OfDouble done
Event: 19.212 loading class java/util/stream/Nodes$FixedNodeBuilder
Event: 19.212 loading class java/util/stream/Node$Builder
Event: 19.212 loading class java/util/stream/Node$Builder done
Event: 19.212 loading class java/util/stream/Nodes$ArrayNode
Event: 19.212 loading class java/util/stream/Nodes$ArrayNode done
Event: 19.212 loading class java/util/stream/Nodes$FixedNodeBuilder done


Dynamic libraries:
0x00007ff7545d0000 - 0x00007ff7545dd000 	C:\Users\its\.jdks\liberica-17.0.7\bin\java.exe
0x00007ff8eefe0000 - 0x00007ff8ef1d0000 	C:\Windows\SYSTEM32\ntdll.dll
0x00007ff8edfa0000 - 0x00007ff8ee052000 	C:\Windows\System32\KERNEL32.DLL
0x00007ff8ecb30000 - 0x00007ff8ecdd5000 	C:\Windows\System32\KERNELBASE.dll
0x00007ff8ec930000 - 0x00007ff8eca2a000 	C:\Windows\System32\ucrtbase.dll
0x00007ff8e4710000 - 0x00007ff8e4727000 	C:\Users\its\.jdks\liberica-17.0.7\bin\jli.dll
0x00007ff8e55a0000 - 0x00007ff8e55b5000 	C:\Users\its\.jdks\liberica-17.0.7\bin\VCRUNTIME140.dll
0x00007ff8ed6a0000 - 0x00007ff8ed834000 	C:\Windows\System32\USER32.dll
0x00007ff8eca30000 - 0x00007ff8eca51000 	C:\Windows\System32\win32u.dll
0x00007ff8ed9f0000 - 0x00007ff8eda16000 	C:\Windows\System32\GDI32.dll
0x00007ff8d9b90000 - 0x00007ff8d9e14000 	C:\Windows\WinSxS\amd64_microsoft.windows.common-controls_6595b64144ccf1df_6.0.18362.1256_none_9e7e379be45e40e2\COMCTL32.dll
0x00007ff8ebf50000 - 0x00007ff8ec0e6000 	C:\Windows\System32\gdi32full.dll
0x00007ff8ed260000 - 0x00007ff8ed2fe000 	C:\Windows\System32\msvcrt.dll
0x00007ff8edc00000 - 0x00007ff8edf36000 	C:\Windows\System32\combase.dll
0x00007ff8ecff0000 - 0x00007ff8ed08e000 	C:\Windows\System32\msvcp_win.dll
0x00007ff8eda20000 - 0x00007ff8edb40000 	C:\Windows\System32\RPCRT4.dll
0x00007ff8ecf60000 - 0x00007ff8ecfe1000 	C:\Windows\System32\bcryptPrimitives.dll
0x00007ff8ed440000 - 0x00007ff8ed46e000 	C:\Windows\System32\IMM32.DLL
0x00007ff8dc650000 - 0x00007ff8dc6eb000 	C:\Users\its\.jdks\liberica-17.0.7\bin\msvcp140.dll
0x00007ff8a5320000 - 0x00007ff8a5f42000 	C:\Users\its\.jdks\liberica-17.0.7\bin\server\jvm.dll
0x00007ff8eeef0000 - 0x00007ff8eef93000 	C:\Windows\System32\ADVAPI32.dll
0x00007ff8ed0f0000 - 0x00007ff8ed187000 	C:\Windows\System32\sechost.dll
0x00007ff8dcee0000 - 0x00007ff8dcee9000 	C:\Windows\SYSTEM32\WSOCK32.dll
0x00007ff8ed630000 - 0x00007ff8ed69f000 	C:\Windows\System32\WS2_32.dll
0x00007ff8e98b0000 - 0x00007ff8e98d4000 	C:\Windows\SYSTEM32\WINMM.dll
0x00007ff8dfc80000 - 0x00007ff8dfc8a000 	C:\Windows\SYSTEM32\VERSION.dll
0x00007ff8e9880000 - 0x00007ff8e98ad000 	C:\Windows\SYSTEM32\WINMMBASE.dll
0x00007ff8ec8e0000 - 0x00007ff8ec92a000 	C:\Windows\System32\cfgmgr32.dll
0x00007ff8ebee0000 - 0x00007ff8ebef1000 	C:\Windows\System32\kernel.appcore.dll
0x00007ff8e5460000 - 0x00007ff8e546a000 	C:\Users\its\.jdks\liberica-17.0.7\bin\jimage.dll
0x00007ff8ea600000 - 0x00007ff8ea7f4000 	C:\Windows\SYSTEM32\DBGHELP.DLL
0x00007ff8dac40000 - 0x00007ff8dac6a000 	C:\Windows\SYSTEM32\dbgcore.DLL
0x00007ff8def40000 - 0x00007ff8def65000 	C:\Users\its\.jdks\liberica-17.0.7\bin\java.dll
0x00007ff8d7380000 - 0x00007ff8d7456000 	C:\Users\its\.jdks\liberica-17.0.7\bin\jsvml.dll
0x00007ff8ee230000 - 0x00007ff8ee917000 	C:\Windows\System32\SHELL32.dll
0x00007ff8edb50000 - 0x00007ff8edbf9000 	C:\Windows\System32\shcore.dll
0x00007ff8ec150000 - 0x00007ff8ec8d1000 	C:\Windows\System32\windows.storage.dll
0x00007ff8ebe90000 - 0x00007ff8ebeb3000 	C:\Windows\System32\profapi.dll
0x00007ff8ebf00000 - 0x00007ff8ebf4a000 	C:\Windows\System32\powrprof.dll
0x00007ff8ebe80000 - 0x00007ff8ebe90000 	C:\Windows\System32\UMPDC.dll
0x00007ff8ed300000 - 0x00007ff8ed352000 	C:\Windows\System32\shlwapi.dll
0x00007ff8eca60000 - 0x00007ff8eca77000 	C:\Windows\System32\cryptsp.dll
0x00007ff8de4b0000 - 0x00007ff8de4c9000 	C:\Users\its\.jdks\liberica-17.0.7\bin\net.dll
0x00007ff8de360000 - 0x00007ff8de450000 	C:\Windows\SYSTEM32\WINHTTP.dll
0x00007ff8eb670000 - 0x00007ff8eb6d7000 	C:\Windows\system32\mswsock.dll
0x00007ff8dc630000 - 0x00007ff8dc645000 	C:\Users\its\.jdks\liberica-17.0.7\bin\nio.dll
0x00007ff8dc610000 - 0x00007ff8dc628000 	C:\Users\its\.jdks\liberica-17.0.7\bin\zip.dll
0x00007ff8e7da0000 - 0x00007ff8e7da9000 	C:\Users\its\.jdks\liberica-17.0.7\bin\prefs.dll
0x000001a0168a0000 - 0x000001a0168a9000 	C:\Windows\System32\icuuc.dll
0x00007ff89c670000 - 0x00007ff89cc77000 	C:\Qt\6.6.0\msvc2019_64\bin\Qt6Core.dll
0x00007ff8ee920000 - 0x00007ff8eea77000 	C:\Windows\System32\ole32.dll
0x00007ff8ed370000 - 0x00007ff8ed435000 	C:\Windows\System32\OLEAUT32.dll
0x00007ff8dc890000 - 0x00007ff8dc8ab000 	C:\Windows\SYSTEM32\MPR.dll
0x00007ff8ebda0000 - 0x00007ff8ebdc5000 	C:\Windows\SYSTEM32\USERENV.dll
0x00007ff8eaf60000 - 0x00007ff8eafaa000 	C:\Windows\SYSTEM32\AUTHZ.dll
0x00007ff8d74e0000 - 0x00007ff8d74f7000 	C:\Windows\SYSTEM32\NETAPI32.dll
0x00007ff8e7ce0000 - 0x00007ff8e7ce9000 	C:\Users\its\.jdks\liberica-17.0.7\bin\MSVCP140_1.dll
0x00007ff8e9970000 - 0x00007ff8e997c000 	C:\Windows\SYSTEM32\VCRUNTIME140_1.dll
0x00007ff8eb840000 - 0x00007ff8eb84c000 	C:\Windows\SYSTEM32\CRYPTBASE.DLL
0x00007ff8d74b0000 - 0x00007ff8d74d6000 	C:\Windows\SYSTEM32\SRVCLI.DLL
0x00007ff8eb490000 - 0x00007ff8eb49c000 	C:\Windows\SYSTEM32\NETUTILS.DLL
0x00007ff89c1e0000 - 0x00007ff89c66e000 	C:\Users\its\AppData\Local\Temp\QtJambi6.6.0_8324\bin\QtJambi6.dll
0x00007ff883bb0000 - 0x00007ff884e1b000 	C:\Users\its\AppData\Local\Temp\QtJambi6.6.0_8324\bin\QtJambiCore6.dll
0x00007ff89b950000 - 0x00007ff89c1df000 	C:\Qt\6.6.0\msvc2019_64\bin\Qt6Gui.dll
0x00007ff8e8730000 - 0x00007ff8e898b000 	C:\Windows\SYSTEM32\d3d11.dll
0x00007ff8eab50000 - 0x00007ff8eac3b000 	C:\Windows\SYSTEM32\dxgi.dll
0x00007ff8df3c0000 - 0x00007ff8df6be000 	C:\Windows\SYSTEM32\DWrite.dll
0x00007ff8c0050000 - 0x00007ff8c0222000 	C:\Windows\SYSTEM32\d3d12.dll
0x00007ff8de610000 - 0x00007ff8de642000 	C:\Users\its\.jdks\liberica-17.0.7\bin\MSVCP140_2.dll
0x00007ff8eaac0000 - 0x00007ff8eaae0000 	C:\Windows\SYSTEM32\dxcore.dll
0x00007ff883610000 - 0x00007ff883ba2000 	C:\Users\its\AppData\Local\Temp\QtJambi6.6.0_8324\bin\QtJambiGui6.dll
0x00007ff882fe0000 - 0x00007ff88360a000 	C:\Qt\6.6.0\msvc2019_64\bin\Qt6Widgets.dll
0x00007ff8e9be0000 - 0x00007ff8e9c79000 	C:\Windows\SYSTEM32\UxTheme.dll
0x00007ff8ea080000 - 0x00007ff8ea0ad000 	C:\Windows\SYSTEM32\dwmapi.dll
0x00007ff8826e0000 - 0x00007ff882fd4000 	C:\Users\its\AppData\Local\Temp\QtJambi6.6.0_8324\bin\QtJambiWidgets6.dll
0x00007ff8c4d10000 - 0x00007ff8c4dee000 	C:\Qt\6.6.0\msvc2019_64\plugins\platforms\qwindows.dll
0x00007ff8eea80000 - 0x00007ff8eeef0000 	C:\Windows\System32\SETUPAPI.dll
0x00007ff8ecf30000 - 0x00007ff8ecf56000 	C:\Windows\System32\bcrypt.dll
0x00007ff8ed190000 - 0x00007ff8ed260000 	C:\Windows\System32\COMDLG32.dll
0x00007ff8ea800000 - 0x00007ff8ea813000 	C:\Windows\SYSTEM32\WTSAPI32.dll
0x00007ff8bf030000 - 0x00007ff8bf1f7000 	C:\Windows\SYSTEM32\d3d9.dll
0x00007ff8ed4f0000 - 0x00007ff8ed625000 	C:\Windows\System32\MSCTF.dll
0x00007ff8ebc70000 - 0x00007ff8ebc9a000 	C:\Windows\SYSTEM32\DEVOBJ.dll
0x00007ff8ed840000 - 0x00007ff8ed8e2000 	C:\Windows\System32\clbcatq.dll
0x00007ff8e1950000 - 0x00007ff8e1aa1000 	C:\Windows\System32\Windows.UI.dll
0x00007ff8e18b0000 - 0x00007ff8e194e000 	C:\Windows\System32\TextInputFramework.dll
0x00007ff8e1790000 - 0x00007ff8e18ab000 	C:\Windows\System32\InputHost.dll
0x00007ff8e9650000 - 0x00007ff8e9724000 	C:\Windows\System32\CoreMessaging.dll
0x00007ff8e76b0000 - 0x00007ff8e79da000 	C:\Windows\System32\CoreUIComponents.dll
0x00007ff8ea330000 - 0x00007ff8ea420000 	C:\Windows\System32\PROPSYS.dll
0x00007ff8e7550000 - 0x00007ff8e76a3000 	C:\Windows\SYSTEM32\wintypes.dll
0x00007ff8eaec0000 - 0x00007ff8eaef1000 	C:\Windows\SYSTEM32\ntmarta.dll
0x00007ff8dfcb0000 - 0x00007ff8dfdc2000 	C:\Windows\System32\Windows.UI.Immersive.dll
0x00007ff8de200000 - 0x00007ff8de225000 	C:\Qt\6.6.0\msvc2019_64\plugins\styles\qwindowsvistastyle.dll
0x00007ff8e7cd0000 - 0x00007ff8e7cde000 	C:\Qt\6.6.0\msvc2019_64\plugins\imageformats\qgif.dll
0x00007ff8e5750000 - 0x00007ff8e5760000 	C:\Qt\6.6.0\msvc2019_64\plugins\imageformats\qicns.dll
0x00007ff8e1ca0000 - 0x00007ff8e1cae000 	C:\Qt\6.6.0\msvc2019_64\plugins\imageformats\qico.dll
0x00007ff8dab00000 - 0x00007ff8dab9c000 	C:\Qt\6.6.0\msvc2019_64\plugins\imageformats\qjpeg.dll
0x00007ff8e1c90000 - 0x00007ff8e1c9d000 	C:\Qt\6.6.0\msvc2019_64\plugins\imageformats\qpdf.dll
0x00007ff882190000 - 0x00007ff8826da000 	C:\Qt\6.6.0\msvc2019_64\bin\Qt6Pdf.dll
0x00007ff8beeb0000 - 0x00007ff8bf023000 	C:\Qt\6.6.0\msvc2019_64\bin\Qt6Network.dll
0x00007ff8eb380000 - 0x00007ff8eb3ba000 	C:\Windows\SYSTEM32\IPHLPAPI.DLL
0x00007ff8eb3c0000 - 0x00007ff8eb48b000 	C:\Windows\SYSTEM32\DNSAPI.dll
0x00007ff8ed4e0000 - 0x00007ff8ed4e8000 	C:\Windows\System32\NSI.dll
0x00007ff8dce70000 - 0x00007ff8dce7c000 	C:\Windows\SYSTEM32\Secur32.dll
0x00007ff8ebd60000 - 0x00007ff8ebd97000 	C:\Windows\SYSTEM32\SSPICLI.DLL
0x00007ff8e1c70000 - 0x00007ff8e1c7c000 	C:\Qt\6.6.0\msvc2019_64\plugins\imageformats\qsvg.dll
0x00007ff8cf7f0000 - 0x00007ff8cf84f000 	C:\Qt\6.6.0\msvc2019_64\bin\Qt6Svg.dll
0x00007ff8de1f0000 - 0x00007ff8de1fc000 	C:\Qt\6.6.0\msvc2019_64\plugins\imageformats\qtga.dll
0x00007ff8cf780000 - 0x00007ff8cf7ea000 	C:\Qt\6.6.0\msvc2019_64\plugins\imageformats\qtiff.dll
0x00007ff8de0d0000 - 0x00007ff8de0dc000 	C:\Qt\6.6.0\msvc2019_64\plugins\imageformats\qwbmp.dll
0x00007ff8bee20000 - 0x00007ff8beea8000 	C:\Qt\6.6.0\msvc2019_64\plugins\imageformats\qwebp.dll
0x00007ff8d0af0000 - 0x00007ff8d0b2a000 	C:\Windows\system32\dataexchange.dll
0x00007ff8e8df0000 - 0x00007ff8e8fcd000 	C:\Windows\system32\dcomp.dll
0x00007ff8e9cb0000 - 0x00007ff8e9f12000 	C:\Windows\system32\twinapi.appcore.dll
0x00007ff8ea190000 - 0x00007ff8ea1b9000 	C:\Windows\system32\RMCLIENT.dll
0x00007ff8dfe00000 - 0x00007ff8e00a7000 	C:\Windows\System32\iertutil.dll
0x00007ff8cfa50000 - 0x00007ff8cfc56000 	C:\Windows\system32\explorerframe.dll
0x00007ff8c4ac0000 - 0x00007ff8c4c73000 	C:\Windows\SYSTEM32\DUI70.dll
0x00007ff8de150000 - 0x00007ff8de1e3000 	C:\Windows\SYSTEM32\DUser.dll
0x00007ff8cea30000 - 0x00007ff8cea53000 	C:\Windows\SYSTEM32\edputil.dll
0x00007ff8e72d0000 - 0x00007ff8e747f000 	C:\Windows\SYSTEM32\WindowsCodecs.dll
0x00007ff8cea60000 - 0x00007ff8ceabe000 	C:\Windows\System32\thumbcache.dll
0x00007ff8e4530000 - 0x00007ff8e45b9000 	C:\Windows\SYSTEM32\policymanager.dll
0x00007ff8e8010000 - 0x00007ff8e809a000 	C:\Windows\SYSTEM32\msvcp110_win.dll
0x00007ff8ded80000 - 0x00007ff8def39000 	C:\Windows\System32\Windows.Globalization.dll
0x00007ff8e1500000 - 0x00007ff8e1530000 	C:\Windows\System32\bcp47mrm.dll
0x00007ff8e1d10000 - 0x00007ff8e1d6d000 	C:\Windows\System32\Bcp47Langs.dll

dbghelp: loaded successfully - version: 4.0.5 - missing functions: none
symbol engine: initialized successfully - sym options: 0x614 - pdb path: .;C:\Users\its\.jdks\liberica-17.0.7\bin;C:\Windows\SYSTEM32;C:\Windows\WinSxS\amd64_microsoft.windows.common-controls_6595b64144ccf1df_6.0.18362.1256_none_9e7e379be45e40e2;C:\Users\its\.jdks\liberica-17.0.7\bin\server;C:\Qt\6.6.0\msvc2019_64\bin;C:\Users\its\AppData\Local\Temp\QtJambi6.6.0_8324\bin;C:\Qt\6.6.0\msvc2019_64\plugins\platforms;C:\Qt\6.6.0\msvc2019_64\plugins\styles;C:\Qt\6.6.0\msvc2019_64\plugins\imageformats;C:\Windows\WinSxS\amd64_microsoft.windows.gdiplus_6595b64144ccf1df_1.1.18362.1256_none_cf692a813ef0bab0;C:\PROGRA~1\MICROS~1\Office16;C:\PROGRA~1\MICROS~1\Office16\1049;C:\Program Files\Common Files\Autodesk Shared;C:\Users\its\AppData\Local\Temp

VM Arguments:
jvm_args: -Djava.library.path=C:\Qt\6.6.0\msvc2019_64\bin -Dfile.encoding=windows-1251 -Duser.country=RU -Duser.language=ru -Duser.variant 
java_command: Main
java_class_path (initial): C:\Users\its\Desktop\software\UI\DBBrowser\build\classes\java\main;C:\Users\its\Desktop\software\UI\DBBrowser\build\resources\main;C:\Users\its\Desktop\software\UI\DBBrowser\build\libs\qtjambi-native-windows-x64-6.6.0.jar;C:\Users\its\.gradle\caches\modules-2\files-2.1\io.qtjambi\qtjambi\6.6.0\122bd017d9f98685b5632c0c0a7c677df68db02e\qtjambi-6.6.0.jar;C:\Users\its\.gradle\caches\modules-2\files-2.1\org.postgresql\postgresql\42.6.0\7614cfce466145b84972781ab0079b8dea49e363\postgresql-42.6.0.jar;C:\Users\its\.gradle\caches\modules-2\files-2.1\org.xerial\sqlite-jdbc\3.42.0.0\a4c84376df810062d20c84777b84ec077b5ecdab\sqlite-jdbc-3.42.0.0.jar;C:\Users\its\.gradle\caches\modules-2\files-2.1\org.checkerframework\checker-qual\3.31.0\eeefd4af42e2f4221d145c1791582f91868f99ab\checker-qual-3.31.0.jar
Launcher Type: SUN_STANDARD

[Global flags]
     intx CICompilerCount                          = 3                                         {product} {ergonomic}
     uint ConcGCThreads                            = 1                                         {product} {ergonomic}
     uint G1ConcRefinementThreads                  = 4                                         {product} {ergonomic}
   size_t G1HeapRegionSize                         = 1048576                                   {product} {ergonomic}
    uintx GCDrainStackTargetSize                   = 64                                        {product} {ergonomic}
   size_t InitialHeapSize                          = 134217728                                 {product} {ergonomic}
   size_t MarkStackSize                            = 4194304                                   {product} {ergonomic}
   size_t MaxHeapSize                              = 2118123520                                {product} {ergonomic}
   size_t MaxNewSize                               = 1270874112                                {product} {ergonomic}
   size_t MinHeapDeltaBytes                        = 1048576                                   {product} {ergonomic}
   size_t MinHeapSize                              = 8388608                                   {product} {ergonomic}
    uintx NonNMethodCodeHeapSize                   = 5832780                                {pd product} {ergonomic}
    uintx NonProfiledCodeHeapSize                  = 122912730                              {pd product} {ergonomic}
    uintx ProfiledCodeHeapSize                     = 122912730                              {pd product} {ergonomic}
    uintx ReservedCodeCacheSize                    = 251658240                              {pd product} {ergonomic}
     bool SegmentedCodeCache                       = true                                      {product} {ergonomic}
   size_t SoftMaxHeapSize                          = 2118123520                             {manageable} {ergonomic}
     bool UseCompressedClassPointers               = true                           {product lp64_product} {ergonomic}
     bool UseCompressedOops                        = true                           {product lp64_product} {ergonomic}
     bool UseG1GC                                  = true                                      {product} {ergonomic}
     bool UseLargePagesIndividualAllocation        = false                                  {pd product} {ergonomic}

Logging:
Log output configuration:
 #0: stdout all=warning uptime,level,tags
 #1: stderr all=off uptime,level,tags

Environment Variables:
JAVA_HOME=C:\Users\its\.jdks\corretto-1.8.0_382
PATH=C:\Qt\6.6.0\msvc2019_64\bin;C:\Users\its\AppData\Local\Temp\QtJambi6.6.0_8324\bin;C:\Program Files\Common Files\Oracle\Java\javapath;C:\Program Files (x86)\Common Files\Oracle\Java\javapath;C:\Python311\Scripts\;C:\Python311\;C:\Windows\system32;C:\Windows;C:\Windows\System32\Wbem;C:\Windows\System32\WindowsPowerShell\v1.0\;C:\Windows\System32\OpenSSH\;C:\ProgramData\chocolatey\bin;C:\Program Files\Git\cmd;C:\Program Files\PuTTY\;C:\Program Files\nodejs\;C:\HaxeToolkit\haxe;C:\HaxeToolkit\neko;C:\Users\its\AppData\Roaming\local\bin;C:\Users\its\AppData\Local\Microsoft\WindowsApps;C:\Users\its\AppData\Local\Programs\Microsoft VS Code\bin;C:\Users\its\AppData\Roaming\cabal\bin;C:\tools\ghc-9.2.1\bin;C:\tools\msys64;C:\Program Files\JetBrains\IntelliJ IDEA Community Edition 2022.2.1\bin;;C:\Users\its\.jdks\corretto-16.0.2\bin;C:\Program Files\swipl\bin;C:\Strawberry\c\bin\spin;C:\Strawberry\c\bin\;C:\ActiveTcl\bin\;C:\Program Files\JetBrains\WebStorm 2022.3.3\bin;C:\Users\its\AppData\Roaming\npm;C:\Program Files\Java\jdk-17\bin
USERNAME=its
OS=Windows_NT
PROCESSOR_IDENTIFIER=Intel64 Family 6 Model 58 Stepping 9, GenuineIntel
TMP=C:\Users\its\AppData\Local\Temp
TEMP=C:\Users\its\AppData\Local\Temp



---------------  S Y S T E M  ---------------

OS:
 Windows 10 , 64 bit Build 18362 (10.0.18362.1110)
OS uptime: 0 days 4:56 hours

CPU: total 4 (initial active 4) (2 cores per cpu, 2 threads per core) family 6 model 58 stepping 9 microcode 0x20, cx8, cmov, fxsr, ht, mmx, sse, sse2, sse3, ssse3, sse4.1, sse4.2, popcnt, tsc, tscinvbit, avx, aes, erms, clmul, vzeroupper, clflush

Memory: 4k page, system-wide physical 8077M (1869M free)
TotalPageFile size 10253M (AvailPageFile size 4400M)
current process WorkingSet (physical memory assigned to process): 138M, peak: 157M
current process commit charge ("private bytes"): 143M, peak: 265M

vm_info: OpenJDK 64-Bit Server VM (17.0.7+7-LTS) for windows-amd64 JRE (17.0.7+7-LTS), built on Apr 18 2023 18:44:51 by "" with MS VC++ 15.9 (VS2017)

END.
