#
# A fatal error has been detected by the Java Runtime Environment:
#
#  EXCEPTION_ACCESS_VIOLATION (0xc0000005) at pc=0x00007ff89ed0da1e, pid=1880, tid=2468
#
# JRE version: OpenJDK Runtime Environment (17.0.7+7) (build 17.0.7+7-LTS)
# Java VM: OpenJDK 64-Bit Server VM (17.0.7+7-LTS, mixed mode, sharing, tiered, compressed oops, compressed class ptrs, g1 gc, windows-amd64)
# Problematic frame:
# C  [Qt6Core.dll+0x9da1e]
#
# No core dump will be written. Minidumps are not enabled by default on client versions of Windows
#
# If you would like to submit a bug report, please visit:
#   https://bell-sw.com/support
# The crash happened outside the Java Virtual Machine in native code.
# See problematic frame for where to report the bug.
#

---------------  S U M M A R Y ------------

Command Line: -Djava.library.path=C:\Qt\6.6.0\msvc2019_64\bin -Dfile.encoding=windows-1251 -Duser.country=RU -Duser.language=ru -Duser.variant Main

Host: Intel(R) Core(TM) i5-3317U CPU @ 1.70GHz, 4 cores, 7G,  Windows 10 , 64 bit Build 18362 (10.0.18362.1110)
Time: Sun Dec 24 13:39:15 2023 Новосибирское стандартное время elapsed time: 10.260832 seconds (0d 0h 0m 10s)

---------------  T H R E A D  ---------------

Current thread (0x0000026ec9046be0):  JavaThread "main" [_thread_in_native, id=2468, stack(0x000000ae1ab00000,0x000000ae1ac00000)]

Stack: [0x000000ae1ab00000,0x000000ae1ac00000],  sp=0x000000ae1abfdd00,  free space=1015k
Native frames: (J=compiled Java code, j=interpreted, Vv=VM code, C=native code)
C  [Qt6Core.dll+0x9da1e]

Java frames: (J=compiled Java code, j=interpreted, Vv=VM code)
j  io.qt.core.QCoreApplication.sendPostedEvents_native_QObject_ptr_int(JI)V+0
j  io.qt.core.QCoreApplication.sendPostedEvents(Lio/qt/core/QObject;I)V+10
j  io.qt.core.QCoreApplication.shutdown()V+498
j  io.qt.widgets.QApplication.shutdown()V+0
j  Main.main([Ljava/lang/String;)V+31
v  ~StubRoutines::call_stub

siginfo: EXCEPTION_ACCESS_VIOLATION (0xc0000005), reading address 0xffffffffffffffff


Register to memory mapping:

RIP=0x00007ff89ed0da1e Qt6Core.dll
RAX=0x00008de344d3e761 is an unknown value
RBX=0x8c001400ece69d1e is an unknown value
RCX=0x0000026eec6b7860 points into unknown readable memory: 0x00007ff89f01e9b0 | b0 e9 01 9f f8 7f 00 00
RDX=0x0 is NULL
RSP=0x000000ae1abfdd00 is pointing into the stack for thread: 0x0000026ec9046be0
RBP=0x000000ae1abfde00 is pointing into the stack for thread: 0x0000026ec9046be0
RSI=0x0000026eecca47b0 points into unknown readable memory: 0x00007ff89f02d390 | 90 d3 02 9f f8 7f 00 00
RDI=0x8c001400ece69cc6 is an unknown value
R8 =0x0000000000000005 is an unknown value
R9 =0x0000000000000001 is an unknown value
R10=0x0000000000008000 is an unknown value
R11=0x000000ae1abfe700 is pointing into the stack for thread: 0x0000026ec9046be0
R12=0x0000026eec6b7860 points into unknown readable memory: 0x00007ff89f01e9b0 | b0 e9 01 9f f8 7f 00 00
R13=0x0 is NULL
R14=0x0000026eed334e10 points into unknown readable memory: 0x0000000000000000 | 00 00 00 00 00 00 00 00
R15=0x0000000000000001 is an unknown value


Registers:
RAX=0x00008de344d3e761, RBX=0x8c001400ece69d1e, RCX=0x0000026eec6b7860, RDX=0x0000000000000000
RSP=0x000000ae1abfdd00, RBP=0x000000ae1abfde00, RSI=0x0000026eecca47b0, RDI=0x8c001400ece69cc6
R8 =0x0000000000000005, R9 =0x0000000000000001, R10=0x0000000000008000, R11=0x000000ae1abfe700
R12=0x0000026eec6b7860, R13=0x0000000000000000, R14=0x0000026eed334e10, R15=0x0000000000000001
RIP=0x00007ff89ed0da1e, EFLAGS=0x0000000000010286

Top of Stack: (sp=0x000000ae1abfdd00)
0x000000ae1abfdd00:   000000ae1abfdd20 000000ae1abfdd48
0x000000ae1abfdd10:   0000026eed34b800 00007ff8ef0206e1
0x000000ae1abfdd20:   0000000000000000 0000026e00000000
0x000000ae1abfdd30:   000000000000083c 000000000002001f
0x000000ae1abfdd40:   000000000000084c 0000000000000000
0x000000ae1abfdd50:   0000000000000000 00007ff8ef0237b4
0x000000ae1abfdd60:   0000000000000002 0000026eec6b7860
0x000000ae1abfdd70:   0000000000000030 000000000000083c
0x000000ae1abfdd80:   000000ae1abfe058 0000000000000000
0x000000ae1abfdd90:   0000000000000000 00007ff8ef01b91f
0x000000ae1abfdda0:   0000000000b704bf 0000000000000030
0x000000ae1abfddb0:   0000026eed3cce40 000000000000083c
0x000000ae1abfddc0:   000000ae1abfe058 00007ff89ede0e22
0x000000ae1abfddd0:   0000026e00000000 0000026ec7002ac0
0x000000ae1abfdde0:   0000026eec77e1d0 0000026ec7000000
0x000000ae1abfddf0:   0000026ec70002ac 0000026eed4e3e70 

Instructions: (pc=0x00007ff89ed0da1e)
0x00007ff89ed0d91e:   48 8b 4b 08 48 85 c9 74 0f 48 8b 11 48 8b 02 41
0x00007ff89ed0d92e:   8b d6 ff 15 c2 b3 2f 00 48 89 6b 08 48 8b 5c 24
0x00007ff89ed0d93e:   48 49 8b c6 4c 8b 74 24 20 f0 48 0f b1 2f 48 8b
0x00007ff89ed0d94e:   6c 24 50 74 08 48 8b cf e8 45 c9 18 00 48 8b 7c
0x00007ff89ed0d95e:   24 28 48 83 c4 30 5e c3 cc cc cc cc cc cc cc cc
0x00007ff89ed0d96e:   cc cc 48 89 5c 24 10 48 89 74 24 18 48 89 7c 24
0x00007ff89ed0d97e:   20 55 41 54 41 55 41 56 41 57 48 8d ac 24 40 f8
0x00007ff89ed0d98e:   ff ff 48 81 ec c0 08 00 00 48 8b 05 8a 4e 4e 00
0x00007ff89ed0d99e:   48 33 c4 48 89 85 b0 07 00 00 89 54 24 48 4c 8b
0x00007ff89ed0d9ae:   e1 48 89 4c 24 68 45 33 ed 4c 89 6d 88 44 88 6d
0x00007ff89ed0d9be:   90 48 85 c9 75 40 b1 01 e8 85 ac 18 00 48 89 45
0x00007ff89ed0d9ce:   80 48 8d 58 58 48 8b 03 45 8d 7c 24 01 48 85 c0
0x00007ff89ed0d9de:   75 07 f0 4c 0f b1 3b 74 08 48 8b cb e8 81 c4 18
0x00007ff89ed0d9ee:   00 48 8b 45 80 48 89 44 24 28 48 89 5c 24 30 44
0x00007ff89ed0d9fe:   88 7c 24 38 eb 6e 48 8b 71 08 41 bf 01 00 00 00
0x00007ff89ed0da0e:   66 90 48 8b 7e 58 90 48 85 ff 74 4a 48 8d 5f 58
0x00007ff89ed0da1e:   48 8b 03 48 85 c0 75 07 f0 4c 0f b1 3b 74 08 48
0x00007ff89ed0da2e:   8b cb e8 3b c4 18 00 48 8b 46 58 90 48 3b f8 74
0x00007ff89ed0da3e:   14 49 8b c7 f0 4c 0f b1 2b 74 c7 48 8b cb e8 4f
0x00007ff89ed0da4e:   c8 18 00 eb bd 48 89 7c 24 28 48 89 5c 24 30 44
0x00007ff89ed0da5e:   88 7c 24 38 eb 0e 0f 57 c0 f3 0f 7f 44 24 28 c6
0x00007ff89ed0da6e:   44 24 38 00 4d 85 e4 74 1d 49 8b 44 24 08 8b 40
0x00007ff89ed0da7e:   34 90 85 c0 75 10 44 0f b6 74 24 38 48 8b 74 24
0x00007ff89ed0da8e:   30 e9 5a 03 00 00 66 0f 6f 05 c4 65 31 00 f3 0f
0x00007ff89ed0da9e:   7f 45 98 48 8d 45 b0 48 89 45 a8 48 8b 44 24 28
0x00007ff89ed0daae:   4c 8b 40 38 4c 89 44 24 50 4d 8b f5 4c 89 6c 24
0x00007ff89ed0dabe:   58 4d 85 c0 0f 8e 24 02 00 00 48 83 c0 30 48 89
0x00007ff89ed0dace:   44 24 20 45 33 ff 4c 89 7c 24 60 33 c9 48 89 4c
0x00007ff89ed0dade:   24 40 48 8b 30 49 03 f7 4d 85 e4 74 09 4c 39 26
0x00007ff89ed0daee:   0f 85 30 01 00 00 48 8b 46 08 48 85 c0 0f 84 23
0x00007ff89ed0dafe:   01 00 00 8b 54 24 48 85 d2 74 0c 0f b7 40 08 3b
0x00007ff89ed0db0e:   c2 0f 85 0f 01 00 00 48 8b 06 48 8b 48 08 b8 ff 


Stack slot to memory mapping:
stack at sp + 0 slots: 0x000000ae1abfdd20 is pointing into the stack for thread: 0x0000026ec9046be0
stack at sp + 1 slots: 0x000000ae1abfdd48 is pointing into the stack for thread: 0x0000026ec9046be0
stack at sp + 2 slots: 0x0000026eed34b800 points into unknown readable memory: 0x005c003f003f005c | 5c 00 3f 00 3f 00 5c 00
stack at sp + 3 slots: 0x00007ff8ef0206e1 ntdll.dll
stack at sp + 4 slots: 0x0 is NULL
stack at sp + 5 slots: 0x0000026e00000000 is an unknown value
stack at sp + 6 slots: 0x000000000000083c is an unknown value
stack at sp + 7 slots: 0x000000000002001f is an unknown value


---------------  P R O C E S S  ---------------

Threads class SMR info:
_java_thread_list=0x0000026eed4e2f30, length=14, elements={
0x0000026ec9046be0, 0x0000026ee7e8ae30, 0x0000026ee7e8c150, 0x0000026ee7ea0560,
0x0000026ee7ea1e30, 0x0000026ee7ea4ea0, 0x0000026ee7ea5f00, 0x0000026ee7eb6140,
0x0000026ee7eb8eb0, 0x0000026ee7ec9300, 0x0000026eec1e1250, 0x0000026eec1e1720,
0x0000026eec587750, 0x0000026eec360080
}

Java Threads: ( => current thread )
=>0x0000026ec9046be0 JavaThread "main" [_thread_in_native, id=2468, stack(0x000000ae1ab00000,0x000000ae1ac00000)]
  0x0000026ee7e8ae30 JavaThread "Reference Handler" daemon [_thread_blocked, id=5852, stack(0x000000ae1b200000,0x000000ae1b300000)]
  0x0000026ee7e8c150 JavaThread "Finalizer" daemon [_thread_blocked, id=6560, stack(0x000000ae1b300000,0x000000ae1b400000)]
  0x0000026ee7ea0560 JavaThread "Signal Dispatcher" daemon [_thread_blocked, id=6220, stack(0x000000ae1b400000,0x000000ae1b500000)]
  0x0000026ee7ea1e30 JavaThread "Attach Listener" daemon [_thread_blocked, id=5412, stack(0x000000ae1b500000,0x000000ae1b600000)]
  0x0000026ee7ea4ea0 JavaThread "Service Thread" daemon [_thread_blocked, id=7116, stack(0x000000ae1b600000,0x000000ae1b700000)]
  0x0000026ee7ea5f00 JavaThread "Monitor Deflation Thread" daemon [_thread_blocked, id=2348, stack(0x000000ae1b700000,0x000000ae1b800000)]
  0x0000026ee7eb6140 JavaThread "C2 CompilerThread0" daemon [_thread_blocked, id=5204, stack(0x000000ae1b800000,0x000000ae1b900000)]
  0x0000026ee7eb8eb0 JavaThread "C1 CompilerThread0" daemon [_thread_blocked, id=828, stack(0x000000ae1b900000,0x000000ae1ba00000)]
  0x0000026ee7ec9300 JavaThread "Sweeper thread" daemon [_thread_blocked, id=912, stack(0x000000ae1ba00000,0x000000ae1bb00000)]
  0x0000026eec1e1250 JavaThread "Notification Thread" daemon [_thread_blocked, id=7132, stack(0x000000ae1bb00000,0x000000ae1bc00000)]
  0x0000026eec1e1720 JavaThread "Common-Cleaner" daemon [_thread_blocked, id=5488, stack(0x000000ae1bd00000,0x000000ae1be00000)]
  0x0000026eec587750 JavaThread "QtJambiCleanupThread" daemon [_thread_blocked, id=8332, stack(0x000000ae1c100000,0x000000ae1c200000)]
  0x0000026eec360080 JavaThread "C2 CompilerThread1" daemon [_thread_blocked, id=8132, stack(0x000000ae1c600000,0x000000ae1c700000)]

Other Threads:
  0x0000026ee7e85c80 VMThread "VM Thread" [stack: 0x000000ae1b100000,0x000000ae1b200000] [id=9212]
  0x0000026ec90b9c50 WatcherThread [stack: 0x000000ae1bc00000,0x000000ae1bd00000] [id=3376]
  0x0000026ec90a1110 GCTaskThread "GC Thread#0" [stack: 0x000000ae1ac00000,0x000000ae1ad00000] [id=8280]
  0x0000026eec8807a0 GCTaskThread "GC Thread#1" [stack: 0x000000ae1be00000,0x000000ae1bf00000] [id=6124]
  0x0000026eec93c830 GCTaskThread "GC Thread#2" [stack: 0x000000ae1c000000,0x000000ae1c100000] [id=6892]
  0x0000026eec8633b0 GCTaskThread "GC Thread#3" [stack: 0x000000ae1c200000,0x000000ae1c300000] [id=5652]
  0x0000026ec90b2af0 ConcurrentGCThread "G1 Main Marker" [stack: 0x000000ae1ad00000,0x000000ae1ae00000] [id=8768]
  0x0000026ec90b3310 ConcurrentGCThread "G1 Conc#0" [stack: 0x000000ae1ae00000,0x000000ae1af00000] [id=3344]
  0x0000026ec910d1b0 ConcurrentGCThread "G1 Refine#0" [stack: 0x000000ae1af00000,0x000000ae1b000000] [id=6468]
  0x0000026ec910d9e0 ConcurrentGCThread "G1 Service" [stack: 0x000000ae1b000000,0x000000ae1b100000] [id=5672]

Threads with active compile tasks:

VM state: not at safepoint (normal execution)

VM Mutex/Monitor currently owned by a thread: None

Heap address: 0x0000000081c00000, size: 2020 MB, Compressed Oops mode: 32-bit

CDS archive(s) mapped at: [0x0000000800000000-0x0000000800bd0000-0x0000000800bd0000), size 12386304, SharedBaseAddress: 0x0000000800000000, ArchiveRelocationMode: 0.
Compressed class space mapped at: 0x0000000801000000-0x0000000841000000, reserved size: 1073741824
Narrow klass base: 0x0000000800000000, Narrow klass shift: 0, Narrow klass range: 0x100000000

GC Precious Log:
 CPUs: 4 total, 4 available
 Memory: 8077M
 Large Page Support: Disabled
 NUMA Support: Disabled
 Compressed Oops: Enabled (32-bit)
 Heap Region Size: 1M
 Heap Min Capacity: 8M
 Heap Initial Capacity: 128M
 Heap Max Capacity: 2020M
 Pre-touch: Disabled
 Parallel Workers: 4
 Concurrent Workers: 1
 Concurrent Refinement Workers: 4
 Periodic GC: Disabled

Heap:
 garbage-first heap   total 14336K, used 3877K [0x0000000081c00000, 0x0000000100000000)
  region size 1024K, 0 young (0K), 0 survivors (0K)
 Metaspace       used 10805K, committed 11008K, reserved 1114112K
  class space    used 904K, committed 960K, reserved 1048576K

Heap Regions: E=young(eden), S=young(survivor), O=old, HS=humongous(starts), HC=humongous(continues), CS=collection set, F=free, OA=open archive, CA=closed archive, TAMS=top-at-mark-start (previous, next)
|   0|0x0000000081c00000, 0x0000000081cfffb0, 0x0000000081d00000| 99%| O|  |TAMS 0x0000000081cfffb0, 0x0000000081c00000| Untracked 
|   1|0x0000000081d00000, 0x0000000081dd7380, 0x0000000081e00000| 84%| O|  |TAMS 0x0000000081d00000, 0x0000000081d00000| Untracked 
|   2|0x0000000081e00000, 0x0000000081ef2250, 0x0000000081f00000| 94%| O|  |TAMS 0x0000000081e00000, 0x0000000081e00000| Untracked 
|   3|0x0000000081f00000, 0x0000000081f00000, 0x0000000082000000|  0%| F|  |TAMS 0x0000000081f00000, 0x0000000081f00000| Untracked 
|   4|0x0000000082000000, 0x0000000082000000, 0x0000000082100000|  0%| F|  |TAMS 0x0000000082000000, 0x0000000082000000| Untracked 
|   5|0x0000000082100000, 0x0000000082100000, 0x0000000082200000|  0%| F|  |TAMS 0x0000000082100000, 0x0000000082100000| Untracked 
|   6|0x0000000082200000, 0x0000000082200000, 0x0000000082300000|  0%| F|  |TAMS 0x0000000082200000, 0x0000000082200000| Untracked 
|   7|0x0000000082300000, 0x0000000082300000, 0x0000000082400000|  0%| F|  |TAMS 0x0000000082300000, 0x0000000082300000| Untracked 
|   8|0x0000000082400000, 0x0000000082400000, 0x0000000082500000|  0%| F|  |TAMS 0x0000000082400000, 0x0000000082400000| Untracked 
|   9|0x0000000082500000, 0x0000000082500000, 0x0000000082600000|  0%| F|  |TAMS 0x0000000082500000, 0x0000000082500000| Untracked 
|  10|0x0000000082600000, 0x0000000082600000, 0x0000000082700000|  0%| F|  |TAMS 0x0000000082600000, 0x0000000082600000| Untracked 
|  11|0x0000000082700000, 0x0000000082700000, 0x0000000082800000|  0%| F|  |TAMS 0x0000000082700000, 0x0000000082700000| Untracked 
|  12|0x0000000082800000, 0x0000000082800000, 0x0000000082900000|  0%| F|  |TAMS 0x0000000082800000, 0x0000000082800000| Untracked 
| 114|0x0000000088e00000, 0x0000000088f00000, 0x0000000088f00000|100%| O|  |TAMS 0x0000000088f00000, 0x0000000088e00000| Untracked 

Card table byte_map: [0x0000026ee12d0000,0x0000026ee16d0000] _byte_map_base: 0x0000026ee0ec2000

Marking Bits (Prev, Next): (CMBitMap*) 0x0000026ec90a2540, (CMBitMap*) 0x0000026ec90a2580
 Prev Bits: [0x0000026ee1ad0000, 0x0000026ee3a60000)
 Next Bits: [0x0000026ee3a60000, 0x0000026ee59f0000)

Polling page: 0x0000026ec8810000

Metaspace:

Usage:
  Non-class:      9.67 MB used.
      Class:    904.58 KB used.
       Both:     10.55 MB used.

Virtual space:
  Non-class space:       64.00 MB reserved,       9.81 MB ( 15%) committed,  1 nodes.
      Class space:        1.00 GB reserved,     960.00 KB ( <1%) committed,  1 nodes.
             Both:        1.06 GB reserved,      10.75 MB ( <1%) committed. 

Chunk freelists:
   Non-Class:  5.92 MB
       Class:  14.95 MB
        Both:  20.87 MB

MaxMetaspaceSize: unlimited
CompressedClassSpaceSize: 1.00 GB
Initial GC threshold: 21.00 MB
Current GC threshold: 21.00 MB
CDS: on
MetaspaceReclaimPolicy: balanced
 - commit_granule_bytes: 65536.
 - commit_granule_words: 8192.
 - virtual_space_node_default_size: 8388608.
 - enlarge_chunks_in_place: 1.
 - new_chunks_are_fully_committed: 0.
 - uncommit_free_chunks: 1.
 - use_allocation_guard: 0.
 - handle_deallocations: 1.


Internal statistics:

num_allocs_failed_limit: 0.
num_arena_births: 148.
num_arena_deaths: 0.
num_vsnodes_births: 2.
num_vsnodes_deaths: 0.
num_space_committed: 172.
num_space_uncommitted: 0.
num_chunks_returned_to_freelist: 0.
num_chunks_taken_from_freelist: 457.
num_chunk_merges: 0.
num_chunk_splits: 311.
num_chunks_enlarged: 220.
num_inconsistent_stats: 0.

CodeHeap 'non-profiled nmethods': size=120000Kb used=412Kb max_used=412Kb free=119587Kb
 bounds [0x0000026ed99a0000, 0x0000026ed9c10000, 0x0000026ee0ed0000]
CodeHeap 'profiled nmethods': size=120000Kb used=2370Kb max_used=2370Kb free=117629Kb
 bounds [0x0000026ed1ed0000, 0x0000026ed2140000, 0x0000026ed9400000]
CodeHeap 'non-nmethods': size=5760Kb used=1207Kb max_used=1238Kb free=4552Kb
 bounds [0x0000026ed9400000, 0x0000026ed9670000, 0x0000026ed99a0000]
 total_blobs=1866 nmethods=1350 adapters=429
 compilation: enabled
              stopped_count=0, restarted_count=0
 full_count=0

Compilation events (20 events):
Event: 10.203 Thread 0x0000026ee7eb8eb0 nmethod 1341 0x0000026ed211ab10 code [0x0000026ed211ace0, 0x0000026ed211b218]
Event: 10.203 Thread 0x0000026eec360080 nmethod 1271 0x0000026ed9a00790 code [0x0000026ed9a00900, 0x0000026ed9a00978]
Event: 10.205 Thread 0x0000026ee7eb8eb0 1342   !   3       java.lang.ref.ReferenceQueue::remove (125 bytes)
Event: 10.206 Thread 0x0000026ee7eb8eb0 nmethod 1342 0x0000026ed211b310 code [0x0000026ed211b520, 0x0000026ed211bcd8]
Event: 10.215 Thread 0x0000026ee7eb8eb0 1343       3       java.lang.AbstractStringBuilder::append (45 bytes)
Event: 10.215 Thread 0x0000026ee7eb8eb0 nmethod 1343 0x0000026ed211c010 code [0x0000026ed211c1e0, 0x0000026ed211c528]
Event: 10.215 Thread 0x0000026ee7eb8eb0 1344       3       java.lang.StringBuilder::toString (35 bytes)
Event: 10.215 Thread 0x0000026ee7eb8eb0 nmethod 1344 0x0000026ed211c690 code [0x0000026ed211c860, 0x0000026ed211cb38]
Event: 10.215 Thread 0x0000026ee7eb8eb0 1345       3       java.util.regex.Matcher::search (154 bytes)
Event: 10.216 Thread 0x0000026ee7eb8eb0 nmethod 1345 0x0000026ed211cc10 code [0x0000026ed211cde0, 0x0000026ed211d378]
Event: 10.217 Thread 0x0000026ee7eb8eb0 1346       3       java.lang.AbstractStringBuilder::putStringAt (12 bytes)
Event: 10.217 Thread 0x0000026ee7eb8eb0 nmethod 1346 0x0000026ed211d590 code [0x0000026ed211d740, 0x0000026ed211d988]
Event: 10.222 Thread 0x0000026ee7eb8eb0 1347       1       sun.reflect.generics.repository.AbstractRepository::getFactory (5 bytes)
Event: 10.223 Thread 0x0000026ee7eb8eb0 nmethod 1347 0x0000026ed9a00a90 code [0x0000026ed9a00c20, 0x0000026ed9a00cf8]
Event: 10.224 Thread 0x0000026ee7eb8eb0 1348       3       sun.reflect.annotation.TypeAnnotation$LocationInfo::filter (68 bytes)
Event: 10.224 Thread 0x0000026ee7eb8eb0 nmethod 1348 0x0000026ed211db10 code [0x0000026ed211dd20, 0x0000026ed211e538]
Event: 10.225 Thread 0x0000026ee7eb8eb0 1349       3       sun.reflect.annotation.TypeAnnotationParser::mapTypeAnnotations (128 bytes)
Event: 10.226 Thread 0x0000026ee7eb8eb0 nmethod 1349 0x0000026ed211e890 code [0x0000026ed211eba0, 0x0000026ed211fbc8]
Event: 10.226 Thread 0x0000026ee7eb8eb0 1350       3       java.lang.AbstractStringBuilder::<init> (63 bytes)
Event: 10.238 Thread 0x0000026ee7eb8eb0 nmethod 1350 0x0000026ed2120210 code [0x0000026ed2120400, 0x0000026ed2120998]

GC Heap History (6 events):
Event: 1.171 GC heap before
{Heap before GC invocations=0 (full 0):
 garbage-first heap   total 131072K, used 12288K [0x0000000081c00000, 0x0000000100000000)
  region size 1024K, 13 young (13312K), 0 survivors (0K)
 Metaspace       used 5312K, committed 5504K, reserved 1114112K
  class space    used 499K, committed 576K, reserved 1048576K
}
Event: 1.176 GC heap after
{Heap after GC invocations=1 (full 0):
 garbage-first heap   total 131072K, used 1877K [0x0000000081c00000, 0x0000000100000000)
  region size 1024K, 2 young (2048K), 2 survivors (2048K)
 Metaspace       used 5312K, committed 5504K, reserved 1114112K
  class space    used 499K, committed 576K, reserved 1048576K
}
Event: 10.182 GC heap before
{Heap before GC invocations=1 (full 0):
 garbage-first heap   total 131072K, used 17237K [0x0000000081c00000, 0x0000000100000000)
  region size 1024K, 19 young (19456K), 2 survivors (2048K)
 Metaspace       used 10721K, committed 10880K, reserved 1114112K
  class space    used 898K, committed 960K, reserved 1048576K
}
Event: 10.197 GC heap after
{Heap after GC invocations=2 (full 1):
 garbage-first heap   total 20480K, used 3890K [0x0000000081c00000, 0x0000000100000000)
  region size 1024K, 0 young (0K), 0 survivors (0K)
 Metaspace       used 10721K, committed 10880K, reserved 1114112K
  class space    used 898K, committed 960K, reserved 1048576K
}
Event: 10.226 GC heap before
{Heap before GC invocations=2 (full 1):
 garbage-first heap   total 20480K, used 3890K [0x0000000081c00000, 0x0000000100000000)
  region size 1024K, 1 young (1024K), 0 survivors (0K)
 Metaspace       used 10805K, committed 11008K, reserved 1114112K
  class space    used 904K, committed 960K, reserved 1048576K
}
Event: 10.237 GC heap after
{Heap after GC invocations=3 (full 2):
 garbage-first heap   total 14336K, used 3877K [0x0000000081c00000, 0x0000000100000000)
  region size 1024K, 0 young (0K), 0 survivors (0K)
 Metaspace       used 10805K, committed 11008K, reserved 1114112K
  class space    used 904K, committed 960K, reserved 1048576K
}

Dll operation events (15 events):
Event: 0.024 Loaded shared library C:\Users\its\.jdks\liberica-17.0.7\bin\java.dll
Event: 0.035 Loaded shared library C:\Users\its\.jdks\liberica-17.0.7\bin\jsvml.dll
Event: 0.105 Loaded shared library C:\Users\its\.jdks\liberica-17.0.7\bin\net.dll
Event: 0.107 Loaded shared library C:\Users\its\.jdks\liberica-17.0.7\bin\nio.dll
Event: 0.113 Loaded shared library C:\Users\its\.jdks\liberica-17.0.7\bin\zip.dll
Event: 0.298 Loaded shared library C:\Users\its\.jdks\liberica-17.0.7\bin\jimage.dll
Event: 0.311 Loaded shared library C:\Users\its\.jdks\liberica-17.0.7\bin\prefs.dll
Event: 0.489 Loaded shared library C:\Windows\System32\icuuc.dll
Event: 0.499 Loaded shared library C:\Qt\6.6.0\msvc2019_64\bin\Qt6Core.dll
Event: 0.682 Loaded shared library C:\Users\its\AppData\Local\Temp\QtJambi6.6.0_1880\bin\QtJambi6.dll
Event: 1.005 Loaded shared library C:\Users\its\AppData\Local\Temp\QtJambi6.6.0_1880\bin\QtJambiCore6.dll
Event: 1.217 Loaded shared library C:\Qt\6.6.0\msvc2019_64\bin\Qt6Gui.dll
Event: 1.387 Loaded shared library C:\Users\its\AppData\Local\Temp\QtJambi6.6.0_1880\bin\QtJambiGui6.dll
Event: 1.413 Loaded shared library C:\Qt\6.6.0\msvc2019_64\bin\Qt6Widgets.dll
Event: 1.641 Loaded shared library C:\Users\its\AppData\Local\Temp\QtJambi6.6.0_1880\bin\QtJambiWidgets6.dll

Deoptimization events (20 events):
Event: 10.167 Thread 0x0000026ec9046be0 Uncommon trap: trap_request=0xffffff45 fr.pc=0x0000026ed99db898 relative=0x00000000000004d8
Event: 10.167 Thread 0x0000026ec9046be0 Uncommon trap: reason=unstable_if action=reinterpret pc=0x0000026ed99db898 method=java.lang.AbstractStringBuilder.putStringAt(ILjava/lang/String;II)V @ 8 c2
Event: 10.167 Thread 0x0000026ec9046be0 DEOPT PACKING pc=0x0000026ed99db898 sp=0x000000ae1abf9c30
Event: 10.167 Thread 0x0000026ec9046be0 DEOPT UNPACKING pc=0x0000026ed94569a3 sp=0x000000ae1abf9ab8 mode 2
Event: 10.170 Thread 0x0000026ec9046be0 Uncommon trap: trap_request=0xffffff45 fr.pc=0x0000026ed99e4948 relative=0x0000000000000048
Event: 10.170 Thread 0x0000026ec9046be0 Uncommon trap: reason=unstable_if action=reinterpret pc=0x0000026ed99e4948 method=java.lang.CharacterData.of(I)Ljava/lang/CharacterData; @ 4 c2
Event: 10.170 Thread 0x0000026ec9046be0 DEOPT PACKING pc=0x0000026ed99e4948 sp=0x000000ae1abf92b0
Event: 10.170 Thread 0x0000026ec9046be0 DEOPT UNPACKING pc=0x0000026ed94569a3 sp=0x000000ae1abf9250 mode 2
Event: 10.174 Thread 0x0000026ec9046be0 Uncommon trap: trap_request=0xffffff45 fr.pc=0x0000026ed99dc48c relative=0x00000000000004cc
Event: 10.174 Thread 0x0000026ec9046be0 Uncommon trap: reason=unstable_if action=reinterpret pc=0x0000026ed99dc48c method=java.lang.AbstractStringBuilder.putStringAt(ILjava/lang/String;II)V @ 8 c2
Event: 10.174 Thread 0x0000026ec9046be0 DEOPT PACKING pc=0x0000026ed99dc48c sp=0x000000ae1abf9ad0
Event: 10.174 Thread 0x0000026ec9046be0 DEOPT UNPACKING pc=0x0000026ed94569a3 sp=0x000000ae1abf99b0 mode 2
Event: 10.174 Thread 0x0000026ec9046be0 Uncommon trap: trap_request=0xffffff45 fr.pc=0x0000026ed99dccbc relative=0x000000000000011c
Event: 10.174 Thread 0x0000026ec9046be0 Uncommon trap: reason=unstable_if action=reinterpret pc=0x0000026ed99dccbc method=java.lang.AbstractStringBuilder.putStringAt(ILjava/lang/String;II)V @ 8 c2
Event: 10.174 Thread 0x0000026ec9046be0 DEOPT PACKING pc=0x0000026ed99dccbc sp=0x000000ae1abf9a60
Event: 10.174 Thread 0x0000026ec9046be0 DEOPT UNPACKING pc=0x0000026ed94569a3 sp=0x000000ae1abf99a8 mode 2
Event: 10.175 Thread 0x0000026ec9046be0 Uncommon trap: trap_request=0xffffff45 fr.pc=0x0000026ed99f795c relative=0x00000000000003bc
Event: 10.175 Thread 0x0000026ec9046be0 Uncommon trap: reason=unstable_if action=reinterpret pc=0x0000026ed99f795c method=java.lang.AbstractStringBuilder.isLatin1()Z @ 10 c2
Event: 10.175 Thread 0x0000026ec9046be0 DEOPT PACKING pc=0x0000026ed99f795c sp=0x000000ae1abf9f20
Event: 10.175 Thread 0x0000026ec9046be0 DEOPT UNPACKING pc=0x0000026ed94569a3 sp=0x000000ae1abf9ea0 mode 2

Classes unloaded (0 events):
No events

Classes redefined (0 events):
No events

Internal exceptions (20 events):
Event: 1.189 Thread 0x0000026ec9046be0 Exception <a 'java/lang/NoSuchMethodError'{0x0000000089b2dc80}: 'java.lang.Object java.lang.invoke.Invokers$Holder.invokeExact_MT(java.lang.Object, java.lang.Object, java.lang.Object, java.lang.Object, java.lang.Object, java.lang.Object)'> (0x0000000089b2dc80) 
thrown [s\src\hotspot\share\interpreter\linkResolver.cpp, line 759]
Event: 1.193 Thread 0x0000026ec9046be0 Exception <a 'java/lang/NoSuchMethodError'{0x0000000089b3d7d8}: 'java.lang.Object java.lang.invoke.DirectMethodHandle$Holder.invokeStatic(java.lang.Object, java.lang.Object, java.lang.Object, int, java.lang.Object, java.lang.Object)'> (0x0000000089b3d7d8) 
thrown [s\src\hotspot\share\interpreter\linkResolver.cpp, line 759]
Event: 1.218 Thread 0x0000026ec9046be0 Exception <a 'sun/nio/fs/WindowsException'{0x0000000089bad7d8}> (0x0000000089bad7d8) 
thrown [s\src\hotspot\share\prims\jni.cpp, line 516]
Event: 1.218 Thread 0x0000026ec9046be0 Implicit null exception at 0x0000026ed99d15f7 to 0x0000026ed99d1670
Event: 1.414 Thread 0x0000026ec9046be0 Exception <a 'sun/nio/fs/WindowsException'{0x0000000089bc67c0}> (0x0000000089bc67c0) 
thrown [s\src\hotspot\share\prims\jni.cpp, line 516]
Event: 1.934 Thread 0x0000026ec9046be0 Exception <a 'java/lang/NoSuchMethodError'{0x00000000894d14f0}: 'java.lang.Object java.lang.invoke.DirectMethodHandle$Holder.newInvokeSpecial(java.lang.Object, java.lang.Object, java.lang.Object, java.lang.Object, java.lang.Object)'> (0x00000000894d14f0) 
thrown [s\src\hotspot\share\interpreter\linkResolver.cpp, line 759]
Event: 1.947 Thread 0x0000026ec9046be0 Exception <a 'java/lang/NoSuchMethodError'{0x000000008930b4b8}: 'java.lang.Object java.lang.invoke.DirectMethodHandle$Holder.invokeInterface(java.lang.Object, java.lang.Object)'> (0x000000008930b4b8) 
thrown [s\src\hotspot\share\interpreter\linkResolver.cpp, line 759]
Event: 1.947 Thread 0x0000026ec9046be0 Exception <a 'java/lang/IncompatibleClassChangeError'{0x000000008930ea08}: Found class java.lang.Object, but interface was expected> (0x000000008930ea08) 
thrown [s\src\hotspot\share\interpreter\linkResolver.cpp, line 826]
Event: 6.088 Thread 0x0000026ec9046be0 Exception <a 'java/lang/NoSuchMethodError'{0x0000000088f166a0}: 'java.lang.Object java.lang.invoke.DirectMethodHandle$Holder.newInvokeSpecial(java.lang.Object, java.lang.Object, java.lang.Object, java.lang.Object, java.lang.Object, java.lang.Object, java.lang.Object, java.lang.Object, java.lang.Object, java.lang.Object, java.lang.Object)'> (0x0000000088f166a0) 
thrown [s\src\hotspot\share\interpreter\linkResolver.cpp, line 759]
Event: 6.089 Thread 0x0000026ec9046be0 Exception <a 'java/lang/NoSuchMethodError'{0x0000000088f1b588}: 'java.lang.Object java.lang.invoke.DirectMethodHandle$Holder.invokeSpecial(java.lang.Object, java.lang.Object, java.lang.Object, java.lang.Object, java.lang.Object, java.lang.Object, java.lang.Object, java.lang.Object, java.lang.Object, java.lang.Object, java.lang.Object, java.lang.Object)'> (0x0000000088f1b588) 
thrown [s\src\hotspot\share\interpreter\linkResolver.cpp, line 759]
Event: 6.089 Thread 0x0000026ec9046be0 Exception <a 'java/lang/NoSuchMethodError'{0x0000000088f1fc30}: 'java.lang.Object java.lang.invoke.Invokers$Holder.linkToTargetMethod(java.lang.Object, java.lang.Object, java.lang.Object, java.lang.Object, java.lang.Object, java.lang.Object, java.lang.Object, java.lang.Object, java.lang.Object, java.lang.Object, java.lang.Object)'> (0x0000000088f1fc30) 
thrown [s\src\hotspot\share\interpreter\linkResolver.cpp, line 759]
Event: 9.289 Thread 0x0000026ec9046be0 Exception <a 'java/lang/NoSuchMethodError'{0x0000000088fa37f8}: 'java.lang.Object java.lang.invoke.Invokers$Holder.invoke_MT(java.lang.Object, java.lang.Object, java.lang.Object)'> (0x0000000088fa37f8) 
thrown [s\src\hotspot\share\interpreter\linkResolver.cpp, line 759]
Event: 9.997 Thread 0x0000026ec9046be0 Exception <a 'java/lang/NoSuchMethodError'{0x0000000088c7e4b8}: Lapp/backend/entities/DataTable;.<init>()V> (0x0000000088c7e4b8) 
thrown [s\src\hotspot\share\prims\jni.cpp, line 1107]
Event: 9.997 Thread 0x0000026ec9046be0 Exception <a 'java/lang/NoSuchMethodError'{0x0000000088c7e7b8}: clone> (0x0000000088c7e7b8) 
thrown [s\src\hotspot\share\prims\jni.cpp, line 1073]
Event: 10.088 Thread 0x0000026ec9046be0 Exception <a 'java/lang/NoSuchMethodError'{0x0000000088a6c460}: Lapp/backend/table/Table;.<init>()V> (0x0000000088a6c460) 
thrown [s\src\hotspot\share\prims\jni.cpp, line 1107]
Event: 10.088 Thread 0x0000026ec9046be0 Exception <a 'java/lang/NoSuchMethodError'{0x0000000088a6c798}: Lapp/backend/table/Table;.clone()Lapp/backend/table/Table;> (0x0000000088a6c798) 
thrown [s\src\hotspot\share\prims\jni.cpp, line 1107]
Event: 10.096 Thread 0x0000026ec9046be0 Exception <a 'java/lang/NoClassDefFoundError'{0x0000000088a89680}: List<Integer>> (0x0000000088a89680) 
thrown [s\src\hotspot\share\classfile\systemDictionary.cpp, line 245]
Event: 10.097 Thread 0x0000026ec9046be0 Exception <a 'java/lang/NoClassDefFoundError'{0x0000000088a8e808}: List<String>> (0x0000000088a8e808) 
thrown [s\src\hotspot\share\classfile\systemDictionary.cpp, line 245]
Event: 10.139 Thread 0x0000026ec9046be0 Exception <a 'java/lang/NoSuchMethodError'{0x0000000088942398}: 'void java.lang.invoke.DirectMethodHandle$Holder.invokeSpecial(java.lang.Object, java.lang.Object, java.lang.Object)'> (0x0000000088942398) 
thrown [s\src\hotspot\share\interpreter\linkResolver.cpp, line 759]
Event: 10.145 Thread 0x0000026ec9046be0 Exception <a 'java/lang/ClassNotFoundException'{0x0000000088958910}: sun/util/logging/resources/spi/loggingProvider> (0x0000000088958910) 
thrown [s\src\hotspot\share\classfile\systemDictionary.cpp, line 256]

VM Operations (20 events):
Event: 0.478 Executing VM operation: HandshakeAllThreads
Event: 0.478 Executing VM operation: HandshakeAllThreads done
Event: 1.171 Executing VM operation: G1CollectForAllocation
Event: 1.176 Executing VM operation: G1CollectForAllocation done
Event: 1.957 Executing VM operation: HandshakeAllThreads
Event: 1.957 Executing VM operation: HandshakeAllThreads done
Event: 2.957 Executing VM operation: Cleanup
Event: 2.957 Executing VM operation: Cleanup done
Event: 6.958 Executing VM operation: Cleanup
Event: 6.959 Executing VM operation: Cleanup done
Event: 10.141 Executing VM operation: HandshakeAllThreads
Event: 10.141 Executing VM operation: HandshakeAllThreads done
Event: 10.141 Executing VM operation: Cleanup
Event: 10.141 Executing VM operation: Cleanup done
Event: 10.170 Executing VM operation: HandshakeAllThreads
Event: 10.170 Executing VM operation: HandshakeAllThreads done
Event: 10.181 Executing VM operation: G1CollectFull
Event: 10.197 Executing VM operation: G1CollectFull done
Event: 10.226 Executing VM operation: G1CollectFull
Event: 10.238 Executing VM operation: G1CollectFull done

Events (20 events):
Event: 10.149 loading class sun/util/logging/resources/logging_ru done
Event: 10.150 loading class sun/util/logging/resources/logging_ru_RU
Event: 10.150 loading class sun/util/logging/resources/logging_ru_RU done
Event: 10.150 loading class sun/util/logging/resources/logging_ru_RU
Event: 10.150 loading class sun/util/logging/resources/logging_ru_RU done
Event: 10.151 loading class java/util/Formatter$DateTime
Event: 10.151 loading class java/util/Formatter$DateTime done
Event: 10.151 loading class java/time/ZonedDateTime$1
Event: 10.151 loading class java/time/ZonedDateTime$1 done
Event: 10.162 loading class sun/util/resources/LocaleData$CommonResourceBundleProvider
Event: 10.162 loading class sun/util/resources/LocaleData$LocaleDataResourceBundleProvider
Event: 10.162 loading class java/util/spi/ResourceBundleProvider
Event: 10.162 loading class java/util/spi/ResourceBundleProvider done
Event: 10.163 loading class sun/util/resources/LocaleData$LocaleDataResourceBundleProvider done
Event: 10.163 loading class sun/util/resources/LocaleData$CommonResourceBundleProvider done
Event: 10.163 loading class sun/util/resources/Bundles$2
Event: 10.163 loading class sun/util/resources/Bundles$2 done
Event: 10.164 loading class java/lang/InstantiationException
Event: 10.164 loading class java/lang/InstantiationException done
Event: 10.172 Thread 0x0000026eec360080 Thread added: 0x0000026eec360080


Dynamic libraries:
0x00007ff7545d0000 - 0x00007ff7545dd000 	C:\Users\its\.jdks\liberica-17.0.7\bin\java.exe
0x00007ff8eefe0000 - 0x00007ff8ef1d0000 	C:\Windows\SYSTEM32\ntdll.dll
0x00007ff8edfa0000 - 0x00007ff8ee052000 	C:\Windows\System32\KERNEL32.DLL
0x00007ff8ecb30000 - 0x00007ff8ecdd5000 	C:\Windows\System32\KERNELBASE.dll
0x00007ff8ec930000 - 0x00007ff8eca2a000 	C:\Windows\System32\ucrtbase.dll
0x00007ff8e4710000 - 0x00007ff8e4727000 	C:\Users\its\.jdks\liberica-17.0.7\bin\jli.dll
0x00007ff8ed6a0000 - 0x00007ff8ed834000 	C:\Windows\System32\USER32.dll
0x00007ff8eca30000 - 0x00007ff8eca51000 	C:\Windows\System32\win32u.dll
0x00007ff8ed9f0000 - 0x00007ff8eda16000 	C:\Windows\System32\GDI32.dll
0x00007ff8ebf50000 - 0x00007ff8ec0e6000 	C:\Windows\System32\gdi32full.dll
0x00007ff8ecff0000 - 0x00007ff8ed08e000 	C:\Windows\System32\msvcp_win.dll
0x00007ff8e55a0000 - 0x00007ff8e55b5000 	C:\Users\its\.jdks\liberica-17.0.7\bin\VCRUNTIME140.dll
0x00007ff8d9b90000 - 0x00007ff8d9e14000 	C:\Windows\WinSxS\amd64_microsoft.windows.common-controls_6595b64144ccf1df_6.0.18362.1256_none_9e7e379be45e40e2\COMCTL32.dll
0x00007ff8ed260000 - 0x00007ff8ed2fe000 	C:\Windows\System32\msvcrt.dll
0x00007ff8edc00000 - 0x00007ff8edf36000 	C:\Windows\System32\combase.dll
0x00007ff8eda20000 - 0x00007ff8edb40000 	C:\Windows\System32\RPCRT4.dll
0x00007ff8ecf60000 - 0x00007ff8ecfe1000 	C:\Windows\System32\bcryptPrimitives.dll
0x00007ff8ed440000 - 0x00007ff8ed46e000 	C:\Windows\System32\IMM32.DLL
0x00007ff8dc650000 - 0x00007ff8dc6eb000 	C:\Users\its\.jdks\liberica-17.0.7\bin\msvcp140.dll
0x00007ff8a5320000 - 0x00007ff8a5f42000 	C:\Users\its\.jdks\liberica-17.0.7\bin\server\jvm.dll
0x00007ff8eeef0000 - 0x00007ff8eef93000 	C:\Windows\System32\ADVAPI32.dll
0x00007ff8ed0f0000 - 0x00007ff8ed187000 	C:\Windows\System32\sechost.dll
0x00007ff8e98b0000 - 0x00007ff8e98d4000 	C:\Windows\SYSTEM32\WINMM.dll
0x00007ff8dcee0000 - 0x00007ff8dcee9000 	C:\Windows\SYSTEM32\WSOCK32.dll
0x00007ff8ed630000 - 0x00007ff8ed69f000 	C:\Windows\System32\WS2_32.dll
0x00007ff8dfc80000 - 0x00007ff8dfc8a000 	C:\Windows\SYSTEM32\VERSION.dll
0x00007ff8e9880000 - 0x00007ff8e98ad000 	C:\Windows\SYSTEM32\WINMMBASE.dll
0x00007ff8ec8e0000 - 0x00007ff8ec92a000 	C:\Windows\System32\cfgmgr32.dll
0x00007ff8ebee0000 - 0x00007ff8ebef1000 	C:\Windows\System32\kernel.appcore.dll
0x00007ff8e5460000 - 0x00007ff8e546a000 	C:\Users\its\.jdks\liberica-17.0.7\bin\jimage.dll
0x00007ff8ea600000 - 0x00007ff8ea7f4000 	C:\Windows\SYSTEM32\DBGHELP.DLL
0x00007ff8dac40000 - 0x00007ff8dac6a000 	C:\Windows\SYSTEM32\dbgcore.DLL
0x00007ff8def40000 - 0x00007ff8def65000 	C:\Users\its\.jdks\liberica-17.0.7\bin\java.dll
0x00007ff8d7380000 - 0x00007ff8d7456000 	C:\Users\its\.jdks\liberica-17.0.7\bin\jsvml.dll
0x00007ff8ee230000 - 0x00007ff8ee917000 	C:\Windows\System32\SHELL32.dll
0x00007ff8edb50000 - 0x00007ff8edbf9000 	C:\Windows\System32\shcore.dll
0x00007ff8ec150000 - 0x00007ff8ec8d1000 	C:\Windows\System32\windows.storage.dll
0x00007ff8ebe90000 - 0x00007ff8ebeb3000 	C:\Windows\System32\profapi.dll
0x00007ff8ebf00000 - 0x00007ff8ebf4a000 	C:\Windows\System32\powrprof.dll
0x00007ff8ebe80000 - 0x00007ff8ebe90000 	C:\Windows\System32\UMPDC.dll
0x00007ff8ed300000 - 0x00007ff8ed352000 	C:\Windows\System32\shlwapi.dll
0x00007ff8eca60000 - 0x00007ff8eca77000 	C:\Windows\System32\cryptsp.dll
0x00007ff8de4b0000 - 0x00007ff8de4c9000 	C:\Users\its\.jdks\liberica-17.0.7\bin\net.dll
0x00007ff8de360000 - 0x00007ff8de450000 	C:\Windows\SYSTEM32\WINHTTP.dll
0x00007ff8eb670000 - 0x00007ff8eb6d7000 	C:\Windows\system32\mswsock.dll
0x00007ff8dc630000 - 0x00007ff8dc645000 	C:\Users\its\.jdks\liberica-17.0.7\bin\nio.dll
0x00007ff8dc610000 - 0x00007ff8dc628000 	C:\Users\its\.jdks\liberica-17.0.7\bin\zip.dll
0x00007ff8e7da0000 - 0x00007ff8e7da9000 	C:\Users\its\.jdks\liberica-17.0.7\bin\prefs.dll
0x0000026ec8fe0000 - 0x0000026ec8fe9000 	C:\Windows\System32\icuuc.dll
0x00007ff89ec70000 - 0x00007ff89f277000 	C:\Qt\6.6.0\msvc2019_64\bin\Qt6Core.dll
0x00007ff8ee920000 - 0x00007ff8eea77000 	C:\Windows\System32\ole32.dll
0x00007ff8ed370000 - 0x00007ff8ed435000 	C:\Windows\System32\OLEAUT32.dll
0x00007ff8dc890000 - 0x00007ff8dc8ab000 	C:\Windows\SYSTEM32\MPR.dll
0x00007ff8ebda0000 - 0x00007ff8ebdc5000 	C:\Windows\SYSTEM32\USERENV.dll
0x00007ff8eaf60000 - 0x00007ff8eafaa000 	C:\Windows\SYSTEM32\AUTHZ.dll
0x00007ff8d74e0000 - 0x00007ff8d74f7000 	C:\Windows\SYSTEM32\NETAPI32.dll
0x00007ff8e7cc0000 - 0x00007ff8e7cc9000 	C:\Users\its\.jdks\liberica-17.0.7\bin\MSVCP140_1.dll
0x00007ff8e9970000 - 0x00007ff8e997c000 	C:\Windows\SYSTEM32\VCRUNTIME140_1.dll
0x00007ff8eb840000 - 0x00007ff8eb84c000 	C:\Windows\SYSTEM32\CRYPTBASE.DLL
0x00007ff8d74b0000 - 0x00007ff8d74d6000 	C:\Windows\SYSTEM32\SRVCLI.DLL
0x00007ff8eb490000 - 0x00007ff8eb49c000 	C:\Windows\SYSTEM32\NETUTILS.DLL
0x00007ff89e7e0000 - 0x00007ff89ec6e000 	C:\Users\its\AppData\Local\Temp\QtJambi6.6.0_1880\bin\QtJambi6.dll
0x00007ff89d570000 - 0x00007ff89e7db000 	C:\Users\its\AppData\Local\Temp\QtJambi6.6.0_1880\bin\QtJambiCore6.dll
0x00007ff89cce0000 - 0x00007ff89d56f000 	C:\Qt\6.6.0\msvc2019_64\bin\Qt6Gui.dll
0x00007ff8e8730000 - 0x00007ff8e898b000 	C:\Windows\SYSTEM32\d3d11.dll
0x00007ff8eab50000 - 0x00007ff8eac3b000 	C:\Windows\SYSTEM32\dxgi.dll
0x00007ff8c0340000 - 0x00007ff8c0512000 	C:\Windows\SYSTEM32\d3d12.dll
0x00007ff8df3c0000 - 0x00007ff8df6be000 	C:\Windows\SYSTEM32\DWrite.dll
0x00007ff8de1f0000 - 0x00007ff8de222000 	C:\Users\its\.jdks\liberica-17.0.7\bin\MSVCP140_2.dll
0x00007ff8eaac0000 - 0x00007ff8eaae0000 	C:\Windows\SYSTEM32\dxcore.dll
0x00007ff89c740000 - 0x00007ff89ccd2000 	C:\Users\its\AppData\Local\Temp\QtJambi6.6.0_1880\bin\QtJambiGui6.dll
0x00007ff89c110000 - 0x00007ff89c73a000 	C:\Qt\6.6.0\msvc2019_64\bin\Qt6Widgets.dll
0x00007ff8ea080000 - 0x00007ff8ea0ad000 	C:\Windows\SYSTEM32\dwmapi.dll
0x00007ff8e9be0000 - 0x00007ff8e9c79000 	C:\Windows\SYSTEM32\UxTheme.dll
0x00007ff89b810000 - 0x00007ff89c104000 	C:\Users\its\AppData\Local\Temp\QtJambi6.6.0_1880\bin\QtJambiWidgets6.dll
0x00007ff8cf770000 - 0x00007ff8cf84e000 	C:\Qt\6.6.0\msvc2019_64\plugins\platforms\qwindows.dll
0x00007ff8eea80000 - 0x00007ff8eeef0000 	C:\Windows\System32\SETUPAPI.dll
0x00007ff8ecf30000 - 0x00007ff8ecf56000 	C:\Windows\System32\bcrypt.dll
0x00007ff8ed190000 - 0x00007ff8ed260000 	C:\Windows\System32\COMDLG32.dll
0x00007ff8ea800000 - 0x00007ff8ea813000 	C:\Windows\SYSTEM32\WTSAPI32.dll
0x00007ff8bee20000 - 0x00007ff8befe7000 	C:\Windows\SYSTEM32\d3d9.dll
0x00007ff8ed4f0000 - 0x00007ff8ed625000 	C:\Windows\System32\MSCTF.dll
0x00007ff8ebc70000 - 0x00007ff8ebc9a000 	C:\Windows\SYSTEM32\DEVOBJ.dll
0x00007ff8ed840000 - 0x00007ff8ed8e2000 	C:\Windows\System32\clbcatq.dll
0x00007ff8e1950000 - 0x00007ff8e1aa1000 	C:\Windows\System32\Windows.UI.dll
0x00007ff8e18b0000 - 0x00007ff8e194e000 	C:\Windows\System32\TextInputFramework.dll
0x00007ff8e1790000 - 0x00007ff8e18ab000 	C:\Windows\System32\InputHost.dll
0x00007ff8e76b0000 - 0x00007ff8e79da000 	C:\Windows\System32\CoreUIComponents.dll
0x00007ff8e9650000 - 0x00007ff8e9724000 	C:\Windows\System32\CoreMessaging.dll
0x00007ff8ea330000 - 0x00007ff8ea420000 	C:\Windows\System32\PROPSYS.dll
0x00007ff8e7550000 - 0x00007ff8e76a3000 	C:\Windows\SYSTEM32\wintypes.dll
0x00007ff8eaec0000 - 0x00007ff8eaef1000 	C:\Windows\SYSTEM32\ntmarta.dll
0x00007ff8dfcb0000 - 0x00007ff8dfdc2000 	C:\Windows\System32\Windows.UI.Immersive.dll
0x00007ff8dc560000 - 0x00007ff8dc585000 	C:\Qt\6.6.0\msvc2019_64\plugins\styles\qwindowsvistastyle.dll
0x00007ff8e64d0000 - 0x00007ff8e64de000 	C:\Qt\6.6.0\msvc2019_64\plugins\imageformats\qgif.dll
0x00007ff8e64c0000 - 0x00007ff8e64d0000 	C:\Qt\6.6.0\msvc2019_64\plugins\imageformats\qicns.dll
0x00007ff8e1ca0000 - 0x00007ff8e1cae000 	C:\Qt\6.6.0\msvc2019_64\plugins\imageformats\qico.dll
0x00007ff8d7250000 - 0x00007ff8d72ec000 	C:\Qt\6.6.0\msvc2019_64\plugins\imageformats\qjpeg.dll
0x00007ff8e1c90000 - 0x00007ff8e1c9d000 	C:\Qt\6.6.0\msvc2019_64\plugins\imageformats\qpdf.dll
0x00007ff892390000 - 0x00007ff8928da000 	C:\Qt\6.6.0\msvc2019_64\bin\Qt6Pdf.dll
0x00007ff8bdcf0000 - 0x00007ff8bde63000 	C:\Qt\6.6.0\msvc2019_64\bin\Qt6Network.dll
0x00007ff8eb380000 - 0x00007ff8eb3ba000 	C:\Windows\SYSTEM32\IPHLPAPI.DLL
0x00007ff8eb3c0000 - 0x00007ff8eb48b000 	C:\Windows\SYSTEM32\DNSAPI.dll
0x00007ff8ed4e0000 - 0x00007ff8ed4e8000 	C:\Windows\System32\NSI.dll
0x00007ff8dce70000 - 0x00007ff8dce7c000 	C:\Windows\SYSTEM32\Secur32.dll
0x00007ff8ebd60000 - 0x00007ff8ebd97000 	C:\Windows\SYSTEM32\SSPICLI.DLL
0x00007ff8de0d0000 - 0x00007ff8de0dc000 	C:\Qt\6.6.0\msvc2019_64\plugins\imageformats\qsvg.dll
0x00007ff8cf710000 - 0x00007ff8cf76f000 	C:\Qt\6.6.0\msvc2019_64\bin\Qt6Svg.dll
0x00007ff8dced0000 - 0x00007ff8dcedc000 	C:\Qt\6.6.0\msvc2019_64\plugins\imageformats\qtga.dll
0x00007ff8ce910000 - 0x00007ff8ce97a000 	C:\Qt\6.6.0\msvc2019_64\plugins\imageformats\qtiff.dll
0x00007ff8dcec0000 - 0x00007ff8dcecc000 	C:\Qt\6.6.0\msvc2019_64\plugins\imageformats\qwbmp.dll
0x00007ff8c77c0000 - 0x00007ff8c7848000 	C:\Qt\6.6.0\msvc2019_64\plugins\imageformats\qwebp.dll
0x00007ff8d0af0000 - 0x00007ff8d0b2a000 	C:\Windows\system32\dataexchange.dll
0x00007ff8e8df0000 - 0x00007ff8e8fcd000 	C:\Windows\system32\dcomp.dll
0x00007ff8e9cb0000 - 0x00007ff8e9f12000 	C:\Windows\system32\twinapi.appcore.dll
0x00007ff8ea190000 - 0x00007ff8ea1b9000 	C:\Windows\system32\RMCLIENT.dll
0x00007ff8dfe00000 - 0x00007ff8e00a7000 	C:\Windows\System32\iertutil.dll
0x00007ff8cfa50000 - 0x00007ff8cfc56000 	C:\Windows\system32\explorerframe.dll
0x00007ff8c4ac0000 - 0x00007ff8c4c73000 	C:\Windows\SYSTEM32\DUI70.dll
0x00007ff8de150000 - 0x00007ff8de1e3000 	C:\Windows\SYSTEM32\DUser.dll
0x00007ff8cea30000 - 0x00007ff8cea53000 	C:\Windows\SYSTEM32\edputil.dll
0x00007ff8e72d0000 - 0x00007ff8e747f000 	C:\Windows\SYSTEM32\WindowsCodecs.dll
0x00007ff8cea60000 - 0x00007ff8ceabe000 	C:\Windows\System32\thumbcache.dll
0x00007ff8e4530000 - 0x00007ff8e45b9000 	C:\Windows\SYSTEM32\policymanager.dll
0x00007ff8e8010000 - 0x00007ff8e809a000 	C:\Windows\SYSTEM32\msvcp110_win.dll
0x00007ff8ded80000 - 0x00007ff8def39000 	C:\Windows\System32\Windows.Globalization.dll
0x00007ff8e1d10000 - 0x00007ff8e1d6d000 	C:\Windows\System32\Bcp47Langs.dll
0x00007ff8e1500000 - 0x00007ff8e1530000 	C:\Windows\System32\bcp47mrm.dll

dbghelp: loaded successfully - version: 4.0.5 - missing functions: none
symbol engine: initialized successfully - sym options: 0x614 - pdb path: .;C:\Users\its\.jdks\liberica-17.0.7\bin;C:\Windows\SYSTEM32;C:\Windows\WinSxS\amd64_microsoft.windows.common-controls_6595b64144ccf1df_6.0.18362.1256_none_9e7e379be45e40e2;C:\Users\its\.jdks\liberica-17.0.7\bin\server;C:\Qt\6.6.0\msvc2019_64\bin;C:\Users\its\AppData\Local\Temp\QtJambi6.6.0_1880\bin;C:\Qt\6.6.0\msvc2019_64\plugins\platforms;C:\Qt\6.6.0\msvc2019_64\plugins\styles;C:\Qt\6.6.0\msvc2019_64\plugins\imageformats;C:\Windows\WinSxS\amd64_microsoft.windows.gdiplus_6595b64144ccf1df_1.1.18362.1256_none_cf692a813ef0bab0;C:\PROGRA~1\MICROS~1\Office16;C:\PROGRA~1\MICROS~1\Office16\1049;C:\Program Files\Common Files\Autodesk Shared

VM Arguments:
jvm_args: -Djava.library.path=C:\Qt\6.6.0\msvc2019_64\bin -Dfile.encoding=windows-1251 -Duser.country=RU -Duser.language=ru -Duser.variant 
java_command: Main
java_class_path (initial): C:\Users\its\Desktop\software\UI\DBBrowser\build\classes\java\main;C:\Users\its\Desktop\software\UI\DBBrowser\build\resources\main;C:\Users\its\Desktop\software\UI\DBBrowser\build\libs\qtjambi-native-windows-x64-6.6.0.jar;C:\Users\its\.gradle\caches\modules-2\files-2.1\io.qtjambi\qtjambi\6.6.0\122bd017d9f98685b5632c0c0a7c677df68db02e\qtjambi-6.6.0.jar;C:\Users\its\.gradle\caches\modules-2\files-2.1\org.postgresql\postgresql\42.6.0\7614cfce466145b84972781ab0079b8dea49e363\postgresql-42.6.0.jar;C:\Users\its\.gradle\caches\modules-2\files-2.1\org.xerial\sqlite-jdbc\3.42.0.0\a4c84376df810062d20c84777b84ec077b5ecdab\sqlite-jdbc-3.42.0.0.jar;C:\Users\its\.gradle\caches\modules-2\files-2.1\org.checkerframework\checker-qual\3.31.0\eeefd4af42e2f4221d145c1791582f91868f99ab\checker-qual-3.31.0.jar
Launcher Type: SUN_STANDARD

[Global flags]
     intx CICompilerCount                          = 3                                         {product} {ergonomic}
     uint ConcGCThreads                            = 1                                         {product} {ergonomic}
     uint G1ConcRefinementThreads                  = 4                                         {product} {ergonomic}
   size_t G1HeapRegionSize                         = 1048576                                   {product} {ergonomic}
    uintx GCDrainStackTargetSize                   = 64                                        {product} {ergonomic}
   size_t InitialHeapSize                          = 134217728                                 {product} {ergonomic}
   size_t MarkStackSize                            = 4194304                                   {product} {ergonomic}
   size_t MaxHeapSize                              = 2118123520                                {product} {ergonomic}
   size_t MaxNewSize                               = 1270874112                                {product} {ergonomic}
   size_t MinHeapDeltaBytes                        = 1048576                                   {product} {ergonomic}
   size_t MinHeapSize                              = 8388608                                   {product} {ergonomic}
    uintx NonNMethodCodeHeapSize                   = 5832780                                {pd product} {ergonomic}
    uintx NonProfiledCodeHeapSize                  = 122912730                              {pd product} {ergonomic}
    uintx ProfiledCodeHeapSize                     = 122912730                              {pd product} {ergonomic}
    uintx ReservedCodeCacheSize                    = 251658240                              {pd product} {ergonomic}
     bool SegmentedCodeCache                       = true                                      {product} {ergonomic}
   size_t SoftMaxHeapSize                          = 2118123520                             {manageable} {ergonomic}
     bool UseCompressedClassPointers               = true                           {product lp64_product} {ergonomic}
     bool UseCompressedOops                        = true                           {product lp64_product} {ergonomic}
     bool UseG1GC                                  = true                                      {product} {ergonomic}
     bool UseLargePagesIndividualAllocation        = false                                  {pd product} {ergonomic}

Logging:
Log output configuration:
 #0: stdout all=warning uptime,level,tags
 #1: stderr all=off uptime,level,tags

Environment Variables:
JAVA_HOME=C:\Users\its\.jdks\corretto-1.8.0_382
PATH=C:\Qt\6.6.0\msvc2019_64\bin;C:\Users\its\AppData\Local\Temp\QtJambi6.6.0_1880\bin;C:\Program Files\Common Files\Oracle\Java\javapath;C:\Program Files (x86)\Common Files\Oracle\Java\javapath;C:\Python311\Scripts\;C:\Python311\;C:\Windows\system32;C:\Windows;C:\Windows\System32\Wbem;C:\Windows\System32\WindowsPowerShell\v1.0\;C:\Windows\System32\OpenSSH\;C:\ProgramData\chocolatey\bin;C:\Program Files\Git\cmd;C:\Program Files\PuTTY\;C:\Program Files\nodejs\;C:\HaxeToolkit\haxe;C:\HaxeToolkit\neko;C:\Users\its\AppData\Roaming\local\bin;C:\Users\its\AppData\Local\Microsoft\WindowsApps;C:\Users\its\AppData\Local\Programs\Microsoft VS Code\bin;C:\Users\its\AppData\Roaming\cabal\bin;C:\tools\ghc-9.2.1\bin;C:\tools\msys64;C:\Program Files\JetBrains\IntelliJ IDEA Community Edition 2022.2.1\bin;;C:\Users\its\.jdks\corretto-16.0.2\bin;C:\Program Files\swipl\bin;C:\Strawberry\c\bin\spin;C:\Strawberry\c\bin\;C:\ActiveTcl\bin\;C:\Program Files\JetBrains\WebStorm 2022.3.3\bin;C:\Users\its\AppData\Roaming\npm;C:\Program Files\Java\jdk-17\bin
USERNAME=its
OS=Windows_NT
PROCESSOR_IDENTIFIER=Intel64 Family 6 Model 58 Stepping 9, GenuineIntel
TMP=C:\Users\its\AppData\Local\Temp
TEMP=C:\Users\its\AppData\Local\Temp



---------------  S Y S T E M  ---------------

OS:
 Windows 10 , 64 bit Build 18362 (10.0.18362.1110)
OS uptime: 0 days 2:45 hours

CPU: total 4 (initial active 4) (2 cores per cpu, 2 threads per core) family 6 model 58 stepping 9 microcode 0x20, cx8, cmov, fxsr, ht, mmx, sse, sse2, sse3, ssse3, sse4.1, sse4.2, popcnt, tsc, tscinvbit, avx, aes, erms, clmul, vzeroupper, clflush

Memory: 4k page, system-wide physical 8077M (2205M free)
TotalPageFile size 10253M (AvailPageFile size 4631M)
current process WorkingSet (physical memory assigned to process): 120M, peak: 141M
current process commit charge ("private bytes"): 123M, peak: 253M

vm_info: OpenJDK 64-Bit Server VM (17.0.7+7-LTS) for windows-amd64 JRE (17.0.7+7-LTS), built on Apr 18 2023 18:44:51 by "" with MS VC++ 15.9 (VS2017)

END.
