#
# A fatal error has been detected by the Java Runtime Environment:
#
#  EXCEPTION_ACCESS_VIOLATION (0xc0000005) at pc=0x00007ff89c70da1e, pid=7956, tid=4372
#
# JRE version: OpenJDK Runtime Environment (17.0.7+7) (build 17.0.7+7-LTS)
# Java VM: OpenJDK 64-Bit Server VM (17.0.7+7-LTS, mixed mode, sharing, tiered, compressed oops, compressed class ptrs, g1 gc, windows-amd64)
# Problematic frame:
# C  [Qt6Core.dll+0x9da1e]
#
# No core dump will be written. Minidumps are not enabled by default on client versions of Windows
#
# If you would like to submit a bug report, please visit:
#   https://bell-sw.com/support
# The crash happened outside the Java Virtual Machine in native code.
# See problematic frame for where to report the bug.
#

---------------  S U M M A R Y ------------

Command Line: -Djava.library.path=C:\Qt\6.6.0\msvc2019_64\bin -Dfile.encoding=windows-1251 -Duser.country=RU -Duser.language=ru -Duser.variant Main

Host: Intel(R) Core(TM) i5-3317U CPU @ 1.70GHz, 4 cores, 7G,  Windows 10 , 64 bit Build 18362 (10.0.18362.1110)
Time: Sun Dec 24 18:24:50 2023 Новосибирское стандартное время elapsed time: 48.547765 seconds (0d 0h 0m 48s)

---------------  T H R E A D  ---------------

Current thread (0x0000021d820d5920):  JavaThread "main" [_thread_in_native, id=4372, stack(0x0000004a6c700000,0x0000004a6c800000)]

Stack: [0x0000004a6c700000,0x0000004a6c800000],  sp=0x0000004a6c7fde60,  free space=1015k
Native frames: (J=compiled Java code, j=interpreted, Vv=VM code, C=native code)
C  [Qt6Core.dll+0x9da1e]

Java frames: (J=compiled Java code, j=interpreted, Vv=VM code)
j  io.qt.core.QCoreApplication.sendPostedEvents_native_QObject_ptr_int(JI)V+0
j  io.qt.core.QCoreApplication.sendPostedEvents(Lio/qt/core/QObject;I)V+10
j  io.qt.core.QCoreApplication.shutdown()V+498
j  io.qt.widgets.QApplication.shutdown()V+0
j  Main.main([Ljava/lang/String;)V+31
v  ~StubRoutines::call_stub

siginfo: EXCEPTION_ACCESS_VIOLATION (0xc0000005), reading address 0xffffffffffffffff


Register to memory mapping:

RIP=0x00007ff89c70da1e Qt6Core.dll
RAX=0x0000372914db963c is an unknown value
RBX=0x8000820054c2a160 is an unknown value
RCX=0x0000021da69eff40 points into unknown readable memory: 0x00007ff89ca1e9b0 | b0 e9 a1 9c f8 7f 00 00
RDX=0x0 is NULL
RSP=0x0000004a6c7fde60 is pointing into the stack for thread: 0x0000021d820d5920
RBP=0x0000004a6c7fdf60 is pointing into the stack for thread: 0x0000021d820d5920
RSI=0x0000021da64430f0 points into unknown readable memory: 0x00007ff89ca2d390 | 90 d3 a2 9c f8 7f 00 00
RDI=0x8000820054c2a108 is an unknown value
R8 =0x0000021dffd24740 points into unknown readable memory: 0x0000021dffd20cf0 | f0 0c d2 ff 1d 02 00 00
R9 =0x0000000000000001 is an unknown value
R10=0x0000000000008000 is an unknown value
R11=0x0000004a6c7fe7e0 is pointing into the stack for thread: 0x0000021d820d5920
R12=0x0000021da69eff40 points into unknown readable memory: 0x00007ff89ca1e9b0 | b0 e9 a1 9c f8 7f 00 00
R13=0x0 is NULL
R14=0x0000021da658be80 points into unknown readable memory: 0x0000021da66d3090 | 90 30 6d a6 1d 02 00 00
R15=0x0000000000000001 is an unknown value


Registers:
RAX=0x0000372914db963c, RBX=0x8000820054c2a160, RCX=0x0000021da69eff40, RDX=0x0000000000000000
RSP=0x0000004a6c7fde60, RBP=0x0000004a6c7fdf60, RSI=0x0000021da64430f0, RDI=0x8000820054c2a108
R8 =0x0000021dffd24740, R9 =0x0000000000000001, R10=0x0000000000008000, R11=0x0000004a6c7fe7e0
R12=0x0000021da69eff40, R13=0x0000000000000000, R14=0x0000021da658be80, R15=0x0000000000000001
RIP=0x00007ff89c70da1e, EFLAGS=0x0000000000010282

Top of Stack: (sp=0x0000004a6c7fde60)
0x0000004a6c7fde60:   0000021da174e370 0000004a6c7fdec0
0x0000004a6c7fde70:   0000000081ced7f8 0000021da6442a30
0x0000004a6c7fde80:   0000000081ced7f8 0000000081ced7f8
0x0000004a6c7fde90:   0000004a6c7fdec0 0000000081c00620
0x0000004a6c7fdea0:   0000000000000003 0000000000000000
0x0000004a6c7fdeb0:   0000004a6c7fe1f0 0000004a6c7fdf70
0x0000004a6c7fdec0:   0000004a6c7fe1a0 0000021da69eff40
0x0000004a6c7fded0:   0000004a6c7fdf70 0000000081ced7f8
0x0000004a6c7fdee0:   0000021d820d5920 0000000000000000
0x0000004a6c7fdef0:   0000004a6c7fe000 0000000000000000
0x0000004a6c7fdf00:   0000021d8b2a53c0 0000000000000000
0x0000004a6c7fdf10:   0000000000000001 0000004a6c7fe450
0x0000004a6c7fdf20:   0000000081ced7f8 0000000000000003
0x0000004a6c7fdf30:   0000004a6c7fdf60 0000000081ced7f8
0x0000004a6c7fdf40:   0000000000000110 0000000081ced7f8
0x0000004a6c7fdf50:   0000004a6c7fe260 0000004a6c7fdfe8 

Instructions: (pc=0x00007ff89c70da1e)
0x00007ff89c70d91e:   48 8b 4b 08 48 85 c9 74 0f 48 8b 11 48 8b 02 41
0x00007ff89c70d92e:   8b d6 ff 15 c2 b3 2f 00 48 89 6b 08 48 8b 5c 24
0x00007ff89c70d93e:   48 49 8b c6 4c 8b 74 24 20 f0 48 0f b1 2f 48 8b
0x00007ff89c70d94e:   6c 24 50 74 08 48 8b cf e8 45 c9 18 00 48 8b 7c
0x00007ff89c70d95e:   24 28 48 83 c4 30 5e c3 cc cc cc cc cc cc cc cc
0x00007ff89c70d96e:   cc cc 48 89 5c 24 10 48 89 74 24 18 48 89 7c 24
0x00007ff89c70d97e:   20 55 41 54 41 55 41 56 41 57 48 8d ac 24 40 f8
0x00007ff89c70d98e:   ff ff 48 81 ec c0 08 00 00 48 8b 05 8a 4e 4e 00
0x00007ff89c70d99e:   48 33 c4 48 89 85 b0 07 00 00 89 54 24 48 4c 8b
0x00007ff89c70d9ae:   e1 48 89 4c 24 68 45 33 ed 4c 89 6d 88 44 88 6d
0x00007ff89c70d9be:   90 48 85 c9 75 40 b1 01 e8 85 ac 18 00 48 89 45
0x00007ff89c70d9ce:   80 48 8d 58 58 48 8b 03 45 8d 7c 24 01 48 85 c0
0x00007ff89c70d9de:   75 07 f0 4c 0f b1 3b 74 08 48 8b cb e8 81 c4 18
0x00007ff89c70d9ee:   00 48 8b 45 80 48 89 44 24 28 48 89 5c 24 30 44
0x00007ff89c70d9fe:   88 7c 24 38 eb 6e 48 8b 71 08 41 bf 01 00 00 00
0x00007ff89c70da0e:   66 90 48 8b 7e 58 90 48 85 ff 74 4a 48 8d 5f 58
0x00007ff89c70da1e:   48 8b 03 48 85 c0 75 07 f0 4c 0f b1 3b 74 08 48
0x00007ff89c70da2e:   8b cb e8 3b c4 18 00 48 8b 46 58 90 48 3b f8 74
0x00007ff89c70da3e:   14 49 8b c7 f0 4c 0f b1 2b 74 c7 48 8b cb e8 4f
0x00007ff89c70da4e:   c8 18 00 eb bd 48 89 7c 24 28 48 89 5c 24 30 44
0x00007ff89c70da5e:   88 7c 24 38 eb 0e 0f 57 c0 f3 0f 7f 44 24 28 c6
0x00007ff89c70da6e:   44 24 38 00 4d 85 e4 74 1d 49 8b 44 24 08 8b 40
0x00007ff89c70da7e:   34 90 85 c0 75 10 44 0f b6 74 24 38 48 8b 74 24
0x00007ff89c70da8e:   30 e9 5a 03 00 00 66 0f 6f 05 c4 65 31 00 f3 0f
0x00007ff89c70da9e:   7f 45 98 48 8d 45 b0 48 89 45 a8 48 8b 44 24 28
0x00007ff89c70daae:   4c 8b 40 38 4c 89 44 24 50 4d 8b f5 4c 89 6c 24
0x00007ff89c70dabe:   58 4d 85 c0 0f 8e 24 02 00 00 48 83 c0 30 48 89
0x00007ff89c70dace:   44 24 20 45 33 ff 4c 89 7c 24 60 33 c9 48 89 4c
0x00007ff89c70dade:   24 40 48 8b 30 49 03 f7 4d 85 e4 74 09 4c 39 26
0x00007ff89c70daee:   0f 85 30 01 00 00 48 8b 46 08 48 85 c0 0f 84 23
0x00007ff89c70dafe:   01 00 00 8b 54 24 48 85 d2 74 0c 0f b7 40 08 3b
0x00007ff89c70db0e:   c2 0f 85 0f 01 00 00 48 8b 06 48 8b 48 08 b8 ff 


Stack slot to memory mapping:
stack at sp + 0 slots: 0x0000021da174e370 is pointing into metadata
stack at sp + 1 slots: 0x0000004a6c7fdec0 is pointing into the stack for thread: 0x0000021d820d5920
stack at sp + 2 slots: 0x0000000081ced7f8 is an oop: io.qt.internal.NativeUtility$NativeLink 
{0x0000000081ced7f8} - klass: 'io/qt/internal/NativeUtility$NativeLink'
 - ---- fields (total size 5 words):
 - private 'referent' 'Ljava/lang/Object;' @12  NULL (0)
 - volatile 'queue' 'Ljava/lang/ref/ReferenceQueue;' @16  a 'java/lang/ref/ReferenceQueue$Null'{0x0000000081c043b0} (81c043b0)
 - volatile 'next' 'Ljava/lang/ref/Reference;' @20  a 'io/qt/internal/NativeUtility$NativeLink'{0x0000000081ced7f8} (81ced7f8)
 - private transient 'discovered' 'Ljava/lang/ref/Reference;' @24  NULL (0)
 - private 'native__id' 'J' @32  0 (0 0)
stack at sp + 3 slots: 0x0000021da6442a30 points into unknown readable memory: 0x00007ff89c4d99f8 | f8 99 4d 9c f8 7f 00 00
stack at sp + 4 slots: 0x0000000081ced7f8 is an oop: io.qt.internal.NativeUtility$NativeLink 
{0x0000000081ced7f8} - klass: 'io/qt/internal/NativeUtility$NativeLink'
 - ---- fields (total size 5 words):
 - private 'referent' 'Ljava/lang/Object;' @12  NULL (0)
 - volatile 'queue' 'Ljava/lang/ref/ReferenceQueue;' @16  a 'java/lang/ref/ReferenceQueue$Null'{0x0000000081c043b0} (81c043b0)
 - volatile 'next' 'Ljava/lang/ref/Reference;' @20  a 'io/qt/internal/NativeUtility$NativeLink'{0x0000000081ced7f8} (81ced7f8)
 - private transient 'discovered' 'Ljava/lang/ref/Reference;' @24  NULL (0)
 - private 'native__id' 'J' @32  0 (0 0)
stack at sp + 5 slots: 0x0000000081ced7f8 is an oop: io.qt.internal.NativeUtility$NativeLink 
{0x0000000081ced7f8} - klass: 'io/qt/internal/NativeUtility$NativeLink'
 - ---- fields (total size 5 words):
 - private 'referent' 'Ljava/lang/Object;' @12  NULL (0)
 - volatile 'queue' 'Ljava/lang/ref/ReferenceQueue;' @16  a 'java/lang/ref/ReferenceQueue$Null'{0x0000000081c043b0} (81c043b0)
 - volatile 'next' 'Ljava/lang/ref/Reference;' @20  a 'io/qt/internal/NativeUtility$NativeLink'{0x0000000081ced7f8} (81ced7f8)
 - private transient 'discovered' 'Ljava/lang/ref/Reference;' @24  NULL (0)
 - private 'native__id' 'J' @32  0 (0 0)
stack at sp + 6 slots: 0x0000004a6c7fdec0 is pointing into the stack for thread: 0x0000021d820d5920
stack at sp + 7 slots: 0x0000000081c00620 is an oop: java.lang.ref.ReferenceQueue$Lock 
{0x0000000081c00620} - klass: 'java/lang/ref/ReferenceQueue$Lock'
 - ---- fields (total size 2 words):


---------------  P R O C E S S  ---------------

Threads class SMR info:
_java_thread_list=0x0000021da58c75e0, length=13, elements={
0x0000021d820d5920, 0x0000021da0f1a700, 0x0000021da0f1b480, 0x0000021da0f2fa30,
0x0000021da0f32510, 0x0000021da0f352e0, 0x0000021da0f35ba0, 0x0000021da0f36790,
0x0000021da0f37090, 0x0000021da0faea10, 0x0000021da52137d0, 0x0000021da51f2ce0,
0x0000021da5810020
}

Java Threads: ( => current thread )
=>0x0000021d820d5920 JavaThread "main" [_thread_in_native, id=4372, stack(0x0000004a6c700000,0x0000004a6c800000)]
  0x0000021da0f1a700 JavaThread "Reference Handler" daemon [_thread_blocked, id=5860, stack(0x0000004a6ce00000,0x0000004a6cf00000)]
  0x0000021da0f1b480 JavaThread "Finalizer" daemon [_thread_blocked, id=5952, stack(0x0000004a6cf00000,0x0000004a6d000000)]
  0x0000021da0f2fa30 JavaThread "Signal Dispatcher" daemon [_thread_blocked, id=7760, stack(0x0000004a6d000000,0x0000004a6d100000)]
  0x0000021da0f32510 JavaThread "Attach Listener" daemon [_thread_blocked, id=6204, stack(0x0000004a6d100000,0x0000004a6d200000)]
  0x0000021da0f352e0 JavaThread "Service Thread" daemon [_thread_blocked, id=5484, stack(0x0000004a6d200000,0x0000004a6d300000)]
  0x0000021da0f35ba0 JavaThread "Monitor Deflation Thread" daemon [_thread_blocked, id=2972, stack(0x0000004a6d300000,0x0000004a6d400000)]
  0x0000021da0f36790 JavaThread "C2 CompilerThread0" daemon [_thread_blocked, id=2276, stack(0x0000004a6d400000,0x0000004a6d500000)]
  0x0000021da0f37090 JavaThread "C1 CompilerThread0" daemon [_thread_blocked, id=6488, stack(0x0000004a6d500000,0x0000004a6d600000)]
  0x0000021da0faea10 JavaThread "Sweeper thread" daemon [_thread_blocked, id=1180, stack(0x0000004a6d600000,0x0000004a6d700000)]
  0x0000021da52137d0 JavaThread "Notification Thread" daemon [_thread_blocked, id=1824, stack(0x0000004a6d700000,0x0000004a6d800000)]
  0x0000021da51f2ce0 JavaThread "Common-Cleaner" daemon [_thread_blocked, id=7232, stack(0x0000004a6d900000,0x0000004a6da00000)]
  0x0000021da5810020 JavaThread "QtJambiCleanupThread" daemon [_thread_blocked, id=3912, stack(0x0000004a6da00000,0x0000004a6db00000)]

Other Threads:
  0x0000021da0f16330 VMThread "VM Thread" [stack: 0x0000004a6cd00000,0x0000004a6ce00000] [id=624]
  0x0000021da52140b0 WatcherThread [stack: 0x0000004a6d800000,0x0000004a6d900000] [id=6476]
  0x0000021d8212da20 GCTaskThread "GC Thread#0" [stack: 0x0000004a6c800000,0x0000004a6c900000] [id=6904]
  0x0000021da5825bb0 GCTaskThread "GC Thread#1" [stack: 0x0000004a6db00000,0x0000004a6dc00000] [id=200]
  0x0000021da5825e60 GCTaskThread "GC Thread#2" [stack: 0x0000004a6dc00000,0x0000004a6dd00000] [id=6608]
  0x0000021da5940730 GCTaskThread "GC Thread#3" [stack: 0x0000004a6dd00000,0x0000004a6de00000] [id=7112]
  0x0000021d8213f500 ConcurrentGCThread "G1 Main Marker" [stack: 0x0000004a6c900000,0x0000004a6ca00000] [id=4384]
  0x0000021d8213fe20 ConcurrentGCThread "G1 Conc#0" [stack: 0x0000004a6ca00000,0x0000004a6cb00000] [id=2840]
  0x0000021d82197fe0 ConcurrentGCThread "G1 Refine#0" [stack: 0x0000004a6cb00000,0x0000004a6cc00000] [id=8872]
  0x0000021d82198910 ConcurrentGCThread "G1 Service" [stack: 0x0000004a6cc00000,0x0000004a6cd00000] [id=4780]

Threads with active compile tasks:

VM state: not at safepoint (normal execution)

VM Mutex/Monitor currently owned by a thread: None

Heap address: 0x0000000081c00000, size: 2020 MB, Compressed Oops mode: 32-bit

CDS archive(s) mapped at: [0x0000000800000000-0x0000000800bd0000-0x0000000800bd0000), size 12386304, SharedBaseAddress: 0x0000000800000000, ArchiveRelocationMode: 0.
Compressed class space mapped at: 0x0000000801000000-0x0000000841000000, reserved size: 1073741824
Narrow klass base: 0x0000000800000000, Narrow klass shift: 0, Narrow klass range: 0x100000000

GC Precious Log:
 CPUs: 4 total, 4 available
 Memory: 8077M
 Large Page Support: Disabled
 NUMA Support: Disabled
 Compressed Oops: Enabled (32-bit)
 Heap Region Size: 1M
 Heap Min Capacity: 8M
 Heap Initial Capacity: 128M
 Heap Max Capacity: 2020M
 Pre-touch: Disabled
 Parallel Workers: 4
 Concurrent Workers: 1
 Concurrent Refinement Workers: 4
 Periodic GC: Disabled

Heap:
 garbage-first heap   total 20480K, used 5142K [0x0000000081c00000, 0x0000000100000000)
  region size 1024K, 0 young (0K), 0 survivors (0K)
 Metaspace       used 12937K, committed 13184K, reserved 1114112K
  class space    used 1112K, committed 1216K, reserved 1048576K

Heap Regions: E=young(eden), S=young(survivor), O=old, HS=humongous(starts), HC=humongous(continues), CS=collection set, F=free, OA=open archive, CA=closed archive, TAMS=top-at-mark-start (previous, next)
|   0|0x0000000081c00000, 0x0000000081cfff98, 0x0000000081d00000| 99%| O|  |TAMS 0x0000000081cfff98, 0x0000000081c00000| Untracked 
|   1|0x0000000081d00000, 0x0000000081dfde00, 0x0000000081e00000| 99%| O|  |TAMS 0x0000000081dfde00, 0x0000000081d00000| Untracked 
|   2|0x0000000081e00000, 0x0000000081effff0, 0x0000000081f00000| 99%| O|  |TAMS 0x0000000081e00000, 0x0000000081e00000| Untracked 
|   3|0x0000000081f00000, 0x0000000081fef908, 0x0000000082000000| 93%| O|  |TAMS 0x0000000081f00000, 0x0000000081f00000| Untracked 
|   4|0x0000000082000000, 0x0000000082000000, 0x0000000082100000|  0%| F|  |TAMS 0x0000000082000000, 0x0000000082000000| Untracked 
|   5|0x0000000082100000, 0x0000000082100000, 0x0000000082200000|  0%| F|  |TAMS 0x0000000082100000, 0x0000000082100000| Untracked 
|   6|0x0000000082200000, 0x0000000082200000, 0x0000000082300000|  0%| F|  |TAMS 0x0000000082200000, 0x0000000082200000| Untracked 
|   7|0x0000000082300000, 0x0000000082300000, 0x0000000082400000|  0%| F|  |TAMS 0x0000000082300000, 0x0000000082300000| Untracked 
|   8|0x0000000082400000, 0x0000000082400000, 0x0000000082500000|  0%| F|  |TAMS 0x0000000082400000, 0x0000000082400000| Untracked 
|   9|0x0000000082500000, 0x0000000082500000, 0x0000000082600000|  0%| F|  |TAMS 0x0000000082500000, 0x0000000082500000| Untracked 
|  10|0x0000000082600000, 0x0000000082600000, 0x0000000082700000|  0%| F|  |TAMS 0x0000000082600000, 0x0000000082600000| Untracked 
|  11|0x0000000082700000, 0x0000000082700000, 0x0000000082800000|  0%| F|  |TAMS 0x0000000082700000, 0x0000000082700000| Untracked 
|  12|0x0000000082800000, 0x0000000082800000, 0x0000000082900000|  0%| F|  |TAMS 0x0000000082800000, 0x0000000082800000| Untracked 
|  13|0x0000000082900000, 0x0000000082900000, 0x0000000082a00000|  0%| F|  |TAMS 0x0000000082900000, 0x0000000082900000| Untracked 
|  14|0x0000000082a00000, 0x0000000082a00000, 0x0000000082b00000|  0%| F|  |TAMS 0x0000000082a00000, 0x0000000082a00000| Untracked 
|  15|0x0000000082b00000, 0x0000000082b00000, 0x0000000082c00000|  0%| F|  |TAMS 0x0000000082b00000, 0x0000000082b00000| Untracked 
|  16|0x0000000082c00000, 0x0000000082c00000, 0x0000000082d00000|  0%| F|  |TAMS 0x0000000082c00000, 0x0000000082c00000| Untracked 
|  17|0x0000000082d00000, 0x0000000082d00000, 0x0000000082e00000|  0%| F|  |TAMS 0x0000000082d00000, 0x0000000082d00000| Untracked 
|  29|0x0000000083900000, 0x00000000839181b8, 0x0000000083a00000|  9%| O|  |TAMS 0x0000000083900000, 0x0000000083900000| Untracked 
| 108|0x0000000088800000, 0x0000000088900000, 0x0000000088900000|100%| O|  |TAMS 0x0000000088900000, 0x0000000088800000| Untracked 

Card table byte_map: [0x0000021d9a360000,0x0000021d9a760000] _byte_map_base: 0x0000021d99f52000

Marking Bits (Prev, Next): (CMBitMap*) 0x0000021d8212ef50, (CMBitMap*) 0x0000021d8212ef90
 Prev Bits: [0x0000021d9ab60000, 0x0000021d9caf0000)
 Next Bits: [0x0000021d9caf0000, 0x0000021d9ea80000)

Polling page: 0x0000021d80050000

Metaspace:

Usage:
  Non-class:     11.55 MB used.
      Class:      1.09 MB used.
       Both:     12.63 MB used.

Virtual space:
  Non-class space:       64.00 MB reserved,      11.69 MB ( 18%) committed,  1 nodes.
      Class space:        1.00 GB reserved,       1.19 MB ( <1%) committed,  1 nodes.
             Both:        1.06 GB reserved,      12.88 MB (  1%) committed. 

Chunk freelists:
   Non-Class:  3.73 MB
       Class:  14.79 MB
        Both:  18.52 MB

MaxMetaspaceSize: unlimited
CompressedClassSpaceSize: 1.00 GB
Initial GC threshold: 21.00 MB
Current GC threshold: 21.38 MB
CDS: on
MetaspaceReclaimPolicy: balanced
 - commit_granule_bytes: 65536.
 - commit_granule_words: 8192.
 - virtual_space_node_default_size: 8388608.
 - enlarge_chunks_in_place: 1.
 - new_chunks_are_fully_committed: 0.
 - uncommit_free_chunks: 1.
 - use_allocation_guard: 0.
 - handle_deallocations: 1.


Internal statistics:

num_allocs_failed_limit: 0.
num_arena_births: 196.
num_arena_deaths: 0.
num_vsnodes_births: 2.
num_vsnodes_deaths: 0.
num_space_committed: 206.
num_space_uncommitted: 0.
num_chunks_returned_to_freelist: 0.
num_chunks_taken_from_freelist: 576.
num_chunk_merges: 0.
num_chunk_splits: 394.
num_chunks_enlarged: 270.
num_inconsistent_stats: 0.

CodeHeap 'non-profiled nmethods': size=120000Kb used=595Kb max_used=595Kb free=119404Kb
 bounds [0x0000021d92a30000, 0x0000021d92ca0000, 0x0000021d99f60000]
CodeHeap 'profiled nmethods': size=120000Kb used=3375Kb max_used=3375Kb free=116624Kb
 bounds [0x0000021d8af60000, 0x0000021d8b2b0000, 0x0000021d92490000]
CodeHeap 'non-nmethods': size=5760Kb used=1227Kb max_used=1243Kb free=4532Kb
 bounds [0x0000021d92490000, 0x0000021d92700000, 0x0000021d92a30000]
 total_blobs=2349 nmethods=1809 adapters=453
 compilation: enabled
              stopped_count=0, restarted_count=0
 full_count=0

Compilation events (20 events):
Event: 48.497 Thread 0x0000021da0f37090 1800       3       java.lang.Character::digit (6 bytes)
Event: 48.497 Thread 0x0000021da0f37090 nmethod 1800 0x0000021d8b2a6510 code [0x0000021d8b2a66c0, 0x0000021d8b2a6918]
Event: 48.497 Thread 0x0000021da0f37090 1801       3       java.lang.Character::digit (10 bytes)
Event: 48.497 Thread 0x0000021da0f37090 nmethod 1801 0x0000021d8b2a6a10 code [0x0000021d8b2a6bc0, 0x0000021d8b2a6db8]
Event: 48.498 Thread 0x0000021da0f37090 1802       3       java.util.Formatter$FixedString::<init> (26 bytes)
Event: 48.498 Thread 0x0000021da0f37090 nmethod 1802 0x0000021d8b2a6e90 code [0x0000021d8b2a7040, 0x0000021d8b2a7278]
Event: 48.498 Thread 0x0000021da0f37090 1803       3       java.util.Formatter$FixedString::print (26 bytes)
Event: 48.498 Thread 0x0000021da0f37090 nmethod 1803 0x0000021d8b2a7390 code [0x0000021d8b2a7540, 0x0000021d8b2a7728]
Event: 48.498 Thread 0x0000021da0f37090 1804       3       java.lang.StringBuilder::append (8 bytes)
Event: 48.499 Thread 0x0000021da0f37090 nmethod 1804 0x0000021d8b2a7810 code [0x0000021d8b2a79c0, 0x0000021d8b2a7b68]
Event: 48.499 Thread 0x0000021da0f37090 1805       3       java.util.regex.Pattern$LastNode::match (45 bytes)
Event: 48.499 Thread 0x0000021da0f37090 nmethod 1805 0x0000021d8b2a7c90 code [0x0000021d8b2a7e40, 0x0000021d8b2a8058]
Event: 48.505 Thread 0x0000021da0f37090 1806       3       sun.reflect.annotation.TypeAnnotation$LocationInfo::pushLocation (59 bytes)
Event: 48.506 Thread 0x0000021da0f37090 nmethod 1806 0x0000021d8b2a8190 code [0x0000021d8b2a8380, 0x0000021d8b2a8a68]
Event: 48.506 Thread 0x0000021da0f37090 1807       3       sun.reflect.annotation.TypeAnnotation$LocationInfo::filter (68 bytes)
Event: 48.507 Thread 0x0000021da0f37090 nmethod 1807 0x0000021d8b2a8c90 code [0x0000021d8b2a8ea0, 0x0000021d8b2a97b8]
Event: 48.507 Thread 0x0000021da0f37090 1808       3       java.lang.reflect.Field::getGenericType (20 bytes)
Event: 48.510 Thread 0x0000021da0f37090 nmethod 1808 0x0000021d8b2a9b10 code [0x0000021d8b2a9e00, 0x0000021d8b2ab2c8]
Event: 48.511 Thread 0x0000021da0f37090 1809       3       java.util.concurrent.ConcurrentHashMap::sumCount (60 bytes)
Event: 48.511 Thread 0x0000021da0f37090 nmethod 1809 0x0000021d8b2ab910 code [0x0000021d8b2abac0, 0x0000021d8b2abd18]

GC Heap History (8 events):
Event: 1.361 GC heap before
{Heap before GC invocations=0 (full 0):
 garbage-first heap   total 131072K, used 12288K [0x0000000081c00000, 0x0000000100000000)
  region size 1024K, 13 young (13312K), 0 survivors (0K)
 Metaspace       used 5315K, committed 5568K, reserved 1114112K
  class space    used 499K, committed 640K, reserved 1048576K
}
Event: 1.366 GC heap after
{Heap after GC invocations=1 (full 0):
 garbage-first heap   total 131072K, used 1917K [0x0000000081c00000, 0x0000000100000000)
  region size 1024K, 2 young (2048K), 2 survivors (2048K)
 Metaspace       used 5315K, committed 5568K, reserved 1114112K
  class space    used 499K, committed 640K, reserved 1048576K
}
Event: 24.056 GC heap before
{Heap before GC invocations=1 (full 0):
 garbage-first heap   total 131072K, used 18301K [0x0000000081c00000, 0x0000000100000000)
  region size 1024K, 19 young (19456K), 2 survivors (2048K)
 Metaspace       used 10458K, committed 10688K, reserved 1114112K
  class space    used 852K, committed 960K, reserved 1048576K
}
Event: 24.063 GC heap after
{Heap after GC invocations=2 (full 0):
 garbage-first heap   total 131072K, used 3704K [0x0000000081c00000, 0x0000000100000000)
  region size 1024K, 2 young (2048K), 2 survivors (2048K)
 Metaspace       used 10458K, committed 10688K, reserved 1114112K
  class space    used 852K, committed 960K, reserved 1048576K
}
Event: 48.441 GC heap before
{Heap before GC invocations=2 (full 0):
 garbage-first heap   total 131072K, used 14968K [0x0000000081c00000, 0x0000000100000000)
  region size 1024K, 14 young (14336K), 2 survivors (2048K)
 Metaspace       used 12869K, committed 13120K, reserved 1114112K
  class space    used 1106K, committed 1216K, reserved 1048576K
}
Event: 48.461 GC heap after
{Heap after GC invocations=3 (full 1):
 garbage-first heap   total 24576K, used 5218K [0x0000000081c00000, 0x0000000100000000)
  region size 1024K, 0 young (0K), 0 survivors (0K)
 Metaspace       used 12869K, committed 13120K, reserved 1114112K
  class space    used 1106K, committed 1216K, reserved 1048576K
}
Event: 48.512 GC heap before
{Heap before GC invocations=3 (full 1):
 garbage-first heap   total 24576K, used 5218K [0x0000000081c00000, 0x0000000100000000)
  region size 1024K, 1 young (1024K), 0 survivors (0K)
 Metaspace       used 12937K, committed 13184K, reserved 1114112K
  class space    used 1112K, committed 1216K, reserved 1048576K
}
Event: 48.533 GC heap after
{Heap after GC invocations=4 (full 2):
 garbage-first heap   total 20480K, used 5142K [0x0000000081c00000, 0x0000000100000000)
  region size 1024K, 0 young (0K), 0 survivors (0K)
 Metaspace       used 12937K, committed 13184K, reserved 1114112K
  class space    used 1112K, committed 1216K, reserved 1048576K
}

Dll operation events (16 events):
Event: 0.010 Loaded shared library C:\Users\its\.jdks\liberica-17.0.7\bin\java.dll
Event: 0.026 Loaded shared library C:\Users\its\.jdks\liberica-17.0.7\bin\jsvml.dll
Event: 0.135 Loaded shared library C:\Users\its\.jdks\liberica-17.0.7\bin\net.dll
Event: 0.137 Loaded shared library C:\Users\its\.jdks\liberica-17.0.7\bin\nio.dll
Event: 0.144 Loaded shared library C:\Users\its\.jdks\liberica-17.0.7\bin\zip.dll
Event: 0.357 Loaded shared library C:\Users\its\.jdks\liberica-17.0.7\bin\jimage.dll
Event: 0.370 Loaded shared library C:\Users\its\.jdks\liberica-17.0.7\bin\prefs.dll
Event: 0.648 Loaded shared library C:\Windows\System32\icuuc.dll
Event: 0.661 Loaded shared library C:\Qt\6.6.0\msvc2019_64\bin\Qt6Core.dll
Event: 0.885 Loaded shared library C:\Users\its\AppData\Local\Temp\QtJambi6.6.0_7956\bin\QtJambi6.dll
Event: 1.198 Loaded shared library C:\Users\its\AppData\Local\Temp\QtJambi6.6.0_7956\bin\QtJambiCore6.dll
Event: 1.404 Loaded shared library C:\Qt\6.6.0\msvc2019_64\bin\Qt6Gui.dll
Event: 1.558 Loaded shared library C:\Users\its\AppData\Local\Temp\QtJambi6.6.0_7956\bin\QtJambiGui6.dll
Event: 1.579 Loaded shared library C:\Qt\6.6.0\msvc2019_64\bin\Qt6Widgets.dll
Event: 1.805 Loaded shared library C:\Users\its\AppData\Local\Temp\QtJambi6.6.0_7956\bin\QtJambiWidgets6.dll
Event: 24.658 Loaded shared library C:\Users\its\AppData\Local\Temp\sqlite-3.42.0.0-1eefab24-f397-4e19-bd9f-faf0149ac597-sqlitejdbc.dll

Deoptimization events (20 events):
Event: 24.649 Thread 0x0000021d820d5920 Uncommon trap: trap_request=0xffffff45 fr.pc=0x0000021d92ab3578 relative=0x00000000000003b8
Event: 24.649 Thread 0x0000021d820d5920 Uncommon trap: reason=unstable_if action=reinterpret pc=0x0000021d92ab3578 method=java.io.BufferedInputStream.read()I @ 23 c2
Event: 24.649 Thread 0x0000021d820d5920 DEOPT PACKING pc=0x0000021d92ab3578 sp=0x0000004a6c7f90e0
Event: 24.649 Thread 0x0000021d820d5920 DEOPT UNPACKING pc=0x0000021d924e69a3 sp=0x0000004a6c7f9038 mode 2
Event: 24.649 Thread 0x0000021d820d5920 Uncommon trap: trap_request=0xffffff45 fr.pc=0x0000021d92ab405c relative=0x00000000000001bc
Event: 24.649 Thread 0x0000021d820d5920 Uncommon trap: reason=unstable_if action=reinterpret pc=0x0000021d92ab405c method=java.io.BufferedInputStream.read()I @ 23 c2
Event: 24.649 Thread 0x0000021d820d5920 DEOPT PACKING pc=0x0000021d92ab405c sp=0x0000004a6c7f9070
Event: 24.649 Thread 0x0000021d820d5920 DEOPT UNPACKING pc=0x0000021d924e69a3 sp=0x0000004a6c7f9028 mode 2
Event: 26.192 Thread 0x0000021d820d5920 Uncommon trap: trap_request=0xffffff45 fr.pc=0x0000021d92a9aa94 relative=0x0000000000000094
Event: 26.192 Thread 0x0000021d820d5920 Uncommon trap: reason=unstable_if action=reinterpret pc=0x0000021d92a9aa94 method=java.lang.Integer.stringSize(I)I @ 19 c2
Event: 26.192 Thread 0x0000021d820d5920 DEOPT PACKING pc=0x0000021d92a9aa94 sp=0x0000004a6c7f9350
Event: 26.192 Thread 0x0000021d820d5920 DEOPT UNPACKING pc=0x0000021d924e69a3 sp=0x0000004a6c7f92c8 mode 2
Event: 26.198 Thread 0x0000021d820d5920 Uncommon trap: trap_request=0xffffff45 fr.pc=0x0000021d92a5ee28 relative=0x0000000000000128
Event: 26.198 Thread 0x0000021d820d5920 Uncommon trap: reason=unstable_if action=reinterpret pc=0x0000021d92a5ee28 method=java.lang.StringCoding.hasNegatives([BII)Z @ 12 c2
Event: 26.198 Thread 0x0000021d820d5920 DEOPT PACKING pc=0x0000021d92a5ee28 sp=0x0000004a6c7f9060
Event: 26.198 Thread 0x0000021d820d5920 DEOPT UNPACKING pc=0x0000021d924e69a3 sp=0x0000004a6c7f8ff0 mode 2
Event: 26.245 Thread 0x0000021d820d5920 DEOPT PACKING pc=0x0000021d8b27f7d6 sp=0x0000004a6c7f8e60
Event: 26.245 Thread 0x0000021d820d5920 DEOPT UNPACKING pc=0x0000021d924e7143 sp=0x0000004a6c7f8300 mode 0
Event: 28.630 Thread 0x0000021d820d5920 DEOPT PACKING pc=0x0000021d8b27f7d6 sp=0x0000004a6c7f9390
Event: 28.630 Thread 0x0000021d820d5920 DEOPT UNPACKING pc=0x0000021d924e7143 sp=0x0000004a6c7f8818 mode 0

Classes unloaded (0 events):
No events

Classes redefined (0 events):
No events

Internal exceptions (20 events):
Event: 2.113 Thread 0x0000021d820d5920 Exception <a 'java/lang/NoSuchMethodError'{0x00000000894cfa90}: 'java.lang.Object java.lang.invoke.DirectMethodHandle$Holder.newInvokeSpecial(java.lang.Object, java.lang.Object, java.lang.Object, java.lang.Object, java.lang.Object)'> (0x00000000894cfa90) 
thrown [s\src\hotspot\share\interpreter\linkResolver.cpp, line 759]
Event: 2.127 Thread 0x0000021d820d5920 Exception <a 'java/lang/NoSuchMethodError'{0x0000000089309c70}: 'java.lang.Object java.lang.invoke.DirectMethodHandle$Holder.invokeInterface(java.lang.Object, java.lang.Object)'> (0x0000000089309c70) 
thrown [s\src\hotspot\share\interpreter\linkResolver.cpp, line 759]
Event: 2.128 Thread 0x0000021d820d5920 Exception <a 'java/lang/IncompatibleClassChangeError'{0x000000008930d1c0}: Found class java.lang.Object, but interface was expected> (0x000000008930d1c0) 
thrown [s\src\hotspot\share\interpreter\linkResolver.cpp, line 826]
Event: 20.126 Thread 0x0000021d820d5920 Exception <a 'java/lang/NoSuchMethodError'{0x0000000088f15ad8}: 'java.lang.Object java.lang.invoke.DirectMethodHandle$Holder.newInvokeSpecial(java.lang.Object, java.lang.Object, java.lang.Object, java.lang.Object, java.lang.Object, java.lang.Object, java.lang.Object, java.lang.Object, java.lang.Object, java.lang.Object, java.lang.Object)'> (0x0000000088f15ad8) 
thrown [s\src\hotspot\share\interpreter\linkResolver.cpp, line 759]
Event: 20.126 Thread 0x0000021d820d5920 Exception <a 'java/lang/NoSuchMethodError'{0x0000000088f1a9c0}: 'java.lang.Object java.lang.invoke.DirectMethodHandle$Holder.invokeSpecial(java.lang.Object, java.lang.Object, java.lang.Object, java.lang.Object, java.lang.Object, java.lang.Object, java.lang.Object, java.lang.Object, java.lang.Object, java.lang.Object, java.lang.Object, java.lang.Object)'> (0x0000000088f1a9c0) 
thrown [s\src\hotspot\share\interpreter\linkResolver.cpp, line 759]
Event: 20.127 Thread 0x0000021d820d5920 Exception <a 'java/lang/NoSuchMethodError'{0x0000000088f1f068}: 'java.lang.Object java.lang.invoke.Invokers$Holder.linkToTargetMethod(java.lang.Object, java.lang.Object, java.lang.Object, java.lang.Object, java.lang.Object, java.lang.Object, java.lang.Object, java.lang.Object, java.lang.Object, java.lang.Object, java.lang.Object)'> (0x0000000088f1f068) 
thrown [s\src\hotspot\share\interpreter\linkResolver.cpp, line 759]
Event: 22.585 Thread 0x0000021d820d5920 Exception <a 'java/lang/NoSuchMethodError'{0x0000000088fa2e90}: 'java.lang.Object java.lang.invoke.Invokers$Holder.invoke_MT(java.lang.Object, java.lang.Object, java.lang.Object)'> (0x0000000088fa2e90) 
thrown [s\src\hotspot\share\interpreter\linkResolver.cpp, line 759]
Event: 23.917 Thread 0x0000021d820d5920 Exception <a 'java/lang/NoSuchMethodError'{0x0000000088c86930}: Lapp/backend/entities/DataTable;.<init>()V> (0x0000000088c86930) 
thrown [s\src\hotspot\share\prims\jni.cpp, line 1107]
Event: 23.917 Thread 0x0000021d820d5920 Exception <a 'java/lang/NoSuchMethodError'{0x0000000088c86c30}: clone> (0x0000000088c86c30) 
thrown [s\src\hotspot\share\prims\jni.cpp, line 1073]
Event: 24.003 Thread 0x0000021d820d5920 Exception <a 'java/lang/NoSuchMethodError'{0x0000000088a86a60}: Lapp/backend/table/Table;.<init>()V> (0x0000000088a86a60) 
thrown [s\src\hotspot\share\prims\jni.cpp, line 1107]
Event: 24.003 Thread 0x0000021d820d5920 Exception <a 'java/lang/NoSuchMethodError'{0x0000000088a86d98}: Lapp/backend/table/Table;.clone()Lapp/backend/table/Table;> (0x0000000088a86d98) 
thrown [s\src\hotspot\share\prims\jni.cpp, line 1107]
Event: 24.387 Thread 0x0000021d820d5920 Exception <a 'java/lang/NoSuchMethodError'{0x0000000089422cb0}: 'java.lang.Object java.lang.invoke.DirectMethodHandle$Holder.invokeStaticInit(java.lang.Object, int, int, int, int)'> (0x0000000089422cb0) 
thrown [s\src\hotspot\share\interpreter\linkResolver.cpp, line 759]
Event: 24.470 Thread 0x0000021d820d5920 Exception <a 'java/lang/NoSuchMethodError'{0x00000000894b6848}: 'java.lang.Object java.lang.invoke.DirectMethodHandle$Holder.invokeStaticInit(java.lang.Object, java.lang.Object, int, int, int, int)'> (0x00000000894b6848) 
thrown [s\src\hotspot\share\interpreter\linkResolver.cpp, line 759]
Event: 24.477 Thread 0x0000021d820d5920 Exception <a 'sun/nio/fs/WindowsException'{0x00000000894c7150}> (0x00000000894c7150) 
thrown [s\src\hotspot\share\prims\jni.cpp, line 516]
Event: 24.477 Thread 0x0000021d820d5920 Exception <a 'sun/nio/fs/WindowsException'{0x00000000894c74f0}> (0x00000000894c74f0) 
thrown [s\src\hotspot\share\prims\jni.cpp, line 516]
Event: 24.478 Thread 0x0000021d820d5920 Exception <a 'sun/nio/fs/WindowsException'{0x00000000894c8070}> (0x00000000894c8070) 
thrown [s\src\hotspot\share\prims\jni.cpp, line 516]
Event: 24.699 Thread 0x0000021d820d5920 Exception <a 'java/lang/NoSuchMethodError'{0x0000000089376168}: 'void java.lang.invoke.Invokers$Holder.invoke_MT(java.lang.Object, java.lang.Object, java.lang.Object, java.lang.Object)'> (0x0000000089376168) 
thrown [s\src\hotspot\share\interpreter\linkResolver.cpp, line 759]
Event: 24.720 Thread 0x0000021d820d5920 Exception <a 'java/lang/NoSuchMethodError'{0x00000000893f6a88}: 'java.lang.Object java.lang.invoke.DirectMethodHandle$Holder.invokeSpecial(java.lang.Object, java.lang.Object, int, java.lang.Object, long)'> (0x00000000893f6a88) 
thrown [s\src\hotspot\share\interpreter\linkResolver.cpp, line 759]
Event: 24.721 Thread 0x0000021d820d5920 Exception <a 'java/lang/NoSuchMethodError'{0x00000000893fd3c8}: 'java.lang.Object java.lang.invoke.DirectMethodHandle$Holder.newInvokeSpecial(java.lang.Object, java.lang.Object, int)'> (0x00000000893fd3c8) 
thrown [s\src\hotspot\share\interpreter\linkResolver.cpp, line 759]
Event: 26.213 Thread 0x0000021d820d5920 Exception <a 'java/lang/NoSuchMethodError'{0x0000000089161240}: 'java.lang.Object java.lang.invoke.DirectMethodHandle$Holder.invokeSpecial(java.lang.Object, java.lang.Object, int, long)'> (0x0000000089161240) 
thrown [s\src\hotspot\share\interpreter\linkResolver.cpp, line 759]

VM Operations (20 events):
Event: 24.231 Executing VM operation: HandshakeAllThreads
Event: 24.231 Executing VM operation: HandshakeAllThreads done
Event: 24.317 Executing VM operation: HandshakeAllThreads
Event: 24.317 Executing VM operation: HandshakeAllThreads done
Event: 24.366 Executing VM operation: HandshakeAllThreads
Event: 24.366 Executing VM operation: HandshakeAllThreads done
Event: 24.370 Executing VM operation: HandshakeAllThreads
Event: 24.370 Executing VM operation: HandshakeAllThreads done
Event: 24.403 Executing VM operation: HandshakeAllThreads
Event: 24.403 Executing VM operation: HandshakeAllThreads done
Event: 25.403 Executing VM operation: Cleanup
Event: 25.403 Executing VM operation: Cleanup done
Event: 26.404 Executing VM operation: Cleanup
Event: 26.404 Executing VM operation: Cleanup done
Event: 29.405 Executing VM operation: Cleanup
Event: 29.405 Executing VM operation: Cleanup done
Event: 48.441 Executing VM operation: G1CollectFull
Event: 48.461 Executing VM operation: G1CollectFull done
Event: 48.511 Executing VM operation: G1CollectFull
Event: 48.534 Executing VM operation: G1CollectFull done

Events (20 events):
Event: 24.726 loading class java/util/stream/Nodes$EmptyNode$OfInt
Event: 24.726 loading class java/util/stream/Node$OfInt
Event: 24.726 loading class java/util/stream/Node$OfPrimitive
Event: 24.726 loading class java/util/stream/Node$OfPrimitive done
Event: 24.726 loading class java/util/stream/Node$OfInt done
Event: 24.726 loading class java/util/stream/Nodes$EmptyNode$OfInt done
Event: 24.726 loading class java/util/stream/Nodes$EmptyNode$OfLong
Event: 24.726 loading class java/util/stream/Node$OfLong
Event: 24.726 loading class java/util/stream/Node$OfLong done
Event: 24.726 loading class java/util/stream/Nodes$EmptyNode$OfLong done
Event: 24.726 loading class java/util/stream/Nodes$EmptyNode$OfDouble
Event: 24.726 loading class java/util/stream/Node$OfDouble
Event: 24.726 loading class java/util/stream/Node$OfDouble done
Event: 24.726 loading class java/util/stream/Nodes$EmptyNode$OfDouble done
Event: 24.727 loading class java/util/stream/Nodes$FixedNodeBuilder
Event: 24.727 loading class java/util/stream/Node$Builder
Event: 24.727 loading class java/util/stream/Node$Builder done
Event: 24.727 loading class java/util/stream/Nodes$ArrayNode
Event: 24.727 loading class java/util/stream/Nodes$ArrayNode done
Event: 24.727 loading class java/util/stream/Nodes$FixedNodeBuilder done


Dynamic libraries:
0x00007ff7545d0000 - 0x00007ff7545dd000 	C:\Users\its\.jdks\liberica-17.0.7\bin\java.exe
0x00007ff8eefe0000 - 0x00007ff8ef1d0000 	C:\Windows\SYSTEM32\ntdll.dll
0x00007ff8edfa0000 - 0x00007ff8ee052000 	C:\Windows\System32\KERNEL32.DLL
0x00007ff8ecb30000 - 0x00007ff8ecdd5000 	C:\Windows\System32\KERNELBASE.dll
0x00007ff8ec930000 - 0x00007ff8eca2a000 	C:\Windows\System32\ucrtbase.dll
0x00007ff8e55a0000 - 0x00007ff8e55b5000 	C:\Users\its\.jdks\liberica-17.0.7\bin\VCRUNTIME140.dll
0x00007ff8e4710000 - 0x00007ff8e4727000 	C:\Users\its\.jdks\liberica-17.0.7\bin\jli.dll
0x00007ff8d9b90000 - 0x00007ff8d9e14000 	C:\Windows\WinSxS\amd64_microsoft.windows.common-controls_6595b64144ccf1df_6.0.18362.1256_none_9e7e379be45e40e2\COMCTL32.dll
0x00007ff8ed260000 - 0x00007ff8ed2fe000 	C:\Windows\System32\msvcrt.dll
0x00007ff8edc00000 - 0x00007ff8edf36000 	C:\Windows\System32\combase.dll
0x00007ff8ed6a0000 - 0x00007ff8ed834000 	C:\Windows\System32\USER32.dll
0x00007ff8eda20000 - 0x00007ff8edb40000 	C:\Windows\System32\RPCRT4.dll
0x00007ff8eca30000 - 0x00007ff8eca51000 	C:\Windows\System32\win32u.dll
0x00007ff8ed9f0000 - 0x00007ff8eda16000 	C:\Windows\System32\GDI32.dll
0x00007ff8ecf60000 - 0x00007ff8ecfe1000 	C:\Windows\System32\bcryptPrimitives.dll
0x00007ff8ebf50000 - 0x00007ff8ec0e6000 	C:\Windows\System32\gdi32full.dll
0x00007ff8ecff0000 - 0x00007ff8ed08e000 	C:\Windows\System32\msvcp_win.dll
0x00007ff8ed440000 - 0x00007ff8ed46e000 	C:\Windows\System32\IMM32.DLL
0x00007ff8dc650000 - 0x00007ff8dc6eb000 	C:\Users\its\.jdks\liberica-17.0.7\bin\msvcp140.dll
0x00007ff8a5320000 - 0x00007ff8a5f42000 	C:\Users\its\.jdks\liberica-17.0.7\bin\server\jvm.dll
0x00007ff8eeef0000 - 0x00007ff8eef93000 	C:\Windows\System32\ADVAPI32.dll
0x00007ff8ed0f0000 - 0x00007ff8ed187000 	C:\Windows\System32\sechost.dll
0x00007ff8dcee0000 - 0x00007ff8dcee9000 	C:\Windows\SYSTEM32\WSOCK32.dll
0x00007ff8ed630000 - 0x00007ff8ed69f000 	C:\Windows\System32\WS2_32.dll
0x00007ff8e98b0000 - 0x00007ff8e98d4000 	C:\Windows\SYSTEM32\WINMM.dll
0x00007ff8dfc80000 - 0x00007ff8dfc8a000 	C:\Windows\SYSTEM32\VERSION.dll
0x00007ff8e9880000 - 0x00007ff8e98ad000 	C:\Windows\SYSTEM32\WINMMBASE.dll
0x00007ff8ec8e0000 - 0x00007ff8ec92a000 	C:\Windows\System32\cfgmgr32.dll
0x00007ff8ebee0000 - 0x00007ff8ebef1000 	C:\Windows\System32\kernel.appcore.dll
0x00007ff8e5460000 - 0x00007ff8e546a000 	C:\Users\its\.jdks\liberica-17.0.7\bin\jimage.dll
0x00007ff8ea600000 - 0x00007ff8ea7f4000 	C:\Windows\SYSTEM32\DBGHELP.DLL
0x00007ff8dac40000 - 0x00007ff8dac6a000 	C:\Windows\SYSTEM32\dbgcore.DLL
0x00007ff8def40000 - 0x00007ff8def65000 	C:\Users\its\.jdks\liberica-17.0.7\bin\java.dll
0x00007ff8d7380000 - 0x00007ff8d7456000 	C:\Users\its\.jdks\liberica-17.0.7\bin\jsvml.dll
0x00007ff8ee230000 - 0x00007ff8ee917000 	C:\Windows\System32\SHELL32.dll
0x00007ff8edb50000 - 0x00007ff8edbf9000 	C:\Windows\System32\shcore.dll
0x00007ff8ec150000 - 0x00007ff8ec8d1000 	C:\Windows\System32\windows.storage.dll
0x00007ff8ebe90000 - 0x00007ff8ebeb3000 	C:\Windows\System32\profapi.dll
0x00007ff8ebf00000 - 0x00007ff8ebf4a000 	C:\Windows\System32\powrprof.dll
0x00007ff8ebe80000 - 0x00007ff8ebe90000 	C:\Windows\System32\UMPDC.dll
0x00007ff8ed300000 - 0x00007ff8ed352000 	C:\Windows\System32\shlwapi.dll
0x00007ff8eca60000 - 0x00007ff8eca77000 	C:\Windows\System32\cryptsp.dll
0x00007ff8de4b0000 - 0x00007ff8de4c9000 	C:\Users\its\.jdks\liberica-17.0.7\bin\net.dll
0x00007ff8de360000 - 0x00007ff8de450000 	C:\Windows\SYSTEM32\WINHTTP.dll
0x00007ff8eb670000 - 0x00007ff8eb6d7000 	C:\Windows\system32\mswsock.dll
0x00007ff8dc630000 - 0x00007ff8dc645000 	C:\Users\its\.jdks\liberica-17.0.7\bin\nio.dll
0x00007ff8dc610000 - 0x00007ff8dc628000 	C:\Users\its\.jdks\liberica-17.0.7\bin\zip.dll
0x00007ff8e7da0000 - 0x00007ff8e7da9000 	C:\Users\its\.jdks\liberica-17.0.7\bin\prefs.dll
0x0000021d800e0000 - 0x0000021d800e9000 	C:\Windows\System32\icuuc.dll
0x00007ff89c670000 - 0x00007ff89cc77000 	C:\Qt\6.6.0\msvc2019_64\bin\Qt6Core.dll
0x00007ff8ee920000 - 0x00007ff8eea77000 	C:\Windows\System32\ole32.dll
0x00007ff8ed370000 - 0x00007ff8ed435000 	C:\Windows\System32\OLEAUT32.dll
0x00007ff8dc890000 - 0x00007ff8dc8ab000 	C:\Windows\SYSTEM32\MPR.dll
0x00007ff8ebda0000 - 0x00007ff8ebdc5000 	C:\Windows\SYSTEM32\USERENV.dll
0x00007ff8eaf60000 - 0x00007ff8eafaa000 	C:\Windows\SYSTEM32\AUTHZ.dll
0x00007ff8d74e0000 - 0x00007ff8d74f7000 	C:\Windows\SYSTEM32\NETAPI32.dll
0x00007ff8e7ce0000 - 0x00007ff8e7ce9000 	C:\Users\its\.jdks\liberica-17.0.7\bin\MSVCP140_1.dll
0x00007ff8e9970000 - 0x00007ff8e997c000 	C:\Windows\SYSTEM32\VCRUNTIME140_1.dll
0x00007ff8eb840000 - 0x00007ff8eb84c000 	C:\Windows\SYSTEM32\CRYPTBASE.DLL
0x00007ff8d74b0000 - 0x00007ff8d74d6000 	C:\Windows\SYSTEM32\SRVCLI.DLL
0x00007ff8eb490000 - 0x00007ff8eb49c000 	C:\Windows\SYSTEM32\NETUTILS.DLL
0x00007ff89c1e0000 - 0x00007ff89c66e000 	C:\Users\its\AppData\Local\Temp\QtJambi6.6.0_7956\bin\QtJambi6.dll
0x00007ff883bb0000 - 0x00007ff884e1b000 	C:\Users\its\AppData\Local\Temp\QtJambi6.6.0_7956\bin\QtJambiCore6.dll
0x00007ff89b950000 - 0x00007ff89c1df000 	C:\Qt\6.6.0\msvc2019_64\bin\Qt6Gui.dll
0x00007ff8e8730000 - 0x00007ff8e898b000 	C:\Windows\SYSTEM32\d3d11.dll
0x00007ff8eab50000 - 0x00007ff8eac3b000 	C:\Windows\SYSTEM32\dxgi.dll
0x00007ff8bf020000 - 0x00007ff8bf1f2000 	C:\Windows\SYSTEM32\d3d12.dll
0x00007ff8df3c0000 - 0x00007ff8df6be000 	C:\Windows\SYSTEM32\DWrite.dll
0x00007ff8de610000 - 0x00007ff8de642000 	C:\Users\its\.jdks\liberica-17.0.7\bin\MSVCP140_2.dll
0x00007ff8eaac0000 - 0x00007ff8eaae0000 	C:\Windows\SYSTEM32\dxcore.dll
0x00007ff883610000 - 0x00007ff883ba2000 	C:\Users\its\AppData\Local\Temp\QtJambi6.6.0_7956\bin\QtJambiGui6.dll
0x00007ff882fe0000 - 0x00007ff88360a000 	C:\Qt\6.6.0\msvc2019_64\bin\Qt6Widgets.dll
0x00007ff8ea080000 - 0x00007ff8ea0ad000 	C:\Windows\SYSTEM32\dwmapi.dll
0x00007ff8e9be0000 - 0x00007ff8e9c79000 	C:\Windows\SYSTEM32\UxTheme.dll
0x00007ff8826e0000 - 0x00007ff882fd4000 	C:\Users\its\AppData\Local\Temp\QtJambi6.6.0_7956\bin\QtJambiWidgets6.dll
0x00007ff8c4d10000 - 0x00007ff8c4dee000 	C:\Qt\6.6.0\msvc2019_64\plugins\platforms\qwindows.dll
0x00007ff8eea80000 - 0x00007ff8eeef0000 	C:\Windows\System32\SETUPAPI.dll
0x00007ff8ecf30000 - 0x00007ff8ecf56000 	C:\Windows\System32\bcrypt.dll
0x00007ff8ed190000 - 0x00007ff8ed260000 	C:\Windows\System32\COMDLG32.dll
0x00007ff8ea800000 - 0x00007ff8ea813000 	C:\Windows\SYSTEM32\WTSAPI32.dll
0x00007ff8bee50000 - 0x00007ff8bf017000 	C:\Windows\SYSTEM32\d3d9.dll
0x00007ff8ed4f0000 - 0x00007ff8ed625000 	C:\Windows\System32\MSCTF.dll
0x00007ff8ebc70000 - 0x00007ff8ebc9a000 	C:\Windows\SYSTEM32\DEVOBJ.dll
0x00007ff8ed840000 - 0x00007ff8ed8e2000 	C:\Windows\System32\clbcatq.dll
0x00007ff8e1950000 - 0x00007ff8e1aa1000 	C:\Windows\System32\Windows.UI.dll
0x00007ff8e18b0000 - 0x00007ff8e194e000 	C:\Windows\System32\TextInputFramework.dll
0x00007ff8e76b0000 - 0x00007ff8e79da000 	C:\Windows\System32\CoreUIComponents.dll
0x00007ff8e1790000 - 0x00007ff8e18ab000 	C:\Windows\System32\InputHost.dll
0x00007ff8e9650000 - 0x00007ff8e9724000 	C:\Windows\System32\CoreMessaging.dll
0x00007ff8e7550000 - 0x00007ff8e76a3000 	C:\Windows\SYSTEM32\wintypes.dll
0x00007ff8eaec0000 - 0x00007ff8eaef1000 	C:\Windows\SYSTEM32\ntmarta.dll
0x00007ff8ea330000 - 0x00007ff8ea420000 	C:\Windows\System32\PROPSYS.dll
0x00007ff8dfcb0000 - 0x00007ff8dfdc2000 	C:\Windows\System32\Windows.UI.Immersive.dll
0x00007ff8de200000 - 0x00007ff8de225000 	C:\Qt\6.6.0\msvc2019_64\plugins\styles\qwindowsvistastyle.dll
0x00007ff8e7cd0000 - 0x00007ff8e7cde000 	C:\Qt\6.6.0\msvc2019_64\plugins\imageformats\qgif.dll
0x00007ff8e5750000 - 0x00007ff8e5760000 	C:\Qt\6.6.0\msvc2019_64\plugins\imageformats\qicns.dll
0x00007ff8e1ca0000 - 0x00007ff8e1cae000 	C:\Qt\6.6.0\msvc2019_64\plugins\imageformats\qico.dll
0x00007ff8dab00000 - 0x00007ff8dab9c000 	C:\Qt\6.6.0\msvc2019_64\plugins\imageformats\qjpeg.dll
0x00007ff8e1c90000 - 0x00007ff8e1c9d000 	C:\Qt\6.6.0\msvc2019_64\plugins\imageformats\qpdf.dll
0x00007ff882190000 - 0x00007ff8826da000 	C:\Qt\6.6.0\msvc2019_64\bin\Qt6Pdf.dll
0x00007ff8bdec0000 - 0x00007ff8be033000 	C:\Qt\6.6.0\msvc2019_64\bin\Qt6Network.dll
0x00007ff8eb380000 - 0x00007ff8eb3ba000 	C:\Windows\SYSTEM32\IPHLPAPI.DLL
0x00007ff8eb3c0000 - 0x00007ff8eb48b000 	C:\Windows\SYSTEM32\DNSAPI.dll
0x00007ff8dce70000 - 0x00007ff8dce7c000 	C:\Windows\SYSTEM32\Secur32.dll
0x00007ff8ed4e0000 - 0x00007ff8ed4e8000 	C:\Windows\System32\NSI.dll
0x00007ff8ebd60000 - 0x00007ff8ebd97000 	C:\Windows\SYSTEM32\SSPICLI.DLL
0x00007ff8e1c70000 - 0x00007ff8e1c7c000 	C:\Qt\6.6.0\msvc2019_64\plugins\imageformats\qsvg.dll
0x00007ff8cf7f0000 - 0x00007ff8cf84f000 	C:\Qt\6.6.0\msvc2019_64\bin\Qt6Svg.dll
0x00007ff8de1f0000 - 0x00007ff8de1fc000 	C:\Qt\6.6.0\msvc2019_64\plugins\imageformats\qtga.dll
0x00007ff8cf780000 - 0x00007ff8cf7ea000 	C:\Qt\6.6.0\msvc2019_64\plugins\imageformats\qtiff.dll
0x00007ff8de0d0000 - 0x00007ff8de0dc000 	C:\Qt\6.6.0\msvc2019_64\plugins\imageformats\qwbmp.dll
0x00007ff8c0060000 - 0x00007ff8c00e8000 	C:\Qt\6.6.0\msvc2019_64\plugins\imageformats\qwebp.dll
0x00007ff8d0af0000 - 0x00007ff8d0b2a000 	C:\Windows\system32\dataexchange.dll
0x00007ff8e8df0000 - 0x00007ff8e8fcd000 	C:\Windows\system32\dcomp.dll
0x00007ff8e9cb0000 - 0x00007ff8e9f12000 	C:\Windows\system32\twinapi.appcore.dll
0x00007ff8ea190000 - 0x00007ff8ea1b9000 	C:\Windows\system32\RMCLIENT.dll
0x00007ff8dfe00000 - 0x00007ff8e00a7000 	C:\Windows\System32\iertutil.dll
0x00007ff8cfa50000 - 0x00007ff8cfc56000 	C:\Windows\system32\explorerframe.dll
0x00007ff8c4ac0000 - 0x00007ff8c4c73000 	C:\Windows\SYSTEM32\DUI70.dll
0x00007ff8de150000 - 0x00007ff8de1e3000 	C:\Windows\SYSTEM32\DUser.dll
0x00007ff8cea30000 - 0x00007ff8cea53000 	C:\Windows\SYSTEM32\edputil.dll
0x00007ff8e72d0000 - 0x00007ff8e747f000 	C:\Windows\SYSTEM32\WindowsCodecs.dll
0x00007ff8cea60000 - 0x00007ff8ceabe000 	C:\Windows\System32\thumbcache.dll
0x00007ff8e4530000 - 0x00007ff8e45b9000 	C:\Windows\SYSTEM32\policymanager.dll
0x00007ff8e8010000 - 0x00007ff8e809a000 	C:\Windows\SYSTEM32\msvcp110_win.dll
0x00007ff8ded80000 - 0x00007ff8def39000 	C:\Windows\System32\Windows.Globalization.dll
0x00007ff8e1d10000 - 0x00007ff8e1d6d000 	C:\Windows\System32\Bcp47Langs.dll
0x00007ff8e1500000 - 0x00007ff8e1530000 	C:\Windows\System32\bcp47mrm.dll

dbghelp: loaded successfully - version: 4.0.5 - missing functions: none
symbol engine: initialized successfully - sym options: 0x614 - pdb path: .;C:\Users\its\.jdks\liberica-17.0.7\bin;C:\Windows\SYSTEM32;C:\Windows\WinSxS\amd64_microsoft.windows.common-controls_6595b64144ccf1df_6.0.18362.1256_none_9e7e379be45e40e2;C:\Users\its\.jdks\liberica-17.0.7\bin\server;C:\Qt\6.6.0\msvc2019_64\bin;C:\Users\its\AppData\Local\Temp\QtJambi6.6.0_7956\bin;C:\Qt\6.6.0\msvc2019_64\plugins\platforms;C:\Qt\6.6.0\msvc2019_64\plugins\styles;C:\Qt\6.6.0\msvc2019_64\plugins\imageformats;C:\Windows\WinSxS\amd64_microsoft.windows.gdiplus_6595b64144ccf1df_1.1.18362.1256_none_cf692a813ef0bab0;C:\PROGRA~1\MICROS~1\Office16;C:\PROGRA~1\MICROS~1\Office16\1049;C:\Program Files\Common Files\Autodesk Shared;C:\Users\its\AppData\Local\Temp

VM Arguments:
jvm_args: -Djava.library.path=C:\Qt\6.6.0\msvc2019_64\bin -Dfile.encoding=windows-1251 -Duser.country=RU -Duser.language=ru -Duser.variant 
java_command: Main
java_class_path (initial): C:\Users\its\Desktop\software\UI\DBBrowser\build\classes\java\main;C:\Users\its\Desktop\software\UI\DBBrowser\build\resources\main;C:\Users\its\Desktop\software\UI\DBBrowser\build\libs\qtjambi-native-windows-x64-6.6.0.jar;C:\Users\its\.gradle\caches\modules-2\files-2.1\io.qtjambi\qtjambi\6.6.0\122bd017d9f98685b5632c0c0a7c677df68db02e\qtjambi-6.6.0.jar;C:\Users\its\.gradle\caches\modules-2\files-2.1\org.postgresql\postgresql\42.6.0\7614cfce466145b84972781ab0079b8dea49e363\postgresql-42.6.0.jar;C:\Users\its\.gradle\caches\modules-2\files-2.1\org.xerial\sqlite-jdbc\3.42.0.0\a4c84376df810062d20c84777b84ec077b5ecdab\sqlite-jdbc-3.42.0.0.jar;C:\Users\its\.gradle\caches\modules-2\files-2.1\org.checkerframework\checker-qual\3.31.0\eeefd4af42e2f4221d145c1791582f91868f99ab\checker-qual-3.31.0.jar
Launcher Type: SUN_STANDARD

[Global flags]
     intx CICompilerCount                          = 3                                         {product} {ergonomic}
     uint ConcGCThreads                            = 1                                         {product} {ergonomic}
     uint G1ConcRefinementThreads                  = 4                                         {product} {ergonomic}
   size_t G1HeapRegionSize                         = 1048576                                   {product} {ergonomic}
    uintx GCDrainStackTargetSize                   = 64                                        {product} {ergonomic}
   size_t InitialHeapSize                          = 134217728                                 {product} {ergonomic}
   size_t MarkStackSize                            = 4194304                                   {product} {ergonomic}
   size_t MaxHeapSize                              = 2118123520                                {product} {ergonomic}
   size_t MaxNewSize                               = 1270874112                                {product} {ergonomic}
   size_t MinHeapDeltaBytes                        = 1048576                                   {product} {ergonomic}
   size_t MinHeapSize                              = 8388608                                   {product} {ergonomic}
    uintx NonNMethodCodeHeapSize                   = 5832780                                {pd product} {ergonomic}
    uintx NonProfiledCodeHeapSize                  = 122912730                              {pd product} {ergonomic}
    uintx ProfiledCodeHeapSize                     = 122912730                              {pd product} {ergonomic}
    uintx ReservedCodeCacheSize                    = 251658240                              {pd product} {ergonomic}
     bool SegmentedCodeCache                       = true                                      {product} {ergonomic}
   size_t SoftMaxHeapSize                          = 2118123520                             {manageable} {ergonomic}
     bool UseCompressedClassPointers               = true                           {product lp64_product} {ergonomic}
     bool UseCompressedOops                        = true                           {product lp64_product} {ergonomic}
     bool UseG1GC                                  = true                                      {product} {ergonomic}
     bool UseLargePagesIndividualAllocation        = false                                  {pd product} {ergonomic}

Logging:
Log output configuration:
 #0: stdout all=warning uptime,level,tags
 #1: stderr all=off uptime,level,tags

Environment Variables:
JAVA_HOME=C:\Users\its\.jdks\corretto-1.8.0_382
PATH=C:\Qt\6.6.0\msvc2019_64\bin;C:\Users\its\AppData\Local\Temp\QtJambi6.6.0_7956\bin;C:\Program Files\Common Files\Oracle\Java\javapath;C:\Program Files (x86)\Common Files\Oracle\Java\javapath;C:\Python311\Scripts\;C:\Python311\;C:\Windows\system32;C:\Windows;C:\Windows\System32\Wbem;C:\Windows\System32\WindowsPowerShell\v1.0\;C:\Windows\System32\OpenSSH\;C:\ProgramData\chocolatey\bin;C:\Program Files\Git\cmd;C:\Program Files\PuTTY\;C:\Program Files\nodejs\;C:\HaxeToolkit\haxe;C:\HaxeToolkit\neko;C:\Users\its\AppData\Roaming\local\bin;C:\Users\its\AppData\Local\Microsoft\WindowsApps;C:\Users\its\AppData\Local\Programs\Microsoft VS Code\bin;C:\Users\its\AppData\Roaming\cabal\bin;C:\tools\ghc-9.2.1\bin;C:\tools\msys64;C:\Program Files\JetBrains\IntelliJ IDEA Community Edition 2022.2.1\bin;;C:\Users\its\.jdks\corretto-16.0.2\bin;C:\Program Files\swipl\bin;C:\Strawberry\c\bin\spin;C:\Strawberry\c\bin\;C:\ActiveTcl\bin\;C:\Program Files\JetBrains\WebStorm 2022.3.3\bin;C:\Users\its\AppData\Roaming\npm;C:\Program Files\Java\jdk-17\bin
USERNAME=its
OS=Windows_NT
PROCESSOR_IDENTIFIER=Intel64 Family 6 Model 58 Stepping 9, GenuineIntel
TMP=C:\Users\its\AppData\Local\Temp
TEMP=C:\Users\its\AppData\Local\Temp



---------------  S Y S T E M  ---------------

OS:
 Windows 10 , 64 bit Build 18362 (10.0.18362.1110)
OS uptime: 0 days 7:31 hours

CPU: total 4 (initial active 4) (2 cores per cpu, 2 threads per core) family 6 model 58 stepping 9 microcode 0x20, cx8, cmov, fxsr, ht, mmx, sse, sse2, sse3, ssse3, sse4.1, sse4.2, popcnt, tsc, tscinvbit, avx, aes, erms, clmul, vzeroupper, clflush

Memory: 4k page, system-wide physical 8077M (1733M free)
TotalPageFile size 10253M (AvailPageFile size 4071M)
current process WorkingSet (physical memory assigned to process): 136M, peak: 158M
current process commit charge ("private bytes"): 143M, peak: 265M

vm_info: OpenJDK 64-Bit Server VM (17.0.7+7-LTS) for windows-amd64 JRE (17.0.7+7-LTS), built on Apr 18 2023 18:44:51 by "" with MS VC++ 15.9 (VS2017)

END.
