#
# A fatal error has been detected by the Java Runtime Environment:
#
#  EXCEPTION_ACCESS_VIOLATION (0xc0000005) at pc=0x00007ffd8bdeda1e, pid=5904, tid=4108
#
# JRE version: OpenJDK Runtime Environment (17.0.7+7) (build 17.0.7+7-LTS)
# Java VM: OpenJDK 64-Bit Server VM (17.0.7+7-LTS, mixed mode, sharing, tiered, compressed oops, compressed class ptrs, g1 gc, windows-amd64)
# Problematic frame:
# C  [Qt6Core.dll+0x9da1e]
#
# No core dump will be written. Minidumps are not enabled by default on client versions of Windows
#
# If you would like to submit a bug report, please visit:
#   https://bell-sw.com/support
# The crash happened outside the Java Virtual Machine in native code.
# See problematic frame for where to report the bug.
#

---------------  S U M M A R Y ------------

Command Line: -Djava.library.path=C:\Qt\6.6.0\msvc2019_64\bin -Dfile.encoding=windows-1251 -Duser.country=RU -Duser.language=ru -Duser.variant Main

Host: Intel(R) Core(TM) i5-3317U CPU @ 1.70GHz, 4 cores, 7G,  Windows 10 , 64 bit Build 18362 (10.0.18362.1110)
Time: Fri Dec 22 13:43:54 2023 Новосибирское стандартное время elapsed time: 186.341434 seconds (0d 0h 3m 6s)

---------------  T H R E A D  ---------------

Current thread (0x0000029192c45440):  JavaThread "main" [_thread_in_native, id=4108, stack(0x000000f53f300000,0x000000f53f400000)]

Stack: [0x000000f53f300000,0x000000f53f400000],  sp=0x000000f53f3fdf90,  free space=1015k
Native frames: (J=compiled Java code, j=interpreted, Vv=VM code, C=native code)
C  [Qt6Core.dll+0x9da1e]

Java frames: (J=compiled Java code, j=interpreted, Vv=VM code)
j  io.qt.core.QCoreApplication.sendPostedEvents_native_QObject_ptr_int(JI)V+0
j  io.qt.core.QCoreApplication.sendPostedEvents(Lio/qt/core/QObject;I)V+10
j  io.qt.core.QCoreApplication.shutdown()V+498
j  io.qt.widgets.QApplication.shutdown()V+0
j  Main.main([Ljava/lang/String;)V+31
v  ~StubRoutines::call_stub

siginfo: EXCEPTION_ACCESS_VIOLATION (0xc0000005), reading address 0xffffffffffffffff


Register to memory mapping:

RIP=0x00007ffd8bdeda1e Qt6Core.dll
RAX=0x0000b7cb0090065b is an unknown value
RBX=0x8000f6fda94e0e70 is an unknown value
RCX=0x00000291b6bd23e0 points into unknown readable memory: 0x00007ffd8c0fe9b0 | b0 e9 0f 8c fd 7f 00 00
RDX=0x0 is NULL
RSP=0x000000f53f3fdf90 is pointing into the stack for thread: 0x0000029192c45440
RBP=0x000000f53f3fe090 is pointing into the stack for thread: 0x0000029192c45440
RSI=0x00000291bc0e5b00 points into unknown readable memory: 0x00007ffd8c10d390 | 90 d3 10 8c fd 7f 00 00
RDI=0x8000f6fda94e0e18 is an unknown value
R8 =0x0000000000000005 is an unknown value
R9 =0x0000000000000001 is an unknown value
R10=0x0000000000008000 is an unknown value
R11=0x000000f53f3fe990 is pointing into the stack for thread: 0x0000029192c45440
R12=0x00000291b6bd23e0 points into unknown readable memory: 0x00007ffd8c0fe9b0 | b0 e9 0f 8c fd 7f 00 00
R13=0x0 is NULL
R14=0x00000291bbf1d6d0 points into unknown readable memory: 0x0000000000000000 | 00 00 00 00 00 00 00 00
R15=0x0000000000000001 is an unknown value


Registers:
RAX=0x0000b7cb0090065b, RBX=0x8000f6fda94e0e70, RCX=0x00000291b6bd23e0, RDX=0x0000000000000000
RSP=0x000000f53f3fdf90, RBP=0x000000f53f3fe090, RSI=0x00000291bc0e5b00, RDI=0x8000f6fda94e0e18
R8 =0x0000000000000005, R9 =0x0000000000000001, R10=0x0000000000008000, R11=0x000000f53f3fe990
R12=0x00000291b6bd23e0, R13=0x0000000000000000, R14=0x00000291bbf1d6d0, R15=0x0000000000000001
RIP=0x00007ffd8bdeda1e, EFLAGS=0x0000000000010286

Top of Stack: (sp=0x000000f53f3fdf90)
0x000000f53f3fdf90:   000000f53f3fdfb0 000000f53f3fdfd8
0x000000f53f3fdfa0:   00000291bbca63b0 00007ffde50a06e1
0x000000f53f3fdfb0:   0000000000000000 0000029100000000
0x000000f53f3fdfc0:   0000000000000e5c 000000000002001f
0x000000f53f3fdfd0:   0000000000000830 0000000000000000
0x000000f53f3fdfe0:   0000000000000000 00007ffde50a37b4
0x000000f53f3fdff0:   0000000000000002 00000291b6bd23e0
0x000000f53f3fe000:   0000000000000030 0000000000000e5c
0x000000f53f3fe010:   000000f53f3fe2e8 0000000000000000
0x000000f53f3fe020:   0000000000000000 00007ffde509b91f
0x000000f53f3fe030:   0000000000e50122 0000000000000030
0x000000f53f3fe040:   00000291b6b3e5b0 0000000000000e5c
0x000000f53f3fe050:   000000f53f3fe2e8 00007ffd8bec0e22
0x000000f53f3fe060:   0000029100000000 0000029190a539c0
0x000000f53f3fe070:   00000291bbef9b90 0000029190a50000
0x000000f53f3fe080:   0000029190a502ac 00000291b6b8b8d0 

Instructions: (pc=0x00007ffd8bdeda1e)
0x00007ffd8bded91e:   48 8b 4b 08 48 85 c9 74 0f 48 8b 11 48 8b 02 41
0x00007ffd8bded92e:   8b d6 ff 15 c2 b3 2f 00 48 89 6b 08 48 8b 5c 24
0x00007ffd8bded93e:   48 49 8b c6 4c 8b 74 24 20 f0 48 0f b1 2f 48 8b
0x00007ffd8bded94e:   6c 24 50 74 08 48 8b cf e8 45 c9 18 00 48 8b 7c
0x00007ffd8bded95e:   24 28 48 83 c4 30 5e c3 cc cc cc cc cc cc cc cc
0x00007ffd8bded96e:   cc cc 48 89 5c 24 10 48 89 74 24 18 48 89 7c 24
0x00007ffd8bded97e:   20 55 41 54 41 55 41 56 41 57 48 8d ac 24 40 f8
0x00007ffd8bded98e:   ff ff 48 81 ec c0 08 00 00 48 8b 05 8a 4e 4e 00
0x00007ffd8bded99e:   48 33 c4 48 89 85 b0 07 00 00 89 54 24 48 4c 8b
0x00007ffd8bded9ae:   e1 48 89 4c 24 68 45 33 ed 4c 89 6d 88 44 88 6d
0x00007ffd8bded9be:   90 48 85 c9 75 40 b1 01 e8 85 ac 18 00 48 89 45
0x00007ffd8bded9ce:   80 48 8d 58 58 48 8b 03 45 8d 7c 24 01 48 85 c0
0x00007ffd8bded9de:   75 07 f0 4c 0f b1 3b 74 08 48 8b cb e8 81 c4 18
0x00007ffd8bded9ee:   00 48 8b 45 80 48 89 44 24 28 48 89 5c 24 30 44
0x00007ffd8bded9fe:   88 7c 24 38 eb 6e 48 8b 71 08 41 bf 01 00 00 00
0x00007ffd8bdeda0e:   66 90 48 8b 7e 58 90 48 85 ff 74 4a 48 8d 5f 58
0x00007ffd8bdeda1e:   48 8b 03 48 85 c0 75 07 f0 4c 0f b1 3b 74 08 48
0x00007ffd8bdeda2e:   8b cb e8 3b c4 18 00 48 8b 46 58 90 48 3b f8 74
0x00007ffd8bdeda3e:   14 49 8b c7 f0 4c 0f b1 2b 74 c7 48 8b cb e8 4f
0x00007ffd8bdeda4e:   c8 18 00 eb bd 48 89 7c 24 28 48 89 5c 24 30 44
0x00007ffd8bdeda5e:   88 7c 24 38 eb 0e 0f 57 c0 f3 0f 7f 44 24 28 c6
0x00007ffd8bdeda6e:   44 24 38 00 4d 85 e4 74 1d 49 8b 44 24 08 8b 40
0x00007ffd8bdeda7e:   34 90 85 c0 75 10 44 0f b6 74 24 38 48 8b 74 24
0x00007ffd8bdeda8e:   30 e9 5a 03 00 00 66 0f 6f 05 c4 65 31 00 f3 0f
0x00007ffd8bdeda9e:   7f 45 98 48 8d 45 b0 48 89 45 a8 48 8b 44 24 28
0x00007ffd8bdedaae:   4c 8b 40 38 4c 89 44 24 50 4d 8b f5 4c 89 6c 24
0x00007ffd8bdedabe:   58 4d 85 c0 0f 8e 24 02 00 00 48 83 c0 30 48 89
0x00007ffd8bdedace:   44 24 20 45 33 ff 4c 89 7c 24 60 33 c9 48 89 4c
0x00007ffd8bdedade:   24 40 48 8b 30 49 03 f7 4d 85 e4 74 09 4c 39 26
0x00007ffd8bdedaee:   0f 85 30 01 00 00 48 8b 46 08 48 85 c0 0f 84 23
0x00007ffd8bdedafe:   01 00 00 8b 54 24 48 85 d2 74 0c 0f b7 40 08 3b
0x00007ffd8bdedb0e:   c2 0f 85 0f 01 00 00 48 8b 06 48 8b 48 08 b8 ff 


Stack slot to memory mapping:
stack at sp + 0 slots: 0x000000f53f3fdfb0 is pointing into the stack for thread: 0x0000029192c45440
stack at sp + 1 slots: 0x000000f53f3fdfd8 is pointing into the stack for thread: 0x0000029192c45440
stack at sp + 2 slots: 0x00000291bbca63b0 points into unknown readable memory: 0x0000000100000001 | 01 00 00 00 01 00 00 00
stack at sp + 3 slots: 0x00007ffde50a06e1 ntdll.dll
stack at sp + 4 slots: 0x0 is NULL
stack at sp + 5 slots: 0x0000029100000000 is an unknown value
stack at sp + 6 slots: 0x0000000000000e5c is an unknown value
stack at sp + 7 slots: 0x000000000002001f is an unknown value


---------------  P R O C E S S  ---------------

Threads class SMR info:
_java_thread_list=0x00000291b66e3850, length=13, elements={
0x0000029192c45440, 0x00000291b1a96b40, 0x00000291b1a978c0, 0x00000291b1ab0030,
0x00000291b1ab1a00, 0x00000291b1ab43d0, 0x00000291b1ab4c90, 0x00000291b1ab6890,
0x00000291b1ab7190, 0x00000291b6010060, 0x00000291b60f91b0, 0x00000291b6121910,
0x00000291b67aace0
}

Java Threads: ( => current thread )
=>0x0000029192c45440 JavaThread "main" [_thread_in_native, id=4108, stack(0x000000f53f300000,0x000000f53f400000)]
  0x00000291b1a96b40 JavaThread "Reference Handler" daemon [_thread_blocked, id=8580, stack(0x000000f53fa00000,0x000000f53fb00000)]
  0x00000291b1a978c0 JavaThread "Finalizer" daemon [_thread_blocked, id=8656, stack(0x000000f53fb00000,0x000000f53fc00000)]
  0x00000291b1ab0030 JavaThread "Signal Dispatcher" daemon [_thread_blocked, id=8568, stack(0x000000f53fc00000,0x000000f53fd00000)]
  0x00000291b1ab1a00 JavaThread "Attach Listener" daemon [_thread_blocked, id=1500, stack(0x000000f53fd00000,0x000000f53fe00000)]
  0x00000291b1ab43d0 JavaThread "Service Thread" daemon [_thread_blocked, id=2796, stack(0x000000f53fe00000,0x000000f53ff00000)]
  0x00000291b1ab4c90 JavaThread "Monitor Deflation Thread" daemon [_thread_blocked, id=5832, stack(0x000000f53ff00000,0x000000f540000000)]
  0x00000291b1ab6890 JavaThread "C2 CompilerThread0" daemon [_thread_blocked, id=8484, stack(0x000000f540000000,0x000000f540100000)]
  0x00000291b1ab7190 JavaThread "C1 CompilerThread0" daemon [_thread_blocked, id=7144, stack(0x000000f540100000,0x000000f540200000)]
  0x00000291b6010060 JavaThread "Sweeper thread" daemon [_thread_blocked, id=6356, stack(0x000000f540200000,0x000000f540300000)]
  0x00000291b60f91b0 JavaThread "Notification Thread" daemon [_thread_blocked, id=4184, stack(0x000000f540300000,0x000000f540400000)]
  0x00000291b6121910 JavaThread "Common-Cleaner" daemon [_thread_blocked, id=8344, stack(0x000000f540500000,0x000000f540600000)]
  0x00000291b67aace0 JavaThread "QtJambiCleanupThread" daemon [_thread_blocked, id=6352, stack(0x000000f540600000,0x000000f540700000)]

Other Threads:
  0x00000291b1a90f30 VMThread "VM Thread" [stack: 0x000000f53f900000,0x000000f53fa00000] [id=8872]
  0x00000291b60f9680 WatcherThread [stack: 0x000000f540400000,0x000000f540500000] [id=3064]
  0x0000029192c9f8c0 GCTaskThread "GC Thread#0" [stack: 0x000000f53f400000,0x000000f53f500000] [id=8520]
  0x00000291b67a6d00 GCTaskThread "GC Thread#1" [stack: 0x000000f540700000,0x000000f540800000] [id=3776]
  0x00000291b67a6fb0 GCTaskThread "GC Thread#2" [stack: 0x000000f540800000,0x000000f540900000] [id=5564]
  0x00000291b688e830 GCTaskThread "GC Thread#3" [stack: 0x000000f540900000,0x000000f540a00000] [id=1580]
  0x0000029192cb13a0 ConcurrentGCThread "G1 Main Marker" [stack: 0x000000f53f500000,0x000000f53f600000] [id=7404]
  0x0000029192cb1cc0 ConcurrentGCThread "G1 Conc#0" [stack: 0x000000f53f600000,0x000000f53f700000] [id=3156]
  0x00000291b19520b0 ConcurrentGCThread "G1 Refine#0" [stack: 0x000000f53f700000,0x000000f53f800000] [id=2508]
  0x00000291b19529e0 ConcurrentGCThread "G1 Service" [stack: 0x000000f53f800000,0x000000f53f900000] [id=10160]

Threads with active compile tasks:

VM state: not at safepoint (normal execution)

VM Mutex/Monitor currently owned by a thread: None

Heap address: 0x0000000081c00000, size: 2020 MB, Compressed Oops mode: 32-bit

CDS archive(s) mapped at: [0x0000000800000000-0x0000000800bd0000-0x0000000800bd0000), size 12386304, SharedBaseAddress: 0x0000000800000000, ArchiveRelocationMode: 0.
Compressed class space mapped at: 0x0000000801000000-0x0000000841000000, reserved size: 1073741824
Narrow klass base: 0x0000000800000000, Narrow klass shift: 0, Narrow klass range: 0x100000000

GC Precious Log:
 CPUs: 4 total, 4 available
 Memory: 8077M
 Large Page Support: Disabled
 NUMA Support: Disabled
 Compressed Oops: Enabled (32-bit)
 Heap Region Size: 1M
 Heap Min Capacity: 8M
 Heap Initial Capacity: 128M
 Heap Max Capacity: 2020M
 Pre-touch: Disabled
 Parallel Workers: 4
 Concurrent Workers: 1
 Concurrent Refinement Workers: 4
 Periodic GC: Disabled

Heap:
 garbage-first heap   total 20480K, used 5217K [0x0000000081c00000, 0x0000000100000000)
  region size 1024K, 1 young (1024K), 0 survivors (0K)
 Metaspace       used 13366K, committed 13632K, reserved 1114112K
  class space    used 1159K, committed 1280K, reserved 1048576K

Heap Regions: E=young(eden), S=young(survivor), O=old, HS=humongous(starts), HC=humongous(continues), CS=collection set, F=free, OA=open archive, CA=closed archive, TAMS=top-at-mark-start (previous, next)
|   0|0x0000000081c00000, 0x0000000081d00000, 0x0000000081d00000|100%| O|  |TAMS 0x0000000081d00000, 0x0000000081c00000| Untracked 
|   1|0x0000000081d00000, 0x0000000081dfffd8, 0x0000000081e00000| 99%| O|  |TAMS 0x0000000081dfffd8, 0x0000000081d00000| Untracked 
|   2|0x0000000081e00000, 0x0000000081ee37d8, 0x0000000081f00000| 88%| O|  |TAMS 0x0000000081e00000, 0x0000000081e00000| Untracked 
|   3|0x0000000081f00000, 0x0000000081fffff0, 0x0000000082000000| 99%| O|  |TAMS 0x0000000081f00000, 0x0000000081f00000| Untracked 
|   4|0x0000000082000000, 0x0000000082034fb0, 0x0000000082100000| 20%| O|  |TAMS 0x0000000082000000, 0x0000000082000000| Untracked 
|   5|0x0000000082100000, 0x0000000082100000, 0x0000000082200000|  0%| F|  |TAMS 0x0000000082100000, 0x0000000082100000| Untracked 
|   6|0x0000000082200000, 0x0000000082200000, 0x0000000082300000|  0%| F|  |TAMS 0x0000000082200000, 0x0000000082200000| Untracked 
|   7|0x0000000082300000, 0x0000000082300000, 0x0000000082400000|  0%| F|  |TAMS 0x0000000082300000, 0x0000000082300000| Untracked 
|   8|0x0000000082400000, 0x0000000082400000, 0x0000000082500000|  0%| F|  |TAMS 0x0000000082400000, 0x0000000082400000| Untracked 
|   9|0x0000000082500000, 0x0000000082500000, 0x0000000082600000|  0%| F|  |TAMS 0x0000000082500000, 0x0000000082500000| Untracked 
|  10|0x0000000082600000, 0x0000000082600000, 0x0000000082700000|  0%| F|  |TAMS 0x0000000082600000, 0x0000000082600000| Untracked 
|  11|0x0000000082700000, 0x0000000082700000, 0x0000000082800000|  0%| F|  |TAMS 0x0000000082700000, 0x0000000082700000| Untracked 
|  12|0x0000000082800000, 0x0000000082800000, 0x0000000082900000|  0%| F|  |TAMS 0x0000000082800000, 0x0000000082800000| Untracked 
|  13|0x0000000082900000, 0x0000000082900000, 0x0000000082a00000|  0%| F|  |TAMS 0x0000000082900000, 0x0000000082900000| Untracked 
|  14|0x0000000082a00000, 0x0000000082a00000, 0x0000000082b00000|  0%| F|  |TAMS 0x0000000082a00000, 0x0000000082a00000| Untracked 
|  15|0x0000000082b00000, 0x0000000082b00000, 0x0000000082c00000|  0%| F|  |TAMS 0x0000000082b00000, 0x0000000082b00000| Untracked 
|  16|0x0000000082c00000, 0x0000000082c00000, 0x0000000082d00000|  0%| F|  |TAMS 0x0000000082c00000, 0x0000000082c00000| Untracked 
|  37|0x0000000084100000, 0x0000000084100000, 0x0000000084200000|  0%| F|  |TAMS 0x0000000084100000, 0x0000000084100000| Untracked 
| 108|0x0000000088800000, 0x0000000088900000, 0x0000000088900000|100%| O|  |TAMS 0x0000000088900000, 0x0000000088800000| Untracked 
| 109|0x0000000088900000, 0x0000000088928f70, 0x0000000088a00000| 16%| E|  |TAMS 0x0000000088900000, 0x0000000088900000| Complete 

Card table byte_map: [0x00000291aaed0000,0x00000291ab2d0000] _byte_map_base: 0x00000291aaac2000

Marking Bits (Prev, Next): (CMBitMap*) 0x0000029192ca0df0, (CMBitMap*) 0x0000029192ca0e30
 Prev Bits: [0x00000291ab6d0000, 0x00000291ad660000)
 Next Bits: [0x00000291ad660000, 0x00000291af5f0000)

Polling page: 0x0000029190ab0000

Metaspace:

Usage:
  Non-class:     11.92 MB used.
      Class:      1.13 MB used.
       Both:     13.05 MB used.

Virtual space:
  Non-class space:       64.00 MB reserved,      12.06 MB ( 19%) committed,  1 nodes.
      Class space:        1.00 GB reserved,       1.25 MB ( <1%) committed,  1 nodes.
             Both:        1.06 GB reserved,      13.31 MB (  1%) committed. 

Chunk freelists:
   Non-Class:  3.66 MB
       Class:  14.78 MB
        Both:  18.44 MB

MaxMetaspaceSize: unlimited
CompressedClassSpaceSize: 1.00 GB
Initial GC threshold: 21.00 MB
Current GC threshold: 22.13 MB
CDS: on
MetaspaceReclaimPolicy: balanced
 - commit_granule_bytes: 65536.
 - commit_granule_words: 8192.
 - virtual_space_node_default_size: 8388608.
 - enlarge_chunks_in_place: 1.
 - new_chunks_are_fully_committed: 0.
 - uncommit_free_chunks: 1.
 - use_allocation_guard: 0.
 - handle_deallocations: 1.


Internal statistics:

num_allocs_failed_limit: 0.
num_arena_births: 208.
num_arena_deaths: 0.
num_vsnodes_births: 2.
num_vsnodes_deaths: 0.
num_space_committed: 213.
num_space_uncommitted: 0.
num_chunks_returned_to_freelist: 0.
num_chunks_taken_from_freelist: 586.
num_chunk_merges: 0.
num_chunk_splits: 397.
num_chunks_enlarged: 279.
num_inconsistent_stats: 0.

CodeHeap 'non-profiled nmethods': size=120000Kb used=664Kb max_used=664Kb free=119335Kb
 bounds [0x00000291a35a0000, 0x00000291a3810000, 0x00000291aaad0000]
CodeHeap 'profiled nmethods': size=120000Kb used=3587Kb max_used=3587Kb free=116412Kb
 bounds [0x000002919bad0000, 0x000002919be60000, 0x00000291a3000000]
CodeHeap 'non-nmethods': size=5760Kb used=1241Kb max_used=1256Kb free=4518Kb
 bounds [0x00000291a3000000, 0x00000291a3270000, 0x00000291a35a0000]
 total_blobs=2502 nmethods=1952 adapters=462
 compilation: enabled
              stopped_count=0, restarted_count=0
 full_count=0

Compilation events (20 events):
Event: 186.220 Thread 0x00000291b1ab7190 nmethod 1943 0x000002919be4b090 code [0x000002919be4b280, 0x000002919be4b968]
Event: 186.221 Thread 0x00000291b1ab6890 nmethod 1942 0x00000291a3644b10 code [0x00000291a3644ca0, 0x00000291a3644d98]
Event: 186.221 Thread 0x00000291b1ab7190 1946       3       java.lang.reflect.Field::getGenericType (20 bytes)
Event: 186.221 Thread 0x00000291b1ab6890 1944       4       sun.reflect.generics.parser.SignatureParser::skipIdentifier (67 bytes)
Event: 186.223 Thread 0x00000291b1ab7190 nmethod 1946 0x000002919be4bb90 code [0x000002919be4be80, 0x000002919be4d348]
Event: 186.229 Thread 0x00000291b1ab6890 nmethod 1944 0x00000291a3644f10 code [0x00000291a36450c0, 0x00000291a36453d8]
Event: 186.229 Thread 0x00000291b1ab6890 1945       4       java.lang.Character::isWhitespace (9 bytes)
Event: 186.231 Thread 0x00000291b1ab7190 1947       3       sun.reflect.annotation.TypeAnnotation$LocationInfo::filter (68 bytes)
Event: 186.231 Thread 0x00000291b1ab6890 nmethod 1945 0x00000291a3645790 code [0x00000291a3645920, 0x00000291a3645a18]
Event: 186.232 Thread 0x00000291b1ab7190 nmethod 1947 0x000002919be4d990 code [0x000002919be4dba0, 0x000002919be4e4b8]
Event: 186.287 Thread 0x00000291b1ab6890 1948       4       java.util.HashMap::hash (20 bytes)
Event: 186.289 Thread 0x00000291b1ab6890 nmethod 1948 0x00000291a3645b90 code [0x00000291a3645d00, 0x00000291a3645dd8]
Event: 186.289 Thread 0x00000291b1ab7190 1949       3       java.util.HashMap::remove (26 bytes)
Event: 186.290 Thread 0x00000291b1ab7190 nmethod 1949 0x000002919be4e810 code [0x000002919be4e9e0, 0x000002919be4ed58]
Event: 186.292 Thread 0x00000291b1ab7190 1950  s    3       io.qt.internal.NativeUtility$NativeLink::hashCode (26 bytes)
Event: 186.292 Thread 0x00000291b1ab7190 nmethod 1950 0x000002919be4ee90 code [0x000002919be4f020, 0x000002919be4f1f8]
Event: 186.299 Thread 0x00000291b1ab7190 1951       3       java.util.HashMap::removeNode (291 bytes)
Event: 186.301 Thread 0x00000291b1ab7190 nmethod 1951 0x000002919be4f290 code [0x000002919be4f520, 0x000002919be50858]
Event: 186.305 Thread 0x00000291b1ab6890 1952       4       java.lang.Thread::interrupted (23 bytes)
Event: 186.306 Thread 0x00000291b1ab6890 nmethod 1952 0x00000291a3645e90 code [0x00000291a3646000, 0x00000291a3646078]

GC Heap History (8 events):
Event: 3.142 GC heap before
{Heap before GC invocations=0 (full 0):
 garbage-first heap   total 131072K, used 12288K [0x0000000081c00000, 0x0000000100000000)
  region size 1024K, 13 young (13312K), 0 survivors (0K)
 Metaspace       used 5322K, committed 5504K, reserved 1114112K
  class space    used 499K, committed 576K, reserved 1048576K
}
Event: 3.152 GC heap after
{Heap after GC invocations=1 (full 0):
 garbage-first heap   total 131072K, used 1861K [0x0000000081c00000, 0x0000000100000000)
  region size 1024K, 2 young (2048K), 2 survivors (2048K)
 Metaspace       used 5322K, committed 5504K, reserved 1114112K
  class space    used 499K, committed 576K, reserved 1048576K
}
Event: 17.275 GC heap before
{Heap before GC invocations=1 (full 0):
 garbage-first heap   total 131072K, used 18245K [0x0000000081c00000, 0x0000000100000000)
  region size 1024K, 19 young (19456K), 2 survivors (2048K)
 Metaspace       used 10445K, committed 10688K, reserved 1114112K
  class space    used 846K, committed 960K, reserved 1048576K
}
Event: 17.283 GC heap after
{Heap after GC invocations=2 (full 0):
 garbage-first heap   total 131072K, used 3626K [0x0000000081c00000, 0x0000000100000000)
  region size 1024K, 2 young (2048K), 2 survivors (2048K)
 Metaspace       used 10445K, committed 10688K, reserved 1114112K
  class space    used 846K, committed 960K, reserved 1048576K
}
Event: 186.122 GC heap before
{Heap before GC invocations=2 (full 0):
 garbage-first heap   total 131072K, used 21034K [0x0000000081c00000, 0x0000000100000000)
  region size 1024K, 20 young (20480K), 2 survivors (2048K)
 Metaspace       used 13298K, committed 13568K, reserved 1114112K
  class space    used 1152K, committed 1280K, reserved 1048576K
}
Event: 186.145 GC heap after
{Heap after GC invocations=3 (full 1):
 garbage-first heap   total 20480K, used 5301K [0x0000000081c00000, 0x0000000100000000)
  region size 1024K, 0 young (0K), 0 survivors (0K)
 Metaspace       used 13298K, committed 13568K, reserved 1114112K
  class space    used 1152K, committed 1280K, reserved 1048576K
}
Event: 186.264 GC heap before
{Heap before GC invocations=3 (full 1):
 garbage-first heap   total 20480K, used 5301K [0x0000000081c00000, 0x0000000100000000)
  region size 1024K, 1 young (1024K), 0 survivors (0K)
 Metaspace       used 13366K, committed 13632K, reserved 1114112K
  class space    used 1159K, committed 1280K, reserved 1048576K
}
Event: 186.287 GC heap after
{Heap after GC invocations=4 (full 2):
 garbage-first heap   total 20480K, used 5217K [0x0000000081c00000, 0x0000000100000000)
  region size 1024K, 0 young (0K), 0 survivors (0K)
 Metaspace       used 13366K, committed 13632K, reserved 1114112K
  class space    used 1159K, committed 1280K, reserved 1048576K
}

Dll operation events (16 events):
Event: 0.015 Loaded shared library C:\Users\its\.jdks\liberica-17.0.7\bin\java.dll
Event: 0.074 Loaded shared library C:\Users\its\.jdks\liberica-17.0.7\bin\jsvml.dll
Event: 0.282 Loaded shared library C:\Users\its\.jdks\liberica-17.0.7\bin\net.dll
Event: 0.287 Loaded shared library C:\Users\its\.jdks\liberica-17.0.7\bin\nio.dll
Event: 0.335 Loaded shared library C:\Users\its\.jdks\liberica-17.0.7\bin\zip.dll
Event: 0.668 Loaded shared library C:\Users\its\.jdks\liberica-17.0.7\bin\jimage.dll
Event: 0.860 Loaded shared library C:\Users\its\.jdks\liberica-17.0.7\bin\prefs.dll
Event: 1.164 Loaded shared library C:\Windows\System32\icuuc.dll
Event: 1.488 Loaded shared library C:\Qt\6.6.0\msvc2019_64\bin\Qt6Core.dll
Event: 2.331 Loaded shared library C:\Users\its\AppData\Local\Temp\QtJambi6.6.0_5904\bin\QtJambi6.dll
Event: 2.799 Loaded shared library C:\Users\its\AppData\Local\Temp\QtJambi6.6.0_5904\bin\QtJambiCore6.dll
Event: 3.569 Loaded shared library C:\Qt\6.6.0\msvc2019_64\bin\Qt6Gui.dll
Event: 3.861 Loaded shared library C:\Users\its\AppData\Local\Temp\QtJambi6.6.0_5904\bin\QtJambiGui6.dll
Event: 4.190 Loaded shared library C:\Qt\6.6.0\msvc2019_64\bin\Qt6Widgets.dll
Event: 4.578 Loaded shared library C:\Users\its\AppData\Local\Temp\QtJambi6.6.0_5904\bin\QtJambiWidgets6.dll
Event: 18.695 Loaded shared library C:\Users\its\AppData\Local\Temp\sqlite-3.42.0.0-7cf69bee-1b49-4d96-a711-794c9a48bafa-sqlitejdbc.dll

Deoptimization events (20 events):
Event: 105.244 Thread 0x0000029192c45440 DEOPT PACKING pc=0x000002919bdfe3d6 sp=0x000000f53f3f9060
Event: 105.244 Thread 0x0000029192c45440 DEOPT UNPACKING pc=0x00000291a3057143 sp=0x000000f53f3f84e8 mode 0
Event: 105.248 Thread 0x0000029192c45440 DEOPT PACKING pc=0x000002919bdfe3d6 sp=0x000000f53f3f8f50
Event: 105.249 Thread 0x0000029192c45440 DEOPT UNPACKING pc=0x00000291a3057143 sp=0x000000f53f3f83f0 mode 0
Event: 170.672 Thread 0x0000029192c45440 Uncommon trap: trap_request=0xffffff45 fr.pc=0x00000291a35e21a4 relative=0x0000000000000484
Event: 170.672 Thread 0x0000029192c45440 Uncommon trap: reason=unstable_if action=reinterpret pc=0x00000291a35e21a4 method=java.lang.AbstractStringBuilder.putStringAt(ILjava/lang/String;II)V @ 8 c2
Event: 170.672 Thread 0x0000029192c45440 DEOPT PACKING pc=0x00000291a35e21a4 sp=0x000000f53f3f9eb0
Event: 170.672 Thread 0x0000029192c45440 DEOPT UNPACKING pc=0x00000291a30569a3 sp=0x000000f53f3f9d48 mode 2
Event: 170.678 Thread 0x0000029192c45440 Uncommon trap: trap_request=0xffffff45 fr.pc=0x00000291a35eaac8 relative=0x0000000000000048
Event: 170.678 Thread 0x0000029192c45440 Uncommon trap: reason=unstable_if action=reinterpret pc=0x00000291a35eaac8 method=java.lang.CharacterData.of(I)Ljava/lang/CharacterData; @ 4 c2
Event: 170.678 Thread 0x0000029192c45440 DEOPT PACKING pc=0x00000291a35eaac8 sp=0x000000f53f3f94f0
Event: 170.678 Thread 0x0000029192c45440 DEOPT UNPACKING pc=0x00000291a30569a3 sp=0x000000f53f3f9490 mode 2
Event: 170.682 Thread 0x0000029192c45440 Uncommon trap: trap_request=0xffffff45 fr.pc=0x00000291a35de598 relative=0x0000000000000478
Event: 170.682 Thread 0x0000029192c45440 Uncommon trap: reason=unstable_if action=reinterpret pc=0x00000291a35de598 method=java.lang.AbstractStringBuilder.putStringAt(ILjava/lang/String;II)V @ 8 c2
Event: 170.682 Thread 0x0000029192c45440 DEOPT PACKING pc=0x00000291a35de598 sp=0x000000f53f3f9d60
Event: 170.682 Thread 0x0000029192c45440 DEOPT UNPACKING pc=0x00000291a30569a3 sp=0x000000f53f3f9c40 mode 2
Event: 170.683 Thread 0x0000029192c45440 Uncommon trap: trap_request=0xffffff45 fr.pc=0x00000291a35fea5c relative=0x00000000000003bc
Event: 170.683 Thread 0x0000029192c45440 Uncommon trap: reason=unstable_if action=reinterpret pc=0x00000291a35fea5c method=java.lang.AbstractStringBuilder.isLatin1()Z @ 10 c2
Event: 170.683 Thread 0x0000029192c45440 DEOPT PACKING pc=0x00000291a35fea5c sp=0x000000f53f3fa1b0
Event: 170.683 Thread 0x0000029192c45440 DEOPT UNPACKING pc=0x00000291a30569a3 sp=0x000000f53f3fa130 mode 2

Classes unloaded (0 events):
No events

Classes redefined (0 events):
No events

Internal exceptions (20 events):
Event: 16.911 Thread 0x0000029192c45440 Exception <a 'java/lang/NoSuchMethodError'{0x0000000088c67dc0}: clone> (0x0000000088c67dc0) 
thrown [s\src\hotspot\share\prims\jni.cpp, line 1073]
Event: 17.037 Thread 0x0000029192c45440 Exception <a 'java/lang/NoSuchMethodError'{0x0000000088a01328}: Lapp/backend/table/Table;.<init>()V> (0x0000000088a01328) 
thrown [s\src\hotspot\share\prims\jni.cpp, line 1107]
Event: 17.037 Thread 0x0000029192c45440 Exception <a 'java/lang/NoSuchMethodError'{0x0000000088a01660}: Lapp/backend/table/Table;.clone()Lapp/backend/table/Table;> (0x0000000088a01660) 
thrown [s\src\hotspot\share\prims\jni.cpp, line 1107]
Event: 18.142 Thread 0x0000029192c45440 Exception <a 'sun/nio/fs/WindowsException'{0x00000000896df538}> (0x00000000896df538) 
thrown [s\src\hotspot\share\prims\jni.cpp, line 516]
Event: 18.142 Thread 0x0000029192c45440 Exception <a 'sun/nio/fs/WindowsException'{0x00000000896df8d8}> (0x00000000896df8d8) 
thrown [s\src\hotspot\share\prims\jni.cpp, line 516]
Event: 18.213 Thread 0x0000029192c45440 Exception <a 'java/lang/NoSuchMethodError'{0x000000008956daa0}: 'java.lang.Object java.lang.invoke.DirectMethodHandle$Holder.invokeStaticInit(java.lang.Object, int, int, int, int)'> (0x000000008956daa0) 
thrown [s\src\hotspot\share\interpreter\linkResolver.cpp, line 759]
Event: 18.457 Thread 0x0000029192c45440 Exception <a 'java/lang/NoSuchMethodError'{0x00000000895dda08}: 'java.lang.Object java.lang.invoke.DirectMethodHandle$Holder.invokeStaticInit(java.lang.Object, java.lang.Object, int, int, int, int)'> (0x00000000895dda08) 
thrown [s\src\hotspot\share\interpreter\linkResolver.cpp, line 759]
Event: 18.466 Thread 0x0000029192c45440 Exception <a 'sun/nio/fs/WindowsException'{0x00000000895ee258}> (0x00000000895ee258) 
thrown [s\src\hotspot\share\prims\jni.cpp, line 516]
Event: 18.467 Thread 0x0000029192c45440 Exception <a 'sun/nio/fs/WindowsException'{0x00000000895ee5f8}> (0x00000000895ee5f8) 
thrown [s\src\hotspot\share\prims\jni.cpp, line 516]
Event: 18.468 Thread 0x0000029192c45440 Exception <a 'sun/nio/fs/WindowsException'{0x00000000895ef050}> (0x00000000895ef050) 
thrown [s\src\hotspot\share\prims\jni.cpp, line 516]
Event: 18.870 Thread 0x0000029192c45440 Exception <a 'java/lang/NoSuchMethodError'{0x0000000089312a88}: 'java.lang.Object java.lang.invoke.DirectMethodHandle$Holder.invokeSpecial(java.lang.Object, java.lang.Object, int, java.lang.Object, long)'> (0x0000000089312a88) 
thrown [s\src\hotspot\share\interpreter\linkResolver.cpp, line 759]
Event: 18.871 Thread 0x0000029192c45440 Exception <a 'java/lang/NoSuchMethodError'{0x00000000893193c8}: 'java.lang.Object java.lang.invoke.DirectMethodHandle$Holder.newInvokeSpecial(java.lang.Object, java.lang.Object, int)'> (0x00000000893193c8) 
thrown [s\src\hotspot\share\interpreter\linkResolver.cpp, line 759]
Event: 19.044 Thread 0x0000029192c45440 Exception <a 'java/lang/NoSuchMethodError'{0x00000000893b82e8}: 'void java.lang.invoke.Invokers$Holder.invoke_MT(java.lang.Object, java.lang.Object, java.lang.Object, java.lang.Object)'> (0x00000000893b82e8) 
thrown [s\src\hotspot\share\interpreter\linkResolver.cpp, line 759]
Event: 40.743 Thread 0x0000029192c45440 Exception <a 'java/lang/NoSuchMethodError'{0x00000000892d9f70}: 'java.lang.Object java.lang.invoke.DirectMethodHandle$Holder.invokeSpecial(java.lang.Object, java.lang.Object, int, long)'> (0x00000000892d9f70) 
thrown [s\src\hotspot\share\interpreter\linkResolver.cpp, line 759]
Event: 170.616 Thread 0x0000029192c45440 Exception <a 'java/lang/NullPointerException'{0x0000000088b2aa18}> (0x0000000088b2aa18) 
thrown [s\src\hotspot\share\prims\jni.cpp, line 516]
Event: 170.616 Thread 0x0000029192c45440 Exception <a 'java/lang/NullPointerException'{0x0000000088b2aa18}> (0x0000000088b2aa18) 
thrown [s\src\hotspot\share\prims\jni.cpp, line 516]
Event: 170.657 Thread 0x0000029192c45440 Exception <a 'java/lang/NoSuchMethodError'{0x0000000088b87890}: 'void java.lang.invoke.DirectMethodHandle$Holder.invokeSpecial(java.lang.Object, java.lang.Object, java.lang.Object)'> (0x0000000088b87890) 
thrown [s\src\hotspot\share\interpreter\linkResolver.cpp, line 759]
Event: 170.665 Thread 0x0000029192c45440 Exception <a 'java/lang/ClassNotFoundException'{0x0000000088b94648}: sun/util/logging/resources/spi/loggingProvider> (0x0000000088b94648) 
thrown [s\src\hotspot\share\classfile\systemDictionary.cpp, line 256]
Event: 173.900 Thread 0x0000029192c45440 Exception <a 'java/lang/NullPointerException'{0x0000000088a5f068}> (0x0000000088a5f068) 
thrown [s\src\hotspot\share\prims\jni.cpp, line 516]
Event: 173.900 Thread 0x0000029192c45440 Exception <a 'java/lang/NullPointerException'{0x0000000088a5f068}> (0x0000000088a5f068) 
thrown [s\src\hotspot\share\prims\jni.cpp, line 516]

VM Operations (20 events):
Event: 145.300 Executing VM operation: Cleanup
Event: 145.300 Executing VM operation: Cleanup done
Event: 169.310 Executing VM operation: Cleanup
Event: 169.310 Executing VM operation: Cleanup done
Event: 170.661 Executing VM operation: HandshakeAllThreads
Event: 170.661 Executing VM operation: HandshakeAllThreads done
Event: 170.661 Executing VM operation: Cleanup
Event: 170.661 Executing VM operation: Cleanup done
Event: 170.679 Executing VM operation: HandshakeAllThreads
Event: 170.679 Executing VM operation: HandshakeAllThreads done
Event: 171.679 Executing VM operation: Cleanup
Event: 171.679 Executing VM operation: Cleanup done
Event: 172.680 Executing VM operation: Cleanup
Event: 172.680 Executing VM operation: Cleanup done
Event: 173.680 Executing VM operation: Cleanup
Event: 173.680 Executing VM operation: Cleanup done
Event: 186.121 Executing VM operation: G1CollectFull
Event: 186.145 Executing VM operation: G1CollectFull done
Event: 186.264 Executing VM operation: G1CollectFull
Event: 186.287 Executing VM operation: G1CollectFull done

Events (20 events):
Event: 170.663 loading class java/util/ResourceBundle$CacheKeyReference done
Event: 170.663 loading class java/util/ResourceBundle$KeyElementReference done
Event: 170.665 loading class java/util/ResourceBundle$3
Event: 170.665 loading class java/util/ResourceBundle$3 done
Event: 170.666 loading class sun/util/logging/resources/logging
Event: 170.667 loading class sun/util/logging/resources/logging done
Event: 170.667 loading class java/util/ResourceBundle$BundleReference
Event: 170.667 loading class java/util/ResourceBundle$BundleReference done
Event: 170.667 loading class sun/util/logging/resources/logging_ru
Event: 170.667 loading class sun/util/logging/resources/logging_ru done
Event: 170.667 loading class sun/util/logging/resources/logging_ru
Event: 170.667 loading class sun/util/logging/resources/logging_ru done
Event: 170.669 loading class sun/util/logging/resources/logging_ru_RU
Event: 170.669 loading class sun/util/logging/resources/logging_ru_RU done
Event: 170.669 loading class sun/util/logging/resources/logging_ru_RU
Event: 170.669 loading class sun/util/logging/resources/logging_ru_RU done
Event: 170.670 loading class java/util/Formatter$DateTime
Event: 170.670 loading class java/util/Formatter$DateTime done
Event: 170.670 loading class java/time/ZonedDateTime$1
Event: 170.671 loading class java/time/ZonedDateTime$1 done


Dynamic libraries:
0x00007ff617ee0000 - 0x00007ff617eed000 	C:\Users\its\.jdks\liberica-17.0.7\bin\java.exe
0x00007ffde5060000 - 0x00007ffde5250000 	C:\Windows\SYSTEM32\ntdll.dll
0x00007ffde4620000 - 0x00007ffde46d2000 	C:\Windows\System32\KERNEL32.DLL
0x00007ffde1fd0000 - 0x00007ffde2275000 	C:\Windows\System32\KERNELBASE.dll
0x00007ffde2cb0000 - 0x00007ffde2daa000 	C:\Windows\System32\ucrtbase.dll
0x00007ffdad350000 - 0x00007ffdad367000 	C:\Users\its\.jdks\liberica-17.0.7\bin\jli.dll
0x00007ffde4330000 - 0x00007ffde44c4000 	C:\Windows\System32\USER32.dll
0x00007ffde2c30000 - 0x00007ffde2c51000 	C:\Windows\System32\win32u.dll
0x00007ffde3bd0000 - 0x00007ffde3bf6000 	C:\Windows\System32\GDI32.dll
0x00007ffde2a90000 - 0x00007ffde2c26000 	C:\Windows\System32\gdi32full.dll
0x00007ffde2f90000 - 0x00007ffde302e000 	C:\Windows\System32\msvcp_win.dll
0x00007ffdb0480000 - 0x00007ffdb0495000 	C:\Users\its\.jdks\liberica-17.0.7\bin\VCRUNTIME140.dll
0x00007ffdc9250000 - 0x00007ffdc94d4000 	C:\Windows\WinSxS\amd64_microsoft.windows.common-controls_6595b64144ccf1df_6.0.18362.1256_none_9e7e379be45e40e2\COMCTL32.dll
0x00007ffde44d0000 - 0x00007ffde456e000 	C:\Windows\System32\msvcrt.dll
0x00007ffde3d80000 - 0x00007ffde40b6000 	C:\Windows\System32\combase.dll
0x00007ffde40c0000 - 0x00007ffde41e0000 	C:\Windows\System32\RPCRT4.dll
0x00007ffde2db0000 - 0x00007ffde2e31000 	C:\Windows\System32\bcryptPrimitives.dll
0x00007ffde3d40000 - 0x00007ffde3d6e000 	C:\Windows\System32\IMM32.DLL
0x00007ffd8c7a0000 - 0x00007ffd8c83b000 	C:\Users\its\.jdks\liberica-17.0.7\bin\msvcp140.dll
0x00007ffd884b0000 - 0x00007ffd890d2000 	C:\Users\its\.jdks\liberica-17.0.7\bin\server\jvm.dll
0x00007ffde38e0000 - 0x00007ffde3983000 	C:\Windows\System32\ADVAPI32.dll
0x00007ffde49c0000 - 0x00007ffde4a57000 	C:\Windows\System32\sechost.dll
0x00007ffdd1bf0000 - 0x00007ffdd1bf9000 	C:\Windows\SYSTEM32\WSOCK32.dll
0x00007ffde3990000 - 0x00007ffde39ff000 	C:\Windows\System32\WS2_32.dll
0x00007ffddf9f0000 - 0x00007ffddfa14000 	C:\Windows\SYSTEM32\WINMM.dll
0x00007ffddf9c0000 - 0x00007ffddf9ed000 	C:\Windows\SYSTEM32\WINMMBASE.dll
0x00007ffde2c60000 - 0x00007ffde2caa000 	C:\Windows\System32\cfgmgr32.dll
0x00007ffdd7df0000 - 0x00007ffdd7dfa000 	C:\Windows\SYSTEM32\VERSION.dll
0x00007ffde1fb0000 - 0x00007ffde1fc1000 	C:\Windows\System32\kernel.appcore.dll
0x00007ffdaecf0000 - 0x00007ffdaecfa000 	C:\Users\its\.jdks\liberica-17.0.7\bin\jimage.dll
0x00007ffde0680000 - 0x00007ffde0874000 	C:\Windows\SYSTEM32\DBGHELP.DLL
0x00007ffdd6250000 - 0x00007ffdd627a000 	C:\Windows\SYSTEM32\dbgcore.DLL
0x00007ffda9ca0000 - 0x00007ffda9cc5000 	C:\Users\its\.jdks\liberica-17.0.7\bin\java.dll
0x00007ffd8b4d0000 - 0x00007ffd8b5a6000 	C:\Users\its\.jdks\liberica-17.0.7\bin\jsvml.dll
0x00007ffde3190000 - 0x00007ffde3877000 	C:\Windows\System32\SHELL32.dll
0x00007ffde4570000 - 0x00007ffde4619000 	C:\Windows\System32\shcore.dll
0x00007ffde2280000 - 0x00007ffde2a01000 	C:\Windows\System32\windows.storage.dll
0x00007ffde1f10000 - 0x00007ffde1f33000 	C:\Windows\System32\profapi.dll
0x00007ffde1f60000 - 0x00007ffde1faa000 	C:\Windows\System32\powrprof.dll
0x00007ffde1f00000 - 0x00007ffde1f10000 	C:\Windows\System32\UMPDC.dll
0x00007ffde3880000 - 0x00007ffde38d2000 	C:\Windows\System32\shlwapi.dll
0x00007ffde2a70000 - 0x00007ffde2a87000 	C:\Windows\System32\cryptsp.dll
0x00007ffd90330000 - 0x00007ffd90349000 	C:\Users\its\.jdks\liberica-17.0.7\bin\net.dll
0x00007ffdd8a60000 - 0x00007ffdd8b50000 	C:\Windows\SYSTEM32\WINHTTP.dll
0x00007ffde16f0000 - 0x00007ffde1757000 	C:\Windows\system32\mswsock.dll
0x00007ffd90310000 - 0x00007ffd90325000 	C:\Users\its\.jdks\liberica-17.0.7\bin\nio.dll
0x00007ffd902f0000 - 0x00007ffd90308000 	C:\Users\its\.jdks\liberica-17.0.7\bin\zip.dll
0x00007ffddb000000 - 0x00007ffddb009000 	C:\Users\its\.jdks\liberica-17.0.7\bin\prefs.dll
0x0000029190af0000 - 0x0000029190af9000 	C:\Windows\System32\icuuc.dll
0x00007ffd8bd50000 - 0x00007ffd8c357000 	C:\Qt\6.6.0\msvc2019_64\bin\Qt6Core.dll
0x00007ffde4860000 - 0x00007ffde49b7000 	C:\Windows\System32\ole32.dll
0x00007ffde41e0000 - 0x00007ffde42a5000 	C:\Windows\System32\OLEAUT32.dll
0x00007ffdd6470000 - 0x00007ffdd648b000 	C:\Windows\SYSTEM32\MPR.dll
0x00007ffde1e20000 - 0x00007ffde1e45000 	C:\Windows\SYSTEM32\USERENV.dll
0x00007ffdcde50000 - 0x00007ffdcde67000 	C:\Windows\SYSTEM32\NETAPI32.dll
0x00007ffde0fe0000 - 0x00007ffde102a000 	C:\Windows\SYSTEM32\AUTHZ.dll
0x00007ffddfde0000 - 0x00007ffddfdec000 	C:\Windows\SYSTEM32\VCRUNTIME140_1.dll
0x00007ffddaff0000 - 0x00007ffddaff9000 	C:\Users\its\.jdks\liberica-17.0.7\bin\MSVCP140_1.dll
0x00007ffde18c0000 - 0x00007ffde18cc000 	C:\Windows\SYSTEM32\CRYPTBASE.DLL
0x00007ffdcb310000 - 0x00007ffdcb336000 	C:\Windows\SYSTEM32\SRVCLI.DLL
0x00007ffde1440000 - 0x00007ffde144c000 	C:\Windows\SYSTEM32\NETUTILS.DLL
0x00007ffd87f10000 - 0x00007ffd8839e000 	C:\Users\its\AppData\Local\Temp\QtJambi6.6.0_5904\bin\QtJambi6.dll
0x00007ffd86bb0000 - 0x00007ffd87e1b000 	C:\Users\its\AppData\Local\Temp\QtJambi6.6.0_5904\bin\QtJambiCore6.dll
0x00007ffd86320000 - 0x00007ffd86baf000 	C:\Qt\6.6.0\msvc2019_64\bin\Qt6Gui.dll
0x00007ffddebd0000 - 0x00007ffddee2b000 	C:\Windows\SYSTEM32\d3d11.dll
0x00007ffde0bd0000 - 0x00007ffde0cbb000 	C:\Windows\SYSTEM32\dxgi.dll
0x00007ffdc5b30000 - 0x00007ffdc5e2e000 	C:\Windows\SYSTEM32\DWrite.dll
0x00007ffdd1d80000 - 0x00007ffdd1db2000 	C:\Users\its\.jdks\liberica-17.0.7\bin\MSVCP140_2.dll
0x00007ffd8bb70000 - 0x00007ffd8bd42000 	C:\Windows\SYSTEM32\d3d12.dll
0x00007ffde0bb0000 - 0x00007ffde0bd0000 	C:\Windows\SYSTEM32\dxcore.dll
0x00007ffd85d80000 - 0x00007ffd86312000 	C:\Users\its\AppData\Local\Temp\QtJambi6.6.0_5904\bin\QtJambiGui6.dll
0x00007ffd76230000 - 0x00007ffd7685a000 	C:\Qt\6.6.0\msvc2019_64\bin\Qt6Widgets.dll
0x00007ffde02c0000 - 0x00007ffde02ed000 	C:\Windows\SYSTEM32\dwmapi.dll
0x00007ffddfe90000 - 0x00007ffddff29000 	C:\Windows\SYSTEM32\UxTheme.dll
0x00007ffd75930000 - 0x00007ffd76224000 	C:\Users\its\AppData\Local\Temp\QtJambi6.6.0_5904\bin\QtJambiWidgets6.dll
0x00007ffda9b20000 - 0x00007ffda9bfe000 	C:\Qt\6.6.0\msvc2019_64\plugins\platforms\qwindows.dll
0x00007ffde4a60000 - 0x00007ffde4ed0000 	C:\Windows\System32\SETUPAPI.dll
0x00007ffde3030000 - 0x00007ffde3056000 	C:\Windows\System32\bcrypt.dll
0x00007ffde46e0000 - 0x00007ffde47b0000 	C:\Windows\System32\COMDLG32.dll
0x00007ffde0880000 - 0x00007ffde0893000 	C:\Windows\SYSTEM32\WTSAPI32.dll
0x00007ffd85bb0000 - 0x00007ffd85d77000 	C:\Windows\SYSTEM32\d3d9.dll
0x00007ffde3c00000 - 0x00007ffde3d35000 	C:\Windows\System32\MSCTF.dll
0x00007ffde1c90000 - 0x00007ffde1cba000 	C:\Windows\SYSTEM32\DEVOBJ.dll
0x00007ffde47b0000 - 0x00007ffde4852000 	C:\Windows\System32\clbcatq.dll
0x00007ffdc7e00000 - 0x00007ffdc7f51000 	C:\Windows\System32\Windows.UI.dll
0x00007ffdd1c10000 - 0x00007ffdd1cae000 	C:\Windows\System32\TextInputFramework.dll
0x00007ffdcd810000 - 0x00007ffdcd92b000 	C:\Windows\System32\InputHost.dll
0x00007ffddc0e0000 - 0x00007ffddc40a000 	C:\Windows\System32\CoreUIComponents.dll
0x00007ffddf010000 - 0x00007ffddf0e4000 	C:\Windows\System32\CoreMessaging.dll
0x00007ffddfc30000 - 0x00007ffddfd20000 	C:\Windows\System32\PROPSYS.dll
0x00007ffddda30000 - 0x00007ffdddb83000 	C:\Windows\SYSTEM32\wintypes.dll
0x00007ffde0f40000 - 0x00007ffde0f71000 	C:\Windows\SYSTEM32\ntmarta.dll
0x00007ffdc6420000 - 0x00007ffdc6532000 	C:\Windows\System32\Windows.UI.Immersive.dll
0x00007ffdc8cb0000 - 0x00007ffdc8cd5000 	C:\Qt\6.6.0\msvc2019_64\plugins\styles\qwindowsvistastyle.dll
0x00007ffdc8ca0000 - 0x00007ffdc8cae000 	C:\Qt\6.6.0\msvc2019_64\plugins\imageformats\qgif.dll
0x00007ffdc8c90000 - 0x00007ffdc8ca0000 	C:\Qt\6.6.0\msvc2019_64\plugins\imageformats\qicns.dll
0x00007ffdc8c80000 - 0x00007ffdc8c8e000 	C:\Qt\6.6.0\msvc2019_64\plugins\imageformats\qico.dll
0x00007ffda9cf0000 - 0x00007ffda9d8c000 	C:\Qt\6.6.0\msvc2019_64\plugins\imageformats\qjpeg.dll
0x00007ffdc8c70000 - 0x00007ffdc8c7d000 	C:\Qt\6.6.0\msvc2019_64\plugins\imageformats\qpdf.dll
0x00007ffd853b0000 - 0x00007ffd858fa000 	C:\Qt\6.6.0\msvc2019_64\bin\Qt6Pdf.dll
0x00007ffd85a30000 - 0x00007ffd85ba3000 	C:\Qt\6.6.0\msvc2019_64\bin\Qt6Network.dll
0x00007ffde1450000 - 0x00007ffde151b000 	C:\Windows\SYSTEM32\DNSAPI.dll
0x00007ffde3a10000 - 0x00007ffde3a18000 	C:\Windows\System32\NSI.dll
0x00007ffdd1b00000 - 0x00007ffdd1b0c000 	C:\Windows\SYSTEM32\Secur32.dll
0x00007ffde1400000 - 0x00007ffde143a000 	C:\Windows\SYSTEM32\IPHLPAPI.DLL
0x00007ffde1de0000 - 0x00007ffde1e17000 	C:\Windows\SYSTEM32\SSPICLI.DLL
0x00007ffdc8c60000 - 0x00007ffdc8c6c000 	C:\Qt\6.6.0\msvc2019_64\plugins\imageformats\qsvg.dll
0x00007ffd97f20000 - 0x00007ffd97f7f000 	C:\Qt\6.6.0\msvc2019_64\bin\Qt6Svg.dll
0x00007ffdc0b40000 - 0x00007ffdc0b4c000 	C:\Qt\6.6.0\msvc2019_64\plugins\imageformats\qtga.dll
0x00007ffd90450000 - 0x00007ffd904ba000 	C:\Qt\6.6.0\msvc2019_64\plugins\imageformats\qtiff.dll
0x00007ffdc0b30000 - 0x00007ffdc0b3c000 	C:\Qt\6.6.0\msvc2019_64\plugins\imageformats\qwbmp.dll
0x00007ffd90250000 - 0x00007ffd902d8000 	C:\Qt\6.6.0\msvc2019_64\plugins\imageformats\qwebp.dll
0x00007ffdc3f90000 - 0x00007ffdc3fca000 	C:\Windows\system32\dataexchange.dll
0x00007ffddee30000 - 0x00007ffddf00d000 	C:\Windows\system32\dcomp.dll
0x00007ffddff60000 - 0x00007ffde01c2000 	C:\Windows\system32\twinapi.appcore.dll
0x00007ffde03d0000 - 0x00007ffde03f9000 	C:\Windows\system32\RMCLIENT.dll
0x00007ffdd5b20000 - 0x00007ffdd5dc7000 	C:\Windows\System32\iertutil.dll
0x00007ffdc3d70000 - 0x00007ffdc3f76000 	C:\Windows\system32\explorerframe.dll
0x00007ffdc0e80000 - 0x00007ffdc1033000 	C:\Windows\SYSTEM32\DUI70.dll
0x00007ffdcc4c0000 - 0x00007ffdcc553000 	C:\Windows\SYSTEM32\DUser.dll
0x00007ffdc3c20000 - 0x00007ffdc3c43000 	C:\Windows\SYSTEM32\edputil.dll
0x00007ffddb990000 - 0x00007ffddbb3f000 	C:\Windows\SYSTEM32\WindowsCodecs.dll
0x00007ffdc3c50000 - 0x00007ffdc3cae000 	C:\Windows\System32\thumbcache.dll
0x00007ffddc720000 - 0x00007ffddc7a9000 	C:\Windows\SYSTEM32\policymanager.dll
0x00007ffddf460000 - 0x00007ffddf4ea000 	C:\Windows\SYSTEM32\msvcp110_win.dll
0x00007ffdc5800000 - 0x00007ffdc59b9000 	C:\Windows\System32\Windows.Globalization.dll
0x00007ffdc7c80000 - 0x00007ffdc7cb0000 	C:\Windows\System32\bcp47mrm.dll
0x00007ffdcdf00000 - 0x00007ffdcdf5d000 	C:\Windows\System32\Bcp47Langs.dll

dbghelp: loaded successfully - version: 4.0.5 - missing functions: none
symbol engine: initialized successfully - sym options: 0x614 - pdb path: .;C:\Users\its\.jdks\liberica-17.0.7\bin;C:\Windows\SYSTEM32;C:\Windows\WinSxS\amd64_microsoft.windows.common-controls_6595b64144ccf1df_6.0.18362.1256_none_9e7e379be45e40e2;C:\Users\its\.jdks\liberica-17.0.7\bin\server;C:\Qt\6.6.0\msvc2019_64\bin;C:\Users\its\AppData\Local\Temp\QtJambi6.6.0_5904\bin;C:\Qt\6.6.0\msvc2019_64\plugins\platforms;C:\Qt\6.6.0\msvc2019_64\plugins\styles;C:\Qt\6.6.0\msvc2019_64\plugins\imageformats;C:\Windows\WinSxS\amd64_microsoft.windows.gdiplus_6595b64144ccf1df_1.1.18362.1256_none_cf692a813ef0bab0;C:\PROGRA~1\MICROS~1\Office16;C:\PROGRA~1\MICROS~1\Office16\1049;C:\Program Files\Common Files\Autodesk Shared;C:\Users\its\AppData\Local\Temp

VM Arguments:
jvm_args: -Djava.library.path=C:\Qt\6.6.0\msvc2019_64\bin -Dfile.encoding=windows-1251 -Duser.country=RU -Duser.language=ru -Duser.variant 
java_command: Main
java_class_path (initial): C:\Users\its\Desktop\software\UI\DBBrowser\build\classes\java\main;C:\Users\its\Desktop\software\UI\DBBrowser\build\resources\main;C:\Users\its\Desktop\software\UI\DBBrowser\build\libs\qtjambi-native-windows-x64-6.6.0.jar;C:\Users\its\.gradle\caches\modules-2\files-2.1\io.qtjambi\qtjambi\6.6.0\122bd017d9f98685b5632c0c0a7c677df68db02e\qtjambi-6.6.0.jar;C:\Users\its\.gradle\caches\modules-2\files-2.1\org.postgresql\postgresql\42.6.0\7614cfce466145b84972781ab0079b8dea49e363\postgresql-42.6.0.jar;C:\Users\its\.gradle\caches\modules-2\files-2.1\org.xerial\sqlite-jdbc\3.42.0.0\a4c84376df810062d20c84777b84ec077b5ecdab\sqlite-jdbc-3.42.0.0.jar;C:\Users\its\.gradle\caches\modules-2\files-2.1\org.checkerframework\checker-qual\3.31.0\eeefd4af42e2f4221d145c1791582f91868f99ab\checker-qual-3.31.0.jar
Launcher Type: SUN_STANDARD

[Global flags]
     intx CICompilerCount                          = 3                                         {product} {ergonomic}
     uint ConcGCThreads                            = 1                                         {product} {ergonomic}
     uint G1ConcRefinementThreads                  = 4                                         {product} {ergonomic}
   size_t G1HeapRegionSize                         = 1048576                                   {product} {ergonomic}
    uintx GCDrainStackTargetSize                   = 64                                        {product} {ergonomic}
   size_t InitialHeapSize                          = 134217728                                 {product} {ergonomic}
   size_t MarkStackSize                            = 4194304                                   {product} {ergonomic}
   size_t MaxHeapSize                              = 2118123520                                {product} {ergonomic}
   size_t MaxNewSize                               = 1270874112                                {product} {ergonomic}
   size_t MinHeapDeltaBytes                        = 1048576                                   {product} {ergonomic}
   size_t MinHeapSize                              = 8388608                                   {product} {ergonomic}
    uintx NonNMethodCodeHeapSize                   = 5832780                                {pd product} {ergonomic}
    uintx NonProfiledCodeHeapSize                  = 122912730                              {pd product} {ergonomic}
    uintx ProfiledCodeHeapSize                     = 122912730                              {pd product} {ergonomic}
    uintx ReservedCodeCacheSize                    = 251658240                              {pd product} {ergonomic}
     bool SegmentedCodeCache                       = true                                      {product} {ergonomic}
   size_t SoftMaxHeapSize                          = 2118123520                             {manageable} {ergonomic}
     bool UseCompressedClassPointers               = true                           {product lp64_product} {ergonomic}
     bool UseCompressedOops                        = true                           {product lp64_product} {ergonomic}
     bool UseG1GC                                  = true                                      {product} {ergonomic}
     bool UseLargePagesIndividualAllocation        = false                                  {pd product} {ergonomic}

Logging:
Log output configuration:
 #0: stdout all=warning uptime,level,tags
 #1: stderr all=off uptime,level,tags

Environment Variables:
JAVA_HOME=C:\Users\its\.jdks\corretto-1.8.0_382
PATH=C:\Qt\6.6.0\msvc2019_64\bin;C:\Users\its\AppData\Local\Temp\QtJambi6.6.0_5904\bin;C:\Program Files\Common Files\Oracle\Java\javapath;C:\Program Files (x86)\Common Files\Oracle\Java\javapath;C:\Python311\Scripts\;C:\Python311\;C:\Windows\system32;C:\Windows;C:\Windows\System32\Wbem;C:\Windows\System32\WindowsPowerShell\v1.0\;C:\Windows\System32\OpenSSH\;C:\ProgramData\chocolatey\bin;C:\Program Files\Git\cmd;C:\Program Files\PuTTY\;C:\Program Files\nodejs\;C:\HaxeToolkit\haxe;C:\HaxeToolkit\neko;C:\Users\its\AppData\Roaming\local\bin;C:\Users\its\AppData\Local\Microsoft\WindowsApps;C:\Users\its\AppData\Local\Programs\Microsoft VS Code\bin;C:\Users\its\AppData\Roaming\cabal\bin;C:\tools\ghc-9.2.1\bin;C:\tools\msys64;C:\Program Files\JetBrains\IntelliJ IDEA Community Edition 2022.2.1\bin;;C:\Users\its\.jdks\corretto-16.0.2\bin;C:\Program Files\swipl\bin;C:\Strawberry\c\bin\spin;C:\Strawberry\c\bin\;C:\ActiveTcl\bin\;C:\Program Files\JetBrains\WebStorm 2022.3.3\bin;C:\Users\its\AppData\Roaming\npm;C:\Program Files\Java\jdk-17\bin
USERNAME=its
OS=Windows_NT
PROCESSOR_IDENTIFIER=Intel64 Family 6 Model 58 Stepping 9, GenuineIntel
TMP=C:\Users\its\AppData\Local\Temp
TEMP=C:\Users\its\AppData\Local\Temp



---------------  S Y S T E M  ---------------

OS:
 Windows 10 , 64 bit Build 18362 (10.0.18362.1110)
OS uptime: 0 days 1:23 hours

CPU: total 4 (initial active 4) (2 cores per cpu, 2 threads per core) family 6 model 58 stepping 9 microcode 0x20, cx8, cmov, fxsr, ht, mmx, sse, sse2, sse3, ssse3, sse4.1, sse4.2, popcnt, tsc, tscinvbit, avx, aes, erms, clmul, vzeroupper, clflush

Memory: 4k page, system-wide physical 8077M (175M free)
TotalPageFile size 10509M (AvailPageFile size 1492M)
current process WorkingSet (physical memory assigned to process): 168M, peak: 242M
current process commit charge ("private bytes"): 171M, peak: 349M

vm_info: OpenJDK 64-Bit Server VM (17.0.7+7-LTS) for windows-amd64 JRE (17.0.7+7-LTS), built on Apr 18 2023 18:44:51 by "" with MS VC++ 15.9 (VS2017)

END.
